[stage=2,   100] loss: 0.382198146 
[stage=2,   200] loss: 0.361525665 
[stage=2,   300] loss: 0.351868562 
[stage=2,   400] loss: 0.348519529 
[stage=2,   500] loss: 0.322684370 
[stage=2,   600] loss: 0.316360627 
[stage=2,   700] loss: 0.338368901 
[stage=2,   800] loss: 0.311253803 
[stage=2,   900] loss: 0.308390276 
[stage=2,  1000] loss: 0.300284481 
[stage=2,  1100] loss: 0.294848911 
[stage=2,  1200] loss: 0.291871081 
[stage=2,  1300] loss: 0.302419715 
[stage=2,  1400] loss: 0.309689352 
[stage=2,  1500] loss: 0.286580689 
[stage=2,  1600] loss: 0.283844448 
[stage=2,  1700] loss: 0.277849667 
[stage=2,  1800] loss: 0.297417396 
[stage=2,  1900] loss: 0.302264546 
[stage=2,  2000] loss: 0.288191529 
[stage=2,  2100] loss: 0.283674170 
[stage=2,  2200] loss: 0.276971315 
[stage=2,  2300] loss: 0.284525645 
[stage=2,  2400] loss: 0.294949823 
[stage=2,  2500] loss: 0.293194835 
[stage=2,  2600] loss: 0.286565262 
[stage=2,  2700] loss: 0.256220823 
[stage=2,  2800] loss: 0.279719322 
[stage=2,  2900] loss: 0.263430068 
[stage=2,  3000] loss: 0.271320917 
[stage=2,  3100] loss: 0.271924184 
[stage=2,  3200] loss: 0.264601189 
[stage=2,  3300] loss: 0.266271769 
[stage=2,  3400] loss: 0.271552349 
[stage=2,  3500] loss: 0.255331215 
[stage=2,  3600] loss: 0.268622733 
[stage=2,  3700] loss: 0.266118664 
[stage=2,  3800] loss: 0.253964172 
[stage=2,  3900] loss: 0.260014680 
[stage=2,  4000] loss: 0.259988371 
[stage=2,  4100] loss: 0.247243071 
[stage=2,  4200] loss: 0.247261280 
[stage=2,  4300] loss: 0.249023291 
[stage=2,  4400] loss: 0.262078062 
[stage=2,  4500] loss: 0.263776636 
[stage=2,  4600] loss: 0.235478634 
[stage=2,  4700] loss: 0.254350810 
[stage=2,  4800] loss: 0.244829004 
[stage=2,  4900] loss: 0.242489271 
[stage=2,  5000] loss: 0.237941743 
[stage=2,  5100] loss: 0.238291365 
[stage=2,  5200] loss: 0.245257592 
[stage=2,  5300] loss: 0.248697277 
[stage=2,  5400] loss: 0.233282789 
[stage=2,  5500] loss: 0.228072218 
[stage=2,  5600] loss: 0.244563323 
[stage=2,  5700] loss: 0.245932055 
[stage=2,  5800] loss: 0.236978503 
[stage=2,  5900] loss: 0.232050254 
[stage=2,  6000] loss: 0.237083685 
[stage=2,  6100] loss: 0.241626247 
[stage=2,  6200] loss: 0.232494236 
[stage=2,  6300] loss: 0.226255218 
[stage=2,  6400] loss: 0.223921979 
[stage=2,  6500] loss: 0.227382437 
[stage=2,  6600] loss: 0.230206856 
[stage=2,  6700] loss: 0.238210531 
[stage=2,  6800] loss: 0.224336551 
[stage=2,  6900] loss: 0.232258374 
[stage=2,  7000] loss: 0.230855709 
[stage=2,  7100] loss: 0.209136978 
[stage=2,  7200] loss: 0.233600571 
[stage=2,  7300] loss: 0.224062779 
[stage=2,  7400] loss: 0.232588954 
[stage=2,  7500] loss: 0.222836825 
[stage=2,  7600] loss: 0.234984779 
[stage=2,  7700] loss: 0.237977886 
[stage=2,  7800] loss: 0.225803293 
[stage=2,  7900] loss: 0.216100102 
[stage=2,  8000] loss: 0.229086993 
[stage=2,  8100] loss: 0.235744751 
[stage=2,  8200] loss: 0.216928309 
[stage=2,  8300] loss: 0.215379492 
[stage=2,  8400] loss: 0.224877469 
[stage=2,  8500] loss: 0.215929863 
[stage=2,  8600] loss: 0.222896089 
[stage=2,  8700] loss: 0.221115356 
[stage=2,  8800] loss: 0.219610893 
[stage=2,  8900] loss: 0.222632720 
[stage=2,  9000] loss: 0.224792588 
[stage=2,  9100] loss: 0.204627919 
[stage=2,  9200] loss: 0.200795223 
[stage=2,  9300] loss: 0.214472977 
[stage=2,  9400] loss: 0.214014385 
[stage=2,  9500] loss: 0.214638112 
[stage=2,  9600] loss: 0.217867604 
[stage=2,  9700] loss: 0.223833377 
[stage=2,  9800] loss: 0.212822160 
[stage=2,  9900] loss: 0.217663546 
[stage=2, 10000] loss: 0.202491234 
[stage=2, 10100] loss: 0.221178249 
[stage=2, 10200] loss: 0.219860981 
[stage=2, 10300] loss: 0.216244801 
[stage=2, 10400] loss: 0.202262021 
[stage=2, 10500] loss: 0.203011333 
[stage=2, 10600] loss: 0.213474576 
[stage=2, 10700] loss: 0.212839179 
[stage=2, 10800] loss: 0.212613409 
[stage=2, 10900] loss: 0.213242698 
[stage=2, 11000] loss: 0.208059796 
[stage=2, 11100] loss: 0.203742758 
[stage=2, 11200] loss: 0.209445353 
[stage=2, 11300] loss: 0.205609618 
[stage=2, 11400] loss: 0.203422798 
[stage=2, 11500] loss: 0.201940598 
[stage=2, 11600] loss: 0.208338187 
[stage=2, 11700] loss: 0.207750479 
[stage=2, 11800] loss: 0.203655698 
[stage=2, 11900] loss: 0.212222953 
[stage=2, 12000] loss: 0.190771410 
[stage=2, 12100] loss: 0.203135267 
[stage=2, 12200] loss: 0.191680376 
[stage=2, 12300] loss: 0.201903361 
[stage=2, 12400] loss: 0.191248740 
[stage=2, 12500] loss: 0.204967116 
[stage=2, 12600] loss: 0.199109133 
[stage=2, 12700] loss: 0.202778606 
[stage=2, 12800] loss: 0.201665508 
[stage=2, 12900] loss: 0.201871450 
[stage=2, 13000] loss: 0.202373353 
[stage=2, 13100] loss: 0.191524870 
[stage=2, 13200] loss: 0.199665010 
[stage=2, 13300] loss: 0.199612676 
[stage=2, 13400] loss: 0.197059669 
[stage=2, 13500] loss: 0.206282996 
[stage=2, 13600] loss: 0.203905613 
[stage=2, 13700] loss: 0.206873906 
[stage=2, 13800] loss: 0.195432444 
[stage=2, 13900] loss: 0.194512089 
[stage=2, 14000] loss: 0.203537995 
[stage=2, 14100] loss: 0.200730665 
[stage=2, 14200] loss: 0.189751479 
[stage=2, 14300] loss: 0.199678327 
[stage=2, 14400] loss: 0.190526969 
[stage=2, 14500] loss: 0.195163992 
[stage=2, 14600] loss: 0.202366565 
[stage=2, 14700] loss: 0.196656577 
[stage=2, 14800] loss: 0.202693128 
[stage=2, 14900] loss: 0.194918301 
[stage=2, 15000] loss: 0.203876540 
[stage=2, 15100] loss: 0.202054959 
[stage=2, 15200] loss: 0.194615692 
[stage=2, 15300] loss: 0.189350104 
[stage=2, 15400] loss: 0.193055950 
[stage=2, 15500] loss: 0.192106747 
[stage=2, 15600] loss: 0.199949180 
[stage=2, 15700] loss: 0.194158328 
[stage=2, 15800] loss: 0.193392855 
[stage=2, 15900] loss: 0.191303167 
[stage=2, 16000] loss: 0.191982972 
[stage=2, 16100] loss: 0.187148741 
[stage=2, 16200] loss: 0.190650508 
[stage=2, 16300] loss: 0.200448628 
[stage=2, 16400] loss: 0.185075619 
[stage=2, 16500] loss: 0.187063818 
[stage=2, 16600] loss: 0.179685680 
[stage=2, 16700] loss: 0.199101962 
[stage=2, 16800] loss: 0.188181290 
[stage=2, 16900] loss: 0.182038662 
[stage=2, 17000] loss: 0.186320973 
[stage=2, 17100] loss: 0.190920643 
[stage=2, 17200] loss: 0.181379318 
[stage=2, 17300] loss: 0.190227891 
[stage=2, 17400] loss: 0.187092414 
[stage=2, 17500] loss: 0.180973135 
[stage=2, 17600] loss: 0.191370169 
[stage=2, 17700] loss: 0.188835529 
[stage=2, 17800] loss: 0.194435530 
[stage=2, 17900] loss: 0.184407546 
[stage=2, 18000] loss: 0.191352315 
[stage=2, 18100] loss: 0.183894375 
[stage=2, 18200] loss: 0.187029045 
[stage=2, 18300] loss: 0.175093384 
[stage=2, 18400] loss: 0.182551003 
[stage=2, 18500] loss: 0.185298543 
[stage=2, 18600] loss: 0.183629843 
[stage=2, 18700] loss: 0.185805182 
[stage=2, 18800] loss: 0.180732513 
[stage=2, 18900] loss: 0.187989799 
[stage=2, 19000] loss: 0.184333570 
[stage=2, 19100] loss: 0.182104412 
[stage=2, 19200] loss: 0.184203089 
[stage=2, 19300] loss: 0.187282153 
[stage=2, 19400] loss: 0.183324007 
[stage=2, 19500] loss: 0.182606880 
[stage=2, 19600] loss: 0.179583591 
[stage=2, 19700] loss: 0.197074979 
[stage=2, 19800] loss: 0.176898870 
[stage=2, 19900] loss: 0.186320751 
[stage=2, 20000] loss: 0.181437369 
[stage=2, 20100] loss: 0.180029981 
[stage=2, 20200] loss: 0.181666978 
[stage=2, 20300] loss: 0.185849582 
[stage=2, 20400] loss: 0.181009586 
[stage=2, 20500] loss: 0.189666340 
[stage=2, 20600] loss: 0.174929687 
[stage=2, 20700] loss: 0.173899917 
[stage=2, 20800] loss: 0.173103568 
[stage=2, 20900] loss: 0.181571817 
[stage=2, 21000] loss: 0.179486812 
[stage=2, 21100] loss: 0.183163352 
[stage=2, 21200] loss: 0.182542665 
[stage=2, 21300] loss: 0.174829926 
[stage=2, 21400] loss: 0.171788028 
[stage=2, 21500] loss: 0.174362088 
[stage=2, 21600] loss: 0.178744672 
[stage=2, 21700] loss: 0.178202272 
[stage=2, 21800] loss: 0.181886502 
[stage=2, 21900] loss: 0.173192027 
[stage=2, 22000] loss: 0.184755039 
[stage=2, 22100] loss: 0.175000231 
[stage=2, 22200] loss: 0.173645527 
[stage=2, 22300] loss: 0.175026301 
[stage=2, 22400] loss: 0.170543468 
[stage=2, 22500] loss: 0.185472088 
[stage=2, 22600] loss: 0.172051194 
[stage=2, 22700] loss: 0.173367608 
[stage=2, 22800] loss: 0.173796063 
[stage=2, 22900] loss: 0.172329478 
[stage=2, 23000] loss: 0.177254431 
[stage=2, 23100] loss: 0.175798733 
[stage=2, 23200] loss: 0.173105146 
[stage=2, 23300] loss: 0.175786197 
[stage=2, 23400] loss: 0.178841323 
[stage=2, 23500] loss: 0.178972207 
[stage=2, 23600] loss: 0.174239983 
[stage=2, 23700] loss: 0.175286994 
[stage=2, 23800] loss: 0.176597011 
[stage=2, 23900] loss: 0.177700235 
[stage=2, 24000] loss: 0.174623262 
[stage=2, 24100] loss: 0.184384864 
[stage=2, 24200] loss: 0.176068799 
[stage=2, 24300] loss: 0.177646262 
[stage=2, 24400] loss: 0.173602107 
[stage=2, 24500] loss: 0.173936318 
[stage=2, 24600] loss: 0.165468651 
[stage=2, 24700] loss: 0.171990306 
[stage=2, 24800] loss: 0.174183891 
[stage=2, 24900] loss: 0.174946164 
[stage=2, 25000] loss: 0.180212334 
[stage=2, 25100] loss: 0.166389741 
[stage=2, 25200] loss: 0.172938595 
[stage=2, 25300] loss: 0.174395347 
[stage=2, 25400] loss: 0.172325754 
[stage=2, 25500] loss: 0.165175945 
[stage=2, 25600] loss: 0.171738169 
[stage=2, 25700] loss: 0.166781095 
[stage=2, 25800] loss: 0.176044397 
[stage=2, 25900] loss: 0.166249994 
[stage=2, 26000] loss: 0.174246218 
[stage=2, 26100] loss: 0.175094775 
[stage=2, 26200] loss: 0.164114499 
[stage=2, 26300] loss: 0.175147285 
[stage=2, 26400] loss: 0.167479274 
[stage=2, 26500] loss: 0.174937945 
[stage=2, 26600] loss: 0.172949825 
[stage=2, 26700] loss: 0.170800408 
[stage=2, 26800] loss: 0.161656209 
[stage=2, 26900] loss: 0.167524872 
[stage=2, 27000] loss: 0.171622876 
[stage=2, 27100] loss: 0.165857850 
[stage=2, 27200] loss: 0.159607219 
[stage=2, 27300] loss: 0.169378073 
[stage=2, 27400] loss: 0.159816481 
[stage=2, 27500] loss: 0.165379308 
[stage=2, 27600] loss: 0.168495857 
[stage=2, 27700] loss: 0.164584013 
[stage=2, 27800] loss: 0.166134126 
[stage=2, 27900] loss: 0.168482787 
[stage=2, 28000] loss: 0.162026685 
[stage=2, 28100] loss: 0.171116393 
[stage=2, 28200] loss: 0.173091995 
[stage=2, 28300] loss: 0.167998168 
[stage=2, 28400] loss: 0.168686245 
[stage=2, 28500] loss: 0.165960864 
[stage=2, 28600] loss: 0.159587388 
[stage=2, 28700] loss: 0.165676896 
[stage=2, 28800] loss: 0.167361286 
[stage=2, 28900] loss: 0.164778016 
[stage=2, 29000] loss: 0.171179013 
[stage=2, 29100] loss: 0.170731586 
[stage=2, 29200] loss: 0.166375545 
[stage=2, 29300] loss: 0.175291355 
[stage=2, 29400] loss: 0.167098206 
[stage=2, 29500] loss: 0.175378134 
[stage=2, 29600] loss: 0.166401339 
[stage=2, 29700] loss: 0.163846972 
[stage=2, 29800] loss: 0.156354908 
[stage=2, 29900] loss: 0.172476035 
[stage=2, 30000] loss: 0.173690394 
[stage=2, 30100] loss: 0.166112828 
[stage=2, 30200] loss: 0.161694669 
[stage=2, 30300] loss: 0.169027612 
[stage=2, 30400] loss: 0.168944237 
[stage=2, 30500] loss: 0.165311845 
[stage=2, 30600] loss: 0.174891454 
[stage=2, 30700] loss: 0.160233316 
[stage=2, 30800] loss: 0.163136618 
[stage=2, 30900] loss: 0.170083511 
[stage=2, 31000] loss: 0.161333270 
[stage=2, 31100] loss: 0.166123015 
[stage=2, 31200] loss: 0.159637480 
[stage=2, 31300] loss: 0.157445402 
[stage=2, 31400] loss: 0.163669966 
[stage=2, 31500] loss: 0.163132694 
[stage=2, 31600] loss: 0.161651340 
[stage=2, 31700] loss: 0.176102350 
[stage=2, 31800] loss: 0.153981074 
[stage=2, 31900] loss: 0.164695752 
[stage=2, 32000] loss: 0.160753187 
[stage=2, 32100] loss: 0.160356124 
[stage=2, 32200] loss: 0.164349543 
[stage=2, 32300] loss: 0.157075166 
[stage=2, 32400] loss: 0.158519062 
[stage=2, 32500] loss: 0.159468296 
[stage=2, 32600] loss: 0.164709007 
[stage=2, 32700] loss: 0.154475795 
[stage=2, 32800] loss: 0.162218761 
[stage=2, 32900] loss: 0.163964034 
[stage=2, 33000] loss: 0.164480826 
[stage=2, 33100] loss: 0.165821296 
[stage=2, 33200] loss: 0.162544543 
[stage=2, 33300] loss: 0.158346011 
