[stage=2,   100] loss: 0.233395422 
[stage=2,   200] loss: 0.198840523 
[stage=2,   300] loss: 0.179537750 
[stage=2,   400] loss: 0.174923333 
[stage=2,   500] loss: 0.163249890 
[stage=2,   600] loss: 0.153767563 
[stage=2,   700] loss: 0.163982029 
[stage=2,   800] loss: 0.164027627 
[stage=2,   900] loss: 0.154061246 
[stage=2,  1000] loss: 0.150946555 
[stage=2,  1100] loss: 0.151459529 
[stage=2,  1200] loss: 0.151747748 
[stage=2,  1300] loss: 0.156212330 
[stage=2,  1400] loss: 0.163295071 
[stage=2,  1500] loss: 0.154872952 
[stage=2,  1600] loss: 0.153808701 
[stage=2,  1700] loss: 0.146217561 
[stage=2,  1800] loss: 0.150369707 
[stage=2,  1900] loss: 0.152536069 
[stage=2,  2000] loss: 0.150799285 
[stage=2,  2100] loss: 0.147015024 
[stage=2,  2200] loss: 0.146170056 
[stage=2,  2300] loss: 0.152696108 
[stage=2,  2400] loss: 0.155392463 
[stage=2,  2500] loss: 0.155643775 
[stage=2,  2600] loss: 0.157642574 
[stage=2,  2700] loss: 0.141370353 
[stage=2,  2800] loss: 0.152958824 
[stage=2,  2900] loss: 0.143716256 
[stage=2,  3000] loss: 0.149777251 
[stage=2,  3100] loss: 0.147407640 
[stage=2,  3200] loss: 0.146264568 
[stage=2,  3300] loss: 0.151190801 
[stage=2,  3400] loss: 0.154626369 
[stage=2,  3500] loss: 0.146769083 
[stage=2,  3600] loss: 0.148213134 
[stage=2,  3700] loss: 0.148276697 
[stage=2,  3800] loss: 0.146334452 
[stage=2,  3900] loss: 0.150143587 
[stage=2,  4000] loss: 0.151205561 
[stage=2,  4100] loss: 0.140440738 
[stage=2,  4200] loss: 0.141973306 
[stage=2,  4300] loss: 0.150944986 
[stage=2,  4400] loss: 0.156471912 
[stage=2,  4500] loss: 0.155385796 
[stage=2,  4600] loss: 0.140757018 
[stage=2,  4700] loss: 0.154827919 
[stage=2,  4800] loss: 0.145158267 
[stage=2,  4900] loss: 0.147424039 
[stage=2,  5000] loss: 0.144288490 
[stage=2,  5100] loss: 0.142759522 
[stage=2,  5200] loss: 0.147682489 
[stage=2,  5300] loss: 0.147501667 
[stage=2,  5400] loss: 0.144941150 
[stage=2,  5500] loss: 0.136745883 
[stage=2,  5600] loss: 0.148600599 
[stage=2,  5700] loss: 0.150569804 
[stage=2,  5800] loss: 0.149189935 
[stage=2,  5900] loss: 0.143167203 
[stage=2,  6000] loss: 0.141846778 
[stage=2,  6100] loss: 0.150526265 
[stage=2,  6200] loss: 0.142999211 
[stage=2,  6300] loss: 0.138322785 
[stage=2,  6400] loss: 0.142069583 
[stage=2,  6500] loss: 0.147269928 
[stage=2,  6600] loss: 0.143873393 
[stage=2,  6700] loss: 0.150840680 
[stage=2,  6800] loss: 0.141933327 
[stage=2,  6900] loss: 0.147211389 
[stage=2,  7000] loss: 0.141393271 
[stage=2,  7100] loss: 0.135747221 
[stage=2,  7200] loss: 0.151711338 
[stage=2,  7300] loss: 0.145398508 
[stage=2,  7400] loss: 0.145277838 
[stage=2,  7500] loss: 0.142667023 
[stage=2,  7600] loss: 0.146974451 
[stage=2,  7700] loss: 0.152674792 
[stage=2,  7800] loss: 0.146551293 
[stage=2,  7900] loss: 0.139763396 
[stage=2,  8000] loss: 0.146076544 
[stage=2,  8100] loss: 0.148830565 
[stage=2,  8200] loss: 0.140437643 
[stage=2,  8300] loss: 0.141112888 
[stage=2,  8400] loss: 0.145337996 
[stage=2,  8500] loss: 0.144636597 
[stage=2,  8600] loss: 0.145276943 
[stage=2,  8700] loss: 0.143553101 
[stage=2,  8800] loss: 0.146060636 
[stage=2,  8900] loss: 0.144930431 
[stage=2,  9000] loss: 0.148435685 
[stage=2,  9100] loss: 0.138251550 
[stage=2,  9200] loss: 0.136347112 
[stage=2,  9300] loss: 0.138801423 
[stage=2,  9400] loss: 0.147209009 
[stage=2,  9500] loss: 0.144856125 
[stage=2,  9600] loss: 0.147379671 
[stage=2,  9700] loss: 0.149246841 
[stage=2,  9800] loss: 0.145674945 
[stage=2,  9900] loss: 0.149521231 
[stage=2, 10000] loss: 0.136078306 
[stage=2, 10100] loss: 0.148701657 
[stage=2, 10200] loss: 0.147799975 
[stage=2, 10300] loss: 0.148628013 
[stage=2, 10400] loss: 0.136751672 
[stage=2, 10500] loss: 0.138404971 
[stage=2, 10600] loss: 0.144142166 
[stage=2, 10700] loss: 0.141384640 
[stage=2, 10800] loss: 0.142420529 
[stage=2, 10900] loss: 0.142823560 
[stage=2, 11000] loss: 0.140078441 
[stage=2, 11100] loss: 0.141060047 
[stage=2, 11200] loss: 0.141917305 
[stage=2, 11300] loss: 0.138067949 
[stage=2, 11400] loss: 0.139367642 
[stage=2, 11500] loss: 0.142098986 
[stage=2, 11600] loss: 0.141795686 
[stage=2, 11700] loss: 0.144626837 
[stage=2, 11800] loss: 0.141303521 
[stage=2, 11900] loss: 0.145870907 
[stage=2, 12000] loss: 0.132299277 
[stage=2, 12100] loss: 0.142974774 
[stage=2, 12200] loss: 0.137288267 
[stage=2, 12300] loss: 0.140723649 
[stage=2, 12400] loss: 0.135723859 
[stage=2, 12500] loss: 0.141797081 
[stage=2, 12600] loss: 0.143190189 
[stage=2, 12700] loss: 0.140874176 
[stage=2, 12800] loss: 0.138156215 
[stage=2, 12900] loss: 0.138018684 
[stage=2, 13000] loss: 0.142197119 
[stage=2, 13100] loss: 0.136051101 
[stage=2, 13200] loss: 0.138105740 
[stage=2, 13300] loss: 0.142576581 
[stage=2, 13400] loss: 0.139350490 
[stage=2, 13500] loss: 0.144319972 
[stage=2, 13600] loss: 0.143202972 
[stage=2, 13700] loss: 0.144072616 
[stage=2, 13800] loss: 0.138425692 
[stage=2, 13900] loss: 0.136775892 
[stage=2, 14000] loss: 0.143618079 
[stage=2, 14100] loss: 0.141126593 
[stage=2, 14200] loss: 0.138643780 
[stage=2, 14300] loss: 0.140349969 
[stage=2, 14400] loss: 0.137381445 
[stage=2, 14500] loss: 0.137346361 
[stage=2, 14600] loss: 0.144863546 
[stage=2, 14700] loss: 0.141486838 
[stage=2, 14800] loss: 0.144228249 
[stage=2, 14900] loss: 0.141292869 
[stage=2, 15000] loss: 0.147394269 
[stage=2, 15100] loss: 0.145125873 
[stage=2, 15200] loss: 0.139227910 
[stage=2, 15300] loss: 0.136504640 
[stage=2, 15400] loss: 0.139544039 
[stage=2, 15500] loss: 0.142091442 
[stage=2, 15600] loss: 0.144117077 
[stage=2, 15700] loss: 0.141340285 
[stage=2, 15800] loss: 0.139913284 
[stage=2, 15900] loss: 0.137425173 
[stage=2, 16000] loss: 0.139998641 
[stage=2, 16100] loss: 0.134575204 
[stage=2, 16200] loss: 0.140339563 
[stage=2, 16300] loss: 0.144036461 
[stage=2, 16400] loss: 0.134992494 
[stage=2, 16500] loss: 0.138075029 
[stage=2, 16600] loss: 0.134234128 
[stage=2, 16700] loss: 0.146226248 
[stage=2, 16800] loss: 0.137739648 
[stage=2, 16900] loss: 0.133428534 
[stage=2, 17000] loss: 0.138330191 
[stage=2, 17100] loss: 0.139430863 
[stage=2, 17200] loss: 0.134156911 
[stage=2, 17300] loss: 0.140107270 
[stage=2, 17400] loss: 0.139642095 
[stage=2, 17500] loss: 0.133826987 
[stage=2, 17600] loss: 0.139934280 
[stage=2, 17700] loss: 0.137207975 
[stage=2, 17800] loss: 0.142603687 
[stage=2, 17900] loss: 0.132890488 
[stage=2, 18000] loss: 0.140375441 
[stage=2, 18100] loss: 0.136194854 
[stage=2, 18200] loss: 0.139252427 
[stage=2, 18300] loss: 0.129445120 
[stage=2, 18400] loss: 0.136308811 
[stage=2, 18500] loss: 0.138347958 
[stage=2, 18600] loss: 0.136116107 
[stage=2, 18700] loss: 0.138477922 
[stage=2, 18800] loss: 0.134983339 
[stage=2, 18900] loss: 0.140899541 
[stage=2, 19000] loss: 0.139922015 
[stage=2, 19100] loss: 0.137410987 
[stage=2, 19200] loss: 0.136466197 
[stage=2, 19300] loss: 0.139099341 
[stage=2, 19400] loss: 0.135506233 
[stage=2, 19500] loss: 0.138496586 
[stage=2, 19600] loss: 0.136935901 
[stage=2, 19700] loss: 0.149223509 
[stage=2, 19800] loss: 0.134691335 
[stage=2, 19900] loss: 0.138172964 
[stage=2, 20000] loss: 0.136790149 
[stage=2, 20100] loss: 0.136432361 
[stage=2, 20200] loss: 0.137155902 
[stage=2, 20300] loss: 0.140318208 
[stage=2, 20400] loss: 0.136959251 
[stage=2, 20500] loss: 0.141298495 
[stage=2, 20600] loss: 0.131465919 
[stage=2, 20700] loss: 0.129947309 
[stage=2, 20800] loss: 0.134599957 
[stage=2, 20900] loss: 0.137581496 
[stage=2, 21000] loss: 0.133169894 
[stage=2, 21100] loss: 0.137849102 
[stage=2, 21200] loss: 0.137468520 
[stage=2, 21300] loss: 0.133422596 
[stage=2, 21400] loss: 0.128572907 
[stage=2, 21500] loss: 0.133924149 
[stage=2, 21600] loss: 0.136431918 
[stage=2, 21700] loss: 0.135550460 
[stage=2, 21800] loss: 0.139847507 
[stage=2, 21900] loss: 0.131224018 
[stage=2, 22000] loss: 0.143539416 
[stage=2, 22100] loss: 0.134123476 
[stage=2, 22200] loss: 0.132506786 
[stage=2, 22300] loss: 0.136377547 
[stage=2, 22400] loss: 0.129229929 
[stage=2, 22500] loss: 0.141999960 
[stage=2, 22600] loss: 0.131658618 
[stage=2, 22700] loss: 0.135246375 
[stage=2, 22800] loss: 0.131692940 
[stage=2, 22900] loss: 0.131757274 
[stage=2, 23000] loss: 0.136563013 
[stage=2, 23100] loss: 0.134937504 
[stage=2, 23200] loss: 0.133098903 
[stage=2, 23300] loss: 0.135182058 
[stage=2, 23400] loss: 0.136959651 
[stage=2, 23500] loss: 0.138461674 
[stage=2, 23600] loss: 0.133663561 
[stage=2, 23700] loss: 0.138218334 
[stage=2, 23800] loss: 0.137650747 
[stage=2, 23900] loss: 0.135658076 
[stage=2, 24000] loss: 0.133958840 
[stage=2, 24100] loss: 0.142707716 
[stage=2, 24200] loss: 0.137097588 
[stage=2, 24300] loss: 0.135556776 
[stage=2, 24400] loss: 0.136388452 
[stage=2, 24500] loss: 0.135436000 
[stage=2, 24600] loss: 0.128623663 
[stage=2, 24700] loss: 0.132985723 
[stage=2, 24800] loss: 0.135667979 
[stage=2, 24900] loss: 0.137293355 
[stage=2, 25000] loss: 0.141883087 
[stage=2, 25100] loss: 0.132066753 
[stage=2, 25200] loss: 0.131563132 
[stage=2, 25300] loss: 0.134329208 
[stage=2, 25400] loss: 0.134465015 
[stage=2, 25500] loss: 0.128778889 
[stage=2, 25600] loss: 0.134446819 
[stage=2, 25700] loss: 0.130520932 
[stage=2, 25800] loss: 0.135713754 
[stage=2, 25900] loss: 0.130790361 
[stage=2, 26000] loss: 0.137580307 
[stage=2, 26100] loss: 0.137132606 
[stage=2, 26200] loss: 0.125999125 
[stage=2, 26300] loss: 0.137196450 
[stage=2, 26400] loss: 0.131047957 
[stage=2, 26500] loss: 0.136448694 
[stage=2, 26600] loss: 0.134750624 
[stage=2, 26700] loss: 0.133808696 
[stage=2, 26800] loss: 0.128137900 
[stage=2, 26900] loss: 0.130973838 
[stage=2, 27000] loss: 0.133727322 
[stage=2, 27100] loss: 0.131292655 
[stage=2, 27200] loss: 0.125659603 
[stage=2, 27300] loss: 0.131162699 
[stage=2, 27400] loss: 0.127842416 
[stage=2, 27500] loss: 0.129841406 
[stage=2, 27600] loss: 0.130418912 
[stage=2, 27700] loss: 0.129576924 
[stage=2, 27800] loss: 0.133456791 
[stage=2, 27900] loss: 0.133366252 
[stage=2, 28000] loss: 0.128051211 
[stage=2, 28100] loss: 0.135428212 
[stage=2, 28200] loss: 0.136263174 
[stage=2, 28300] loss: 0.133241075 
[stage=2, 28400] loss: 0.133336652 
[stage=2, 28500] loss: 0.132095809 
[stage=2, 28600] loss: 0.126023053 
[stage=2, 28700] loss: 0.130151013 
[stage=2, 28800] loss: 0.133556274 
[stage=2, 28900] loss: 0.133255739 
[stage=2, 29000] loss: 0.137743000 
[stage=2, 29100] loss: 0.137050510 
[stage=2, 29200] loss: 0.133355734 
[stage=2, 29300] loss: 0.139184741 
[stage=2, 29400] loss: 0.133172744 
[stage=2, 29500] loss: 0.139749047 
[stage=2, 29600] loss: 0.133811689 
[stage=2, 29700] loss: 0.130209749 
[stage=2, 29800] loss: 0.123233401 
[stage=2, 29900] loss: 0.133784315 
[stage=2, 30000] loss: 0.137537611 
[stage=2, 30100] loss: 0.134757789 
[stage=2, 30200] loss: 0.128910616 
[stage=2, 30300] loss: 0.134191712 
[stage=2, 30400] loss: 0.135886796 
[stage=2, 30500] loss: 0.131904869 
[stage=2, 30600] loss: 0.139912258 
[stage=2, 30700] loss: 0.130018258 
[stage=2, 30800] loss: 0.131486719 
[stage=2, 30900] loss: 0.134624397 
[stage=2, 31000] loss: 0.128498342 
[stage=2, 31100] loss: 0.134299952 
[stage=2, 31200] loss: 0.128199684 
[stage=2, 31300] loss: 0.126582510 
[stage=2, 31400] loss: 0.130499265 
[stage=2, 31500] loss: 0.131788991 
[stage=2, 31600] loss: 0.130719533 
[stage=2, 31700] loss: 0.140769090 
[stage=2, 31800] loss: 0.123664429 
[stage=2, 31900] loss: 0.132691792 
[stage=2, 32000] loss: 0.128598474 
[stage=2, 32100] loss: 0.131079870 
[stage=2, 32200] loss: 0.134803242 
[stage=2, 32300] loss: 0.128604813 
[stage=2, 32400] loss: 0.131120184 
[stage=2, 32500] loss: 0.127698562 
[stage=2, 32600] loss: 0.135701742 
[stage=2, 32700] loss: 0.126848617 
[stage=2, 32800] loss: 0.132919076 
[stage=2, 32900] loss: 0.134556639 
[stage=2, 33000] loss: 0.134888707 
[stage=2, 33100] loss: 0.135143997 
[stage=2, 33200] loss: 0.132424155 
[stage=2, 33300] loss: 0.129887957 
[stage=2, 33400] loss: 0.129579316 
[stage=2, 33500] loss: 0.123432559 
[stage=2, 33600] loss: 0.130560250 
[stage=2, 33700] loss: 0.126315152 
[stage=2, 33800] loss: 0.134276447 
[stage=2, 33900] loss: 0.135025846 
[stage=2, 34000] loss: 0.131574755 
[stage=2, 34100] loss: 0.127951441 
[stage=2, 34200] loss: 0.136050806 
[stage=2, 34300] loss: 0.127220462 
[stage=2, 34400] loss: 0.136952015 
[stage=2, 34500] loss: 0.131787520 
[stage=2, 34600] loss: 0.134732341 
[stage=2, 34700] loss: 0.129705100 
[stage=2, 34800] loss: 0.129289694 
[stage=2, 34900] loss: 0.133129151 
[stage=2, 35000] loss: 0.128786830 
[stage=2, 35100] loss: 0.125061201 
[stage=2, 35200] loss: 0.133652157 
[stage=2, 35300] loss: 0.131197908 
[stage=2, 35400] loss: 0.129271133 
[stage=2, 35500] loss: 0.134397327 
[stage=2, 35600] loss: 0.138917572 
[stage=2, 35700] loss: 0.134664122 
[stage=2, 35800] loss: 0.132416469 
[stage=2, 35900] loss: 0.132382800 
[stage=2, 36000] loss: 0.139590959 
[stage=2, 36100] loss: 0.130087233 
[stage=2, 36200] loss: 0.134531396 
[stage=2, 36300] loss: 0.132642564 
[stage=2, 36400] loss: 0.129389533 
[stage=2, 36500] loss: 0.130782693 
[stage=2, 36600] loss: 0.133564139 
[stage=2, 36700] loss: 0.129298404 
[stage=2, 36800] loss: 0.130042389 
[stage=2, 36900] loss: 0.133435473 
[stage=2, 37000] loss: 0.129664575 
[stage=2, 37100] loss: 0.133384049 
[stage=2, 37200] loss: 0.132708130 
[stage=2, 37300] loss: 0.127184949 
[stage=2, 37400] loss: 0.132753790 
[stage=2, 37500] loss: 0.129447496 
[stage=2, 37600] loss: 0.130095556 
[stage=2, 37700] loss: 0.135467149 
[stage=2, 37800] loss: 0.125886217 
[stage=2, 37900] loss: 0.128368697 
[stage=2, 38000] loss: 0.127246912 
[stage=2, 38100] loss: 0.129582354 
[stage=2, 38200] loss: 0.129999861 
[stage=2, 38300] loss: 0.128804224 
[stage=2, 38400] loss: 0.129254725 
[stage=2, 38500] loss: 0.127939338 
[stage=2, 38600] loss: 0.132445354 
[stage=2, 38700] loss: 0.131463759 
[stage=2, 38800] loss: 0.130732423 
[stage=2, 38900] loss: 0.130128076 
[stage=2, 39000] loss: 0.135005783 
[stage=2, 39100] loss: 0.127358240 
[stage=2, 39200] loss: 0.131754584 
[stage=2, 39300] loss: 0.134715875 
[stage=2, 39400] loss: 0.132577816 
[stage=2, 39500] loss: 0.124243984 
[stage=2, 39600] loss: 0.130387785 
[stage=2, 39700] loss: 0.126966144 
[stage=2, 39800] loss: 0.124937521 
[stage=2, 39900] loss: 0.134067971 
[stage=2, 40000] loss: 0.127859088 
[stage=2, 40100] loss: 0.132973710 
[stage=2, 40200] loss: 0.124808062 
[stage=2, 40300] loss: 0.125401182 
[stage=2, 40400] loss: 0.129633106 
[stage=2, 40500] loss: 0.125020662 
[stage=2, 40600] loss: 0.134726825 
[stage=2, 40700] loss: 0.133746319 
[stage=2, 40800] loss: 0.125713107 
[stage=2, 40900] loss: 0.124558326 
[stage=2, 41000] loss: 0.128712702 
[stage=2, 41100] loss: 0.139768852 
[stage=2, 41200] loss: 0.126010376 
[stage=2, 41300] loss: 0.134842916 
[stage=2, 41400] loss: 0.125411061 
[stage=2, 41500] loss: 0.136184551 
[stage=2, 41600] loss: 0.129211801 
[stage=2, 41700] loss: 0.129829543 
[stage=2, 41800] loss: 0.128856525 
[stage=2, 41900] loss: 0.125292337 
[stage=2, 42000] loss: 0.127795572 
[stage=2, 42100] loss: 0.131152170 
[stage=2, 42200] loss: 0.126041935 
[stage=2, 42300] loss: 0.128657765 
[stage=2, 42400] loss: 0.126522705 
[stage=2, 42500] loss: 0.122288953 
[stage=2, 42600] loss: 0.130512114 
[stage=2, 42700] loss: 0.120775700 
[stage=2, 42800] loss: 0.129013866 
[stage=2, 42900] loss: 0.133359858 
[stage=2, 43000] loss: 0.129158433 
[stage=2, 43100] loss: 0.127708143 
[stage=2, 43200] loss: 0.132740551 
[stage=2, 43300] loss: 0.123630297 
[stage=2, 43400] loss: 0.134307410 
[stage=2, 43500] loss: 0.127573431 
[stage=2, 43600] loss: 0.120981994 
[stage=2, 43700] loss: 0.129369008 
[stage=2, 43800] loss: 0.127309087 
[stage=2, 43900] loss: 0.134311780 
[stage=2, 44000] loss: 0.128043461 
[stage=2, 44100] loss: 0.132452558 
[stage=2, 44200] loss: 0.128594874 
[stage=2, 44300] loss: 0.129877330 
[stage=2, 44400] loss: 0.130908305 
[stage=2, 44500] loss: 0.132252991 
[stage=2, 44600] loss: 0.127829317 
[stage=2, 44700] loss: 0.125869976 
[stage=2, 44800] loss: 0.129437755 
[stage=2, 44900] loss: 0.132818861 
[stage=2, 45000] loss: 0.129476195 
[stage=2, 45100] loss: 0.127609527 
[stage=2, 45200] loss: 0.126485370 
[stage=2, 45300] loss: 0.130697510 
[stage=2, 45400] loss: 0.128116329 
[stage=2, 45500] loss: 0.126069731 
[stage=2, 45600] loss: 0.125668272 
[stage=2, 45700] loss: 0.124436122 
[stage=2, 45800] loss: 0.128293706 
[stage=2, 45900] loss: 0.129501267 
[stage=2, 46000] loss: 0.130774522 
[stage=2, 46100] loss: 0.127145286 
[stage=2, 46200] loss: 0.126602453 
[stage=2, 46300] loss: 0.125731704 
[stage=2, 46400] loss: 0.122559348 
[stage=2, 46500] loss: 0.131010157 
[stage=2, 46600] loss: 0.127106610 
[stage=2, 46700] loss: 0.128825589 
[stage=2, 46800] loss: 0.123585059 
[stage=2, 46900] loss: 0.123998539 
[stage=2, 47000] loss: 0.131359194 
[stage=2, 47100] loss: 0.129420818 
[stage=2, 47200] loss: 0.126377390 
[stage=2, 47300] loss: 0.125428095 
[stage=2, 47400] loss: 0.131561212 
[stage=2, 47500] loss: 0.125024640 
[stage=2, 47600] loss: 0.128718305 
[stage=2, 47700] loss: 0.126645864 
[stage=2, 47800] loss: 0.129564326 
[stage=2, 47900] loss: 0.127928184 
[stage=2, 48000] loss: 0.130367830 
[stage=2, 48100] loss: 0.129875315 
[stage=2, 48200] loss: 0.128473115 
[stage=2, 48300] loss: 0.127077262 
[stage=2, 48400] loss: 0.125751351 
[stage=2, 48500] loss: 0.125242638 
[stage=2, 48600] loss: 0.125143058 
[stage=2, 48700] loss: 0.129454987 
[stage=2, 48800] loss: 0.126430349 
[stage=2, 48900] loss: 0.124028882 
[stage=2, 49000] loss: 0.129269158 
[stage=2, 49100] loss: 0.126673473 
[stage=2, 49200] loss: 0.127488698 
[stage=2, 49300] loss: 0.126229447 
[stage=2, 49400] loss: 0.124296020 
[stage=2, 49500] loss: 0.128731709 
[stage=2, 49600] loss: 0.129313383 
[stage=2, 49700] loss: 0.121721859 
[stage=2, 49800] loss: 0.129800396 
[stage=2, 49900] loss: 0.125728117 
[stage=2, 50000] loss: 0.121982876 
[stage=2, 50100] loss: 0.129969199 
[stage=2, 50200] loss: 0.126071157 
[stage=2, 50300] loss: 0.126066342 
[stage=2, 50400] loss: 0.129286898 
[stage=2, 50500] loss: 0.126072291 
[stage=2, 50600] loss: 0.125117452 
[stage=2, 50700] loss: 0.126913853 
[stage=2, 50800] loss: 0.123506722 
[stage=2, 50900] loss: 0.124715093 
[stage=2, 51000] loss: 0.127450027 
[stage=2, 51100] loss: 0.121331189 
[stage=2, 51200] loss: 0.130294119 
[stage=2, 51300] loss: 0.126342075 
[stage=2, 51400] loss: 0.123152477 
[stage=2, 51500] loss: 0.127234416 
[stage=2, 51600] loss: 0.123194200 
[stage=2, 51700] loss: 0.118865594 
[stage=2, 51800] loss: 0.128120784 
[stage=2, 51900] loss: 0.122573608 
[stage=2, 52000] loss: 0.132484632 
[stage=2, 52100] loss: 0.127474638 
[stage=2, 52200] loss: 0.127537409 
[stage=2, 52300] loss: 0.127376411 
[stage=2, 52400] loss: 0.122216773 
[stage=2, 52500] loss: 0.130141983 
[stage=2, 52600] loss: 0.131308554 
[stage=2, 52700] loss: 0.120715036 
[stage=2, 52800] loss: 0.127402688 
[stage=2, 52900] loss: 0.127515761 
[stage=2, 53000] loss: 0.124860428 
[stage=2, 53100] loss: 0.122533135 
[stage=2, 53200] loss: 0.125655703 
[stage=2, 53300] loss: 0.131684283 
[stage=2, 53400] loss: 0.120242263 
[stage=2, 53500] loss: 0.126201245 
[stage=2, 53600] loss: 0.123123628 
[stage=2, 53700] loss: 0.122632013 
[stage=2, 53800] loss: 0.127251935 
[stage=2, 53900] loss: 0.124556204 
[stage=2, 54000] loss: 0.121749680 
[stage=2, 54100] loss: 0.127327968 
[stage=2, 54200] loss: 0.133440673 
[stage=2, 54300] loss: 0.123222300 
[stage=2, 54400] loss: 0.124660862 
[stage=2, 54500] loss: 0.120340673 
[stage=2, 54600] loss: 0.126727367 
[stage=2, 54700] loss: 0.124029959 
[stage=2, 54800] loss: 0.126758409 
[stage=2, 54900] loss: 0.126068560 
[stage=2, 55000] loss: 0.127360279 
[stage=2, 55100] loss: 0.131837758 
[stage=2, 55200] loss: 0.118475211 
[stage=2, 55300] loss: 0.124055247 
[stage=2, 55400] loss: 0.125307844 
[stage=2, 55500] loss: 0.126789061 
[stage=2, 55600] loss: 0.126745471 
[stage=2, 55700] loss: 0.120593932 
[stage=2, 55800] loss: 0.125737320 
[stage=2, 55900] loss: 0.125395454 
[stage=2, 56000] loss: 0.131477432 
[stage=2, 56100] loss: 0.125622753 
[stage=2, 56200] loss: 0.126520889 
[stage=2, 56300] loss: 0.118497494 
[stage=2, 56400] loss: 0.125827059 
[stage=2, 56500] loss: 0.122321190 
[stage=2, 56600] loss: 0.122598890 
[stage=2, 56700] loss: 0.124865133 
[stage=2, 56800] loss: 0.120982190 
[stage=2, 56900] loss: 0.123976553 
[stage=2, 57000] loss: 0.124064215 
[stage=2, 57100] loss: 0.121104910 
[stage=2, 57200] loss: 0.121164585 
[stage=2, 57300] loss: 0.126826401 
[stage=2, 57400] loss: 0.122025753 
[stage=2, 57500] loss: 0.120032423 
[stage=2, 57600] loss: 0.124891479 
[stage=2, 57700] loss: 0.126254243 
[stage=2, 57800] loss: 0.124126131 
[stage=2, 57900] loss: 0.120136700 
[stage=2, 58000] loss: 0.126725064 
[stage=2, 58100] loss: 0.125760390 
[stage=2, 58200] loss: 0.124902882 
[stage=2, 58300] loss: 0.123355841 
[stage=2, 58400] loss: 0.127357050 
[stage=2, 58500] loss: 0.119782742 
[stage=2, 58600] loss: 0.127611245 
[stage=2, 58700] loss: 0.129029805 
[stage=2, 58800] loss: 0.118598382 
[stage=2, 58900] loss: 0.126542148 
[stage=2, 59000] loss: 0.122955554 
[stage=2, 59100] loss: 0.118397401 
[stage=2, 59200] loss: 0.128492754 
[stage=2, 59300] loss: 0.117353851 
[stage=2, 59400] loss: 0.129206935 
[stage=2, 59500] loss: 0.121931765 
[stage=2, 59600] loss: 0.121920340 
[stage=2, 59700] loss: 0.127276753 
[stage=2, 59800] loss: 0.117697044 
[stage=2, 59900] loss: 0.127607059 
[stage=2, 60000] loss: 0.121717768 
[stage=2, 60100] loss: 0.126964580 
[stage=2, 60200] loss: 0.119737056 
[stage=2, 60300] loss: 0.123799109 
[stage=2, 60400] loss: 0.127278632 
[stage=2, 60500] loss: 0.134071600 
[stage=2, 60600] loss: 0.120069516 
[stage=2, 60700] loss: 0.129019286 
[stage=2, 60800] loss: 0.120050139 
[stage=2, 60900] loss: 0.124099867 
[stage=2, 61000] loss: 0.122576334 
[stage=2, 61100] loss: 0.122048851 
[stage=2, 61200] loss: 0.121395520 
[stage=2, 61300] loss: 0.121840553 
[stage=2, 61400] loss: 0.126114056 
[stage=2, 61500] loss: 0.116177459 
[stage=2, 61600] loss: 0.122476905 
[stage=2, 61700] loss: 0.125342029 
[stage=2, 61800] loss: 0.122912751 
[stage=2, 61900] loss: 0.126634061 
[stage=2, 62000] loss: 0.120621154 
[stage=2, 62100] loss: 0.122841647 
[stage=2, 62200] loss: 0.124971145 
[stage=2, 62300] loss: 0.121770589 
[stage=2, 62400] loss: 0.122148163 
[stage=2, 62500] loss: 0.121483200 
[stage=2, 62600] loss: 0.126531428 
[stage=2, 62700] loss: 0.127089825 
[stage=2, 62800] loss: 0.122635465 
[stage=2, 62900] loss: 0.123299109 
[stage=2, 63000] loss: 0.126410932 
[stage=2, 63100] loss: 0.122752033 
[stage=2, 63200] loss: 0.122213635 
[stage=2, 63300] loss: 0.119436563 
[stage=2, 63400] loss: 0.122609980 
[stage=2, 63500] loss: 0.121590409 
[stage=2, 63600] loss: 0.121522294 
[stage=2, 63700] loss: 0.125465815 
[stage=2, 63800] loss: 0.120182025 
[stage=2, 63900] loss: 0.126243526 
[stage=2, 64000] loss: 0.125637628 
[stage=2, 64100] loss: 0.122957017 
[stage=2, 64200] loss: 0.115445843 
[stage=2, 64300] loss: 0.115790739 
[stage=2, 64400] loss: 0.109231794 
[stage=2, 64500] loss: 0.119084795 
[stage=2, 64600] loss: 0.113759231 
[stage=2, 64700] loss: 0.113895290 
[stage=2, 64800] loss: 0.110129388 
[stage=2, 64900] loss: 0.119977787 
[stage=2, 65000] loss: 0.113380553 
[stage=2, 65100] loss: 0.113214405 
[stage=2, 65200] loss: 0.114719394 
[stage=2, 65300] loss: 0.116807556 
[stage=2, 65400] loss: 0.111441665 
[stage=2, 65500] loss: 0.115534920 
[stage=2, 65600] loss: 0.116573208 
[stage=2, 65700] loss: 0.115220376 
[stage=2, 65800] loss: 0.114790434 
[stage=2, 65900] loss: 0.115382610 
[stage=2, 66000] loss: 0.112016173 
[stage=2, 66100] loss: 0.114837864 
[stage=2, 66200] loss: 0.122133884 
[stage=2, 66300] loss: 0.113991976 
[stage=2, 66400] loss: 0.114242565 
[stage=2, 66500] loss: 0.118450965 
[stage=2, 66600] loss: 0.111031889 
[stage=2, 66700] loss: 0.112686761 
[stage=2, 66800] loss: 0.112848775 
[stage=2, 66900] loss: 0.114792375 
[stage=2, 67000] loss: 0.107902282 
[stage=2, 67100] loss: 0.118496404 
[stage=2, 67200] loss: 0.116205174 
[stage=2, 67300] loss: 0.112133592 
[stage=2, 67400] loss: 0.116244073 
[stage=2, 67500] loss: 0.119283204 
[stage=2, 67600] loss: 0.114346719 
[stage=2, 67700] loss: 0.112294197 
[stage=2, 67800] loss: 0.114008439 
[stage=2, 67900] loss: 0.118416485 
[stage=2, 68000] loss: 0.109633225 
[stage=2, 68100] loss: 0.111489978 
[stage=2, 68200] loss: 0.118381208 
[stage=2, 68300] loss: 0.110134658 
[stage=2, 68400] loss: 0.116027578 
[stage=2, 68500] loss: 0.110282047 
[stage=2, 68600] loss: 0.114465673 
[stage=2, 68700] loss: 0.114668837 
[stage=2, 68800] loss: 0.106422371 
[stage=2, 68900] loss: 0.117169163 
[stage=2, 69000] loss: 0.111072963 
[stage=2, 69100] loss: 0.116481141 
[stage=2, 69200] loss: 0.108544727 
[stage=2, 69300] loss: 0.109357522 
[stage=2, 69400] loss: 0.115410780 
[stage=2, 69500] loss: 0.113350734 
[stage=2, 69600] loss: 0.106203619 
[stage=2, 69700] loss: 0.108165721 
[stage=2, 69800] loss: 0.110503130 
[stage=2, 69900] loss: 0.114554544 
[stage=2, 70000] loss: 0.114139069 
[stage=2, 70100] loss: 0.113865792 
[stage=2, 70200] loss: 0.121891676 
[stage=2, 70300] loss: 0.108182758 
[stage=2, 70400] loss: 0.109791825 
[stage=2, 70500] loss: 0.115753561 
[stage=2, 70600] loss: 0.119887242 
[stage=2, 70700] loss: 0.112789511 
[stage=2, 70800] loss: 0.113524363 
[stage=2, 70900] loss: 0.103937569 
[stage=2, 71000] loss: 0.110215349 
[stage=2, 71100] loss: 0.107984635 
[stage=2, 71200] loss: 0.111732490 
[stage=2, 71300] loss: 0.111211947 
[stage=2, 71400] loss: 0.113996056 
[stage=2, 71500] loss: 0.118818862 
[stage=2, 71600] loss: 0.113528078 
[stage=2, 71700] loss: 0.112937534 
[stage=2, 71800] loss: 0.108999192 
[stage=2, 71900] loss: 0.110727844 
[stage=2, 72000] loss: 0.109180714 
[stage=2, 72100] loss: 0.118815635 
[stage=2, 72200] loss: 0.110830086 
[stage=2, 72300] loss: 0.113412453 
[stage=2, 72400] loss: 0.116911626 
[stage=2, 72500] loss: 0.116837543 
[stage=2, 72600] loss: 0.114918554 
[stage=2, 72700] loss: 0.105996391 
[stage=2, 72800] loss: 0.108368270 
[stage=2, 72900] loss: 0.110645828 
[stage=2, 73000] loss: 0.110637151 
[stage=2, 73100] loss: 0.111093220 
[stage=2, 73200] loss: 0.110580505 
[stage=2, 73300] loss: 0.111048447 
[stage=2, 73400] loss: 0.112484164 
[stage=2, 73500] loss: 0.111967644 
[stage=2, 73600] loss: 0.108183565 
[stage=2, 73700] loss: 0.118016980 
[stage=2, 73800] loss: 0.112542688 
[stage=2, 73900] loss: 0.111007301 
[stage=2, 74000] loss: 0.113201190 
[stage=2, 74100] loss: 0.113687817 
[stage=2, 74200] loss: 0.109067411 
[stage=2, 74300] loss: 0.111127600 
[stage=2, 74400] loss: 0.113783645 
[stage=2, 74500] loss: 0.112270537 
[stage=2, 74600] loss: 0.115455471 
[stage=2, 74700] loss: 0.113015549 
[stage=2, 74800] loss: 0.115172551 
[stage=2, 74900] loss: 0.113028445 
[stage=2, 75000] loss: 0.106947967 
[stage=2, 75100] loss: 0.117912322 
[stage=2, 75200] loss: 0.110768735 
[stage=2, 75300] loss: 0.110310336 
[stage=2, 75400] loss: 0.112785847 
[stage=2, 75500] loss: 0.117156649 
[stage=2, 75600] loss: 0.107200338 
[stage=2, 75700] loss: 0.111280414 
[stage=2, 75800] loss: 0.111658300 
[stage=2, 75900] loss: 0.115726859 
[stage=2, 76000] loss: 0.113444475 
[stage=2, 76100] loss: 0.109140857 
[stage=2, 76200] loss: 0.116334584 
[stage=2, 76300] loss: 0.117627226 
[stage=2, 76400] loss: 0.110768118 
[stage=2, 76500] loss: 0.115208303 
[stage=2, 76600] loss: 0.106630436 
[stage=2, 76700] loss: 0.111255033 
[stage=2, 76800] loss: 0.109767825 
[stage=2, 76900] loss: 0.112398275 
[stage=2, 77000] loss: 0.111920550 
[stage=2, 77100] loss: 0.110109496 
[stage=2, 77200] loss: 0.113546234 
[stage=2, 77300] loss: 0.104409679 
[stage=2, 77400] loss: 0.113129159 
[stage=2, 77500] loss: 0.116866736 
[stage=2, 77600] loss: 0.116446254 
[stage=2, 77700] loss: 0.110385712 
[stage=2, 77800] loss: 0.116124483 
[stage=2, 77900] loss: 0.110406445 
[stage=2, 78000] loss: 0.112484381 
[stage=2, 78100] loss: 0.111173042 
[stage=2, 78200] loss: 0.109100273 
[stage=2, 78300] loss: 0.109445786 
[stage=2, 78400] loss: 0.110832856 
[stage=2, 78500] loss: 0.111853589 
[stage=2, 78600] loss: 0.112228410 
[stage=2, 78700] loss: 0.113133139 
[stage=2, 78800] loss: 0.115693961 
[stage=2, 78900] loss: 0.107433999 
[stage=2, 79000] loss: 0.109483661 
[stage=2, 79100] loss: 0.116511969 
[stage=2, 79200] loss: 0.113613943 
[stage=2, 79300] loss: 0.106917087 
[stage=2, 79400] loss: 0.113812901 
[stage=2, 79500] loss: 0.106371368 
[stage=2, 79600] loss: 0.113407918 
[stage=2, 79700] loss: 0.112752603 
[stage=2, 79800] loss: 0.109327968 
[stage=2, 79900] loss: 0.109700314 
