[stage=2,   100] loss: 1.302045951 
[stage=2,   200] loss: 0.993270524 
[stage=2,   300] loss: 0.927753577 
[stage=2,   400] loss: 0.925583180 
[stage=2,   500] loss: 0.965963074 
[stage=2,   600] loss: 0.902106673 
[stage=2,   700] loss: 0.887102137 
[stage=2,   800] loss: 0.878443145 
[stage=2,   900] loss: 0.858408445 
[stage=2,  1000] loss: 0.938783759 
[stage=2,  1100] loss: 0.904787112 
[stage=2,  1200] loss: 0.906618078 
[stage=2,  1300] loss: 0.908926450 
[stage=2,  1400] loss: 0.864992087 
[stage=2,  1500] loss: 0.882007902 
[stage=2,  1600] loss: 0.879304578 
[stage=2,  1700] loss: 0.878850314 
[stage=2,  1800] loss: 0.909532441 
[stage=2,  1900] loss: 0.865173399 
[stage=2,  2000] loss: 0.862133896 
[stage=2,  2100] loss: 0.871414284 
[stage=2,  2200] loss: 0.835827777 
[stage=2,  2300] loss: 0.817600028 
[stage=2,  2400] loss: 0.844766575 
[stage=2,  2500] loss: 0.842341787 
[stage=2,  2600] loss: 0.826184494 
[stage=2,  2700] loss: 0.867068190 
[stage=2,  2800] loss: 0.818497717 
[stage=2,  2900] loss: 0.851371024 
[stage=2,  3000] loss: 0.819267566 
[stage=2,  3100] loss: 0.851658334 
[stage=2,  3200] loss: 0.845084240 
[stage=2,  3300] loss: 0.829777728 
[stage=2,  3400] loss: 0.829562638 
[stage=2,  3500] loss: 0.822407687 
[stage=2,  3600] loss: 0.814274909 
[stage=2,  3700] loss: 0.797568528 
[stage=2,  3800] loss: 0.808041742 
[stage=2,  3900] loss: 0.813319364 
[stage=2,  4000] loss: 0.845431545 
[stage=2,  4100] loss: 0.798442450 
[stage=2,  4200] loss: 0.794407078 
[stage=2,  4300] loss: 0.798205416 
[stage=2,  4400] loss: 0.804802169 
[stage=2,  4500] loss: 0.816221085 
[stage=2,  4600] loss: 0.787464140 
[stage=2,  4700] loss: 0.794514480 
[stage=2,  4800] loss: 0.780121264 
[stage=2,  4900] loss: 0.799935403 
[stage=2,  5000] loss: 0.771362756 
[stage=2,  5100] loss: 0.773716898 
[stage=2,  5200] loss: 0.777184603 
[stage=2,  5300] loss: 0.779527335 
[stage=2,  5400] loss: 0.764621367 
[stage=2,  5500] loss: 0.820658884 
[stage=2,  5600] loss: 0.781313421 
[stage=2,  5700] loss: 0.756969145 
[stage=2,  5800] loss: 0.767186470 
[stage=2,  5900] loss: 0.751235473 
[stage=2,  6000] loss: 0.794369297 
[stage=2,  6100] loss: 0.781072713 
[stage=2,  6200] loss: 0.798682147 
[stage=2,  6300] loss: 0.782828173 
[stage=2,  6400] loss: 0.764872093 
[stage=2,  6500] loss: 0.761438619 
[stage=2,  6600] loss: 0.766055124 
[stage=2,  6700] loss: 0.742430809 
[stage=2,  6800] loss: 0.776192867 
[stage=2,  6900] loss: 0.750465831 
[stage=2,  7000] loss: 0.767625581 
[stage=2,  7100] loss: 0.755009780 
[stage=2,  7200] loss: 0.750546009 
[stage=2,  7300] loss: 0.734333837 
[stage=2,  7400] loss: 0.744886503 
[stage=2,  7500] loss: 0.751895045 
[stage=2,  7600] loss: 0.730088705 
[stage=2,  7700] loss: 0.774144850 
[stage=2,  7800] loss: 0.736349919 
[stage=2,  7900] loss: 0.753106490 
[stage=2,  8000] loss: 0.713235124 
[stage=2,  8100] loss: 0.743594172 
[stage=2,  8200] loss: 0.754604880 
[stage=2,  8300] loss: 0.725945209 
[stage=2,  8400] loss: 0.717846209 
[stage=2,  8500] loss: 0.692794829 
[stage=2,  8600] loss: 0.725901483 
[stage=2,  8700] loss: 0.712917575 
[stage=2,  8800] loss: 0.715918437 
[stage=2,  8900] loss: 0.730859132 
[stage=2,  9000] loss: 0.756152485 
[stage=2,  9100] loss: 0.712956861 
[stage=2,  9200] loss: 0.723267202 
[stage=2,  9300] loss: 0.708678406 
[stage=2,  9400] loss: 0.720793444 
[stage=2,  9500] loss: 0.719385327 
[stage=2,  9600] loss: 0.686416911 
[stage=2,  9700] loss: 0.712211317 
[stage=2,  9800] loss: 0.704982486 
[stage=2,  9900] loss: 0.721974943 
[stage=2, 10000] loss: 0.698570894 
[stage=2, 10100] loss: 0.701428291 
[stage=2, 10200] loss: 0.685202051 
[stage=2, 10300] loss: 0.718670364 
[stage=2, 10400] loss: 0.684889220 
[stage=2, 10500] loss: 0.735034816 
[stage=2, 10600] loss: 0.692639050 
[stage=2, 10700] loss: 0.686565414 
[stage=2, 10800] loss: 0.689371660 
[stage=2, 10900] loss: 0.663897495 
[stage=2, 11000] loss: 0.704165211 
[stage=2, 11100] loss: 0.693292354 
[stage=2, 11200] loss: 0.696943437 
[stage=2, 11300] loss: 0.696525583 
[stage=2, 11400] loss: 0.680849464 
[stage=2, 11500] loss: 0.678413937 
[stage=2, 11600] loss: 0.685463646 
[stage=2, 11700] loss: 0.661425414 
[stage=2, 11800] loss: 0.691671692 
[stage=2, 11900] loss: 0.678058252 
[stage=2, 12000] loss: 0.690979393 
[stage=2, 12100] loss: 0.670348283 
[stage=2, 12200] loss: 0.680730019 
[stage=2, 12300] loss: 0.670453760 
[stage=2, 12400] loss: 0.682655536 
[stage=2, 12500] loss: 0.682065274 
[stage=2, 12600] loss: 0.668242226 
[stage=2, 12700] loss: 0.689373346 
[stage=2, 12800] loss: 0.661071131 
[stage=2, 12900] loss: 0.668799542 
[stage=2, 13000] loss: 0.672528113 
[stage=2, 13100] loss: 0.658800839 
[stage=2, 13200] loss: 0.696104787 
[stage=2, 13300] loss: 0.658187935 
[stage=2, 13400] loss: 0.653358977 
[stage=2, 13500] loss: 0.625937178 
[stage=2, 13600] loss: 0.654198808 
[stage=2, 13700] loss: 0.641010407 
[stage=2, 13800] loss: 0.650067198 
[stage=2, 13900] loss: 0.666494081 
[stage=2, 14000] loss: 0.682510979 
[stage=2, 14100] loss: 0.638900698 
[stage=2, 14200] loss: 0.673940411 
[stage=2, 14300] loss: 0.646903429 
[stage=2, 14400] loss: 0.645478120 
[stage=2, 14500] loss: 0.651315465 
[stage=2, 14600] loss: 0.641385836 
[stage=2, 14700] loss: 0.643600072 
[stage=2, 14800] loss: 0.650212648 
[stage=2, 14900] loss: 0.656679325 
[stage=2, 15000] loss: 0.641095585 
[stage=2, 15100] loss: 0.632777698 
[stage=2, 15200] loss: 0.634480863 
[stage=2, 15300] loss: 0.652694838 
[stage=2, 15400] loss: 0.619170859 
[stage=2, 15500] loss: 0.667189404 
[stage=2, 15600] loss: 0.619053671 
[stage=2, 15700] loss: 0.635373457 
[stage=2, 15800] loss: 0.643970015 
[stage=2, 15900] loss: 0.615311998 
[stage=2, 16000] loss: 0.648258892 
[stage=2, 16100] loss: 0.637489285 
[stage=2, 16200] loss: 0.645587991 
[stage=2, 16300] loss: 0.631641593 
[stage=2, 16400] loss: 0.637708755 
[stage=2, 16500] loss: 0.626059383 
