[stage=2,   100] loss: 1.908874893 
[stage=2,   200] loss: 1.175641474 
[stage=2,   300] loss: 1.169437372 
[stage=2,   400] loss: 1.083784665 
[stage=2,   500] loss: 1.041364632 
[stage=2,   600] loss: 0.967705318 
[stage=2,   700] loss: 1.032359245 
[stage=2,   800] loss: 0.952037082 
[stage=2,   900] loss: 0.878857252 
[stage=2,  1000] loss: 0.897684540 
[stage=2,  1100] loss: 0.915901242 
[stage=2,  1200] loss: 0.913955623 
[stage=2,  1300] loss: 0.919249031 
[stage=2,  1400] loss: 0.874029432 
[stage=2,  1500] loss: 0.837478468 
[stage=2,  1600] loss: 0.853997310 
[stage=2,  1700] loss: 0.786327328 
[stage=2,  1800] loss: 0.821485978 
[stage=2,  1900] loss: 0.808199795 
[stage=2,  2000] loss: 0.784493514 
[stage=2,  2100] loss: 0.771312845 
[stage=2,  2200] loss: 0.773999703 
[stage=2,  2300] loss: 0.798682759 
[stage=2,  2400] loss: 0.780793414 
[stage=2,  2500] loss: 0.790099071 
[stage=2,  2600] loss: 0.793379531 
[stage=2,  2700] loss: 0.688770725 
[stage=2,  2800] loss: 0.757535978 
[stage=2,  2900] loss: 0.696954655 
[stage=2,  3000] loss: 0.715664689 
[stage=2,  3100] loss: 0.713561832 
[stage=2,  3200] loss: 0.703378708 
[stage=2,  3300] loss: 0.700092714 
[stage=2,  3400] loss: 0.754011725 
[stage=2,  3500] loss: 0.673394890 
[stage=2,  3600] loss: 0.661052761 
[stage=2,  3700] loss: 0.680198736 
[stage=2,  3800] loss: 0.657742243 
[stage=2,  3900] loss: 0.666594990 
[stage=2,  4000] loss: 0.672526918 
[stage=2,  4100] loss: 0.645319697 
[stage=2,  4200] loss: 0.657370334 
[stage=2,  4300] loss: 0.679666601 
[stage=2,  4400] loss: 0.639186891 
[stage=2,  4500] loss: 0.645675195 
[stage=2,  4600] loss: 0.608384931 
[stage=2,  4700] loss: 0.657725113 
[stage=2,  4800] loss: 0.603680432 
[stage=2,  4900] loss: 0.606271201 
[stage=2,  5000] loss: 0.597512935 
[stage=2,  5100] loss: 0.569993284 
[stage=2,  5200] loss: 0.591171100 
[stage=2,  5300] loss: 0.561431614 
[stage=2,  5400] loss: 0.588404419 
[stage=2,  5500] loss: 0.548712633 
[stage=2,  5600] loss: 0.575491620 
[stage=2,  5700] loss: 0.592101450 
[stage=2,  5800] loss: 0.566155182 
[stage=2,  5900] loss: 0.535546345 
[stage=2,  6000] loss: 0.545429618 
[stage=2,  6100] loss: 0.588864263 
[stage=2,  6200] loss: 0.544447664 
[stage=2,  6300] loss: 0.508126253 
[stage=2,  6400] loss: 0.517875442 
[stage=2,  6500] loss: 0.550268632 
