Parsing Inputs...

=========================Options=============================
-max_depth                  10000
-min_bytes                  0
-min_peak_bytes             0
-min_residual_bytes         0
-min_output_bytes           0
-min_micros                 0
-min_accelerator_micros     0
-min_cpu_micros             0
-min_params                 0
-min_float_ops              1
-min_occurrence             0
-step                       -1
-order_by                   float_ops
-account_type_regexes       .*
-start_name_regexes         .*
-trim_name_regexes          
-show_name_regexes          .*
-hide_name_regexes          
-account_displayed_op_only  true
-select                     float_ops
-output                     stdout:

==================Model Analysis Report======================

Doc:
scope: The nodes in the model graph are organized by their names, which is hierarchical like filesystem.
flops: Number of float operations. Note: Please read the implementation for the math behind it.

Profile:
node name | # float_ops
_TFProfRoot (--/169.30b flops)
  stereo/Conv_2/Conv3D (33.97b/33.97b flops)
  stereo/Conv_1/Conv3D (33.97b/33.97b flops)
  stereo/hg1_0/Conv/Conv3D (8.49b/8.49b flops)
  stereo/hg1_0/Conv_1/Conv3D (8.49b/8.49b flops)
  stereo/hg1_0/Conv_10/Conv3D (8.49b/8.49b flops)
  stereo/hg1_0/Conv_11/Conv3D (8.49b/8.49b flops)
  stereo/hg1_0/Conv_4/Conv3D (6.64b/6.64b flops)
  stereo/hg1_0/Conv_3/Conv3D (6.64b/6.64b flops)
  stereo/encoder/Conv_7/Conv2D (3.54b/3.54b flops)
  stereo/hg1_0/Conv_9/Conv3D (2.65b/2.65b flops)
  stereo/hg1_0/Conv_2/Conv3D (2.65b/2.65b flops)
  stereo/Conv/Conv3D (2.52b/2.52b flops)
  stereo/hg1_0/Conv_6/Conv3D (2.12b/2.12b flops)
  stereo/hg1_0/Conv_7/Conv3D (2.12b/2.12b flops)
  stereo/encoder/2d_hg1_0/Conv/Conv2D (1.77b/1.77b flops)
  stereo/encoder/2d_hg1_0/Conv_1/Conv2D (1.77b/1.77b flops)
  stereo/encoder/Conv_14/Conv2D (1.77b/1.77b flops)
  stereo/encoder/Conv_13/Conv2D (1.77b/1.77b flops)
  stereo/encoder/Conv_12/Conv2D (1.77b/1.77b flops)
  stereo/encoder/Conv_15/Conv2D (1.77b/1.77b flops)
  stereo/encoder/Conv_11/Conv2D (1.77b/1.77b flops)
  stereo/encoder/2d_hg1_0/Conv_3/Conv2D (1.77b/1.77b flops)
  stereo/encoder/Conv_10/Conv2D (1.77b/1.77b flops)
  stereo/encoder/Conv_2/Conv2D (1.77b/1.77b flops)
  stereo/encoder/Conv_1/Conv2D (1.77b/1.77b flops)
  stereo/encoder/Conv_3/Conv2D (1.77b/1.77b flops)
  stereo/encoder/2d_hg1_0/Conv_4/Conv2D (1.77b/1.77b flops)
  stereo/encoder/Conv_4/Conv2D (1.77b/1.77b flops)
  stereo/encoder/Conv_6/Conv2D (1.77b/1.77b flops)
  stereo/encoder/Conv_8/Conv2D (1.77b/1.77b flops)
  stereo/encoder/Conv_5/Conv2D (1.77b/1.77b flops)
  stereo/hg1_0/Conv_5/Conv3D (1.33b/1.33b flops)
  stereo/hg1_0/Conv_8/Conv3D (1.33b/1.33b flops)
  stereo/encoder/2d_hg1_0/Conv_6/Conv2D (995.33m/995.33m flops)
  stereo/encoder/Conv/Conv2D (903.17m/903.17m flops)
  stereo/encoder/2d_hg1_0/Conv_2/Conv2D (884.74m/884.74m flops)
  stereo/encoder/2d_hg1_0/Conv_8/Conv2D (884.74m/884.74m flops)
  stereo/encoder/2d_hg1_0/Conv_7/Conv2D (663.55m/663.55m flops)
  stereo/encoder/2d_hg1_0/Conv_5/Conv2D (663.55m/663.55m flops)
  stereo/encoder/Conv_16/Conv2D (98.30m/98.30m flops)
  stereo/encoder/Conv_9/Conv2D (98.30m/98.30m flops)
  stereo/mul_16 (19.66m/19.66m flops)
  stereo/mul_25 (19.66m/19.66m flops)
  stereo/BatchNorm_1/batchnorm/mul_1 (19.66m/19.66m flops)
  stereo/mul_24 (19.66m/19.66m flops)
  stereo/mul_26 (19.66m/19.66m flops)
  stereo/BatchNorm/batchnorm_1/mul_1 (19.66m/19.66m flops)
  stereo/mul_15 (19.66m/19.66m flops)
  stereo/mul_14 (19.66m/19.66m flops)
  stereo/Add_14 (19.66m/19.66m flops)
  stereo/mul_13 (19.66m/19.66m flops)
  stereo/mul_23 (19.66m/19.66m flops)
  stereo/mul_22 (19.66m/19.66m flops)
  stereo/mul_17 (19.66m/19.66m flops)
  stereo/Conv/BiasAdd (19.66m/19.66m flops)
  stereo/Conv_1/BiasAdd (19.66m/19.66m flops)
  stereo/Mean (19.66m/19.66m flops)
  stereo/Conv_2/BiasAdd (19.66m/19.66m flops)
  Softmax (12.29m/12.29m flops)
  stereo/hg1_0/Conv_12/Conv3D (9.83m/9.83m flops)
  stereo/encoder/Conv_7/BiasAdd (6.14m/6.14m flops)
  stereo/encoder/BatchNorm_7/batchnorm/mul_1 (6.14m/6.14m flops)
  stereo/hg1_0/Conv_11/BiasAdd (4.92m/4.92m flops)
  stereo/hg1_0/Conv_10/BiasAdd (4.92m/4.92m flops)
  stereo/hg1_0/Conv/BiasAdd (4.92m/4.92m flops)
  stereo/hg1_0/Conv_1/BiasAdd (4.92m/4.92m flops)
  stereo/hg1_0/BatchNorm_10/batchnorm/mul_1 (4.92m/4.92m flops)
  stereo/hg1_0/BatchNorm_1/batchnorm/mul_1 (4.92m/4.92m flops)
  stereo/hg1_0/BatchNorm/batchnorm_1/mul_1 (4.92m/4.92m flops)
  stereo/encoder/BatchNorm_6/batchnorm/mul_1 (3.07m/3.07m flops)
  stereo/encoder/BatchNorm_3/batchnorm/mul_1 (3.07m/3.07m flops)
  stereo/encoder/BatchNorm_2/batchnorm/mul_1 (3.07m/3.07m flops)
  stereo/encoder/BatchNorm_4/batchnorm/mul_1 (3.07m/3.07m flops)
  stereo/encoder/BatchNorm_5/batchnorm/mul_1 (3.07m/3.07m flops)
  stereo/encoder/Conv_2/BiasAdd (3.07m/3.07m flops)
  stereo/encoder/Conv_3/BiasAdd (3.07m/3.07m flops)
  stereo/encoder/Conv_4/BiasAdd (3.07m/3.07m flops)
  stereo/encoder/Conv_5/BiasAdd (3.07m/3.07m flops)
  stereo/encoder/Conv_6/BiasAdd (3.07m/3.07m flops)
  stereo/encoder/Conv/BiasAdd (3.07m/3.07m flops)
  stereo/encoder/BatchNorm/batchnorm_1/mul_1 (3.07m/3.07m flops)
  stereo/encoder/BatchNorm_1/batchnorm/mul_1 (3.07m/3.07m flops)
  stereo/encoder/Conv_1/BiasAdd (3.07m/3.07m flops)
  mul_1 (2.46m/2.46m flops)
  my_result (2.38m/2.38m flops)
  stereo/encoder/2d_hg1_0/MaxPool2D/MaxPool (1.54m/1.54m flops)
  stereo/encoder/BatchNorm_12/batchnorm/mul_1 (1.54m/1.54m flops)
  stereo/encoder/Conv_8/BiasAdd (1.54m/1.54m flops)
  stereo/encoder/BatchNorm_10/batchnorm/mul_1 (1.54m/1.54m flops)
  stereo/encoder/BatchNorm_13/batchnorm/mul_1 (1.54m/1.54m flops)
  stereo/encoder/Conv_9/BiasAdd (1.54m/1.54m flops)
  stereo/hg1_0/Conv_4/BiasAdd (1.54m/1.54m flops)
  stereo/hg1_0/Conv_3/BiasAdd (1.54m/1.54m flops)
  stereo/encoder/2d_hg1_0/Conv_1/BiasAdd (1.54m/1.54m flops)
  stereo/encoder/BatchNorm_11/batchnorm/mul_1 (1.54m/1.54m flops)
  stereo/encoder/Conv_10/BiasAdd (1.54m/1.54m flops)
  stereo/encoder/Conv_15/BiasAdd (1.54m/1.54m flops)
  stereo/encoder/2d_hg1_0/BatchNorm/batchnorm_1/mul_1 (1.54m/1.54m flops)
  stereo/encoder/Conv_14/BiasAdd (1.54m/1.54m flops)
  stereo/encoder/Conv_13/BiasAdd (1.54m/1.54m flops)
  stereo/encoder/2d_hg1_0/BatchNorm_1/batchnorm/mul_1 (1.54m/1.54m flops)
  stereo/encoder/Conv_12/BiasAdd (1.54m/1.54m flops)
  stereo/encoder/Conv_11/BiasAdd (1.54m/1.54m flops)
  stereo/hg1_0/Conv_2/BiasAdd (1.54m/1.54m flops)
  stereo/hg1_0/BatchNorm_3/batchnorm/mul_1 (1.54m/1.54m flops)
  stereo/encoder/BatchNorm_8/batchnorm/mul_1 (1.54m/1.54m flops)
  stereo/hg1_0/BatchNorm_4/batchnorm/mul_1 (1.54m/1.54m flops)
  stereo/hg1_0/BatchNorm_9/batchnorm/mul_1 (1.54m/1.54m flops)
  stereo/encoder/2d_hg1_0/Conv/BiasAdd (1.54m/1.54m flops)
  stereo/encoder/BatchNorm_9/batchnorm/mul_1 (1.54m/1.54m flops)
  stereo/hg1_0/Conv_7/kernel/Regularizer/l2_regularizer (1/1.33m flops)
    stereo/hg1_0/Conv_7/kernel/Regularizer/l2_regularizer/L2Loss (1.33m/1.33m flops)
  stereo/hg1_0/Conv_6/kernel/Regularizer/l2_regularizer (1/1.33m flops)
    stereo/hg1_0/Conv_6/kernel/Regularizer/l2_regularizer/L2Loss (1.33m/1.33m flops)
  stereo/clip_by_value_3 (614.40k/1.23m flops)
    stereo/clip_by_value_3/Minimum (614.40k/614.40k flops)
  stereo/clip_by_value_7 (614.40k/1.23m flops)
    stereo/clip_by_value_7/Minimum (614.40k/614.40k flops)
  stereo/clip_by_value_2 (614.40k/1.23m flops)
    stereo/clip_by_value_2/Minimum (614.40k/614.40k flops)
  stereo/clip_by_value_6 (614.40k/1.23m flops)
    stereo/clip_by_value_6/Minimum (614.40k/614.40k flops)
  stereo/clip_by_value_1 (614.40k/1.23m flops)
    stereo/clip_by_value_1/Minimum (614.40k/614.40k flops)
  stereo/clip_by_value_5 (614.40k/1.23m flops)
    stereo/clip_by_value_5/Minimum (614.40k/614.40k flops)
  stereo/clip_by_value_4 (614.40k/1.23m flops)
    stereo/clip_by_value_4/Minimum (614.40k/614.40k flops)
  stereo/clip_by_value (614.40k/1.23m flops)
    stereo/clip_by_value/Minimum (614.40k/614.40k flops)
  mul (1.15m/1.15m flops)
  truediv (1.15m/1.15m flops)
  sub (1.15m/1.15m flops)
  stereo/encoder/2d_hg1_0/Conv_6/kernel/Regularizer/l2_regularizer (1/995.33k flops)
    stereo/encoder/2d_hg1_0/Conv_6/kernel/Regularizer/l2_regularizer/L2Loss (995.33k/995.33k flops)
  stereo/hg1_0/Conv_6/weights/Initializer/random_uniform (442.37k/884.74k flops)
    stereo/hg1_0/Conv_6/weights/Initializer/random_uniform/mul (442.37k/442.37k flops)
    stereo/hg1_0/Conv_6/weights/Initializer/random_uniform/sub (1/1 flops)
  stereo/hg1_0/Conv_7/weights/Initializer/random_uniform (442.37k/884.74k flops)
    stereo/hg1_0/Conv_7/weights/Initializer/random_uniform/mul (442.37k/442.37k flops)
    stereo/hg1_0/Conv_7/weights/Initializer/random_uniform/sub (1/1 flops)
  stereo/hg1_0/Conv_5/kernel/Regularizer/l2_regularizer (1/829.44k flops)
    stereo/hg1_0/Conv_5/kernel/Regularizer/l2_regularizer/L2Loss (829.44k/829.44k flops)
  stereo/hg1_0/Conv_8/kernel/Regularizer/l2_regularizer (1/829.44k flops)
    stereo/hg1_0/Conv_8/kernel/Regularizer/l2_regularizer/L2Loss (829.44k/829.44k flops)
  stereo/encoder/Conv_16/BiasAdd (768.00k/768.00k flops)
  stereo/encoder/2d_hg1_0/Conv_2/BiasAdd (768.00k/768.00k flops)
  stereo/encoder/2d_hg1_0/MaxPool2D_1/MaxPool (768.00k/768.00k flops)
  stereo/encoder/2d_hg1_0/BatchNorm_8/batchnorm/mul_1 (768.00k/768.00k flops)
  stereo/encoder/2d_hg1_0/BatchNorm_3/batchnorm/mul_1 (768.00k/768.00k flops)
  stereo/encoder/2d_hg1_0/Conv_3/BiasAdd (768.00k/768.00k flops)
  stereo/encoder/2d_hg1_0/BatchNorm_4/batchnorm/mul_1 (768.00k/768.00k flops)
  stereo/encoder/2d_hg1_0/Conv_4/BiasAdd (768.00k/768.00k flops)
  stereo/encoder/2d_hg1_0/Conv_6/weights/Initializer/random_uniform (331.78k/663.55k flops)
    stereo/encoder/2d_hg1_0/Conv_6/weights/Initializer/random_uniform/mul (331.78k/331.78k flops)
    stereo/encoder/2d_hg1_0/Conv_6/weights/Initializer/random_uniform/sub (1/1 flops)
  stereo/encoder/2d_hg1_0/Conv_5/kernel/Regularizer/l2_regularizer (1/663.55k flops)
    stereo/encoder/2d_hg1_0/Conv_5/kernel/Regularizer/l2_regularizer/L2Loss (663.55k/663.55k flops)
  stereo/encoder/2d_hg1_0/Conv_7/kernel/Regularizer/l2_regularizer (1/663.55k flops)
    stereo/encoder/2d_hg1_0/Conv_7/kernel/Regularizer/l2_regularizer/L2Loss (663.55k/663.55k flops)
  stereo/mul_12 (614.40k/614.40k flops)
  stereo/hg1_0/BatchNorm_2/batchnorm/mul_1 (614.40k/614.40k flops)
  stereo/hg1_0/Conv_9/BiasAdd (614.40k/614.40k flops)
  stereo/sub_20 (614.40k/614.40k flops)
  stereo/mul_5 (614.40k/614.40k flops)
  stereo/Equal_3 (614.40k/614.40k flops)
  stereo/Equal_2 (614.40k/614.40k flops)
  stereo/mul_4 (614.40k/614.40k flops)
  stereo/mul_3 (614.40k/614.40k flops)
  stereo/Maximum (614.40k/614.40k flops)
  stereo/Equal_1 (614.40k/614.40k flops)
  stereo/Equal (614.40k/614.40k flops)
  stereo/Equal_7 (614.40k/614.40k flops)
  stereo/mul_21 (614.40k/614.40k flops)
  stereo/mul_20 (614.40k/614.40k flops)
  stereo/truediv (614.40k/614.40k flops)
  stereo/truediv_1 (614.40k/614.40k flops)
  stereo/sub_21 (614.40k/614.40k flops)
  stereo/mul_2 (614.40k/614.40k flops)
  stereo/mul_19 (614.40k/614.40k flops)
  stereo/mul_18 (614.40k/614.40k flops)
  stereo/sub_1 (614.40k/614.40k flops)
  stereo/sub_19 (614.40k/614.40k flops)
  stereo/Equal_6 (614.40k/614.40k flops)
  stereo/sub_18 (614.40k/614.40k flops)
  stereo/sub_17 (614.40k/614.40k flops)
  stereo/sub_16 (614.40k/614.40k flops)
  stereo/sub_2 (614.40k/614.40k flops)
  stereo/sub_11 (614.40k/614.40k flops)
  stereo/sub_10 (614.40k/614.40k flops)
  stereo/sub_5 (614.40k/614.40k flops)
  stereo/sub (614.40k/614.40k flops)
  stereo/mul_9 (614.40k/614.40k flops)
  stereo/mul_8 (614.40k/614.40k flops)
  stereo/mul_7 (614.40k/614.40k flops)
  stereo/Equal_5 (614.40k/614.40k flops)
  stereo/Equal_4 (614.40k/614.40k flops)
  stereo/mul_6 (614.40k/614.40k flops)
  stereo/Maximum_1 (614.40k/614.40k flops)
  stereo/sub_3 (614.40k/614.40k flops)
  stereo/sub_4 (614.40k/614.40k flops)
  stereo/truediv_7 (614.40k/614.40k flops)
  stereo/sub_7 (614.40k/614.40k flops)
  stereo/sub_8 (614.40k/614.40k flops)
  stereo/sub_6 (614.40k/614.40k flops)
  stereo/sub_23 (614.40k/614.40k flops)
  stereo/mul_11 (614.40k/614.40k flops)
  stereo/mul_10 (614.40k/614.40k flops)
  stereo/mul_1 (614.40k/614.40k flops)
  stereo/sub_22 (614.40k/614.40k flops)
  stereo/sub_9 (614.40k/614.40k flops)
  stereo/truediv_2 (614.40k/614.40k flops)
  stereo/truediv_6 (614.40k/614.40k flops)
  stereo/truediv_5 (614.40k/614.40k flops)
  stereo/truediv_4 (614.40k/614.40k flops)
  stereo/truediv_3 (614.40k/614.40k flops)
  stereo/hg1_0/Conv_8/weights/Initializer/random_uniform (276.48k/552.96k flops)
    stereo/hg1_0/Conv_8/weights/Initializer/random_uniform/mul (276.48k/276.48k flops)
    stereo/hg1_0/Conv_8/weights/Initializer/random_uniform/sub (1/1 flops)
  stereo/hg1_0/Conv_5/weights/Initializer/random_uniform (276.48k/552.96k flops)
    stereo/hg1_0/Conv_5/weights/Initializer/random_uniform/mul (276.48k/276.48k flops)
    stereo/hg1_0/Conv_5/weights/Initializer/random_uniform/sub (1/1 flops)
  stereo/hg1_0/Conv_4/kernel/Regularizer/l2_regularizer (1/518.40k flops)
    stereo/hg1_0/Conv_4/kernel/Regularizer/l2_regularizer/L2Loss (518.40k/518.40k flops)
  stereo/hg1_0/Conv_3/kernel/Regularizer/l2_regularizer (1/518.40k flops)
    stereo/hg1_0/Conv_3/kernel/Regularizer/l2_regularizer/L2Loss (518.40k/518.40k flops)
  stereo/encoder/2d_hg1_0/Conv_5/weights/Initializer/random_uniform (221.18k/442.37k flops)
    stereo/encoder/2d_hg1_0/Conv_5/weights/Initializer/random_uniform/mul (221.18k/221.18k flops)
    stereo/encoder/2d_hg1_0/Conv_5/weights/Initializer/random_uniform/sub (1/1 flops)
  stereo/encoder/2d_hg1_0/Conv_7/weights/Initializer/random_uniform (221.18k/442.37k flops)
    stereo/encoder/2d_hg1_0/Conv_7/weights/Initializer/random_uniform/mul (221.18k/221.18k flops)
    stereo/encoder/2d_hg1_0/Conv_7/weights/Initializer/random_uniform/sub (1/1 flops)
  stereo/encoder/2d_hg1_0/Conv_3/kernel/Regularizer/l2_regularizer (1/442.37k flops)
    stereo/encoder/2d_hg1_0/Conv_3/kernel/Regularizer/l2_regularizer/L2Loss (442.37k/442.37k flops)
  stereo/encoder/2d_hg1_0/Conv_4/kernel/Regularizer/l2_regularizer (1/442.37k flops)
    stereo/encoder/2d_hg1_0/Conv_4/kernel/Regularizer/l2_regularizer/L2Loss (442.37k/442.37k flops)
  stereo/encoder/2d_hg1_0/BatchNorm_2/batchnorm/mul_1 (384.00k/384.00k flops)
  stereo/encoder/2d_hg1_0/Conv_8/BiasAdd (384.00k/384.00k flops)
  stereo/hg1_0/Conv_4/weights/Initializer/random_uniform (172.80k/345.60k flops)
    stereo/hg1_0/Conv_4/weights/Initializer/random_uniform/mul (172.80k/172.80k flops)
    stereo/hg1_0/Conv_4/weights/Initializer/random_uniform/sub (1/1 flops)
  stereo/hg1_0/Conv_3/weights/Initializer/random_uniform (172.80k/345.60k flops)
    stereo/hg1_0/Conv_3/weights/Initializer/random_uniform/mul (172.80k/172.80k flops)
    stereo/hg1_0/Conv_3/weights/Initializer/random_uniform/sub (1/1 flops)
  stereo/hg1_0/BatchNorm_8/batchnorm/mul_1 (307.20k/307.20k flops)
  stereo/hg1_0/BatchNorm_7/batchnorm/mul_1 (307.20k/307.20k flops)
  stereo/hg1_0/BatchNorm_6/batchnorm/mul_1 (307.20k/307.20k flops)
  stereo/hg1_0/Conv_7/BiasAdd (307.20k/307.20k flops)
  stereo/hg1_0/Conv_6/BiasAdd (307.20k/307.20k flops)
  stereo/hg1_0/Conv_5/BiasAdd (307.20k/307.20k flops)
  stereo/encoder/2d_hg1_0/Conv_4/weights/Initializer/random_uniform (147.46k/294.91k flops)
    stereo/encoder/2d_hg1_0/Conv_4/weights/Initializer/random_uniform/mul (147.46k/147.46k flops)
    stereo/encoder/2d_hg1_0/Conv_4/weights/Initializer/random_uniform/sub (1/1 flops)
  stereo/encoder/2d_hg1_0/Conv_3/weights/Initializer/random_uniform (147.46k/294.91k flops)
    stereo/encoder/2d_hg1_0/Conv_3/weights/Initializer/random_uniform/mul (147.46k/147.46k flops)
    stereo/encoder/2d_hg1_0/Conv_3/weights/Initializer/random_uniform/sub (1/1 flops)
  stereo/encoder/2d_hg1_0/BatchNorm_7/batchnorm/mul_1 (288.00k/288.00k flops)
  stereo/encoder/2d_hg1_0/BatchNorm_6/batchnorm/mul_1 (288.00k/288.00k flops)
  stereo/encoder/2d_hg1_0/Conv_5/BiasAdd (288.00k/288.00k flops)
  stereo/encoder/2d_hg1_0/Conv_6/BiasAdd (288.00k/288.00k flops)
  stereo/encoder/2d_hg1_0/Conv_2/kernel/Regularizer/l2_regularizer (1/221.18k flops)
    stereo/encoder/2d_hg1_0/Conv_2/kernel/Regularizer/l2_regularizer/L2Loss (221.18k/221.18k flops)
  stereo/encoder/2d_hg1_0/Conv_8/kernel/Regularizer/l2_regularizer (1/221.18k flops)
    stereo/encoder/2d_hg1_0/Conv_8/kernel/Regularizer/l2_regularizer/L2Loss (221.18k/221.18k flops)
  stereo/hg1_0/Conv_2/kernel/Regularizer/l2_regularizer (1/207.36k flops)
    stereo/hg1_0/Conv_2/kernel/Regularizer/l2_regularizer/L2Loss (207.36k/207.36k flops)
  stereo/hg1_0/Conv_9/kernel/Regularizer/l2_regularizer (1/207.36k flops)
    stereo/hg1_0/Conv_9/kernel/Regularizer/l2_regularizer/L2Loss (207.36k/207.36k flops)
  stereo/hg1_0/BatchNorm_5/batchnorm/mul_1 (192.00k/192.00k flops)
  stereo/encoder/2d_hg1_0/BatchNorm_5/batchnorm/mul_1 (192.00k/192.00k flops)
  stereo/encoder/2d_hg1_0/Conv_7/BiasAdd (192.00k/192.00k flops)
  stereo/hg1_0/Conv_8/BiasAdd (192.00k/192.00k flops)
  stereo/hg1_0/Conv_12/BiasAdd (153.60k/153.60k flops)
  stereo/encoder/2d_hg1_0/Conv_2/weights/Initializer/random_uniform (73.73k/147.46k flops)
    stereo/encoder/2d_hg1_0/Conv_2/weights/Initializer/random_uniform/mul (73.73k/73.73k flops)
    stereo/encoder/2d_hg1_0/Conv_2/weights/Initializer/random_uniform/sub (1/1 flops)
  stereo/encoder/2d_hg1_0/Conv_8/weights/Initializer/random_uniform (73.73k/147.46k flops)
    stereo/encoder/2d_hg1_0/Conv_8/weights/Initializer/random_uniform/mul (73.73k/73.73k flops)
    stereo/encoder/2d_hg1_0/Conv_8/weights/Initializer/random_uniform/sub (1/1 flops)
  stereo/hg1_0/Conv_9/weights/Initializer/random_uniform (69.12k/138.24k flops)
    stereo/hg1_0/Conv_9/weights/Initializer/random_uniform/mul (69.12k/69.12k flops)
    stereo/hg1_0/Conv_9/weights/Initializer/random_uniform/sub (1/1 flops)
  stereo/hg1_0/Conv_2/weights/Initializer/random_uniform (69.12k/138.24k flops)
    stereo/hg1_0/Conv_2/weights/Initializer/random_uniform/mul (69.12k/69.12k flops)
    stereo/hg1_0/Conv_2/weights/Initializer/random_uniform/sub (1/1 flops)
  stereo/encoder/Conv_13/kernel/Regularizer/l2_regularizer (1/110.59k flops)
    stereo/encoder/Conv_13/kernel/Regularizer/l2_regularizer/L2Loss (110.59k/110.59k flops)
  stereo/encoder/Conv_14/kernel/Regularizer/l2_regularizer (1/110.59k flops)
    stereo/encoder/Conv_14/kernel/Regularizer/l2_regularizer/L2Loss (110.59k/110.59k flops)
  stereo/encoder/Conv_8/kernel/Regularizer/l2_regularizer (1/110.59k flops)
    stereo/encoder/Conv_8/kernel/Regularizer/l2_regularizer/L2Loss (110.59k/110.59k flops)
  stereo/encoder/Conv_12/kernel/Regularizer/l2_regularizer (1/110.59k flops)
    stereo/encoder/Conv_12/kernel/Regularizer/l2_regularizer/L2Loss (110.59k/110.59k flops)
  stereo/encoder/Conv_15/kernel/Regularizer/l2_regularizer (1/110.59k flops)
    stereo/encoder/Conv_15/kernel/Regularizer/l2_regularizer/L2Loss (110.59k/110.59k flops)
  stereo/encoder/2d_hg1_0/Conv_1/kernel/Regularizer/l2_regularizer (1/110.59k flops)
    stereo/encoder/2d_hg1_0/Conv_1/kernel/Regularizer/l2_regularizer/L2Loss (110.59k/110.59k flops)
  stereo/encoder/Conv_11/kernel/Regularizer/l2_regularizer (1/110.59k flops)
    stereo/encoder/Conv_11/kernel/Regularizer/l2_regularizer/L2Loss (110.59k/110.59k flops)
  stereo/encoder/Conv_10/kernel/Regularizer/l2_regularizer (1/110.59k flops)
    stereo/encoder/Conv_10/kernel/Regularizer/l2_regularizer/L2Loss (110.59k/110.59k flops)
  stereo/encoder/2d_hg1_0/Conv/kernel/Regularizer/l2_regularizer (1/110.59k flops)
    stereo/encoder/2d_hg1_0/Conv/kernel/Regularizer/l2_regularizer/L2Loss (110.59k/110.59k flops)
  stereo/hg1_0/Conv_10/kernel/Regularizer/l2_regularizer (1/82.94k flops)
    stereo/hg1_0/Conv_10/kernel/Regularizer/l2_regularizer/L2Loss (82.94k/82.94k flops)
  stereo/Conv_2/kernel/Regularizer/l2_regularizer (1/82.94k flops)
    stereo/Conv_2/kernel/Regularizer/l2_regularizer/L2Loss (82.94k/82.94k flops)
  stereo/Conv_1/kernel/Regularizer/l2_regularizer (1/82.94k flops)
    stereo/Conv_1/kernel/Regularizer/l2_regularizer/L2Loss (82.94k/82.94k flops)
  stereo/hg1_0/Conv_1/kernel/Regularizer/l2_regularizer (1/82.94k flops)
    stereo/hg1_0/Conv_1/kernel/Regularizer/l2_regularizer/L2Loss (82.94k/82.94k flops)
  stereo/hg1_0/Conv_11/kernel/Regularizer/l2_regularizer (1/82.94k flops)
    stereo/hg1_0/Conv_11/kernel/Regularizer/l2_regularizer/L2Loss (82.94k/82.94k flops)
  stereo/hg1_0/Conv/kernel/Regularizer/l2_regularizer (1/82.94k flops)
    stereo/hg1_0/Conv/kernel/Regularizer/l2_regularizer/L2Loss (82.94k/82.94k flops)
  stereo/encoder/2d_hg1_0/Conv/weights/Initializer/random_uniform (36.86k/73.73k flops)
    stereo/encoder/2d_hg1_0/Conv/weights/Initializer/random_uniform/mul (36.86k/36.86k flops)
    stereo/encoder/2d_hg1_0/Conv/weights/Initializer/random_uniform/sub (1/1 flops)
  stereo/encoder/2d_hg1_0/Conv_1/weights/Initializer/random_uniform (36.86k/73.73k flops)
    stereo/encoder/2d_hg1_0/Conv_1/weights/Initializer/random_uniform/mul (36.86k/36.86k flops)
    stereo/encoder/2d_hg1_0/Conv_1/weights/Initializer/random_uniform/sub (1/1 flops)
  stereo/encoder/Conv_13/weights/Initializer/random_uniform (36.86k/73.73k flops)
    stereo/encoder/Conv_13/weights/Initializer/random_uniform/mul (36.86k/36.86k flops)
    stereo/encoder/Conv_13/weights/Initializer/random_uniform/sub (1/1 flops)
  stereo/encoder/Conv_8/weights/Initializer/random_uniform (36.86k/73.73k flops)
    stereo/encoder/Conv_8/weights/Initializer/random_uniform/mul (36.86k/36.86k flops)
    stereo/encoder/Conv_8/weights/Initializer/random_uniform/sub (1/1 flops)
  stereo/encoder/Conv_14/weights/Initializer/random_uniform (36.86k/73.73k flops)
    stereo/encoder/Conv_14/weights/Initializer/random_uniform/mul (36.86k/36.86k flops)
    stereo/encoder/Conv_14/weights/Initializer/random_uniform/sub (1/1 flops)
  stereo/encoder/Conv_12/weights/Initializer/random_uniform (36.86k/73.73k flops)
    stereo/encoder/Conv_12/weights/Initializer/random_uniform/mul (36.86k/36.86k flops)
    stereo/encoder/Conv_12/weights/Initializer/random_uniform/sub (1/1 flops)
  stereo/encoder/Conv_15/weights/Initializer/random_uniform (36.86k/73.73k flops)
    stereo/encoder/Conv_15/weights/Initializer/random_uniform/mul (36.86k/36.86k flops)
    stereo/encoder/Conv_15/weights/Initializer/random_uniform/sub (1/1 flops)
  stereo/encoder/Conv_11/weights/Initializer/random_uniform (36.86k/73.73k flops)
    stereo/encoder/Conv_11/weights/Initializer/random_uniform/mul (36.86k/36.86k flops)
    stereo/encoder/Conv_11/weights/Initializer/random_uniform/sub (1/1 flops)
  stereo/encoder/Conv_10/weights/Initializer/random_uniform (36.86k/73.73k flops)
    stereo/encoder/Conv_10/weights/Initializer/random_uniform/mul (36.86k/36.86k flops)
    stereo/encoder/Conv_10/weights/Initializer/random_uniform/sub (1/1 flops)
  stereo/Conv_2/weights/Initializer/random_uniform (27.65k/55.30k flops)
    stereo/Conv_2/weights/Initializer/random_uniform/mul (27.65k/27.65k flops)
    stereo/Conv_2/weights/Initializer/random_uniform/sub (1/1 flops)
  stereo/hg1_0/Conv_11/weights/Initializer/random_uniform (27.65k/55.30k flops)
    stereo/hg1_0/Conv_11/weights/Initializer/random_uniform/mul (27.65k/27.65k flops)
    stereo/hg1_0/Conv_11/weights/Initializer/random_uniform/sub (1/1 flops)
  stereo/hg1_0/Conv/weights/Initializer/random_uniform (27.65k/55.30k flops)
    stereo/hg1_0/Conv/weights/Initializer/random_uniform/mul (27.65k/27.65k flops)
    stereo/hg1_0/Conv/weights/Initializer/random_uniform/sub (1/1 flops)
  stereo/hg1_0/Conv_1/weights/Initializer/random_uniform (27.65k/55.30k flops)
    stereo/hg1_0/Conv_1/weights/Initializer/random_uniform/mul (27.65k/27.65k flops)
    stereo/hg1_0/Conv_1/weights/Initializer/random_uniform/sub (1/1 flops)
  stereo/Conv_1/weights/Initializer/random_uniform (27.65k/55.30k flops)
    stereo/Conv_1/weights/Initializer/random_uniform/mul (27.65k/27.65k flops)
    stereo/Conv_1/weights/Initializer/random_uniform/sub (1/1 flops)
  stereo/hg1_0/Conv_10/weights/Initializer/random_uniform (27.65k/55.30k flops)
    stereo/hg1_0/Conv_10/weights/Initializer/random_uniform/mul (27.65k/27.65k flops)
    stereo/hg1_0/Conv_10/weights/Initializer/random_uniform/sub (1/1 flops)
  stereo/encoder/Conv_7/kernel/Regularizer/l2_regularizer (1/55.30k flops)
    stereo/encoder/Conv_7/kernel/Regularizer/l2_regularizer/L2Loss (55.30k/55.30k flops)
  stereo/encoder/Conv_7/weights/Initializer/random_uniform (18.43k/36.87k flops)
    stereo/encoder/Conv_7/weights/Initializer/random_uniform/mul (18.43k/18.43k flops)
    stereo/encoder/Conv_7/weights/Initializer/random_uniform/sub (1/1 flops)
  stereo/encoder/Conv_5/kernel/Regularizer/l2_regularizer (1/27.65k flops)
    stereo/encoder/Conv_5/kernel/Regularizer/l2_regularizer/L2Loss (27.65k/27.65k flops)
  stereo/encoder/Conv_2/kernel/Regularizer/l2_regularizer (1/27.65k flops)
    stereo/encoder/Conv_2/kernel/Regularizer/l2_regularizer/L2Loss (27.65k/27.65k flops)
  stereo/encoder/Conv_6/kernel/Regularizer/l2_regularizer (1/27.65k flops)
    stereo/encoder/Conv_6/kernel/Regularizer/l2_regularizer/L2Loss (27.65k/27.65k flops)
  stereo/encoder/Conv_1/kernel/Regularizer/l2_regularizer (1/27.65k flops)
    stereo/encoder/Conv_1/kernel/Regularizer/l2_regularizer/L2Loss (27.65k/27.65k flops)
  stereo/encoder/Conv_3/kernel/Regularizer/l2_regularizer (1/27.65k flops)
    stereo/encoder/Conv_3/kernel/Regularizer/l2_regularizer/L2Loss (27.65k/27.65k flops)
  stereo/encoder/Conv_4/kernel/Regularizer/l2_regularizer (1/27.65k flops)
    stereo/encoder/Conv_4/kernel/Regularizer/l2_regularizer/L2Loss (27.65k/27.65k flops)
  stereo/encoder/Conv_3/weights/Initializer/random_uniform (9.22k/18.43k flops)
    stereo/encoder/Conv_3/weights/Initializer/random_uniform/mul (9.22k/9.22k flops)
    stereo/encoder/Conv_3/weights/Initializer/random_uniform/sub (1/1 flops)
  stereo/encoder/Conv_5/weights/Initializer/random_uniform (9.22k/18.43k flops)
    stereo/encoder/Conv_5/weights/Initializer/random_uniform/mul (9.22k/9.22k flops)
    stereo/encoder/Conv_5/weights/Initializer/random_uniform/sub (1/1 flops)
  stereo/encoder/Conv_1/weights/Initializer/random_uniform (9.22k/18.43k flops)
    stereo/encoder/Conv_1/weights/Initializer/random_uniform/mul (9.22k/9.22k flops)
    stereo/encoder/Conv_1/weights/Initializer/random_uniform/sub (1/1 flops)
  stereo/encoder/Conv_2/weights/Initializer/random_uniform (9.22k/18.43k flops)
    stereo/encoder/Conv_2/weights/Initializer/random_uniform/mul (9.22k/9.22k flops)
    stereo/encoder/Conv_2/weights/Initializer/random_uniform/sub (1/1 flops)
  stereo/encoder/Conv_4/weights/Initializer/random_uniform (9.22k/18.43k flops)
    stereo/encoder/Conv_4/weights/Initializer/random_uniform/mul (9.22k/9.22k flops)
    stereo/encoder/Conv_4/weights/Initializer/random_uniform/sub (1/1 flops)
  stereo/encoder/Conv_6/weights/Initializer/random_uniform (9.22k/18.43k flops)
    stereo/encoder/Conv_6/weights/Initializer/random_uniform/mul (9.22k/9.22k flops)
    stereo/encoder/Conv_6/weights/Initializer/random_uniform/sub (1/1 flops)
  stereo/encoder/Conv/kernel/Regularizer/l2_regularizer (1/14.11k flops)
    stereo/encoder/Conv/kernel/Regularizer/l2_regularizer/L2Loss (14.11k/14.11k flops)
  stereo/encoder/Conv/weights/Initializer/random_uniform (4.70k/9.41k flops)
    stereo/encoder/Conv/weights/Initializer/random_uniform/mul (4.70k/4.70k flops)
    stereo/encoder/Conv/weights/Initializer/random_uniform/sub (1/1 flops)
  stereo/Conv/kernel/Regularizer/l2_regularizer (1/6.14k flops)
    stereo/Conv/kernel/Regularizer/l2_regularizer/L2Loss (6.14k/6.14k flops)
  stereo/encoder/Conv_9/kernel/Regularizer/l2_regularizer (1/6.14k flops)
    stereo/encoder/Conv_9/kernel/Regularizer/l2_regularizer/L2Loss (6.14k/6.14k flops)
  stereo/encoder/Conv_16/kernel/Regularizer/l2_regularizer (1/6.14k flops)
    stereo/encoder/Conv_16/kernel/Regularizer/l2_regularizer/L2Loss (6.14k/6.14k flops)
  stereo/meshgrid_1/mul (4.80k/4.80k flops)
  stereo/meshgrid_1/mul_1 (4.80k/4.80k flops)
  stereo/meshgrid_2/mul (4.80k/4.80k flops)
  stereo/meshgrid_2/mul_1 (4.80k/4.80k flops)
  stereo/encoder/Conv_9/weights/Initializer/random_uniform (2.05k/4.10k flops)
    stereo/encoder/Conv_9/weights/Initializer/random_uniform/mul (2.05k/2.05k flops)
    stereo/encoder/Conv_9/weights/Initializer/random_uniform/sub (1/1 flops)
  stereo/Conv/weights/Initializer/random_uniform (2.05k/4.10k flops)
    stereo/Conv/weights/Initializer/random_uniform/mul (2.05k/2.05k flops)
    stereo/Conv/weights/Initializer/random_uniform/sub (1/1 flops)
  stereo/encoder/Conv_16/weights/Initializer/random_uniform (2.05k/4.10k flops)
    stereo/encoder/Conv_16/weights/Initializer/random_uniform/mul (2.05k/2.05k flops)
    stereo/encoder/Conv_16/weights/Initializer/random_uniform/sub (1/1 flops)
  stereo/encoder/2d_hg1_0/BatchNorm_7/batchnorm/Rsqrt (384/384 flops)
  stereo/encoder/2d_hg1_0/BatchNorm_6/batchnorm/Rsqrt (384/384 flops)
  stereo/hg1_0/BatchNorm_8/batchnorm/Rsqrt (256/256 flops)
  stereo/hg1_0/BatchNorm_6/batchnorm/Rsqrt (256/256 flops)
  stereo/hg1_0/BatchNorm_7/batchnorm/Rsqrt (256/256 flops)
  stereo/encoder/2d_hg1_0/BatchNorm_4/batchnorm/Rsqrt (256/256 flops)
  stereo/encoder/2d_hg1_0/BatchNorm_3/batchnorm/Rsqrt (256/256 flops)
  stereo/encoder/2d_hg1_0/BatchNorm_5/batchnorm/Rsqrt (256/256 flops)
  stereo/encoder/2d_hg1_0/BatchNorm_8/batchnorm/Rsqrt (256/256 flops)
  stereo/encoder/2d_hg1_0/BatchNorm_7/batchnorm/sub (192/192 flops)
  stereo/encoder/2d_hg1_0/BatchNorm_7/batchnorm/mul (192/192 flops)
  stereo/encoder/2d_hg1_0/BatchNorm_6/batchnorm/mul (192/192 flops)
  stereo/encoder/2d_hg1_0/BatchNorm_7/batchnorm/mul_2 (192/192 flops)
  stereo/encoder/2d_hg1_0/BatchNorm_6/batchnorm/sub (192/192 flops)
  stereo/encoder/2d_hg1_0/BatchNorm_6/batchnorm/mul_2 (192/192 flops)
  stereo/hg1_0/BatchNorm_3/batchnorm/Rsqrt (160/160 flops)
  stereo/hg1_0/BatchNorm_9/batchnorm/Rsqrt (160/160 flops)
  stereo/hg1_0/BatchNorm_5/batchnorm/Rsqrt (160/160 flops)
  stereo/hg1_0/BatchNorm_4/batchnorm/Rsqrt (160/160 flops)
  stereo/encoder/2d_hg1_0/BatchNorm_3/batchnorm/mul_2 (128/128 flops)
  stereo/encoder/2d_hg1_0/BatchNorm_3/batchnorm/sub (128/128 flops)
  stereo/encoder/BatchNorm_8/batchnorm/Rsqrt (128/128 flops)
  stereo/encoder/2d_hg1_0/BatchNorm_3/batchnorm/mul (128/128 flops)
  stereo/encoder/2d_hg1_0/BatchNorm_1/batchnorm/Rsqrt (128/128 flops)
  stereo/encoder/BatchNorm_9/batchnorm/Rsqrt (128/128 flops)
  stereo/encoder/2d_hg1_0/BatchNorm/batchnorm_1/Rsqrt (128/128 flops)
  stereo/hg1_0/BatchNorm_8/batchnorm/sub (128/128 flops)
  stereo/encoder/BatchNorm_7/batchnorm/Rsqrt (128/128 flops)
  stereo/hg1_0/BatchNorm_8/batchnorm/mul_2 (128/128 flops)
  stereo/encoder/2d_hg1_0/BatchNorm_4/batchnorm/mul (128/128 flops)
  stereo/hg1_0/BatchNorm_8/batchnorm/mul (128/128 flops)
  stereo/encoder/2d_hg1_0/BatchNorm_2/batchnorm/Rsqrt (128/128 flops)
  stereo/hg1_0/BatchNorm_7/batchnorm/mul_2 (128/128 flops)
  stereo/encoder/BatchNorm_12/batchnorm/Rsqrt (128/128 flops)
  stereo/encoder/BatchNorm_11/batchnorm/Rsqrt (128/128 flops)
  stereo/encoder/BatchNorm_13/batchnorm/Rsqrt (128/128 flops)
  stereo/encoder/2d_hg1_0/BatchNorm_5/batchnorm/mul (128/128 flops)
  stereo/encoder/BatchNorm_10/batchnorm/Rsqrt (128/128 flops)
  stereo/encoder/2d_hg1_0/BatchNorm_8/batchnorm/sub (128/128 flops)
  stereo/encoder/2d_hg1_0/BatchNorm_8/batchnorm/mul_2 (128/128 flops)
  stereo/encoder/2d_hg1_0/BatchNorm_5/batchnorm/mul_2 (128/128 flops)
  stereo/encoder/2d_hg1_0/BatchNorm_8/batchnorm/mul (128/128 flops)
  stereo/encoder/2d_hg1_0/BatchNorm_5/batchnorm/sub (128/128 flops)
  stereo/hg1_0/BatchNorm_6/batchnorm/mul (128/128 flops)
  stereo/encoder/2d_hg1_0/BatchNorm_4/batchnorm/sub (128/128 flops)
  stereo/hg1_0/BatchNorm_6/batchnorm/mul_2 (128/128 flops)
  stereo/hg1_0/BatchNorm_6/batchnorm/sub (128/128 flops)
  stereo/hg1_0/BatchNorm_7/batchnorm/mul (128/128 flops)
  stereo/encoder/2d_hg1_0/BatchNorm_4/batchnorm/mul_2 (128/128 flops)
  stereo/hg1_0/BatchNorm_7/batchnorm/sub (128/128 flops)
  stereo/hg1_0/Conv_12/kernel/Regularizer/l2_regularizer (1/96 flops)
    stereo/hg1_0/Conv_12/kernel/Regularizer/l2_regularizer/L2Loss (95/95 flops)
  stereo/hg1_0/BatchNorm_3/batchnorm/mul (80/80 flops)
  stereo/hg1_0/BatchNorm_4/batchnorm/sub (80/80 flops)
  stereo/hg1_0/BatchNorm_3/batchnorm/mul_2 (80/80 flops)
  stereo/hg1_0/BatchNorm_3/batchnorm/sub (80/80 flops)
  stereo/hg1_0/BatchNorm_5/batchnorm/mul (80/80 flops)
  stereo/hg1_0/BatchNorm_5/batchnorm/mul_2 (80/80 flops)
  stereo/hg1_0/BatchNorm_9/batchnorm/sub (80/80 flops)
  stereo/hg1_0/BatchNorm_4/batchnorm/mul (80/80 flops)
  stereo/hg1_0/BatchNorm_9/batchnorm/mul_2 (80/80 flops)
  stereo/hg1_0/BatchNorm_5/batchnorm/sub (80/80 flops)
  stereo/hg1_0/BatchNorm_9/batchnorm/mul (80/80 flops)
  stereo/hg1_0/BatchNorm_4/batchnorm/mul_2 (80/80 flops)
  stereo/hg1_0/Conv_12/weights/Initializer/random_uniform (32/65 flops)
    stereo/hg1_0/Conv_12/weights/Initializer/random_uniform/mul (32/32 flops)
    stereo/hg1_0/Conv_12/weights/Initializer/random_uniform/sub (1/1 flops)
  stereo/encoder/BatchNorm_10/batchnorm/mul (64/64 flops)
  stereo/encoder/BatchNorm_1/batchnorm/Rsqrt (64/64 flops)
  stereo/encoder/BatchNorm_11/batchnorm/mul (64/64 flops)
  stereo/encoder/BatchNorm_10/batchnorm/mul_2 (64/64 flops)
  stereo/encoder/BatchNorm_10/batchnorm/sub (64/64 flops)
  stereo/encoder/2d_hg1_0/BatchNorm_2/batchnorm/mul (64/64 flops)
  stereo/BatchNorm/batchnorm_1/Rsqrt (64/64 flops)
  stereo/BatchNorm_1/batchnorm/Rsqrt (64/64 flops)
  stereo/encoder/BatchNorm/batchnorm_1/Rsqrt (64/64 flops)
  stereo/encoder/2d_hg1_0/BatchNorm/batchnorm_1/mul (64/64 flops)
  stereo/encoder/2d_hg1_0/BatchNorm/batchnorm_1/mul_2 (64/64 flops)
  stereo/encoder/2d_hg1_0/BatchNorm/batchnorm_1/sub (64/64 flops)
  stereo/encoder/2d_hg1_0/BatchNorm_2/batchnorm/sub (64/64 flops)
  stereo/encoder/2d_hg1_0/BatchNorm_2/batchnorm/mul_2 (64/64 flops)
  stereo/encoder/2d_hg1_0/BatchNorm_1/batchnorm/mul (64/64 flops)
  stereo/encoder/2d_hg1_0/BatchNorm_1/batchnorm/mul_2 (64/64 flops)
  stereo/encoder/2d_hg1_0/BatchNorm_1/batchnorm/sub (64/64 flops)
  stereo/encoder/BatchNorm_8/batchnorm/mul_2 (64/64 flops)
  stereo/hg1_0/BatchNorm_10/batchnorm/Rsqrt (64/64 flops)
  stereo/hg1_0/BatchNorm_2/batchnorm/Rsqrt (64/64 flops)
  stereo/encoder/BatchNorm_3/batchnorm/Rsqrt (64/64 flops)
  stereo/encoder/BatchNorm_9/batchnorm/sub (64/64 flops)
  stereo/encoder/BatchNorm_9/batchnorm/mul_2 (64/64 flops)
  stereo/encoder/BatchNorm_4/batchnorm/Rsqrt (64/64 flops)
  stereo/encoder/BatchNorm_9/batchnorm/mul (64/64 flops)
  stereo/encoder/BatchNorm_8/batchnorm/sub (64/64 flops)
  stereo/encoder/BatchNorm_11/batchnorm/sub (64/64 flops)
  stereo/encoder/BatchNorm_5/batchnorm/Rsqrt (64/64 flops)
  stereo/encoder/BatchNorm_11/batchnorm/mul_2 (64/64 flops)
  stereo/encoder/BatchNorm_8/batchnorm/mul (64/64 flops)
  stereo/encoder/BatchNorm_7/batchnorm/sub (64/64 flops)
  stereo/encoder/BatchNorm_6/batchnorm/Rsqrt (64/64 flops)
  stereo/encoder/BatchNorm_7/batchnorm/mul_2 (64/64 flops)
  stereo/encoder/BatchNorm_7/batchnorm/mul (64/64 flops)
  stereo/encoder/BatchNorm_12/batchnorm/mul (64/64 flops)
  stereo/encoder/BatchNorm_12/batchnorm/mul_2 (64/64 flops)
  stereo/encoder/BatchNorm_12/batchnorm/sub (64/64 flops)
  stereo/encoder/BatchNorm_13/batchnorm/mul (64/64 flops)
  stereo/hg1_0/BatchNorm_1/batchnorm/Rsqrt (64/64 flops)
  stereo/encoder/BatchNorm_13/batchnorm/mul_2 (64/64 flops)
  stereo/hg1_0/BatchNorm/batchnorm_1/Rsqrt (64/64 flops)
  stereo/encoder/BatchNorm_2/batchnorm/Rsqrt (64/64 flops)
  stereo/encoder/BatchNorm_13/batchnorm/sub (64/64 flops)
  stereo/hg1_0/BatchNorm/batchnorm_1/sub (32/32 flops)
  stereo/encoder/BatchNorm_5/batchnorm/mul (32/32 flops)
  stereo/encoder/BatchNorm/batchnorm_1/mul (32/32 flops)
  stereo/hg1_0/BatchNorm/batchnorm_1/mul (32/32 flops)
  stereo/hg1_0/BatchNorm/batchnorm_1/mul_2 (32/32 flops)
  stereo/hg1_0/BatchNorm_1/batchnorm/sub (32/32 flops)
  stereo/hg1_0/BatchNorm_2/batchnorm/sub (32/32 flops)
  stereo/hg1_0/BatchNorm_2/batchnorm/mul_2 (32/32 flops)
  stereo/hg1_0/BatchNorm_2/batchnorm/mul (32/32 flops)
  stereo/hg1_0/BatchNorm_1/batchnorm/mul (32/32 flops)
  stereo/hg1_0/BatchNorm_10/batchnorm/sub (32/32 flops)
  stereo/hg1_0/BatchNorm_10/batchnorm/mul_2 (32/32 flops)
  stereo/hg1_0/BatchNorm_10/batchnorm/mul (32/32 flops)
  stereo/hg1_0/BatchNorm_1/batchnorm/mul_2 (32/32 flops)
  stereo/encoder/BatchNorm_6/batchnorm/mul_2 (32/32 flops)
  stereo/encoder/BatchNorm_1/batchnorm/sub (32/32 flops)
  stereo/encoder/BatchNorm_1/batchnorm/mul_2 (32/32 flops)
  stereo/encoder/BatchNorm_1/batchnorm/mul (32/32 flops)
  stereo/encoder/BatchNorm/batchnorm_1/sub (32/32 flops)
  stereo/encoder/BatchNorm/batchnorm_1/mul_2 (32/32 flops)
  stereo/encoder/BatchNorm_2/batchnorm/mul (32/32 flops)
  stereo/BatchNorm/batchnorm_1/mul (32/32 flops)
  stereo/BatchNorm/batchnorm_1/mul_2 (32/32 flops)
  stereo/BatchNorm/batchnorm_1/sub (32/32 flops)
  stereo/encoder/BatchNorm_2/batchnorm/mul_2 (32/32 flops)
  stereo/BatchNorm_1/batchnorm/mul (32/32 flops)
  stereo/BatchNorm_1/batchnorm/mul_2 (32/32 flops)
  stereo/BatchNorm_1/batchnorm/sub (32/32 flops)
  stereo/encoder/BatchNorm_2/batchnorm/sub (32/32 flops)
  stereo/encoder/BatchNorm_3/batchnorm/mul (32/32 flops)
  stereo/encoder/BatchNorm_3/batchnorm/mul_2 (32/32 flops)
  stereo/encoder/BatchNorm_3/batchnorm/sub (32/32 flops)
  stereo/encoder/BatchNorm_4/batchnorm/mul (32/32 flops)
  stereo/encoder/BatchNorm_4/batchnorm/mul_2 (32/32 flops)
  stereo/encoder/BatchNorm_4/batchnorm/sub (32/32 flops)
  stereo/encoder/BatchNorm_5/batchnorm/mul_2 (32/32 flops)
  stereo/encoder/BatchNorm_5/batchnorm/sub (32/32 flops)
  stereo/encoder/BatchNorm_6/batchnorm/mul (32/32 flops)
  stereo/encoder/BatchNorm_6/batchnorm/sub (32/32 flops)
  stereo/Neg (12/12 flops)
  stereo/Neg_1 (12/12 flops)
  truediv_1 (4/4 flops)
  stereo/meshgrid_7/mul (4/4 flops)
  stereo/meshgrid_3/mul_1 (4/4 flops)
  stereo/meshgrid_3/mul (4/4 flops)
  stereo/meshgrid_4/mul (4/4 flops)
  stereo/meshgrid_4/mul_1 (4/4 flops)
  stereo/meshgrid_5/mul (4/4 flops)
  stereo/meshgrid_5/mul_1 (4/4 flops)
  stereo/meshgrid_10/mul_1 (4/4 flops)
  stereo/meshgrid_6/mul (4/4 flops)
  stereo/meshgrid_6/mul_1 (4/4 flops)
  stereo/meshgrid_10/mul (4/4 flops)
  stereo/meshgrid_7/mul_1 (4/4 flops)
  stereo/meshgrid_8/mul (4/4 flops)
  stereo/meshgrid/mul_1 (4/4 flops)
  stereo/meshgrid_8/mul_1 (4/4 flops)
  stereo/meshgrid/mul (4/4 flops)
  stereo/meshgrid_9/mul (4/4 flops)
  stereo/meshgrid_9/mul_1 (4/4 flops)
  stereo/hg1_0/mul (1/1 flops)
  stereo/hg1_0/mul_1 (1/1 flops)
  stereo/meshgrid_2/ones/mul (1/1 flops)
  stereo/hg1_0/mul_2 (1/1 flops)
  stereo/hg1_0/mul_3 (1/1 flops)
  stereo/meshgrid_2/ones/Less (1/1 flops)
  stereo/sub_24 (1/1 flops)
  stereo/sub_25 (1/1 flops)
  stereo/sub_26 (1/1 flops)
  stereo/sub_27 (1/1 flops)
  stereo/meshgrid_10/ones/mul (1/1 flops)
  stereo/hg1_0/mul_4 (1/1 flops)
  stereo/hg1_0/mul_5 (1/1 flops)
  stereo/meshgrid_10/ones/Less (1/1 flops)
  stereo/hg1_0/mul_6 (1/1 flops)
  stereo/hg1_0/mul_7 (1/1 flops)
  stereo/meshgrid_1/ones/mul (1/1 flops)
  stereo/sub_15 (1/1 flops)
  stereo/meshgrid_1/ones/Less (1/1 flops)
  stereo/meshgrid/ones/mul (1/1 flops)
  stereo/meshgrid/ones/Less (1/1 flops)
  stereo/mul_27 (1/1 flops)
  stereo/encoder/2d_hg1_0/mul_4 (1/1 flops)
  stereo/encoder/2d_hg1_0/mul_3 (1/1 flops)
  stereo/encoder/2d_hg1_0/mul_2 (1/1 flops)
  stereo/encoder/2d_hg1_0/mul_1 (1/1 flops)
  stereo/encoder/2d_hg1_0/mul (1/1 flops)
  stereo/mul (1/1 flops)
  stereo/meshgrid_9/ones/mul (1/1 flops)
  stereo/meshgrid_9/ones/Less (1/1 flops)
  stereo/meshgrid_8/ones/mul (1/1 flops)
  stereo/meshgrid_8/ones/Less (1/1 flops)
  stereo/meshgrid_7/ones/mul (1/1 flops)
  stereo/meshgrid_7/ones/Less (1/1 flops)
  stereo/meshgrid_3/ones/Less (1/1 flops)
  stereo/meshgrid_6/ones/mul (1/1 flops)
  stereo/meshgrid_6/ones/Less (1/1 flops)
  stereo/meshgrid_5/ones/mul (1/1 flops)
  stereo/meshgrid_5/ones/Less (1/1 flops)
  stereo/meshgrid_4/ones/mul (1/1 flops)
  stereo/sub_12 (1/1 flops)
  stereo/sub_13 (1/1 flops)
  stereo/sub_14 (1/1 flops)
  stereo/encoder/2d_hg1_0/mul_5 (1/1 flops)
  stereo/meshgrid_4/ones/Less (1/1 flops)
  stereo/meshgrid_3/ones/mul (1/1 flops)

======================End of Report==========================
Parsing Inputs...

=========================Options=============================
-max_depth                  10000
-min_bytes                  0
-min_peak_bytes             0
-min_residual_bytes         0
-min_output_bytes           0
-min_micros                 0
-min_accelerator_micros     0
-min_cpu_micros             0
-min_params                 0
-min_float_ops              0
-min_occurrence             0
-step                       -1
-order_by                   name
-account_type_regexes       _trainable_variables
-start_name_regexes         .*
-trim_name_regexes          
-show_name_regexes          .*
-hide_name_regexes          
-account_displayed_op_only  true
-select                     params
-output                     stdout:

==================Model Analysis Report======================

Doc:
scope: The nodes in the model graph are organized by their names, which is hierarchical like filesystem.
param: Number of parameters (in the Variable).

Profile:
node name | # parameters
_TFProfRoot (--/3.72m params)
  stereo (--/3.72m params)
    stereo/Conv (--/2.08k params)
      stereo/Conv/biases (32, 32/32 params)
      stereo/Conv/weights (1x1x1x64x32, 2.05k/2.05k params)
    stereo/Conv_1 (--/27.68k params)
      stereo/Conv_1/biases (32, 32/32 params)
      stereo/Conv_1/weights (3x3x3x32x32, 27.65k/27.65k params)
    stereo/Conv_2 (--/27.68k params)
      stereo/Conv_2/biases (32, 32/32 params)
      stereo/Conv_2/weights (3x3x3x32x32, 27.65k/27.65k params)
    stereo/encoder (--/1.63m params)
      stereo/encoder/2d_hg1_0 (--/1.29m params)
        stereo/encoder/2d_hg1_0/Conv (--/36.93k params)
          stereo/encoder/2d_hg1_0/Conv/biases (64, 64/64 params)
          stereo/encoder/2d_hg1_0/Conv/weights (3x3x64x64, 36.86k/36.86k params)
        stereo/encoder/2d_hg1_0/Conv_1 (--/36.93k params)
          stereo/encoder/2d_hg1_0/Conv_1/biases (64, 64/64 params)
          stereo/encoder/2d_hg1_0/Conv_1/weights (3x3x64x64, 36.86k/36.86k params)
        stereo/encoder/2d_hg1_0/Conv_2 (--/73.86k params)
          stereo/encoder/2d_hg1_0/Conv_2/biases (128, 128/128 params)
          stereo/encoder/2d_hg1_0/Conv_2/weights (3x3x64x128, 73.73k/73.73k params)
        stereo/encoder/2d_hg1_0/Conv_3 (--/147.58k params)
          stereo/encoder/2d_hg1_0/Conv_3/biases (128, 128/128 params)
          stereo/encoder/2d_hg1_0/Conv_3/weights (3x3x128x128, 147.46k/147.46k params)
        stereo/encoder/2d_hg1_0/Conv_4 (--/147.58k params)
          stereo/encoder/2d_hg1_0/Conv_4/biases (128, 128/128 params)
          stereo/encoder/2d_hg1_0/Conv_4/weights (3x3x128x128, 147.46k/147.46k params)
        stereo/encoder/2d_hg1_0/Conv_5 (--/221.38k params)
          stereo/encoder/2d_hg1_0/Conv_5/biases (192, 192/192 params)
          stereo/encoder/2d_hg1_0/Conv_5/weights (3x3x128x192, 221.18k/221.18k params)
        stereo/encoder/2d_hg1_0/Conv_6 (--/331.97k params)
          stereo/encoder/2d_hg1_0/Conv_6/biases (192, 192/192 params)
          stereo/encoder/2d_hg1_0/Conv_6/weights (3x3x192x192, 331.78k/331.78k params)
        stereo/encoder/2d_hg1_0/Conv_7 (--/221.31k params)
          stereo/encoder/2d_hg1_0/Conv_7/biases (128, 128/128 params)
          stereo/encoder/2d_hg1_0/Conv_7/weights (3x3x192x128, 221.18k/221.18k params)
        stereo/encoder/2d_hg1_0/Conv_8 (--/73.79k params)
          stereo/encoder/2d_hg1_0/Conv_8/biases (64, 64/64 params)
          stereo/encoder/2d_hg1_0/Conv_8/weights (3x3x128x64, 73.73k/73.73k params)
      stereo/encoder/Conv (--/4.74k params)
        stereo/encoder/Conv/biases (32, 32/32 params)
        stereo/encoder/Conv/weights (7x7x3x32, 4.70k/4.70k params)
      stereo/encoder/Conv_1 (--/9.25k params)
        stereo/encoder/Conv_1/biases (32, 32/32 params)
        stereo/encoder/Conv_1/weights (3x3x32x32, 9.22k/9.22k params)
      stereo/encoder/Conv_10 (--/36.93k params)
        stereo/encoder/Conv_10/biases (64, 64/64 params)
        stereo/encoder/Conv_10/weights (3x3x64x64, 36.86k/36.86k params)
      stereo/encoder/Conv_11 (--/36.93k params)
        stereo/encoder/Conv_11/biases (64, 64/64 params)
        stereo/encoder/Conv_11/weights (3x3x64x64, 36.86k/36.86k params)
      stereo/encoder/Conv_12 (--/36.93k params)
        stereo/encoder/Conv_12/biases (64, 64/64 params)
        stereo/encoder/Conv_12/weights (3x3x64x64, 36.86k/36.86k params)
      stereo/encoder/Conv_13 (--/36.93k params)
        stereo/encoder/Conv_13/biases (64, 64/64 params)
        stereo/encoder/Conv_13/weights (3x3x64x64, 36.86k/36.86k params)
      stereo/encoder/Conv_14 (--/36.93k params)
        stereo/encoder/Conv_14/biases (64, 64/64 params)
        stereo/encoder/Conv_14/weights (3x3x64x64, 36.86k/36.86k params)
      stereo/encoder/Conv_15 (--/36.93k params)
        stereo/encoder/Conv_15/biases (64, 64/64 params)
        stereo/encoder/Conv_15/weights (3x3x64x64, 36.86k/36.86k params)
      stereo/encoder/Conv_16 (--/2.08k params)
        stereo/encoder/Conv_16/biases (32, 32/32 params)
        stereo/encoder/Conv_16/weights (1x1x64x32, 2.05k/2.05k params)
      stereo/encoder/Conv_2 (--/9.25k params)
        stereo/encoder/Conv_2/biases (32, 32/32 params)
        stereo/encoder/Conv_2/weights (3x3x32x32, 9.22k/9.22k params)
      stereo/encoder/Conv_3 (--/9.25k params)
        stereo/encoder/Conv_3/biases (32, 32/32 params)
        stereo/encoder/Conv_3/weights (3x3x32x32, 9.22k/9.22k params)
      stereo/encoder/Conv_4 (--/9.25k params)
        stereo/encoder/Conv_4/biases (32, 32/32 params)
        stereo/encoder/Conv_4/weights (3x3x32x32, 9.22k/9.22k params)
      stereo/encoder/Conv_5 (--/9.25k params)
        stereo/encoder/Conv_5/biases (32, 32/32 params)
        stereo/encoder/Conv_5/weights (3x3x32x32, 9.22k/9.22k params)
      stereo/encoder/Conv_6 (--/9.25k params)
        stereo/encoder/Conv_6/biases (32, 32/32 params)
        stereo/encoder/Conv_6/weights (3x3x32x32, 9.22k/9.22k params)
      stereo/encoder/Conv_7 (--/18.50k params)
        stereo/encoder/Conv_7/biases (64, 64/64 params)
        stereo/encoder/Conv_7/weights (3x3x32x64, 18.43k/18.43k params)
      stereo/encoder/Conv_8 (--/36.93k params)
        stereo/encoder/Conv_8/biases (64, 64/64 params)
        stereo/encoder/Conv_8/weights (3x3x64x64, 36.86k/36.86k params)
      stereo/encoder/Conv_9 (--/2.11k params)
        stereo/encoder/Conv_9/biases (64, 64/64 params)
        stereo/encoder/Conv_9/weights (1x1x32x64, 2.05k/2.05k params)
    stereo/hg1_0 (--/2.03m params)
      stereo/hg1_0/Conv (--/27.68k params)
        stereo/hg1_0/Conv/biases (32, 32/32 params)
        stereo/hg1_0/Conv/weights (3x3x3x32x32, 27.65k/27.65k params)
      stereo/hg1_0/Conv_1 (--/27.68k params)
        stereo/hg1_0/Conv_1/biases (32, 32/32 params)
        stereo/hg1_0/Conv_1/weights (3x3x3x32x32, 27.65k/27.65k params)
      stereo/hg1_0/Conv_10 (--/27.68k params)
        stereo/hg1_0/Conv_10/biases (32, 32/32 params)
        stereo/hg1_0/Conv_10/weights (3x3x3x32x32, 27.65k/27.65k params)
      stereo/hg1_0/Conv_11 (--/27.68k params)
        stereo/hg1_0/Conv_11/biases (32, 32/32 params)
        stereo/hg1_0/Conv_11/weights (3x3x3x32x32, 27.65k/27.65k params)
      stereo/hg1_0/Conv_12 (--/33 params)
        stereo/hg1_0/Conv_12/biases (1, 1/1 params)
        stereo/hg1_0/Conv_12/weights (1x1x1x32x1, 32/32 params)
      stereo/hg1_0/Conv_2 (--/69.20k params)
        stereo/hg1_0/Conv_2/biases (80, 80/80 params)
        stereo/hg1_0/Conv_2/weights (3x3x3x32x80, 69.12k/69.12k params)
      stereo/hg1_0/Conv_3 (--/172.88k params)
        stereo/hg1_0/Conv_3/biases (80, 80/80 params)
        stereo/hg1_0/Conv_3/weights (3x3x3x80x80, 172.80k/172.80k params)
      stereo/hg1_0/Conv_4 (--/172.88k params)
        stereo/hg1_0/Conv_4/biases (80, 80/80 params)
        stereo/hg1_0/Conv_4/weights (3x3x3x80x80, 172.80k/172.80k params)
      stereo/hg1_0/Conv_5 (--/276.61k params)
        stereo/hg1_0/Conv_5/biases (128, 128/128 params)
        stereo/hg1_0/Conv_5/weights (3x3x3x80x128, 276.48k/276.48k params)
      stereo/hg1_0/Conv_6 (--/442.50k params)
        stereo/hg1_0/Conv_6/biases (128, 128/128 params)
        stereo/hg1_0/Conv_6/weights (3x3x3x128x128, 442.37k/442.37k params)
      stereo/hg1_0/Conv_7 (--/442.50k params)
        stereo/hg1_0/Conv_7/biases (128, 128/128 params)
        stereo/hg1_0/Conv_7/weights (3x3x3x128x128, 442.37k/442.37k params)
      stereo/hg1_0/Conv_8 (--/276.56k params)
        stereo/hg1_0/Conv_8/biases (80, 80/80 params)
        stereo/hg1_0/Conv_8/weights (3x3x3x128x80, 276.48k/276.48k params)
      stereo/hg1_0/Conv_9 (--/69.15k params)
        stereo/hg1_0/Conv_9/biases (32, 32/32 params)
        stereo/hg1_0/Conv_9/weights (3x3x3x80x32, 69.12k/69.12k params)

======================End of Report==========================
Could not import cuda Backproject Module, using python implementation
ht:240, wd: 320

 FLOPs: 169296663068;    Trainable params: 3723201 

