[step=  7860] loss: 62.099598765
[step=  7880] loss: 102.255877566
[step=  7900] loss: 94.696709082
[step=  7920] loss: 90.744680229
[step=  7940] loss: 88.834493586
[step=  7960] loss: 87.408432728
[step=  7980] loss: 86.054688348
[step=  8000] loss: 85.348713541
[step=  8020] loss: 84.457036932
[step=  8040] loss: 84.344842196
[step=  8060] loss: 83.650867885
[step=  8080] loss: 83.010250273
[step=  8100] loss: 82.368063300
[step=  8120] loss: 81.571880580
[step=  8140] loss: 81.647799569
[step=  8160] loss: 81.040460196
[step=  8180] loss: 80.854231148
[step=  8200] loss: 81.007843983
[step=  8220] loss: 80.887167586
[step=  8240] loss: 80.317312726
[step=  8260] loss: 80.249096624
[step=  8280] loss: 80.073530462
[step=  8300] loss: 80.192220909
[step=  8320] loss: 79.839435104
[step=  8340] loss: 79.391708323
[step=  8360] loss: 79.441457203
[step=  8380] loss: 79.495928495
[step=  8400] loss: 79.554817925
[step=  8420] loss: 78.878766356
[step=  8440] loss: 79.349032374
[step=  8460] loss: 79.233233922
[step=  8480] loss: 78.497054566
[step=  8500] loss: 78.122899111
[step=  8520] loss: 78.197120723
[step=  8540] loss: 78.367169159
[step=  8560] loss: 78.131154579
[step=  8580] loss: 78.578667205
[step=  8600] loss: 78.119675814
[step=  8620] loss: 78.044217143
[step=  8640] loss: 77.966265307
[step=  8660] loss: 77.976513007
[step=  8680] loss: 77.737566798
[step=  8700] loss: 77.634332603
[step=  8720] loss: 77.763603336
[step=  8740] loss: 77.149131746
[step=  8760] loss: 76.777163367
[step=  8780] loss: 77.063847602
[step=  8800] loss: 77.031135897
[step=  8820] loss: 77.333592203
[step=  8840] loss: 77.393242504
[step=  8860] loss: 77.426170439
[step=  8880] loss: 76.553487728
[step=  8900] loss: 76.816058602
[step=  8920] loss: 76.779134798
[step=  8940] loss: 76.873236726
[step=  8960] loss: 77.068563120
[step=  8980] loss: 76.444821354
[step=  9000] loss: 76.812072082
[step=  9020] loss: 76.531384768
[step=  9040] loss: 76.556527743
[step=  9060] loss: 76.584683628
[step=  9080] loss: 76.303676528
[step=  9100] loss: 76.218833888
[step=  9120] loss: 76.291222482
[step=  9140] loss: 76.244474269
[step=  9160] loss: 76.243479872
[step=  9180] loss: 75.940295987
[step=  9200] loss: 76.387841877
[step=  9220] loss: 76.104426140
[step=  9240] loss: 76.175392418
[step=  9260] loss: 76.293342758
[step=  9280] loss: 75.964936052
[step=  9300] loss: 75.605298969
[step=  9320] loss: 76.115432492
