[step=   660] loss: 31.182265967
[step=   680] loss: 17.509242970
[step=   700] loss: 1.591377980
[step=   720] loss: -2.863390779
[step=   740] loss: -6.461976957
[step=   760] loss: -12.220848382
[step=   780] loss: -17.078535998
[step=   800] loss: -19.221562445
[step=   820] loss: -20.067952800
[step=   840] loss: -20.484167433
[step=   860] loss: -21.006018722
[step=   880] loss: -22.663737833
[step=   900] loss: -29.213643885
[step=   920] loss: -38.258500600
[step=   940] loss: -40.077107298
[step=   960] loss: -40.367185783
[step=   980] loss: -40.570121264
[step=  1000] loss: -41.958239675
[step=  1020] loss: -44.038641036
[step=  1040] loss: -44.497313368
[step=  1060] loss: -45.405489182
[step=  1080] loss: -44.721023130
[step=  1100] loss: -44.807633233
[step=  1120] loss: -47.124241006
[step=  1140] loss: -47.833475626
[step=  1160] loss: -48.272317243
