[step=   600] loss: 0.122621524
[step=   620] loss: 1.923822653
[step=   640] loss: 1.562809082
[step=   660] loss: 1.458425111
[step=   680] loss: 1.376923095
[step=   700] loss: 1.313680566
[step=   720] loss: 1.302823630
[step=   740] loss: 1.269019127
[step=   760] loss: 1.230284717
[step=   780] loss: 1.215251949
[step=   800] loss: 1.171676109
[step=   820] loss: 1.159079550
[step=   840] loss: 1.124328742
[step=   860] loss: 1.129762960
[step=   880] loss: 1.102528785
[step=   900] loss: 1.096053516
[step=   920] loss: 1.089163646
[step=   940] loss: 1.090150495
[step=   960] loss: 1.062437310
[step=   980] loss: 1.081555083
[step=  1000] loss: 1.032400824
[step=  1020] loss: 1.017475926
[step=  1040] loss: 1.019977556
[step=  1060] loss: 1.034959610
[step=  1080] loss: 1.031551137
[step=  1100] loss: 1.015399182
[step=  1120] loss: 1.002212769
[step=  1140] loss: 1.010154422
[step=  1160] loss: 0.977983337
[step=  1180] loss: 0.974122348
[step=  1200] loss: 0.986943574
[step=  1220] loss: 0.967462809
[step=  1240] loss: 0.968636039
[step=  1260] loss: 0.966748316
[step=  1280] loss: 0.957501469
[step=  1300] loss: 0.946992594
[step=  1320] loss: 0.953126842
[step=  1340] loss: 0.942985124
[step=  1360] loss: 0.931021405
[step=  1380] loss: 0.921661354
[step=  1400] loss: 0.921827092
[step=  1420] loss: 0.936017506
[step=  1440] loss: 0.924901797
[step=  1460] loss: 0.932240804
[step=  1480] loss: 0.904789279
[step=  1500] loss: 0.910929170
[step=  1520] loss: 0.905079403
[step=  1540] loss: 0.903984112
[step=  1560] loss: 0.894353623
[step=  1580] loss: 0.890068341
[step=  1600] loss: 0.905122276
[step=  1620] loss: 0.911137503
[step=  1640] loss: 0.880334130
[step=  1660] loss: 0.878415240
[step=  1680] loss: 0.878716976
[step=  1700] loss: 0.878096851
[step=  1720] loss: 0.888451292
[step=  1740] loss: 0.875719837
[step=  1760] loss: 0.865657375
[step=  1780] loss: 0.885492833
[step=  1800] loss: 0.871282644
[step=  1820] loss: 0.868349648
[step=  1840] loss: 0.882011788
[step=  1860] loss: 0.860196362
[step=  1880] loss: 0.862093539
[step=  1900] loss: 0.873453366
[step=  1920] loss: 0.864810367
[step=  1940] loss: 0.871472264
[step=  1960] loss: 0.859974132
[step=  1980] loss: 0.874306536
[step=  2000] loss: 0.865377368
[step=  2020] loss: 0.855572071
[step=  2040] loss: 0.858423617
[step=  2060] loss: 0.849597029
[step=  2080] loss: 0.841973080
[step=  2100] loss: 0.848942740
[step=  2120] loss: 0.854890939
[step=  2140] loss: 0.839258039
[step=  2160] loss: 0.844202263
[step=  2180] loss: 0.838145291
[step=  2200] loss: 0.835017056
[step=  2220] loss: 0.837561534
[step=  2240] loss: 0.831578796
[step=  2260] loss: 0.833288691
[step=  2280] loss: 0.833066142
[step=  2300] loss: 0.830043710
[step=  2320] loss: 0.832372403
[step=  2340] loss: 0.826761512
[step=  2360] loss: 0.828669213
[step=  2380] loss: 0.832079891
[step=  2400] loss: 0.809102543
[step=  2420] loss: 0.817872402
[step=  2440] loss: 0.823994124
[step=  2460] loss: 0.819282280
[step=  2480] loss: 0.828704713
[step=  2500] loss: 0.817314200
[step=  2520] loss: 0.802483888
[step=  2540] loss: 0.813866459
[step=  2560] loss: 0.807414598
[step=  2580] loss: 0.815882540
[step=  2600] loss: 0.839025471
[step=  2620] loss: 0.798817893
[step=  2640] loss: 0.808609146
[step=  2660] loss: 0.800128524
[step=  2680] loss: 0.800945328
[step=  2700] loss: 0.810666364
[step=  2720] loss: 0.817645742
[step=  2740] loss: 0.798529322
[step=  2760] loss: 0.789816678
[step=  2780] loss: 0.803697244
[step=  2800] loss: 0.797674689
[step=  2820] loss: 0.790693394
[step=  2840] loss: 0.796921997
[step=  2860] loss: 0.814336596
[step=  2880] loss: 0.795502542
[step=  2900] loss: 0.798741243
[step=  2920] loss: 0.793961997
[step=  2940] loss: 0.795332187
[step=  2960] loss: 0.792024668
[step=  2980] loss: 0.794643671
[step=  3000] loss: 0.788483483
[step=  3020] loss: 0.793123628
[step=  3040] loss: 0.787311787
[step=  3060] loss: 0.797497384
[step=  3080] loss: 0.793983625
[step=  3100] loss: 0.784603822
[step=  3120] loss: 0.779756700
[step=  3140] loss: 0.794717338
[step=  3160] loss: 0.779603994
[step=  3180] loss: 0.774946619
[step=  3200] loss: 0.768343919
[step=  3220] loss: 0.780300434
[step=  3240] loss: 0.779930098
[step=  3260] loss: 0.783236847
[step=  3280] loss: 0.781692323
[step=  3300] loss: 0.783529747
[step=  3320] loss: 0.778781265
[step=  3340] loss: 0.770928820
[step=  3360] loss: 0.782416447
[step=  3380] loss: 0.789225460
[step=  3400] loss: 0.776107302
[step=  3420] loss: 0.778297589
[step=  3440] loss: 0.788743913
[step=  3460] loss: 0.781279758
[step=  3480] loss: 0.778834373
[step=  3500] loss: 0.785416300
[step=  3520] loss: 0.758603181
[step=  3540] loss: 0.762433449
[step=  3560] loss: 0.765015943
[step=  3580] loss: 0.782360153
[step=  3600] loss: 0.773009055
[step=  3620] loss: 0.766404114
[step=  3640] loss: 0.774065090
[step=  3660] loss: 0.759201110
[step=  3680] loss: 0.770330408
[step=  3700] loss: 0.773859385
[step=  3720] loss: 0.773335987
[step=  3740] loss: 0.769133272
[step=  3760] loss: 0.769667910
[step=  3780] loss: 0.778452395
[step=  3800] loss: 0.775260766
[step=  3820] loss: 0.775179373
[step=  3840] loss: 0.779190984
[step=  3860] loss: 0.775940773
[step=  3880] loss: 0.764627849
[step=  3900] loss: 0.762419727
[step=  3920] loss: 0.766946293
[step=  3940] loss: 0.759993950
[step=  3960] loss: 0.764257949
[step=  3980] loss: 0.762113886
[step=  4000] loss: 0.766663245
[step=  4020] loss: 0.761559844
[step=  4040] loss: 0.767644552
[step=  4060] loss: 0.764104577
[step=  4080] loss: 0.753374274
[step=  4100] loss: 0.765231967
[step=  4120] loss: 0.760681042
[step=  4140] loss: 0.752258562
[step=  4160] loss: 0.769174511
[step=  4180] loss: 0.759502146
[step=  4200] loss: 0.757502854
[step=  4220] loss: 0.753311843
[step=  4240] loss: 0.751344607
[step=  4260] loss: 0.767710177
[step=  4280] loss: 0.756829829
[step=  4300] loss: 0.748942162
[step=  4320] loss: 0.751075835
[step=  4340] loss: 0.750560091
[step=  4360] loss: 0.763129706
[step=  4380] loss: 0.759000455
[step=  4400] loss: 0.746065100
[step=  4420] loss: 0.758424057
[step=  4440] loss: 0.749478000
[step=  4460] loss: 0.752046556
[step=  4480] loss: 0.745396187
[step=  4500] loss: 0.747684862
[step=  4520] loss: 0.747110627
[step=  4540] loss: 0.755697849
[step=  4560] loss: 0.749343187
[step=  4580] loss: 0.755101491
[step=  4600] loss: 0.765000127
[step=  4620] loss: 0.743579967
[step=  4640] loss: 0.755018150
[step=  4660] loss: 0.746775827
[step=  4680] loss: 0.747647986
[step=  4700] loss: 0.762674830
[step=  4720] loss: 0.752437568
[step=  4740] loss: 0.756704482
[step=  4760] loss: 0.756657646
[step=  4780] loss: 0.755701121
[step=  4800] loss: 0.757644449
[step=  4820] loss: 0.754018920
[step=  4840] loss: 0.756406404
[step=  4860] loss: 0.760442402
[step=  4880] loss: 0.750181252
[step=  4900] loss: 0.751153813
[step=  4920] loss: 0.740857998
[step=  4940] loss: 0.735972882
[step=  4960] loss: 0.742832369
[step=  4980] loss: 0.744638935
[step=  5000] loss: 0.738159575
[step=  5020] loss: 0.704026842
[step=  5040] loss: 0.700675497
[step=  5060] loss: 0.700254196
[step=  5080] loss: 0.705078121
[step=  5100] loss: 0.702332017
[step=  5120] loss: 0.700642579
[step=  5140] loss: 0.711641998
[step=  5160] loss: 0.705270177
[step=  5180] loss: 0.710111300
[step=  5200] loss: 0.707433447
[step=  5220] loss: 0.705104030
[step=  5240] loss: 0.701587255
[step=  5260] loss: 0.701535051
[step=  5280] loss: 0.700718853
[step=  5300] loss: 0.695829747
[step=  5320] loss: 0.710428701
[step=  5340] loss: 0.696755144
[step=  5360] loss: 0.693035895
[step=  5380] loss: 0.698765427
[step=  5400] loss: 0.710965631
[step=  5420] loss: 0.699441179
[step=  5440] loss: 0.701668590
[step=  5460] loss: 0.699635065
[step=  5480] loss: 0.706896663
[step=  5500] loss: 0.693344195
[step=  5520] loss: 0.696119386
[step=  5540] loss: 0.697063504
[step=  5560] loss: 0.714188681
[step=  5580] loss: 0.706160518
[step=  5600] loss: 0.705005669
[step=  5620] loss: 0.697525267
[step=  5640] loss: 0.702996159
[step=  5660] loss: 0.704915386
[step=  5680] loss: 0.696834331
[step=  5700] loss: 0.693018878
[step=  5720] loss: 0.698249654
[step=  5740] loss: 0.694725957
[step=  5760] loss: 0.708980328
[step=  5780] loss: 0.700787164
[step=  5800] loss: 0.700238307
[step=  5820] loss: 0.690730160
[step=  5840] loss: 0.711355327
[step=  5860] loss: 0.705542620
[step=  5880] loss: 0.710739580
[step=  5900] loss: 0.703775247
[step=  5920] loss: 0.693273264
[step=  5940] loss: 0.703274957
[step=  5960] loss: 0.706531686
[step=  5980] loss: 0.706465214
[step=  6000] loss: 0.693442720
[step=  6020] loss: 0.702737410
[step=  6040] loss: 0.687185125
[step=  6060] loss: 0.689702865
[step=  6080] loss: 0.686491973
[step=  6100] loss: 0.702614991
[step=  6120] loss: 0.692423462
[step=  6140] loss: 0.701620155
[step=  6160] loss: 0.695495596
[step=  6180] loss: 0.691359116
[step=  6200] loss: 0.690183465
[step=  6220] loss: 0.684506728
[step=  6240] loss: 0.703452823
[step=  6260] loss: 0.693227559
[step=  6280] loss: 0.687938069
[step=  6300] loss: 0.695993925
[step=  6320] loss: 0.688188559
[step=  6340] loss: 0.693933811
[step=  6360] loss: 0.697186916
[step=  6380] loss: 0.700240424
[step=  6400] loss: 0.701037093
[step=  6420] loss: 0.699031031
[step=  6440] loss: 0.694278727
[step=  6460] loss: 0.680410643
[step=  6480] loss: 0.688525361
