[step=  7160] loss: 0.339296986
[step=  7180] loss: 0.614877265
[step=  7200] loss: 0.614864102
[step=  7220] loss: 0.614097545
[step=  7240] loss: 0.613415612
[step=  7260] loss: 0.612426868
[step=  7280] loss: 0.612074073
[step=  7300] loss: 0.614009941
[step=  7320] loss: 0.610679467
[step=  7340] loss: 0.609243808
[step=  7360] loss: 0.608979776
[step=  7380] loss: 0.608023733
[step=  7400] loss: 0.607120876
[step=  7420] loss: 0.606801894
[step=  7440] loss: 0.606497020
[step=  7460] loss: 0.605698083
[step=  7480] loss: 0.604681747
[step=  7500] loss: 0.604409985
[step=  7520] loss: 0.602934547
[step=  7540] loss: 0.603331619
[step=  7560] loss: 0.602678658
[step=  7580] loss: 0.602558590
[step=  7600] loss: 0.601579736
[step=  7620] loss: 0.602303314
[step=  7640] loss: 0.603523349
[step=  7660] loss: 0.601186028
[step=  7680] loss: 0.599905026
[step=  7700] loss: 0.600235771
[step=  7720] loss: 0.599192018
[step=  7740] loss: 0.598876676
