[stage=2,   100] loss: 1.568995722 
[stage=2,   200] loss: 1.090344661 
[stage=2,   300] loss: 0.978617696 
[stage=2,   400] loss: 0.943904084 
[stage=2,   500] loss: 0.940564278 
[stage=2,   600] loss: 1.013473759 
[stage=2,   700] loss: 1.024600931 
[stage=2,   800] loss: 0.916765710 
[stage=2,   900] loss: 0.964806464 
[stage=2,  1000] loss: 0.997341533 
[stage=2,  1100] loss: 0.901361413 
[stage=2,  1200] loss: 0.975664750 
[stage=2,  1300] loss: 0.864951411 
[stage=2,  1400] loss: 0.954258563 
[stage=2,  1500] loss: 0.868168576 
[stage=2,  1600] loss: 0.934651307 
[stage=2,  1700] loss: 0.976796559 
[stage=2,  1800] loss: 0.919307519 
[stage=2,  1900] loss: 0.880223762 
[stage=2,  2000] loss: 0.917653544 
[stage=2,  2100] loss: 0.897767727 
[stage=2,  2200] loss: 0.922715915 
[stage=2,  2300] loss: 0.918746037 
[stage=2,  2400] loss: 0.853098274 
[stage=2,  2500] loss: 0.849417569 
[stage=2,  2600] loss: 0.897623147 
[stage=2,  2700] loss: 0.889552321 
[stage=2,  2800] loss: 0.906617155 
[stage=2,  2900] loss: 0.836434784 
[stage=2,  3000] loss: 0.881443555 
[stage=2,  3100] loss: 0.787495751 
