[stage=2,   100] loss: 1.553232765 
[stage=2,   200] loss: 1.067202836 
[stage=2,   300] loss: 0.975039219 
[stage=2,   400] loss: 0.951107458 
[stage=2,   500] loss: 0.957274412 
[stage=2,   600] loss: 1.005655008 
[stage=2,   700] loss: 1.027532006 
[stage=2,   800] loss: 0.930590580 
[stage=2,   900] loss: 0.976526356 
[stage=2,  1000] loss: 0.981829399 
[stage=2,  1100] loss: 0.921904415 
[stage=2,  1200] loss: 1.007340091 
[stage=2,  1300] loss: 0.877534648 
[stage=2,  1400] loss: 0.981229866 
[stage=2,  1500] loss: 0.884189199 
[stage=2,  1600] loss: 0.960706750 
[stage=2,  1700] loss: 0.962556079 
[stage=2,  1800] loss: 0.943535622 
[stage=2,  1900] loss: 0.883043335 
[stage=2,  2000] loss: 0.944925648 
[stage=2,  2100] loss: 0.924274524 
[stage=2,  2200] loss: 0.965671590 
[stage=2,  2300] loss: 0.940022337 
[stage=2,  2400] loss: 0.879193490 
[stage=2,  2500] loss: 0.868726604 
[stage=2,  2600] loss: 0.930875329 
[stage=2,  2700] loss: 0.929597744 
[stage=2,  2800] loss: 0.954654233 
[stage=2,  2900] loss: 0.851276890 
[stage=2,  3000] loss: 0.905895452 
[stage=2,  3100] loss: 0.792015099 
[stage=2,  3200] loss: 0.833554976 
[stage=2,  3300] loss: 0.915989014 
[stage=2,  3400] loss: 0.855500358 
[stage=2,  3500] loss: 0.825326584 
[stage=2,  3600] loss: 0.913005480 
[stage=2,  3700] loss: 0.871360445 
[stage=2,  3800] loss: 0.903087949 
[stage=2,  3900] loss: 0.864197120 
[stage=2,  4000] loss: 0.901566045 
[stage=2,  4100] loss: 0.857093040 
[stage=2,  4200] loss: 0.809840108 
[stage=2,  4300] loss: 0.824798904 
[stage=2,  4400] loss: 0.853576663 
[stage=2,  4500] loss: 0.821095588 
[stage=2,  4600] loss: 0.830318417 
[stage=2,  4700] loss: 0.874775943 
[stage=2,  4800] loss: 0.856892598 
[stage=2,  4900] loss: 0.846746156 
[stage=2,  5000] loss: 0.880781461 
[stage=2,  5100] loss: 0.847211984 
[stage=2,  5200] loss: 0.811489879 
[stage=2,  5300] loss: 0.845374339 
[stage=2,  5400] loss: 0.811925305 
[stage=2,  5500] loss: 0.823251727 
[stage=2,  5600] loss: 0.786481338 
[stage=2,  5700] loss: 0.862308559 
[stage=2,  5800] loss: 0.821300016 
[stage=2,  5900] loss: 0.763077043 
[stage=2,  6000] loss: 0.783217019 
[stage=2,  6100] loss: 0.798278079 
[stage=2,  6200] loss: 0.820193535 
[stage=2,  6300] loss: 0.775572717 
[stage=2,  6400] loss: 0.815577332 
[stage=2,  6500] loss: 0.799776614 
[stage=2,  6600] loss: 0.782520754 
[stage=2,  6700] loss: 0.839169525 
[stage=2,  6800] loss: 0.735743519 
[stage=2,  6900] loss: 0.810046465 
[stage=2,  7000] loss: 0.828300484 
[stage=2,  7100] loss: 0.748640074 
[stage=2,  7200] loss: 0.779625586 
[stage=2,  7300] loss: 0.796714115 
[stage=2,  7400] loss: 0.810286116 
[stage=2,  7500] loss: 0.817443348 
[stage=2,  7600] loss: 0.742673171 
[stage=2,  7700] loss: 0.745347796 
[stage=2,  7800] loss: 0.792215349 
[stage=2,  7900] loss: 0.812026945 
[stage=2,  8000] loss: 0.772154371 
[stage=2,  8100] loss: 0.776812246 
[stage=2,  8200] loss: 0.785747260 
[stage=2,  8300] loss: 0.831474949 
[stage=2,  8400] loss: 0.748102514 
[stage=2,  8500] loss: 0.749126192 
[stage=2,  8600] loss: 0.785419073 
[stage=2,  8700] loss: 0.709137241 
[stage=2,  8800] loss: 0.722200650 
[stage=2,  8900] loss: 0.770715054 
[stage=2,  9000] loss: 0.801970983 
[stage=2,  9100] loss: 0.754479696 
[stage=2,  9200] loss: 0.737779015 
[stage=2,  9300] loss: 0.766456797 
[stage=2,  9400] loss: 0.739352741 
[stage=2,  9500] loss: 0.736850719 
[stage=2,  9600] loss: 0.755735127 
[stage=2,  9700] loss: 0.737830865 
[stage=2,  9800] loss: 0.757090019 
[stage=2,  9900] loss: 0.702893356 
[stage=2, 10000] loss: 0.767574636 
[stage=2, 10100] loss: 0.718484012 
[stage=2, 10200] loss: 0.746979468 
[stage=2, 10300] loss: 0.738981741 
[stage=2, 10400] loss: 0.753062098 
[stage=2, 10500] loss: 0.744300653 
[stage=2, 10600] loss: 0.724560394 
[stage=2, 10700] loss: 0.739790170 
[stage=2, 10800] loss: 0.721360479 
[stage=2, 10900] loss: 0.712420447 
[stage=2, 11000] loss: 0.738744413 
[stage=2, 11100] loss: 0.746281141 
[stage=2, 11200] loss: 0.734982170 
[stage=2, 11300] loss: 0.716907374 
[stage=2, 11400] loss: 0.700443141 
[stage=2, 11500] loss: 0.644812252 
[stage=2, 11600] loss: 0.705831886 
[stage=2, 11700] loss: 0.733578942 
[stage=2, 11800] loss: 0.713996572 
[stage=2, 11900] loss: 0.696431542 
[stage=2, 12000] loss: 0.722796884 
[stage=2, 12100] loss: 0.775475064 
[stage=2, 12200] loss: 0.706173009 
[stage=2, 12300] loss: 0.724509954 
[stage=2, 12400] loss: 0.724137491 
[stage=2, 12500] loss: 0.678607101 
[stage=2, 12600] loss: 0.680464407 
[stage=2, 12700] loss: 0.666068796 
[stage=2, 12800] loss: 0.688582564 
[stage=2, 12900] loss: 0.669660076 
[stage=2, 13000] loss: 0.707881440 
[stage=2, 13100] loss: 0.677148232 
[stage=2, 13200] loss: 0.708337824 
[stage=2, 13300] loss: 0.714486481 
[stage=2, 13400] loss: 0.683093236 
[stage=2, 13500] loss: 0.682246210 
[stage=2, 13600] loss: 0.665517876 
[stage=2, 13700] loss: 0.666675794 
[stage=2, 13800] loss: 0.684808049 
[stage=2, 13900] loss: 0.648342404 
[stage=2, 14000] loss: 0.683488781 
[stage=2, 14100] loss: 0.738572470 
[stage=2, 14200] loss: 0.647572825 
[stage=2, 14300] loss: 0.629466660 
[stage=2, 14400] loss: 0.670567304 
[stage=2, 14500] loss: 0.659611849 
[stage=2, 14600] loss: 0.680676112 
[stage=2, 14700] loss: 0.641375269 
[stage=2, 14800] loss: 0.638078447 
[stage=2, 14900] loss: 0.651200379 
[stage=2, 15000] loss: 0.655946691 
[stage=2, 15100] loss: 0.672878636 
[stage=2, 15200] loss: 0.665928936 
[stage=2, 15300] loss: 0.670898370 
[stage=2, 15400] loss: 0.665428455 
[stage=2, 15500] loss: 0.683906636 
[stage=2, 15600] loss: 0.649722241 
[stage=2, 15700] loss: 0.689037743 
[stage=2, 15800] loss: 0.655984364 
[stage=2, 15900] loss: 0.670533764 
[stage=2, 16000] loss: 0.623971451 
[stage=2, 16100] loss: 0.621717508 
[stage=2, 16200] loss: 0.691069881 
[stage=2, 16300] loss: 0.649710500 
[stage=2, 16400] loss: 0.634639926 
[stage=2, 16500] loss: 0.662172976 
[stage=2, 16600] loss: 0.661710685 
[stage=2, 16700] loss: 0.690131969 
[stage=2, 16800] loss: 0.625005467 
[stage=2, 16900] loss: 0.630155226 
[stage=2, 17000] loss: 0.619219576 
[stage=2, 17100] loss: 0.607179719 
[stage=2, 17200] loss: 0.617191580 
[stage=2, 17300] loss: 0.656532548 
[stage=2, 17400] loss: 0.709623460 
[stage=2, 17500] loss: 0.630012283 
[stage=2, 17600] loss: 0.638341042 
[stage=2, 17700] loss: 0.667445022 
[stage=2, 17800] loss: 0.633141242 
[stage=2, 17900] loss: 0.655153303 
[stage=2, 18000] loss: 0.598971253 
[stage=2, 18100] loss: 0.650503750 
[stage=2, 18200] loss: 0.615698897 
[stage=2, 18300] loss: 0.666426696 
[stage=2, 18400] loss: 0.652362975 
[stage=2, 18500] loss: 0.640014851 
[stage=2, 18600] loss: 0.616137235 
[stage=2, 18700] loss: 0.631051940 
[stage=2, 18800] loss: 0.629972345 
[stage=2, 18900] loss: 0.651520056 
[stage=2, 19000] loss: 0.646929916 
[stage=2, 19100] loss: 0.588738867 
[stage=2, 19200] loss: 0.617677445 
[stage=2, 19300] loss: 0.636985110 
[stage=2, 19400] loss: 0.637269213 
[stage=2, 19500] loss: 0.656950500 
[stage=2, 19600] loss: 0.623601404 
[stage=2, 19700] loss: 0.623458137 
[stage=2, 19800] loss: 0.606743514 
[stage=2, 19900] loss: 0.562552764 
[stage=2, 20000] loss: 0.641622428 
[stage=2, 20100] loss: 0.597353644 
[stage=2, 20200] loss: 0.610337917 
[stage=2, 20300] loss: 0.645767816 
[stage=2, 20400] loss: 0.623080381 
[stage=2, 20500] loss: 0.662648505 
[stage=2, 20600] loss: 0.603428618 
[stage=2, 20700] loss: 0.631134895 
[stage=2, 20800] loss: 0.612651393 
[stage=2, 20900] loss: 0.592498583 
[stage=2, 21000] loss: 0.583949157 
[stage=2, 21100] loss: 0.594414540 
[stage=2, 21200] loss: 0.598267538 
[stage=2, 21300] loss: 0.608655136 
[stage=2, 21400] loss: 0.613175930 
[stage=2, 21500] loss: 0.581493326 
[stage=2, 21600] loss: 0.617818646 
[stage=2, 21700] loss: 0.638816205 
[stage=2, 21800] loss: 0.589128933 
[stage=2, 21900] loss: 0.598381021 
[stage=2, 22000] loss: 0.586403892 
[stage=2, 22100] loss: 0.593774805 
[stage=2, 22200] loss: 0.573294288 
[stage=2, 22300] loss: 0.582547971 
[stage=2, 22400] loss: 0.641420591 
[stage=2, 22500] loss: 0.603149348 
[stage=2, 22600] loss: 0.575580423 
[stage=2, 22700] loss: 0.579197239 
[stage=2, 22800] loss: 0.584453912 
[stage=2, 22900] loss: 0.616330066 
[stage=2, 23000] loss: 0.556327914 
[stage=2, 23100] loss: 0.584038985 
[stage=2, 23200] loss: 0.599538534 
[stage=2, 23300] loss: 0.568142586 
[stage=2, 23400] loss: 0.604131050 
[stage=2, 23500] loss: 0.569756148 
[stage=2, 23600] loss: 0.612448364 
[stage=2, 23700] loss: 0.597580726 
[stage=2, 23800] loss: 0.571806445 
[stage=2, 23900] loss: 0.623602490 
[stage=2, 24000] loss: 0.575263342 
[stage=2, 24100] loss: 0.609294957 
[stage=2, 24200] loss: 0.612498806 
[stage=2, 24300] loss: 0.568552448 
[stage=2, 24400] loss: 0.581599126 
[stage=2, 24500] loss: 0.563869898 
[stage=2, 24600] loss: 0.599381196 
[stage=2, 24700] loss: 0.562200167 
[stage=2, 24800] loss: 0.586371094 
[stage=2, 24900] loss: 0.582604352 
[stage=2, 25000] loss: 0.622760187 
[stage=2, 25100] loss: 0.604250644 
[stage=2, 25200] loss: 0.544226160 
[stage=2, 25300] loss: 0.567523517 
[stage=2, 25400] loss: 0.539022712 
[stage=2, 25500] loss: 0.551645666 
[stage=2, 25600] loss: 0.537086118 
[stage=2, 25700] loss: 0.608422142 
[stage=2, 25800] loss: 0.582191772 
[stage=2, 25900] loss: 0.577116167 
[stage=2, 26000] loss: 0.588877061 
[stage=2, 26100] loss: 0.578098129 
[stage=2, 26200] loss: 0.566142981 
[stage=2, 26300] loss: 0.589284728 
[stage=2, 26400] loss: 0.526648017 
[stage=2, 26500] loss: 0.582988190 
[stage=2, 26600] loss: 0.529169050 
[stage=2, 26700] loss: 0.590304542 
[stage=2, 26800] loss: 0.545335819 
[stage=2, 26900] loss: 0.589422009 
[stage=2, 27000] loss: 0.545689757 
[stage=2, 27100] loss: 0.571141059 
[stage=2, 27200] loss: 0.556131613 
[stage=2, 27300] loss: 0.586803263 
[stage=2, 27400] loss: 0.587059080 
[stage=2, 27500] loss: 0.553651876 
[stage=2, 27600] loss: 0.569165126 
[stage=2, 27700] loss: 0.563392793 
[stage=2, 27800] loss: 0.569158427 
[stage=2, 27900] loss: 0.570228421 
[stage=2, 28000] loss: 0.548555939 
[stage=2, 28100] loss: 0.577209931 
[stage=2, 28200] loss: 0.529823922 
[stage=2, 28300] loss: 0.540783651 
[stage=2, 28400] loss: 0.560157926 
[stage=2, 28500] loss: 0.559021210 
[stage=2, 28600] loss: 0.532151050 
[stage=2, 28700] loss: 0.571109268 
[stage=2, 28800] loss: 0.564399298 
[stage=2, 28900] loss: 0.577574974 
[stage=2, 29000] loss: 0.527968312 
[stage=2, 29100] loss: 0.595137280 
[stage=2, 29200] loss: 0.529208194 
[stage=2, 29300] loss: 0.555597896 
[stage=2, 29400] loss: 0.518500302 
[stage=2, 29500] loss: 0.548308051 
[stage=2, 29600] loss: 0.547208650 
[stage=2, 29700] loss: 0.545119845 
[stage=2, 29800] loss: 0.557014536 
[stage=2, 29900] loss: 0.552906768 
[stage=2, 30000] loss: 0.577986047 
[stage=2, 30100] loss: 0.555974005 
[stage=2, 30200] loss: 0.533278866 
[stage=2, 30300] loss: 0.528883963 
[stage=2, 30400] loss: 0.525875866 
[stage=2, 30500] loss: 0.549933293 
[stage=2, 30600] loss: 0.514199863 
[stage=2, 30700] loss: 0.560065647 
[stage=2, 30800] loss: 0.554898827 
[stage=2, 30900] loss: 0.540014300 
[stage=2, 31000] loss: 0.520651447 
[stage=2, 31100] loss: 0.530060048 
[stage=2, 31200] loss: 0.529351748 
[stage=2, 31300] loss: 0.540954464 
[stage=2, 31400] loss: 0.530989988 
[stage=2, 31500] loss: 0.537753171 
[stage=2, 31600] loss: 0.522930655 
[stage=2, 31700] loss: 0.527724785 
[stage=2, 31800] loss: 0.568335975 
[stage=2, 31900] loss: 0.528295075 
[stage=2, 32000] loss: 0.527754977 
[stage=2, 32100] loss: 0.538732327 
[stage=2, 32200] loss: 0.534990652 
[stage=2, 32300] loss: 0.524038570 
[stage=2, 32400] loss: 0.542645845 
[stage=2, 32500] loss: 0.541797021 
[stage=2, 32600] loss: 0.559427048 
[stage=2, 32700] loss: 0.510821268 
[stage=2, 32800] loss: 0.506342953 
[stage=2, 32900] loss: 0.557114068 
[stage=2, 33000] loss: 0.547184337 
[stage=2, 33100] loss: 0.512562620 
[stage=2, 33200] loss: 0.551540466 
[stage=2, 33300] loss: 0.543719231 
[stage=2, 33400] loss: 0.580768703 
[stage=2, 33500] loss: 0.510202153 
[stage=2, 33600] loss: 0.512925384 
[stage=2, 33700] loss: 0.501763391 
[stage=2, 33800] loss: 0.487640825 
[stage=2, 33900] loss: 0.493881003 
[stage=2, 34000] loss: 0.538003667 
[stage=2, 34100] loss: 0.551733787 
[stage=2, 34200] loss: 0.515819905 
[stage=2, 34300] loss: 0.532240625 
[stage=2, 34400] loss: 0.551516618 
[stage=2, 34500] loss: 0.522569301 
[stage=2, 34600] loss: 0.521868199 
[stage=2, 34700] loss: 0.506475963 
[stage=2, 34800] loss: 0.522888383 
[stage=2, 34900] loss: 0.497462473 
[stage=2, 35000] loss: 0.523665633 
[stage=2, 35100] loss: 0.521820089 
[stage=2, 35200] loss: 0.507722133 
[stage=2, 35300] loss: 0.517510042 
[stage=2, 35400] loss: 0.520788330 
[stage=2, 35500] loss: 0.549812470 
[stage=2, 35600] loss: 0.525336347 
[stage=2, 35700] loss: 0.523807180 
[stage=2, 35800] loss: 0.506650633 
[stage=2, 35900] loss: 0.495591755 
[stage=2, 36000] loss: 0.518727918 
[stage=2, 36100] loss: 0.525254181 
[stage=2, 36200] loss: 0.538086497 
[stage=2, 36300] loss: 0.514563586 
[stage=2, 36400] loss: 0.493390972 
[stage=2, 36500] loss: 0.512040275 
[stage=2, 36600] loss: 0.489386009 
[stage=2, 36700] loss: 0.516136019 
[stage=2, 36800] loss: 0.507939566 
[stage=2, 36900] loss: 0.520149331 
[stage=2, 37000] loss: 0.490132681 
[stage=2, 37100] loss: 0.501284254 
[stage=2, 37200] loss: 0.550066527 
[stage=2, 37300] loss: 0.511112362 
[stage=2, 37400] loss: 0.512752365 
[stage=2, 37500] loss: 0.529790730 
[stage=2, 37600] loss: 0.496570204 
[stage=2, 37700] loss: 0.500898409 
[stage=2, 37800] loss: 0.482360287 
[stage=2, 37900] loss: 0.519280838 
[stage=2, 38000] loss: 0.516895767 
[stage=2, 38100] loss: 0.532920409 
[stage=2, 38200] loss: 0.494777151 
[stage=2, 38300] loss: 0.531919188 
[stage=2, 38400] loss: 0.517822907 
[stage=2, 38500] loss: 0.485003781 
[stage=2, 38600] loss: 0.481068121 
[stage=2, 38700] loss: 0.482925582 
[stage=2, 38800] loss: 0.494066065 
[stage=2, 38900] loss: 0.488287621 
[stage=2, 39000] loss: 0.501853028 
[stage=2, 39100] loss: 0.508422740 
[stage=2, 39200] loss: 0.515351123 
[stage=2, 39300] loss: 0.483927157 
[stage=2, 39400] loss: 0.476195964 
[stage=2, 39500] loss: 0.461504959 
[stage=2, 39600] loss: 0.533864049 
[stage=2, 39700] loss: 0.479008733 
[stage=2, 39800] loss: 0.500168144 
[stage=2, 39900] loss: 0.498204746 
[stage=2, 40000] loss: 0.465600128 
[stage=2, 40100] loss: 0.537514004 
[stage=2, 40200] loss: 0.486867804 
[stage=2, 40300] loss: 0.486176303 
[stage=2, 40400] loss: 0.496522790 
[stage=2, 40500] loss: 0.503997493 
[stage=2, 40600] loss: 0.508666397 
[stage=2, 40700] loss: 0.474540963 
[stage=2, 40800] loss: 0.504967755 
[stage=2, 40900] loss: 0.490067329 
[stage=2, 41000] loss: 0.508343077 
[stage=2, 41100] loss: 0.499729338 
[stage=2, 41200] loss: 0.474207444 
[stage=2, 41300] loss: 0.507972629 
[stage=2, 41400] loss: 0.500431456 
[stage=2, 41500] loss: 0.487657222 
[stage=2, 41600] loss: 0.499431967 
[stage=2, 41700] loss: 0.512716259 
[stage=2, 41800] loss: 0.527485098 
[stage=2, 41900] loss: 0.469370627 
[stage=2, 42000] loss: 0.474296171 
[stage=2, 42100] loss: 0.476599972 
[stage=2, 42200] loss: 0.464102637 
[stage=2, 42300] loss: 0.468815770 
[stage=2, 42400] loss: 0.501595159 
[stage=2, 42500] loss: 0.479952006 
[stage=2, 42600] loss: 0.484429100 
[stage=2, 42700] loss: 0.510437171 
[stage=2, 42800] loss: 0.511036733 
[stage=2, 42900] loss: 0.467725395 
[stage=2, 43000] loss: 0.514304834 
[stage=2, 43100] loss: 0.460588841 
[stage=2, 43200] loss: 0.497598506 
[stage=2, 43300] loss: 0.455952607 
[stage=2, 43400] loss: 0.487522514 
[stage=2, 43500] loss: 0.480685369 
[stage=2, 43600] loss: 0.484501624 
[stage=2, 43700] loss: 0.478736128 
[stage=2, 43800] loss: 0.474896033 
[stage=2, 43900] loss: 0.499693795 
[stage=2, 44000] loss: 0.502679775 
[stage=2, 44100] loss: 0.490194696 
[stage=2, 44200] loss: 0.465813067 
[stage=2, 44300] loss: 0.481345470 
[stage=2, 44400] loss: 0.476253634 
[stage=2, 44500] loss: 0.493125204 
[stage=2, 44600] loss: 0.491040527 
[stage=2, 44700] loss: 0.460183586 
[stage=2, 44800] loss: 0.470529489 
[stage=2, 44900] loss: 0.469152237 
[stage=2, 45000] loss: 0.448583682 
[stage=2, 45100] loss: 0.478601930 
[stage=2, 45200] loss: 0.466979017 
[stage=2, 45300] loss: 0.445942997 
[stage=2, 45400] loss: 0.481405243 
[stage=2, 45500] loss: 0.473494180 
[stage=2, 45600] loss: 0.511442997 
[stage=2, 45700] loss: 0.458363420 
[stage=2, 45800] loss: 0.489129053 
[stage=2, 45900] loss: 0.472009584 
[stage=2, 46000] loss: 0.464982600 
[stage=2, 46100] loss: 0.477522430 
[stage=2, 46200] loss: 0.453361118 
[stage=2, 46300] loss: 0.486098785 
[stage=2, 46400] loss: 0.458137610 
[stage=2, 46500] loss: 0.480075135 
[stage=2, 46600] loss: 0.459304754 
[stage=2, 46700] loss: 0.479405354 
[stage=2, 46800] loss: 0.498840889 
[stage=2, 46900] loss: 0.447526716 
[stage=2, 47000] loss: 0.456758177 
[stage=2, 47100] loss: 0.455242098 
[stage=2, 47200] loss: 0.465847839 
[stage=2, 47300] loss: 0.450601576 
[stage=2, 47400] loss: 0.474160655 
[stage=2, 47500] loss: 0.512182916 
[stage=2, 47600] loss: 0.464696634 
[stage=2, 47700] loss: 0.442306235 
[stage=2, 47800] loss: 0.453633462 
[stage=2, 47900] loss: 0.454587256 
[stage=2, 48000] loss: 0.469962049 
[stage=2, 48100] loss: 0.460334451 
[stage=2, 48200] loss: 0.464646216 
[stage=2, 48300] loss: 0.473096063 
[stage=2, 48400] loss: 0.467116268 
[stage=2, 48500] loss: 0.492426302 
[stage=2, 48600] loss: 0.450039547 
[stage=2, 48700] loss: 0.470834290 
[stage=2, 48800] loss: 0.473575026 
[stage=2, 48900] loss: 0.448593308 
[stage=2, 49000] loss: 0.471098537 
[stage=2, 49100] loss: 0.474283588 
[stage=2, 49200] loss: 0.465638941 
[stage=2, 49300] loss: 0.481053342 
[stage=2, 49400] loss: 0.447108377 
[stage=2, 49500] loss: 0.443143440 
[stage=2, 49600] loss: 0.462939412 
[stage=2, 49700] loss: 0.469735591 
[stage=2, 49800] loss: 0.462607478 
[stage=2, 49900] loss: 0.456088691 
[stage=2, 50000] loss: 0.454271936 
[stage=2, 50100] loss: 0.502815022 
[stage=2, 50200] loss: 0.472364078 
[stage=2, 50300] loss: 0.452021765 
[stage=2, 50400] loss: 0.437602583 
[stage=2, 50500] loss: 0.437636677 
[stage=2, 50600] loss: 0.451478790 
[stage=2, 50700] loss: 0.463398172 
[stage=2, 50800] loss: 0.464228361 
[stage=2, 50900] loss: 0.432495055 
[stage=2, 51000] loss: 0.442446637 
[stage=2, 51100] loss: 0.471045339 
[stage=2, 51200] loss: 0.483571932 
[stage=2, 51300] loss: 0.449896696 
[stage=2, 51400] loss: 0.433156936 
[stage=2, 51500] loss: 0.442716598 
[stage=2, 51600] loss: 0.459231364 
[stage=2, 51700] loss: 0.468942588 
[stage=2, 51800] loss: 0.444136329 
[stage=2, 51900] loss: 0.428767025 
[stage=2, 52000] loss: 0.487870957 
[stage=2, 52100] loss: 0.431484205 
[stage=2, 52200] loss: 0.455798474 
[stage=2, 52300] loss: 0.446673601 
[stage=2, 52400] loss: 0.470471610 
[stage=2, 52500] loss: 0.469085581 
[stage=2, 52600] loss: 0.437006139 
[stage=2, 52700] loss: 0.466484149 
[stage=2, 52800] loss: 0.477585041 
[stage=2, 52900] loss: 0.453624628 
[stage=2, 53000] loss: 0.436485575 
[stage=2, 53100] loss: 0.434803195 
[stage=2, 53200] loss: 0.450185949 
[stage=2, 53300] loss: 0.444833101 
[stage=2, 53400] loss: 0.476491186 
[stage=2, 53500] loss: 0.440809694 
[stage=2, 53600] loss: 0.435833476 
[stage=2, 53700] loss: 0.466609549 
[stage=2, 53800] loss: 0.436516662 
[stage=2, 53900] loss: 0.463093061 
[stage=2, 54000] loss: 0.448102172 
[stage=2, 54100] loss: 0.474617887 
[stage=2, 54200] loss: 0.435320876 
[stage=2, 54300] loss: 0.444708698 
[stage=2, 54400] loss: 0.455391330 
[stage=2, 54500] loss: 0.452816360 
[stage=2, 54600] loss: 0.428135918 
[stage=2, 54700] loss: 0.424861371 
[stage=2, 54800] loss: 0.429652069 
[stage=2, 54900] loss: 0.448175884 
[stage=2, 55000] loss: 0.469071817 
[stage=2, 55100] loss: 0.452976355 
[stage=2, 55200] loss: 0.433054903 
[stage=2, 55300] loss: 0.442917211 
[stage=2, 55400] loss: 0.421427752 
[stage=2, 55500] loss: 0.461004788 
[stage=2, 55600] loss: 0.431627645 
[stage=2, 55700] loss: 0.454354572 
[stage=2, 55800] loss: 0.438454424 
[stage=2, 55900] loss: 0.463367499 
[stage=2, 56000] loss: 0.437321007 
[stage=2, 56100] loss: 0.452005159 
[stage=2, 56200] loss: 0.443977453 
[stage=2, 56300] loss: 0.436533870 
[stage=2, 56400] loss: 0.458679468 
[stage=2, 56500] loss: 0.474826694 
[stage=2, 56600] loss: 0.412119759 
[stage=2, 56700] loss: 0.448654540 
[stage=2, 56800] loss: 0.445466258 
[stage=2, 56900] loss: 0.425729441 
[stage=2, 57000] loss: 0.426052784 
[stage=2, 57100] loss: 0.458756378 
[stage=2, 57200] loss: 0.431679669 
[stage=2, 57300] loss: 0.450679964 
[stage=2, 57400] loss: 0.454382370 
[stage=2, 57500] loss: 0.430307126 
[stage=2, 57600] loss: 0.422764050 
[stage=2, 57700] loss: 0.441411214 
[stage=2, 57800] loss: 0.450710961 
[stage=2, 57900] loss: 0.433187487 
[stage=2, 58000] loss: 0.475763239 
[stage=2, 58100] loss: 0.429329857 
[stage=2, 58200] loss: 0.452103767 
[stage=2, 58300] loss: 0.432760506 
[stage=2, 58400] loss: 0.435969929 
[stage=2, 58500] loss: 0.433919275 
[stage=2, 58600] loss: 0.419376676 
[stage=2, 58700] loss: 0.422692864 
[stage=2, 58800] loss: 0.438849932 
[stage=2, 58900] loss: 0.450018684 
[stage=2, 59000] loss: 0.463407573 
[stage=2, 59100] loss: 0.413451435 
[stage=2, 59200] loss: 0.450642530 
[stage=2, 59300] loss: 0.423696322 
[stage=2, 59400] loss: 0.448124088 
[stage=2, 59500] loss: 0.442225394 
[stage=2, 59600] loss: 0.434319090 
[stage=2, 59700] loss: 0.448945474 
[stage=2, 59800] loss: 0.446825793 
[stage=2, 59900] loss: 0.456828222 
[stage=2, 60000] loss: 0.430896022 
[stage=2, 60100] loss: 0.459492265 
[stage=2, 60200] loss: 0.412028904 
[stage=2, 60300] loss: 0.400913947 
[stage=2, 60400] loss: 0.416377390 
[stage=2, 60500] loss: 0.430527222 
[stage=2, 60600] loss: 0.409130874 
[stage=2, 60700] loss: 0.448122597 
[stage=2, 60800] loss: 0.422147902 
[stage=2, 60900] loss: 0.421017691 
[stage=2, 61000] loss: 0.406602539 
[stage=2, 61100] loss: 0.436462750 
[stage=2, 61200] loss: 0.439516815 
[stage=2, 61300] loss: 0.425562074 
[stage=2, 61400] loss: 0.430908190 
[stage=2, 61500] loss: 0.413503316 
[stage=2, 61600] loss: 0.428800521 
[stage=2, 61700] loss: 0.426465754 
[stage=2, 61800] loss: 0.424255123 
[stage=2, 61900] loss: 0.404433995 
[stage=2, 62000] loss: 0.428276797 
[stage=2, 62100] loss: 0.419716993 
[stage=2, 62200] loss: 0.429098630 
[stage=2, 62300] loss: 0.419638201 
[stage=2, 62400] loss: 0.440793384 
[stage=2, 62500] loss: 0.419301881 
[stage=2, 62600] loss: 0.403420755 
[stage=2, 62700] loss: 0.440288239 
[stage=2, 62800] loss: 0.425203360 
[stage=2, 62900] loss: 0.431260118 
[stage=2, 63000] loss: 0.429635185 
[stage=2, 63100] loss: 0.415952669 
[stage=2, 63200] loss: 0.427430869 
[stage=2, 63300] loss: 0.410854453 
[stage=2, 63400] loss: 0.417262999 
[stage=2, 63500] loss: 0.435763350 
[stage=2, 63600] loss: 0.393717979 
[stage=2, 63700] loss: 0.440241585 
[stage=2, 63800] loss: 0.410140089 
[stage=2, 63900] loss: 0.440317319 
[stage=2, 64000] loss: 0.415768822 
[stage=2, 64100] loss: 0.441681887 
[stage=2, 64200] loss: 0.405390759 
[stage=2, 64300] loss: 0.407687108 
[stage=2, 64400] loss: 0.425069578 
[stage=2, 64500] loss: 0.405856027 
[stage=2, 64600] loss: 0.417062348 
[stage=2, 64700] loss: 0.401799106 
[stage=2, 64800] loss: 0.403490132 
[stage=2, 64900] loss: 0.416628889 
[stage=2, 65000] loss: 0.422123127 
[stage=2, 65100] loss: 0.422965795 
[stage=2, 65200] loss: 0.412042768 
[stage=2, 65300] loss: 0.406231554 
[stage=2, 65400] loss: 0.401386829 
[stage=2, 65500] loss: 0.424226062 
[stage=2, 65600] loss: 0.402028197 
[stage=2, 65700] loss: 0.415320692 
[stage=2, 65800] loss: 0.414214735 
[stage=2, 65900] loss: 0.432254170 
[stage=2, 66000] loss: 0.410281186 
[stage=2, 66100] loss: 0.430675639 
[stage=2, 66200] loss: 0.411887025 
[stage=2, 66300] loss: 0.419757749 
[stage=2, 66400] loss: 0.420710751 
[stage=2, 66500] loss: 0.445506915 
[stage=2, 66600] loss: 0.389440305 
[stage=2, 66700] loss: 0.404712650 
[stage=2, 66800] loss: 0.415539542 
[stage=2, 66900] loss: 0.400763780 
[stage=2, 67000] loss: 0.409269013 
[stage=2, 67100] loss: 0.426909808 
[stage=2, 67200] loss: 0.410875153 
[stage=2, 67300] loss: 0.408129904 
[stage=2, 67400] loss: 0.426910127 
[stage=2, 67500] loss: 0.394130446 
[stage=2, 67600] loss: 0.414671373 
[stage=2, 67700] loss: 0.407853342 
[stage=2, 67800] loss: 0.422749634 
[stage=2, 67900] loss: 0.403841551 
[stage=2, 68000] loss: 0.430920244 
[stage=2, 68100] loss: 0.425698836 
[stage=2, 68200] loss: 0.409564058 
[stage=2, 68300] loss: 0.417783739 
[stage=2, 68400] loss: 0.397852727 
[stage=2, 68500] loss: 0.405450840 
[stage=2, 68600] loss: 0.405232583 
[stage=2, 68700] loss: 0.402876605 
[stage=2, 68800] loss: 0.396029912 
[stage=2, 68900] loss: 0.418307730 
[stage=2, 69000] loss: 0.424066250 
[stage=2, 69100] loss: 0.390019930 
[stage=2, 69200] loss: 0.422246835 
[stage=2, 69300] loss: 0.387921792 
[stage=2, 69400] loss: 0.419761382 
[stage=2, 69500] loss: 0.419557856 
[stage=2, 69600] loss: 0.408688480 
[stage=2, 69700] loss: 0.402630465 
[stage=2, 69800] loss: 0.412043602 
[stage=2, 69900] loss: 0.413704661 
[stage=2, 70000] loss: 0.412474548 
[stage=2, 70100] loss: 0.430933932 
[stage=2, 70200] loss: 0.406666682 
[stage=2, 70300] loss: 0.372840928 
[stage=2, 70400] loss: 0.390936786 
[stage=2, 70500] loss: 0.395837749 
[stage=2, 70600] loss: 0.385582109 
[stage=2, 70700] loss: 0.419072495 
[stage=2, 70800] loss: 0.394802447 
[stage=2, 70900] loss: 0.400131184 
[stage=2, 71000] loss: 0.383227209 
[stage=2, 71100] loss: 0.407940832 
[stage=2, 71200] loss: 0.430490666 
[stage=2, 71300] loss: 0.403902980 
[stage=2, 71400] loss: 0.404676869 
[stage=2, 71500] loss: 0.388947867 
[stage=2, 71600] loss: 0.414703431 
[stage=2, 71700] loss: 0.401603114 
[stage=2, 71800] loss: 0.404592980 
[stage=2, 71900] loss: 0.392893595 
[stage=2, 72000] loss: 0.405838088 
[stage=2, 72100] loss: 0.394388480 
[stage=2, 72200] loss: 0.402050978 
[stage=2, 72300] loss: 0.397903174 
[stage=2, 72400] loss: 0.414952443 
[stage=2, 72500] loss: 0.405773485 
[stage=2, 72600] loss: 0.377096460 
[stage=2, 72700] loss: 0.407738574 
[stage=2, 72800] loss: 0.407138169 
[stage=2, 72900] loss: 0.396067752 
[stage=2, 73000] loss: 0.387412983 
[stage=2, 73100] loss: 0.411025072 
[stage=2, 73200] loss: 0.406959315 
[stage=2, 73300] loss: 0.381452082 
[stage=2, 73400] loss: 0.393938382 
[stage=2, 73500] loss: 0.408456801 
[stage=2, 73600] loss: 0.373236077 
[stage=2, 73700] loss: 0.415463234 
[stage=2, 73800] loss: 0.401574970 
[stage=2, 73900] loss: 0.408443015 
[stage=2, 74000] loss: 0.407299460 
[stage=2, 74100] loss: 0.413958625 
[stage=2, 74200] loss: 0.382543027 
[stage=2, 74300] loss: 0.392988910 
[stage=2, 74400] loss: 0.413535603 
[stage=2, 74500] loss: 0.388401486 
[stage=2, 74600] loss: 0.383186443 
[stage=2, 74700] loss: 0.375519638 
[stage=2, 74800] loss: 0.390283197 
[stage=2, 74900] loss: 0.385465933 
[stage=2, 75000] loss: 0.417064345 
[stage=2, 75100] loss: 0.394908461 
[stage=2, 75200] loss: 0.395417124 
[stage=2, 75300] loss: 0.370379909 
[stage=2, 75400] loss: 0.383052099 
[stage=2, 75500] loss: 0.381922858 
[stage=2, 75600] loss: 0.400355856 
[stage=2, 75700] loss: 0.398281838 
[stage=2, 75800] loss: 0.394149461 
[stage=2, 75900] loss: 0.415542117 
[stage=2, 76000] loss: 0.383622915 
[stage=2, 76100] loss: 0.412897098 
[stage=2, 76200] loss: 0.385032790 
[stage=2, 76300] loss: 0.393335716 
[stage=2, 76400] loss: 0.403706339 
[stage=2, 76500] loss: 0.428974894 
[stage=2, 76600] loss: 0.385823192 
[stage=2, 76700] loss: 0.382997496 
[stage=2, 76800] loss: 0.399055631 
[stage=2, 76900] loss: 0.375287700 
[stage=2, 77000] loss: 0.394359730 
[stage=2, 77100] loss: 0.391397506 
[stage=2, 77200] loss: 0.399469992 
[stage=2, 77300] loss: 0.397487725 
[stage=2, 77400] loss: 0.402777766 
[stage=2, 77500] loss: 0.389686683 
[stage=2, 77600] loss: 0.390122035 
[stage=2, 77700] loss: 0.377545329 
[stage=2, 77800] loss: 0.405016182 
[stage=2, 77900] loss: 0.373730338 
[stage=2, 78000] loss: 0.399838827 
[stage=2, 78100] loss: 0.407199429 
[stage=2, 78200] loss: 0.389738442 
[stage=2, 78300] loss: 0.391530609 
[stage=2, 78400] loss: 0.375597866 
[stage=2, 78500] loss: 0.405805346 
[stage=2, 78600] loss: 0.367063166 
[stage=2, 78700] loss: 0.379944434 
[stage=2, 78800] loss: 0.383058355 
[stage=2, 78900] loss: 0.405909974 
[stage=2, 79000] loss: 0.408849507 
[stage=2, 79100] loss: 0.362731285 
[stage=2, 79200] loss: 0.412048968 
[stage=2, 79300] loss: 0.361722254 
[stage=2, 79400] loss: 0.412994502 
[stage=2, 79500] loss: 0.397364140 
[stage=2, 79600] loss: 0.388575153 
[stage=2, 79700] loss: 0.385009385 
[stage=2, 79800] loss: 0.388708370 
[stage=2, 79900] loss: 0.389104068 
[stage=2, 80000] loss: 0.384539924 
[stage=2, 80100] loss: 0.382970136 
[stage=2, 80200] loss: 0.371588172 
[stage=2, 80300] loss: 0.341582569 
[stage=2, 80400] loss: 0.335739491 
[stage=2, 80500] loss: 0.356144551 
[stage=2, 80600] loss: 0.338647365 
[stage=2, 80700] loss: 0.354183964 
[stage=2, 80800] loss: 0.366330340 
[stage=2, 80900] loss: 0.346645660 
[stage=2, 81000] loss: 0.325662673 
[stage=2, 81100] loss: 0.362947616 
[stage=2, 81200] loss: 0.374221407 
[stage=2, 81300] loss: 0.347433801 
[stage=2, 81400] loss: 0.360473405 
[stage=2, 81500] loss: 0.342535190 
[stage=2, 81600] loss: 0.358818287 
[stage=2, 81700] loss: 0.356663531 
[stage=2, 81800] loss: 0.353692076 
[stage=2, 81900] loss: 0.336215705 
[stage=2, 82000] loss: 0.348125988 
[stage=2, 82100] loss: 0.357342506 
[stage=2, 82200] loss: 0.361752093 
[stage=2, 82300] loss: 0.341727128 
[stage=2, 82400] loss: 0.350393194 
[stage=2, 82500] loss: 0.329887740 
[stage=2, 82600] loss: 0.356823366 
[stage=2, 82700] loss: 0.353531259 
[stage=2, 82800] loss: 0.352754416 
[stage=2, 82900] loss: 0.345001247 
[stage=2, 83000] loss: 0.349905466 
[stage=2, 83100] loss: 0.344984964 
[stage=2, 83200] loss: 0.330710842 
[stage=2, 83300] loss: 0.347393578 
[stage=2, 83400] loss: 0.345260772 
[stage=2, 83500] loss: 0.355199884 
[stage=2, 83600] loss: 0.322943964 
[stage=2, 83700] loss: 0.359401307 
[stage=2, 83800] loss: 0.353857097 
[stage=2, 83900] loss: 0.346098612 
[stage=2, 84000] loss: 0.349631169 
[stage=2, 84100] loss: 0.366200679 
[stage=2, 84200] loss: 0.321957840 
[stage=2, 84300] loss: 0.347745471 
[stage=2, 84400] loss: 0.349959877 
[stage=2, 84500] loss: 0.338078207 
[stage=2, 84600] loss: 0.337750173 
[stage=2, 84700] loss: 0.323093181 
[stage=2, 84800] loss: 0.329848092 
[stage=2, 84900] loss: 0.334897707 
[stage=2, 85000] loss: 0.347944107 
[stage=2, 85100] loss: 0.344185770 
[stage=2, 85200] loss: 0.341052430 
[stage=2, 85300] loss: 0.326389914 
[stage=2, 85400] loss: 0.334109246 
[stage=2, 85500] loss: 0.334330211 
[stage=2, 85600] loss: 0.346434133 
[stage=2, 85700] loss: 0.330442141 
[stage=2, 85800] loss: 0.346517801 
[stage=2, 85900] loss: 0.346595332 
[stage=2, 86000] loss: 0.346317486 
[stage=2, 86100] loss: 0.354390442 
[stage=2, 86200] loss: 0.326774120 
[stage=2, 86300] loss: 0.339905242 
[stage=2, 86400] loss: 0.346555248 
[stage=2, 86500] loss: 0.366106710 
[stage=2, 86600] loss: 0.332897752 
[stage=2, 86700] loss: 0.328374522 
[stage=2, 86800] loss: 0.352378792 
[stage=2, 86900] loss: 0.317688535 
[stage=2, 87000] loss: 0.347739114 
[stage=2, 87100] loss: 0.352288118 
[stage=2, 87200] loss: 0.339934306 
[stage=2, 87300] loss: 0.337955584 
[stage=2, 87400] loss: 0.350660026 
[stage=2, 87500] loss: 0.350346831 
[stage=2, 87600] loss: 0.331907919 
[stage=2, 87700] loss: 0.328913491 
[stage=2, 87800] loss: 0.351499739 
[stage=2, 87900] loss: 0.325758677 
[stage=2, 88000] loss: 0.338934482 
[stage=2, 88100] loss: 0.356422458 
[stage=2, 88200] loss: 0.335952853 
[stage=2, 88300] loss: 0.336762305 
[stage=2, 88400] loss: 0.323568846 
[stage=2, 88500] loss: 0.339492427 
[stage=2, 88600] loss: 0.328293993 
[stage=2, 88700] loss: 0.326548499 
[stage=2, 88800] loss: 0.324009673 
[stage=2, 88900] loss: 0.336041528 
[stage=2, 89000] loss: 0.355596416 
[stage=2, 89100] loss: 0.316330201 
[stage=2, 89200] loss: 0.339006207 
[stage=2, 89300] loss: 0.318368139 
[stage=2, 89400] loss: 0.343257105 
[stage=2, 89500] loss: 0.347588899 
[stage=2, 89600] loss: 0.336514938 
[stage=2, 89700] loss: 0.328380502 
[stage=2, 89800] loss: 0.329236296 
[stage=2, 89900] loss: 0.328772136 
[stage=2, 90000] loss: 0.341431514 
[stage=2, 90100] loss: 0.345869455 
[stage=2, 90200] loss: 0.326561661 
[stage=2, 90300] loss: 0.328275451 
[stage=2, 90400] loss: 0.317759448 
[stage=2, 90500] loss: 0.329180018 
[stage=2, 90600] loss: 0.322612542 
[stage=2, 90700] loss: 0.346844677 
[stage=2, 90800] loss: 0.343180898 
[stage=2, 90900] loss: 0.323840840 
[stage=2, 91000] loss: 0.316571134 
[stage=2, 91100] loss: 0.344241563 
[stage=2, 91200] loss: 0.351448580 
[stage=2, 91300] loss: 0.336099174 
[stage=2, 91400] loss: 0.328853676 
[stage=2, 91500] loss: 0.318986820 
[stage=2, 91600] loss: 0.345039460 
[stage=2, 91700] loss: 0.334684409 
[stage=2, 91800] loss: 0.348274017 
[stage=2, 91900] loss: 0.327656485 
[stage=2, 92000] loss: 0.324642854 
[stage=2, 92100] loss: 0.336182821 
[stage=2, 92200] loss: 0.349078031 
[stage=2, 92300] loss: 0.333219377 
[stage=2, 92400] loss: 0.334670205 
[stage=2, 92500] loss: 0.321825993 
[stage=2, 92600] loss: 0.341736074 
[stage=2, 92700] loss: 0.337180493 
[stage=2, 92800] loss: 0.332334827 
[stage=2, 92900] loss: 0.333545855 
[stage=2, 93000] loss: 0.337724139 
[stage=2, 93100] loss: 0.330682073 
[stage=2, 93200] loss: 0.319894979 
[stage=2, 93300] loss: 0.331009163 
[stage=2, 93400] loss: 0.334809745 
[stage=2, 93500] loss: 0.343979028 
[stage=2, 93600] loss: 0.315151441 
[stage=2, 93700] loss: 0.338398499 
[stage=2, 93800] loss: 0.348236836 
[stage=2, 93900] loss: 0.337226594 
[stage=2, 94000] loss: 0.347188521 
[stage=2, 94100] loss: 0.348298992 
[stage=2, 94200] loss: 0.317157852 
[stage=2, 94300] loss: 0.331798271 
[stage=2, 94400] loss: 0.331840553 
[stage=2, 94500] loss: 0.324820132 
[stage=2, 94600] loss: 0.325796155 
[stage=2, 94700] loss: 0.312498104 
[stage=2, 94800] loss: 0.323115271 
[stage=2, 94900] loss: 0.322817915 
[stage=2, 95000] loss: 0.343362069 
[stage=2, 95100] loss: 0.336322115 
[stage=2, 95200] loss: 0.337618822 
[stage=2, 95300] loss: 0.326814322 
[stage=2, 95400] loss: 0.319532425 
[stage=2, 95500] loss: 0.332265500 
[stage=2, 95600] loss: 0.337585187 
[stage=2, 95700] loss: 0.314787142 
[stage=2, 95800] loss: 0.335244209 
[stage=2, 95900] loss: 0.340303113 
[stage=2, 96000] loss: 0.338037560 
[stage=2, 96100] loss: 0.340575137 
[stage=2, 96200] loss: 0.312466366 
[stage=2, 96300] loss: 0.331409541 
[stage=2, 96400] loss: 0.329426075 
[stage=2, 96500] loss: 0.359627434 
[stage=2, 96600] loss: 0.316597836 
[stage=2, 96700] loss: 0.314385452 
[stage=2, 96800] loss: 0.334444683 
[stage=2, 96900] loss: 0.317987132 
[stage=2, 97000] loss: 0.336411040 
[stage=2, 97100] loss: 0.331936254 
[stage=2, 97200] loss: 0.330926287 
[stage=2, 97300] loss: 0.329378594 
[stage=2, 97400] loss: 0.338297038 
[stage=2, 97500] loss: 0.338634937 
[stage=2, 97600] loss: 0.324010048 
[stage=2, 97700] loss: 0.322611358 
[stage=2, 97800] loss: 0.341018542 
[stage=2, 97900] loss: 0.320061606 
[stage=2, 98000] loss: 0.330413371 
[stage=2, 98100] loss: 0.349318874 
[stage=2, 98200] loss: 0.330678712 
[stage=2, 98300] loss: 0.324683993 
[stage=2, 98400] loss: 0.334500722 
[stage=2, 98500] loss: 0.326587753 
[stage=2, 98600] loss: 0.318538540 
[stage=2, 98700] loss: 0.313051699 
[stage=2, 98800] loss: 0.313543002 
[stage=2, 98900] loss: 0.345277025 
[stage=2, 99000] loss: 0.336085481 
[stage=2, 99100] loss: 0.327545516 
[stage=2, 99200] loss: 0.332143515 
[stage=2, 99300] loss: 0.315593614 
[stage=2, 99400] loss: 0.328022519 
[stage=2, 99500] loss: 0.345061799 
[stage=2, 99600] loss: 0.319891560 
[stage=2, 99700] loss: 0.325883819 
[stage=2, 99800] loss: 0.327185762 
[stage=2, 99900] loss: 0.330351076 
