[stage=2,   100] loss: 1.199682208 
[stage=2,   200] loss: 0.879059957 
[stage=2,   300] loss: 0.774731254 
[stage=2,   400] loss: 0.656734312 
[stage=2,   500] loss: 0.551222650 
[stage=2,   600] loss: 0.548109322 
[stage=2,   700] loss: 0.511054334 
[stage=2,   800] loss: 0.486981156 
[stage=2,   900] loss: 0.443414721 
[stage=2,  1000] loss: 0.422735185 
[stage=2,  1100] loss: 0.403781164 
[stage=2,  1200] loss: 0.418454561 
[stage=2,  1300] loss: 0.383848302 
[stage=2,  1400] loss: 0.388993759 
[stage=2,  1500] loss: 0.368562731 
[stage=2,  1600] loss: 0.354443047 
[stage=2,  1700] loss: 0.325721769 
[stage=2,  1800] loss: 0.348942138 
[stage=2,  1900] loss: 0.352553404 
[stage=2,  2000] loss: 0.320484635 
[stage=2,  2100] loss: 0.328481563 
[stage=2,  2200] loss: 0.320559687 
[stage=2,  2300] loss: 0.315428644 
[stage=2,  2400] loss: 0.328323392 
[stage=2,  2500] loss: 0.318251498 
[stage=2,  2600] loss: 0.321934665 
[stage=2,  2700] loss: 0.275558885 
[stage=2,  2800] loss: 0.307574684 
[stage=2,  2900] loss: 0.300539492 
[stage=2,  3000] loss: 0.298699358 
[stage=2,  3100] loss: 0.300296484 
[stage=2,  3200] loss: 0.287225636 
[stage=2,  3300] loss: 0.279097021 
[stage=2,  3400] loss: 0.307490084 
[stage=2,  3500] loss: 0.296578497 
[stage=2,  3600] loss: 0.282113529 
[stage=2,  3700] loss: 0.296468469 
[stage=2,  3800] loss: 0.276169154 
[stage=2,  3900] loss: 0.279978965 
[stage=2,  4000] loss: 0.294550327 
[stage=2,  4100] loss: 0.258054363 
[stage=2,  4200] loss: 0.259435501 
[stage=2,  4300] loss: 0.281413173 
[stage=2,  4400] loss: 0.276414779 
[stage=2,  4500] loss: 0.269795850 
[stage=2,  4600] loss: 0.258006732 
[stage=2,  4700] loss: 0.261773967 
[stage=2,  4800] loss: 0.260776041 
[stage=2,  4900] loss: 0.251691645 
[stage=2,  5000] loss: 0.251931713 
[stage=2,  5100] loss: 0.241814382 
[stage=2,  5200] loss: 0.265181393 
[stage=2,  5300] loss: 0.258785720 
[stage=2,  5400] loss: 0.251524539 
[stage=2,  5500] loss: 0.238943712 
[stage=2,  5600] loss: 0.258283330 
[stage=2,  5700] loss: 0.272212989 
[stage=2,  5800] loss: 0.253468816 
[stage=2,  5900] loss: 0.246580264 
[stage=2,  6000] loss: 0.254151271 
[stage=2,  6100] loss: 0.250515476 
[stage=2,  6200] loss: 0.246790509 
[stage=2,  6300] loss: 0.234930777 
[stage=2,  6400] loss: 0.234880162 
[stage=2,  6500] loss: 0.255463698 
[stage=2,  6600] loss: 0.244473100 
[stage=2,  6700] loss: 0.251506473 
[stage=2,  6800] loss: 0.241008685 
[stage=2,  6900] loss: 0.239063521 
[stage=2,  7000] loss: 0.247437823 
[stage=2,  7100] loss: 0.226781114 
[stage=2,  7200] loss: 0.253547092 
[stage=2,  7300] loss: 0.241739262 
[stage=2,  7400] loss: 0.245740255 
[stage=2,  7500] loss: 0.240992814 
[stage=2,  7600] loss: 0.239062048 
[stage=2,  7700] loss: 0.246476521 
[stage=2,  7800] loss: 0.235120175 
[stage=2,  7900] loss: 0.225959921 
[stage=2,  8000] loss: 0.237589614 
[stage=2,  8100] loss: 0.241626214 
[stage=2,  8200] loss: 0.227033694 
[stage=2,  8300] loss: 0.232079289 
[stage=2,  8400] loss: 0.237644263 
[stage=2,  8500] loss: 0.236970814 
[stage=2,  8600] loss: 0.240231474 
[stage=2,  8700] loss: 0.233765800 
[stage=2,  8800] loss: 0.223907419 
[stage=2,  8900] loss: 0.231084476 
[stage=2,  9000] loss: 0.235631518 
[stage=2,  9100] loss: 0.218813723 
[stage=2,  9200] loss: 0.218790814 
[stage=2,  9300] loss: 0.219337356 
[stage=2,  9400] loss: 0.224988957 
[stage=2,  9500] loss: 0.229297700 
[stage=2,  9600] loss: 0.229379058 
[stage=2,  9700] loss: 0.236126064 
[stage=2,  9800] loss: 0.232863620 
[stage=2,  9900] loss: 0.234304219 
[stage=2, 10000] loss: 0.214975932 
[stage=2, 10100] loss: 0.237212803 
[stage=2, 10200] loss: 0.226018272 
[stage=2, 10300] loss: 0.239089519 
[stage=2, 10400] loss: 0.218397876 
[stage=2, 10500] loss: 0.221254168 
[stage=2, 10600] loss: 0.224110099 
[stage=2, 10700] loss: 0.223367153 
[stage=2, 10800] loss: 0.228540336 
[stage=2, 10900] loss: 0.222580112 
[stage=2, 11000] loss: 0.221444398 
[stage=2, 11100] loss: 0.218288714 
[stage=2, 11200] loss: 0.222517541 
[stage=2, 11300] loss: 0.218023874 
[stage=2, 11400] loss: 0.216432952 
[stage=2, 11500] loss: 0.224762149 
[stage=2, 11600] loss: 0.219759066 
[stage=2, 11700] loss: 0.223357369 
[stage=2, 11800] loss: 0.219520751 
[stage=2, 11900] loss: 0.223485899 
[stage=2, 12000] loss: 0.198903297 
[stage=2, 12100] loss: 0.220871079 
[stage=2, 12200] loss: 0.211407234 
[stage=2, 12300] loss: 0.216111833 
[stage=2, 12400] loss: 0.206681819 
[stage=2, 12500] loss: 0.219702341 
[stage=2, 12600] loss: 0.216850059 
[stage=2, 12700] loss: 0.210034825 
[stage=2, 12800] loss: 0.217186575 
[stage=2, 12900] loss: 0.207674741 
[stage=2, 13000] loss: 0.211051046 
[stage=2, 13100] loss: 0.207065362 
[stage=2, 13200] loss: 0.212155158 
[stage=2, 13300] loss: 0.213406978 
[stage=2, 13400] loss: 0.214396110 
[stage=2, 13500] loss: 0.217074585 
[stage=2, 13600] loss: 0.215781256 
[stage=2, 13700] loss: 0.220064257 
[stage=2, 13800] loss: 0.208024899 
[stage=2, 13900] loss: 0.209982140 
[stage=2, 14000] loss: 0.219468878 
[stage=2, 14100] loss: 0.209690424 
[stage=2, 14200] loss: 0.204505829 
[stage=2, 14300] loss: 0.214674566 
[stage=2, 14400] loss: 0.207515285 
[stage=2, 14500] loss: 0.204641026 
[stage=2, 14600] loss: 0.214612521 
[stage=2, 14700] loss: 0.211986887 
[stage=2, 14800] loss: 0.218659491 
[stage=2, 14900] loss: 0.215811829 
[stage=2, 15000] loss: 0.219376474 
[stage=2, 15100] loss: 0.215219217 
[stage=2, 15200] loss: 0.212292691 
[stage=2, 15300] loss: 0.202760375 
[stage=2, 15400] loss: 0.205465794 
[stage=2, 15500] loss: 0.212052784 
[stage=2, 15600] loss: 0.214399133 
[stage=2, 15700] loss: 0.202581714 
[stage=2, 15800] loss: 0.206845416 
[stage=2, 15900] loss: 0.207721945 
[stage=2, 16000] loss: 0.208007840 
[stage=2, 16100] loss: 0.199891165 
[stage=2, 16200] loss: 0.207391463 
[stage=2, 16300] loss: 0.215476557 
[stage=2, 16400] loss: 0.201002411 
[stage=2, 16500] loss: 0.201229629 
[stage=2, 16600] loss: 0.197287668 
[stage=2, 16700] loss: 0.212697352 
[stage=2, 16800] loss: 0.206796027 
[stage=2, 16900] loss: 0.196052938 
[stage=2, 17000] loss: 0.201294328 
[stage=2, 17100] loss: 0.202681984 
[stage=2, 17200] loss: 0.197456362 
[stage=2, 17300] loss: 0.206667662 
[stage=2, 17400] loss: 0.210057126 
[stage=2, 17500] loss: 0.199532455 
[stage=2, 17600] loss: 0.201497776 
[stage=2, 17700] loss: 0.204971521 
[stage=2, 17800] loss: 0.211871594 
[stage=2, 17900] loss: 0.200087030 
[stage=2, 18000] loss: 0.205638077 
[stage=2, 18100] loss: 0.194712325 
[stage=2, 18200] loss: 0.206769138 
[stage=2, 18300] loss: 0.186591489 
[stage=2, 18400] loss: 0.196765165 
[stage=2, 18500] loss: 0.196856030 
[stage=2, 18600] loss: 0.206584216 
[stage=2, 18700] loss: 0.202262667 
[stage=2, 18800] loss: 0.197450441 
[stage=2, 18900] loss: 0.204180674 
[stage=2, 19000] loss: 0.203594303 
[stage=2, 19100] loss: 0.196175022 
[stage=2, 19200] loss: 0.203553031 
[stage=2, 19300] loss: 0.202217484 
[stage=2, 19400] loss: 0.195306994 
[stage=2, 19500] loss: 0.198792786 
[stage=2, 19600] loss: 0.197440416 
[stage=2, 19700] loss: 0.212342022 
[stage=2, 19800] loss: 0.196598996 
[stage=2, 19900] loss: 0.200275422 
[stage=2, 20000] loss: 0.195693279 
[stage=2, 20100] loss: 0.197316678 
[stage=2, 20200] loss: 0.196949980 
[stage=2, 20300] loss: 0.199186445 
[stage=2, 20400] loss: 0.201257955 
[stage=2, 20500] loss: 0.203498777 
[stage=2, 20600] loss: 0.188646540 
[stage=2, 20700] loss: 0.184858790 
[stage=2, 20800] loss: 0.196779387 
[stage=2, 20900] loss: 0.200295807 
[stage=2, 21000] loss: 0.194776186 
[stage=2, 21100] loss: 0.202086878 
[stage=2, 21200] loss: 0.200660336 
[stage=2, 21300] loss: 0.189838597 
[stage=2, 21400] loss: 0.184327472 
[stage=2, 21500] loss: 0.188118978 
[stage=2, 21600] loss: 0.192907717 
[stage=2, 21700] loss: 0.197353653 
[stage=2, 21800] loss: 0.202725459 
[stage=2, 21900] loss: 0.185549673 
[stage=2, 22000] loss: 0.198420823 
[stage=2, 22100] loss: 0.196641900 
[stage=2, 22200] loss: 0.190221101 
[stage=2, 22300] loss: 0.195966748 
[stage=2, 22400] loss: 0.185136623 
[stage=2, 22500] loss: 0.200630450 
[stage=2, 22600] loss: 0.183200155 
[stage=2, 22700] loss: 0.188967328 
[stage=2, 22800] loss: 0.194443409 
[stage=2, 22900] loss: 0.186510809 
[stage=2, 23000] loss: 0.195917820 
[stage=2, 23100] loss: 0.196418692 
[stage=2, 23200] loss: 0.188918894 
[stage=2, 23300] loss: 0.193538613 
[stage=2, 23400] loss: 0.194230198 
[stage=2, 23500] loss: 0.197504884 
[stage=2, 23600] loss: 0.192074066 
[stage=2, 23700] loss: 0.193558373 
[stage=2, 23800] loss: 0.195066995 
[stage=2, 23900] loss: 0.190009773 
[stage=2, 24000] loss: 0.192155228 
[stage=2, 24100] loss: 0.201351951 
[stage=2, 24200] loss: 0.193021074 
[stage=2, 24300] loss: 0.192061889 
[stage=2, 24400] loss: 0.190055010 
[stage=2, 24500] loss: 0.190227974 
[stage=2, 24600] loss: 0.184584729 
[stage=2, 24700] loss: 0.193312224 
[stage=2, 24800] loss: 0.190408538 
[stage=2, 24900] loss: 0.189348713 
[stage=2, 25000] loss: 0.193742331 
[stage=2, 25100] loss: 0.188768244 
[stage=2, 25200] loss: 0.188577340 
[stage=2, 25300] loss: 0.194941866 
[stage=2, 25400] loss: 0.191645569 
[stage=2, 25500] loss: 0.182491120 
[stage=2, 25600] loss: 0.189446455 
[stage=2, 25700] loss: 0.186100580 
[stage=2, 25800] loss: 0.194626484 
[stage=2, 25900] loss: 0.183706792 
[stage=2, 26000] loss: 0.186933781 
[stage=2, 26100] loss: 0.188673962 
[stage=2, 26200] loss: 0.176894920 
[stage=2, 26300] loss: 0.190059223 
[stage=2, 26400] loss: 0.186893978 
[stage=2, 26500] loss: 0.193570104 
[stage=2, 26600] loss: 0.190460751 
[stage=2, 26700] loss: 0.185854650 
[stage=2, 26800] loss: 0.181637497 
[stage=2, 26900] loss: 0.186105490 
[stage=2, 27000] loss: 0.189790707 
[stage=2, 27100] loss: 0.181637022 
[stage=2, 27200] loss: 0.180714494 
[stage=2, 27300] loss: 0.183306121 
[stage=2, 27400] loss: 0.175926174 
[stage=2, 27500] loss: 0.185375704 
[stage=2, 27600] loss: 0.184847349 
[stage=2, 27700] loss: 0.183426699 
[stage=2, 27800] loss: 0.181104569 
[stage=2, 27900] loss: 0.182209788 
[stage=2, 28000] loss: 0.179588878 
[stage=2, 28100] loss: 0.185606259 
[stage=2, 28200] loss: 0.186321349 
[stage=2, 28300] loss: 0.182980357 
[stage=2, 28400] loss: 0.192192080 
[stage=2, 28500] loss: 0.182265608 
[stage=2, 28600] loss: 0.180502987 
[stage=2, 28700] loss: 0.186366517 
[stage=2, 28800] loss: 0.183650158 
[stage=2, 28900] loss: 0.184363106 
[stage=2, 29000] loss: 0.191839648 
[stage=2, 29100] loss: 0.188474203 
[stage=2, 29200] loss: 0.186594273 
[stage=2, 29300] loss: 0.195253231 
[stage=2, 29400] loss: 0.181258700 
[stage=2, 29500] loss: 0.193377755 
[stage=2, 29600] loss: 0.187123237 
[stage=2, 29700] loss: 0.180503164 
[stage=2, 29800] loss: 0.176622925 
[stage=2, 29900] loss: 0.186215723 
[stage=2, 30000] loss: 0.193841555 
[stage=2, 30100] loss: 0.183104190 
[stage=2, 30200] loss: 0.181605039 
[stage=2, 30300] loss: 0.191655995 
[stage=2, 30400] loss: 0.188878657 
[stage=2, 30500] loss: 0.181642528 
[stage=2, 30600] loss: 0.192065833 
[stage=2, 30700] loss: 0.178796509 
[stage=2, 30800] loss: 0.180432990 
[stage=2, 30900] loss: 0.185333355 
[stage=2, 31000] loss: 0.178376303 
[stage=2, 31100] loss: 0.182594473 
[stage=2, 31200] loss: 0.180212372 
[stage=2, 31300] loss: 0.176218958 
[stage=2, 31400] loss: 0.181887417 
[stage=2, 31500] loss: 0.180929645 
[stage=2, 31600] loss: 0.182188847 
[stage=2, 31700] loss: 0.192015946 
[stage=2, 31800] loss: 0.170120840 
[stage=2, 31900] loss: 0.182852837 
[stage=2, 32000] loss: 0.177867297 
[stage=2, 32100] loss: 0.179196156 
[stage=2, 32200] loss: 0.183946960 
[stage=2, 32300] loss: 0.177936852 
[stage=2, 32400] loss: 0.175838202 
[stage=2, 32500] loss: 0.172409675 
[stage=2, 32600] loss: 0.185596138 
[stage=2, 32700] loss: 0.171365553 
[stage=2, 32800] loss: 0.182698449 
[stage=2, 32900] loss: 0.181394852 
[stage=2, 33000] loss: 0.182565581 
[stage=2, 33100] loss: 0.179573850 
[stage=2, 33200] loss: 0.178969717 
[stage=2, 33300] loss: 0.176789781 
[stage=2, 33400] loss: 0.173105451 
[stage=2, 33500] loss: 0.166881998 
[stage=2, 33600] loss: 0.175638956 
[stage=2, 33700] loss: 0.172334830 
[stage=2, 33800] loss: 0.184465523 
[stage=2, 33900] loss: 0.182450167 
[stage=2, 34000] loss: 0.176387889 
[stage=2, 34100] loss: 0.169851814 
[stage=2, 34200] loss: 0.185141346 
[stage=2, 34300] loss: 0.173213179 
[stage=2, 34400] loss: 0.180956362 
[stage=2, 34500] loss: 0.178513017 
[stage=2, 34600] loss: 0.180589346 
[stage=2, 34700] loss: 0.173677783 
[stage=2, 34800] loss: 0.176578162 
[stage=2, 34900] loss: 0.179797785 
[stage=2, 35000] loss: 0.177780607 
[stage=2, 35100] loss: 0.170154765 
[stage=2, 35200] loss: 0.178017938 
[stage=2, 35300] loss: 0.183173271 
[stage=2, 35400] loss: 0.171385082 
[stage=2, 35500] loss: 0.178810824 
[stage=2, 35600] loss: 0.182286803 
[stage=2, 35700] loss: 0.183431020 
[stage=2, 35800] loss: 0.176823175 
[stage=2, 35900] loss: 0.181194533 
[stage=2, 36000] loss: 0.185279023 
[stage=2, 36100] loss: 0.173153714 
[stage=2, 36200] loss: 0.182457942 
[stage=2, 36300] loss: 0.177391096 
[stage=2, 36400] loss: 0.175396202 
[stage=2, 36500] loss: 0.176392740 
[stage=2, 36600] loss: 0.181866677 
[stage=2, 36700] loss: 0.168223296 
[stage=2, 36800] loss: 0.172299943 
[stage=2, 36900] loss: 0.178797264 
[stage=2, 37000] loss: 0.176175277 
[stage=2, 37100] loss: 0.178616678 
[stage=2, 37200] loss: 0.177435669 
[stage=2, 37300] loss: 0.170116394 
[stage=2, 37400] loss: 0.176672932 
[stage=2, 37500] loss: 0.173811163 
[stage=2, 37600] loss: 0.174677686 
[stage=2, 37700] loss: 0.181065574 
[stage=2, 37800] loss: 0.170140341 
[stage=2, 37900] loss: 0.169541681 
[stage=2, 38000] loss: 0.169614129 
[stage=2, 38100] loss: 0.172493242 
[stage=2, 38200] loss: 0.175917029 
[stage=2, 38300] loss: 0.174273119 
[stage=2, 38400] loss: 0.169422665 
[stage=2, 38500] loss: 0.171777503 
[stage=2, 38600] loss: 0.177723032 
[stage=2, 38700] loss: 0.174111492 
[stage=2, 38800] loss: 0.174875535 
[stage=2, 38900] loss: 0.170892397 
[stage=2, 39000] loss: 0.177328578 
[stage=2, 39100] loss: 0.173873745 
[stage=2, 39200] loss: 0.175622349 
[stage=2, 39300] loss: 0.174256172 
[stage=2, 39400] loss: 0.179938205 
[stage=2, 39500] loss: 0.169342367 
[stage=2, 39600] loss: 0.175564894 
[stage=2, 39700] loss: 0.172090057 
[stage=2, 39800] loss: 0.166967854 
[stage=2, 39900] loss: 0.182398666 
[stage=2, 40000] loss: 0.171238630 
[stage=2, 40100] loss: 0.174376663 
[stage=2, 40200] loss: 0.164544631 
[stage=2, 40300] loss: 0.170834644 
[stage=2, 40400] loss: 0.171875119 
[stage=2, 40500] loss: 0.168057434 
[stage=2, 40600] loss: 0.180247501 
[stage=2, 40700] loss: 0.176092423 
[stage=2, 40800] loss: 0.168912118 
[stage=2, 40900] loss: 0.168152624 
[stage=2, 41000] loss: 0.178822050 
[stage=2, 41100] loss: 0.184223842 
[stage=2, 41200] loss: 0.163979201 
[stage=2, 41300] loss: 0.177061310 
[stage=2, 41400] loss: 0.171243402 
[stage=2, 41500] loss: 0.183128527 
[stage=2, 41600] loss: 0.175014340 
[stage=2, 41700] loss: 0.169782218 
[stage=2, 41800] loss: 0.169104892 
[stage=2, 41900] loss: 0.167536319 
[stage=2, 42000] loss: 0.168232891 
[stage=2, 42100] loss: 0.175044498 
[stage=2, 42200] loss: 0.165394539 
[stage=2, 42300] loss: 0.171264992 
[stage=2, 42400] loss: 0.170011099 
[stage=2, 42500] loss: 0.163681741 
[stage=2, 42600] loss: 0.174413292 
[stage=2, 42700] loss: 0.160089656 
[stage=2, 42800] loss: 0.171849580 
[stage=2, 42900] loss: 0.173777575 
[stage=2, 43000] loss: 0.172631999 
[stage=2, 43100] loss: 0.170195720 
[stage=2, 43200] loss: 0.177734884 
[stage=2, 43300] loss: 0.163407792 
[stage=2, 43400] loss: 0.176002075 
[stage=2, 43500] loss: 0.172950685 
[stage=2, 43600] loss: 0.161088304 
[stage=2, 43700] loss: 0.173230098 
[stage=2, 43800] loss: 0.167817575 
[stage=2, 43900] loss: 0.176757327 
[stage=2, 44000] loss: 0.172489331 
[stage=2, 44100] loss: 0.176070933 
[stage=2, 44200] loss: 0.168629853 
[stage=2, 44300] loss: 0.171017790 
[stage=2, 44400] loss: 0.169053338 
[stage=2, 44500] loss: 0.171063162 
[stage=2, 44600] loss: 0.169007207 
[stage=2, 44700] loss: 0.166046701 
[stage=2, 44800] loss: 0.168593675 
[stage=2, 44900] loss: 0.173585876 
[stage=2, 45000] loss: 0.175199688 
[stage=2, 45100] loss: 0.167945609 
[stage=2, 45200] loss: 0.167159136 
[stage=2, 45300] loss: 0.171964618 
[stage=2, 45400] loss: 0.169170102 
[stage=2, 45500] loss: 0.167004653 
[stage=2, 45600] loss: 0.168255475 
[stage=2, 45700] loss: 0.162683984 
[stage=2, 45800] loss: 0.170839924 
[stage=2, 45900] loss: 0.166344622 
[stage=2, 46000] loss: 0.169880871 
[stage=2, 46100] loss: 0.167716449 
[stage=2, 46200] loss: 0.167002470 
[stage=2, 46300] loss: 0.163798477 
[stage=2, 46400] loss: 0.163453077 
[stage=2, 46500] loss: 0.170298377 
[stage=2, 46600] loss: 0.166362106 
[stage=2, 46700] loss: 0.169166055 
[stage=2, 46800] loss: 0.159835493 
[stage=2, 46900] loss: 0.164269884 
[stage=2, 47000] loss: 0.175352193 
[stage=2, 47100] loss: 0.170694997 
[stage=2, 47200] loss: 0.166901400 
[stage=2, 47300] loss: 0.163229687 
[stage=2, 47400] loss: 0.178075689 
[stage=2, 47500] loss: 0.167198139 
[stage=2, 47600] loss: 0.173042856 
[stage=2, 47700] loss: 0.169933429 
[stage=2, 47800] loss: 0.175171767 
[stage=2, 47900] loss: 0.165551486 
[stage=2, 48000] loss: 0.171942364 
[stage=2, 48100] loss: 0.173890915 
[stage=2, 48200] loss: 0.166650027 
[stage=2, 48300] loss: 0.167549580 
[stage=2, 48400] loss: 0.169846125 
[stage=2, 48500] loss: 0.162763898 
[stage=2, 48600] loss: 0.166335498 
[stage=2, 48700] loss: 0.166402789 
[stage=2, 48800] loss: 0.166070779 
[stage=2, 48900] loss: 0.162399226 
[stage=2, 49000] loss: 0.166495293 
[stage=2, 49100] loss: 0.165000632 
[stage=2, 49200] loss: 0.166532056 
[stage=2, 49300] loss: 0.162118569 
[stage=2, 49400] loss: 0.162284928 
[stage=2, 49500] loss: 0.170752282 
[stage=2, 49600] loss: 0.168604649 
[stage=2, 49700] loss: 0.160881799 
[stage=2, 49800] loss: 0.169736710 
[stage=2, 49900] loss: 0.168296365 
[stage=2, 50000] loss: 0.162197061 
[stage=2, 50100] loss: 0.169007531 
[stage=2, 50200] loss: 0.166059384 
[stage=2, 50300] loss: 0.163154968 
[stage=2, 50400] loss: 0.166162853 
[stage=2, 50500] loss: 0.166139693 
[stage=2, 50600] loss: 0.165595157 
[stage=2, 50700] loss: 0.166958516 
[stage=2, 50800] loss: 0.167738442 
[stage=2, 50900] loss: 0.162998596 
[stage=2, 51000] loss: 0.171025019 
[stage=2, 51100] loss: 0.155616340 
[stage=2, 51200] loss: 0.169837847 
[stage=2, 51300] loss: 0.163787104 
[stage=2, 51400] loss: 0.159311071 
[stage=2, 51500] loss: 0.162286614 
[stage=2, 51600] loss: 0.159750339 
[stage=2, 51700] loss: 0.157912253 
[stage=2, 51800] loss: 0.168348975 
[stage=2, 51900] loss: 0.161970716 
[stage=2, 52000] loss: 0.171780820 
[stage=2, 52100] loss: 0.166747954 
[stage=2, 52200] loss: 0.166060113 
[stage=2, 52300] loss: 0.166733390 
[stage=2, 52400] loss: 0.158189744 
[stage=2, 52500] loss: 0.170121028 
[stage=2, 52600] loss: 0.170367915 
[stage=2, 52700] loss: 0.157356197 
[stage=2, 52800] loss: 0.166294761 
[stage=2, 52900] loss: 0.167365483 
[stage=2, 53000] loss: 0.164067022 
[stage=2, 53100] loss: 0.160599983 
[stage=2, 53200] loss: 0.161458604 
[stage=2, 53300] loss: 0.169043715 
[stage=2, 53400] loss: 0.159700754 
[stage=2, 53500] loss: 0.168357971 
[stage=2, 53600] loss: 0.160814649 
[stage=2, 53700] loss: 0.159799767 
[stage=2, 53800] loss: 0.160221367 
[stage=2, 53900] loss: 0.162734052 
[stage=2, 54000] loss: 0.162225546 
[stage=2, 54100] loss: 0.168773427 
[stage=2, 54200] loss: 0.173554010 
[stage=2, 54300] loss: 0.162663811 
[stage=2, 54400] loss: 0.163063357 
[stage=2, 54500] loss: 0.154364312 
[stage=2, 54600] loss: 0.168401125 
[stage=2, 54700] loss: 0.160776667 
[stage=2, 54800] loss: 0.165907114 
[stage=2, 54900] loss: 0.164963945 
[stage=2, 55000] loss: 0.161306386 
[stage=2, 55100] loss: 0.168731047 
[stage=2, 55200] loss: 0.153957541 
[stage=2, 55300] loss: 0.163286281 
[stage=2, 55400] loss: 0.162386052 
[stage=2, 55500] loss: 0.163852369 
[stage=2, 55600] loss: 0.165353677 
[stage=2, 55700] loss: 0.155912475 
[stage=2, 55800] loss: 0.161318250 
[stage=2, 55900] loss: 0.162678569 
[stage=2, 56000] loss: 0.169879200 
[stage=2, 56100] loss: 0.161991705 
[stage=2, 56200] loss: 0.165792436 
[stage=2, 56300] loss: 0.155741250 
[stage=2, 56400] loss: 0.162288544 
[stage=2, 56500] loss: 0.161084588 
[stage=2, 56600] loss: 0.156968098 
[stage=2, 56700] loss: 0.161604240 
[stage=2, 56800] loss: 0.156356229 
[stage=2, 56900] loss: 0.162468750 
[stage=2, 57000] loss: 0.162800945 
[stage=2, 57100] loss: 0.158268679 
[stage=2, 57200] loss: 0.157792994 
[stage=2, 57300] loss: 0.165105770 
[stage=2, 57400] loss: 0.160961973 
[stage=2, 57500] loss: 0.153116116 
[stage=2, 57600] loss: 0.159978519 
[stage=2, 57700] loss: 0.163709973 
[stage=2, 57800] loss: 0.162230627 
[stage=2, 57900] loss: 0.154985215 
[stage=2, 58000] loss: 0.166393304 
[stage=2, 58100] loss: 0.161529391 
[stage=2, 58200] loss: 0.161971822 
[stage=2, 58300] loss: 0.157797756 
[stage=2, 58400] loss: 0.163498343 
[stage=2, 58500] loss: 0.154274899 
[stage=2, 58600] loss: 0.162233263 
[stage=2, 58700] loss: 0.168610598 
[stage=2, 58800] loss: 0.154468039 
[stage=2, 58900] loss: 0.164080339 
[stage=2, 59000] loss: 0.160136858 
[stage=2, 59100] loss: 0.152248710 
[stage=2, 59200] loss: 0.165140830 
[stage=2, 59300] loss: 0.154403415 
[stage=2, 59400] loss: 0.168204991 
[stage=2, 59500] loss: 0.156859226 
[stage=2, 59600] loss: 0.160739608 
[stage=2, 59700] loss: 0.162771389 
[stage=2, 59800] loss: 0.152399365 
[stage=2, 59900] loss: 0.163996282 
[stage=2, 60000] loss: 0.160019824 
[stage=2, 60100] loss: 0.162417996 
[stage=2, 60200] loss: 0.155459212 
[stage=2, 60300] loss: 0.158696731 
[stage=2, 60400] loss: 0.164781940 
[stage=2, 60500] loss: 0.168220417 
[stage=2, 60600] loss: 0.154350679 
[stage=2, 60700] loss: 0.162594598 
[stage=2, 60800] loss: 0.155426494 
[stage=2, 60900] loss: 0.159840443 
[stage=2, 61000] loss: 0.157840868 
[stage=2, 61100] loss: 0.160461565 
[stage=2, 61200] loss: 0.158990926 
[stage=2, 61300] loss: 0.157055887 
[stage=2, 61400] loss: 0.159697443 
[stage=2, 61500] loss: 0.149321632 
[stage=2, 61600] loss: 0.156163231 
[stage=2, 61700] loss: 0.156607064 
[stage=2, 61800] loss: 0.161150204 
[stage=2, 61900] loss: 0.165679711 
[stage=2, 62000] loss: 0.155282096 
[stage=2, 62100] loss: 0.157195854 
[stage=2, 62200] loss: 0.159723966 
[stage=2, 62300] loss: 0.158935780 
[stage=2, 62400] loss: 0.157815681 
[stage=2, 62500] loss: 0.157330384 
[stage=2, 62600] loss: 0.161611784 
[stage=2, 62700] loss: 0.161161017 
[stage=2, 62800] loss: 0.160205514 
[stage=2, 62900] loss: 0.159457466 
[stage=2, 63000] loss: 0.160597205 
[stage=2, 63100] loss: 0.157104738 
[stage=2, 63200] loss: 0.156253067 
[stage=2, 63300] loss: 0.157141144 
[stage=2, 63400] loss: 0.156980601 
[stage=2, 63500] loss: 0.158156455 
[stage=2, 63600] loss: 0.153655239 
[stage=2, 63700] loss: 0.160095272 
[stage=2, 63800] loss: 0.154871867 
[stage=2, 63900] loss: 0.160730397 
[stage=2, 64000] loss: 0.163412582 
[stage=2, 64100] loss: 0.161566432 
[stage=2, 64200] loss: 0.154512907 
[stage=2, 64300] loss: 0.155907846 
[stage=2, 64400] loss: 0.148652375 
[stage=2, 64500] loss: 0.161589414 
[stage=2, 64600] loss: 0.156704125 
[stage=2, 64700] loss: 0.156644790 
[stage=2, 64800] loss: 0.149169672 
[stage=2, 64900] loss: 0.164308543 
[stage=2, 65000] loss: 0.152898046 
[stage=2, 65100] loss: 0.154688054 
[stage=2, 65200] loss: 0.156924674 
[stage=2, 65300] loss: 0.159727124 
[stage=2, 65400] loss: 0.154100948 
[stage=2, 65500] loss: 0.156529781 
[stage=2, 65600] loss: 0.159716038 
[stage=2, 65700] loss: 0.158051056 
[stage=2, 65800] loss: 0.157872768 
[stage=2, 65900] loss: 0.156970612 
[stage=2, 66000] loss: 0.152194699 
[stage=2, 66100] loss: 0.155717286 
[stage=2, 66200] loss: 0.167392477 
[stage=2, 66300] loss: 0.154392351 
[stage=2, 66400] loss: 0.159169506 
[stage=2, 66500] loss: 0.162640098 
[stage=2, 66600] loss: 0.152753448 
[stage=2, 66700] loss: 0.153201229 
[stage=2, 66800] loss: 0.157144087 
[stage=2, 66900] loss: 0.156387886 
[stage=2, 67000] loss: 0.150410361 
[stage=2, 67100] loss: 0.164879272 
[stage=2, 67200] loss: 0.159970343 
[stage=2, 67300] loss: 0.153533783 
[stage=2, 67400] loss: 0.163361392 
[stage=2, 67500] loss: 0.161928857 
[stage=2, 67600] loss: 0.156755764 
[stage=2, 67700] loss: 0.154892645 
[stage=2, 67800] loss: 0.156485341 
[stage=2, 67900] loss: 0.160483278 
[stage=2, 68000] loss: 0.150333870 
[stage=2, 68100] loss: 0.156551704 
[stage=2, 68200] loss: 0.158837935 
[stage=2, 68300] loss: 0.152203795 
[stage=2, 68400] loss: 0.160486549 
[stage=2, 68500] loss: 0.151492389 
[stage=2, 68600] loss: 0.158215441 
[stage=2, 68700] loss: 0.154506488 
[stage=2, 68800] loss: 0.147117107 
[stage=2, 68900] loss: 0.159791782 
[stage=2, 69000] loss: 0.154630259 
[stage=2, 69100] loss: 0.159588214 
[stage=2, 69200] loss: 0.150478243 
[stage=2, 69300] loss: 0.150617318 
[stage=2, 69400] loss: 0.160569662 
[stage=2, 69500] loss: 0.155740333 
[stage=2, 69600] loss: 0.147832649 
[stage=2, 69700] loss: 0.147182717 
[stage=2, 69800] loss: 0.150120828 
[stage=2, 69900] loss: 0.155454435 
[stage=2, 70000] loss: 0.156342702 
[stage=2, 70100] loss: 0.153727226 
[stage=2, 70200] loss: 0.165542929 
[stage=2, 70300] loss: 0.149766035 
[stage=2, 70400] loss: 0.151392376 
[stage=2, 70500] loss: 0.156767069 
[stage=2, 70600] loss: 0.162934772 
[stage=2, 70700] loss: 0.153960544 
[stage=2, 70800] loss: 0.154293391 
[stage=2, 70900] loss: 0.143680228 
[stage=2, 71000] loss: 0.150504718 
[stage=2, 71100] loss: 0.148269997 
[stage=2, 71200] loss: 0.152238224 
[stage=2, 71300] loss: 0.151589688 
[stage=2, 71400] loss: 0.158969336 
[stage=2, 71500] loss: 0.163070530 
[stage=2, 71600] loss: 0.155443679 
[stage=2, 71700] loss: 0.153247111 
[stage=2, 71800] loss: 0.150047988 
[stage=2, 71900] loss: 0.155318075 
[stage=2, 72000] loss: 0.148978232 
[stage=2, 72100] loss: 0.159133442 
[stage=2, 72200] loss: 0.142737332 
[stage=2, 72300] loss: 0.145776121 
[stage=2, 72400] loss: 0.150014810 
[stage=2, 72500] loss: 0.149948554 
[stage=2, 72600] loss: 0.146115429 
[stage=2, 72700] loss: 0.133879475 
[stage=2, 72800] loss: 0.136818254 
[stage=2, 72900] loss: 0.139959991 
[stage=2, 73000] loss: 0.138300060 
[stage=2, 73100] loss: 0.139358988 
[stage=2, 73200] loss: 0.139647158 
[stage=2, 73300] loss: 0.139698725 
[stage=2, 73400] loss: 0.139801516 
[stage=2, 73500] loss: 0.140791708 
[stage=2, 73600] loss: 0.133092461 
[stage=2, 73700] loss: 0.147794497 
[stage=2, 73800] loss: 0.141850944 
[stage=2, 73900] loss: 0.136399079 
[stage=2, 74000] loss: 0.141017715 
[stage=2, 74100] loss: 0.141275225 
[stage=2, 74200] loss: 0.133827857 
[stage=2, 74300] loss: 0.136322993 
[stage=2, 74400] loss: 0.139210512 
[stage=2, 74500] loss: 0.137726991 
[stage=2, 74600] loss: 0.142212734 
[stage=2, 74700] loss: 0.140688257 
[stage=2, 74800] loss: 0.141261788 
[stage=2, 74900] loss: 0.138638849 
[stage=2, 75000] loss: 0.133428420 
[stage=2, 75100] loss: 0.145828301 
[stage=2, 75200] loss: 0.137829972 
[stage=2, 75300] loss: 0.137600848 
[stage=2, 75400] loss: 0.139018860 
[stage=2, 75500] loss: 0.144866460 
[stage=2, 75600] loss: 0.132092782 
[stage=2, 75700] loss: 0.136364091 
[stage=2, 75800] loss: 0.137891235 
[stage=2, 75900] loss: 0.140828485 
[stage=2, 76000] loss: 0.137757651 
[stage=2, 76100] loss: 0.132225851 
[stage=2, 76200] loss: 0.144080042 
[stage=2, 76300] loss: 0.145415207 
[stage=2, 76400] loss: 0.135376197 
[stage=2, 76500] loss: 0.142578002 
[stage=2, 76600] loss: 0.130478140 
[stage=2, 76700] loss: 0.135960134 
[stage=2, 76800] loss: 0.135560534 
[stage=2, 76900] loss: 0.137770877 
[stage=2, 77000] loss: 0.137863021 
[stage=2, 77100] loss: 0.134831052 
[stage=2, 77200] loss: 0.139292499 
[stage=2, 77300] loss: 0.127981782 
[stage=2, 77400] loss: 0.137608255 
[stage=2, 77500] loss: 0.143552166 
[stage=2, 77600] loss: 0.142298078 
[stage=2, 77700] loss: 0.136988884 
[stage=2, 77800] loss: 0.141829328 
[stage=2, 77900] loss: 0.137623530 
[stage=2, 78000] loss: 0.135159814 
[stage=2, 78100] loss: 0.135779741 
[stage=2, 78200] loss: 0.133857868 
[stage=2, 78300] loss: 0.135305167 
[stage=2, 78400] loss: 0.135793517 
[stage=2, 78500] loss: 0.136325756 
[stage=2, 78600] loss: 0.138584198 
[stage=2, 78700] loss: 0.137238317 
[stage=2, 78800] loss: 0.139051746 
[stage=2, 78900] loss: 0.130954948 
[stage=2, 79000] loss: 0.133314382 
[stage=2, 79100] loss: 0.142497641 
[stage=2, 79200] loss: 0.139178114 
[stage=2, 79300] loss: 0.130949101 
[stage=2, 79400] loss: 0.139806294 
[stage=2, 79500] loss: 0.131721736 
[stage=2, 79600] loss: 0.136783676 
[stage=2, 79700] loss: 0.137190617 
[stage=2, 79800] loss: 0.134437955 
[stage=2, 79900] loss: 0.134197119 
[stage=2, 80000] loss: 0.145729496 
[stage=2, 80100] loss: 0.138754333 
[stage=2, 80200] loss: 0.140304280 
[stage=2, 80300] loss: 0.142994146 
[stage=2, 80400] loss: 0.127901802 
[stage=2, 80500] loss: 0.141094404 
[stage=2, 80600] loss: 0.140916951 
[stage=2, 80700] loss: 0.133994072 
[stage=2, 80800] loss: 0.135239444 
[stage=2, 80900] loss: 0.134020602 
[stage=2, 81000] loss: 0.132429467 
[stage=2, 81100] loss: 0.127267730 
[stage=2, 81200] loss: 0.133530903 
[stage=2, 81300] loss: 0.138597448 
[stage=2, 81400] loss: 0.132582451 
[stage=2, 81500] loss: 0.135935359 
[stage=2, 81600] loss: 0.142192588 
[stage=2, 81700] loss: 0.134201947 
[stage=2, 81800] loss: 0.138710702 
[stage=2, 81900] loss: 0.137009859 
[stage=2, 82000] loss: 0.134130485 
[stage=2, 82100] loss: 0.138113686 
[stage=2, 82200] loss: 0.133948800 
[stage=2, 82300] loss: 0.134953395 
[stage=2, 82400] loss: 0.133847280 
[stage=2, 82500] loss: 0.137972259 
[stage=2, 82600] loss: 0.139679395 
[stage=2, 82700] loss: 0.132037774 
[stage=2, 82800] loss: 0.134610179 
[stage=2, 82900] loss: 0.130259067 
[stage=2, 83000] loss: 0.136046501 
[stage=2, 83100] loss: 0.133421259 
[stage=2, 83200] loss: 0.140420360 
[stage=2, 83300] loss: 0.139899903 
[stage=2, 83400] loss: 0.131491815 
[stage=2, 83500] loss: 0.140293253 
[stage=2, 83600] loss: 0.130644109 
[stage=2, 83700] loss: 0.127699584 
[stage=2, 83800] loss: 0.133939817 
[stage=2, 83900] loss: 0.133986101 
[stage=2, 84000] loss: 0.128409235 
[stage=2, 84100] loss: 0.134800989 
[stage=2, 84200] loss: 0.130884366 
[stage=2, 84300] loss: 0.133962399 
[stage=2, 84400] loss: 0.138388578 
[stage=2, 84500] loss: 0.138979155 
[stage=2, 84600] loss: 0.129492469 
[stage=2, 84700] loss: 0.138426357 
[stage=2, 84800] loss: 0.126819251 
[stage=2, 84900] loss: 0.128277857 
[stage=2, 85000] loss: 0.131194548 
[stage=2, 85100] loss: 0.138413061 
[stage=2, 85200] loss: 0.140115603 
[stage=2, 85300] loss: 0.129323758 
[stage=2, 85400] loss: 0.131044151 
[stage=2, 85500] loss: 0.140598131 
[stage=2, 85600] loss: 0.136458462 
[stage=2, 85700] loss: 0.133173966 
[stage=2, 85800] loss: 0.132676640 
[stage=2, 85900] loss: 0.145257991 
[stage=2, 86000] loss: 0.127584896 
[stage=2, 86100] loss: 0.135777749 
[stage=2, 86200] loss: 0.136308339 
[stage=2, 86300] loss: 0.134951686 
[stage=2, 86400] loss: 0.134214464 
[stage=2, 86500] loss: 0.130327515 
[stage=2, 86600] loss: 0.132269702 
[stage=2, 86700] loss: 0.141381070 
[stage=2, 86800] loss: 0.137770858 
[stage=2, 86900] loss: 0.135895657 
[stage=2, 87000] loss: 0.127828220 
[stage=2, 87100] loss: 0.132271814 
[stage=2, 87200] loss: 0.136686419 
[stage=2, 87300] loss: 0.134734254 
[stage=2, 87400] loss: 0.129935065 
[stage=2, 87500] loss: 0.137436496 
[stage=2, 87600] loss: 0.135828394 
[stage=2, 87700] loss: 0.134931880 
[stage=2, 87800] loss: 0.125847218 
[stage=2, 87900] loss: 0.129229958 
[stage=2, 88000] loss: 0.132555003 
[stage=2, 88100] loss: 0.132346308 
[stage=2, 88200] loss: 0.136252610 
[stage=2, 88300] loss: 0.132814825 
[stage=2, 88400] loss: 0.136442502 
[stage=2, 88500] loss: 0.134119011 
[stage=2, 88600] loss: 0.131157191 
[stage=2, 88700] loss: 0.134380369 
[stage=2, 88800] loss: 0.133223545 
[stage=2, 88900] loss: 0.130357500 
[stage=2, 89000] loss: 0.131863252 
[stage=2, 89100] loss: 0.141960401 
[stage=2, 89200] loss: 0.132204635 
[stage=2, 89300] loss: 0.132767435 
[stage=2, 89400] loss: 0.139139974 
[stage=2, 89500] loss: 0.132575698 
[stage=2, 89600] loss: 0.127812544 
[stage=2, 89700] loss: 0.135008308 
[stage=2, 89800] loss: 0.138526692 
[stage=2, 89900] loss: 0.131160764 
