shufflenetv2-fast 470007
sc-inv  a10     a1     a2      a3   rmse log_rmse rel   sq_rel1 sq_rel2 log10

0.1614 0.8931 0.9482 0.9683 0.9787 0.4012 0.1632 0.0788 0.1051 0.0987 0.0267 # shufflentv2_fast
0.2107 0.8010 0.8966 0.9412 0.9615 0.5679 0.2160 0.1203 0.3077 0.1803 0.0445 # resnet_resnet
0.1618 0.8835 0.9467 0.9686 0.9794 0.3982 0.1633 0.0798 0.1027 0.0961 0.027  # shufflev2_aspp
0.2108 0.8009 0.8966 0.9412 0.9615 0.5680 0.2160 0.1203 0.3079 0.1804 0.0445 # shuffle_fast
0.1719 0.8375 0.9370 0.9657 0.9785 0.4268 0.1737 0.0933 0.1120 0.1074 0.032  # fast_fast
0.2107 0.4293 0.6966 0.8675 0.9340 0.8517 0.3162 0.2457 0.3503 0.3447 0.0934 # aspp_fast
0.5589 0.1763 0.3729 0.6201 0.7712 1.5262 0.5721 0.5407 1.2282 1.3007 0.1946 # mobile_fast
0.4820 0.2713 0.4954 0.7059 0.8105 1.3251 0.5049 0.4625 1.0598 1.4009 0.1649 # mobileaspp_fast



# 原文网络测试
0.1049 0.7937 0.9395 0.9850 0.9944 0.4592 0.1302 0.0716 0.0523 0.0192 0.0307 # 原文网络-8帧，8次迭代

0.0770 0.8725 0.9742 0.9970 0.9989 0.3700 0.0809 0.0488 0.0279 0.0074 0.0212 # 原文网络-5帧，8次迭代
0.1437 0.6378 0.8855 0.9602 0.9931 0.5153 0.1685 0.1010 0.0677 0.0214 0.0469 # 原文网络-8帧，1次迭代
0.0942 0.6633 0.9883 0.9999 1.0000 0.2626 0.0942 0.0772 0.0241 0.0086 0.0338 # 原文网络-8帧，8次迭代
0.1048 0.7940 0.9399 0.9850 0.9944 0.4589 0.1300 0.0715 0.0522 0.0191 0.0307 # 原文网络-8帧，8次迭代
0.1376 0.6527 0.8893 0.9760 0.9930 0.5395 0.1624 0.1019 0.0776 0.0307 0.0439 # 原文网络-5帧，1次迭代
0.2345 0.4720 0.7328 0.9018 0.9639 0.8872 0.2719 0.1826 0.2290 0.0915 0.0771 # 原文网络-5帧，1次迭代-无位姿                                                                            
0.3200 0.3413 0.6120 0.8414 0.9312 1.2810 0.3665 0.2604 0.4410 0.1996 0.1072 # 原文网络-5帧，1次迭代-无位姿-尺度减小一半
0.2774 0.3963 0.6667 0.8777 0.9522 1.2105 0.3220 0.2147 0.3258 0.1212 0.0923 # 原文网络-5帧，1次迭代-无位姿-1沙漏网络
#1 5*8 2.15s
# 5*8 depth  1.80s
# 5*8 0.5*0.5 2*4 2*4 1.85s
# 5*8 1*4 1*4  1.72s
# 5*8 0.5*0.5 2*2 2*2 
#8 8*8 18.12s 