

[stage=2,   100] loss: 1.426932961
[stage=2,   200] loss: 0.320705405
[stage=2,   300] loss: 0.226162319
[stage=2,   400] loss: 0.184682728
[stage=2,   500] loss: 0.155748728
[stage=2,   600] loss: 0.157994022
[stage=2,   700] loss: 0.144790692
[stage=2,   800] loss: 0.140195413
[stage=2,   900] loss: 0.124464168
[stage=2,  1000] loss: 0.134736152
[stage=2,  1100] loss: 0.123446309
[stage=2,  1200] loss: 0.120867941
[stage=2,  1300] loss: 0.111217985
[stage=2,  1400] loss: 0.113753858
[stage=2,  1500] loss: 0.105895270
[stage=2,  1600] loss: 0.106239637
[stage=2,  1700] loss: 0.105770155
[stage=2,  1800] loss: 0.101352664
[stage=2,  1900] loss: 0.099302952
[stage=2,  2000] loss: 0.099843585
[stage=2,  2100] loss: 0.092854553
[stage=2,  2200] loss: 0.095839500
[stage=2,  2300] loss: 0.091565539
[stage=2,  2400] loss: 0.093500412
[stage=2,  2500] loss: 0.088645451
[stage=2,  2600] loss: 0.090130590
[stage=2,  2700] loss: 0.089438650
[stage=2,  2800] loss: 0.088718612
[stage=2,  2900] loss: 0.081990191
[stage=2,  3000] loss: 0.082347200
[stage=2,  3100] loss: 0.085317309
[stage=2,  3200] loss: 0.084371329
[stage=2,  3300] loss: 0.082640053
[stage=2,  3400] loss: 0.083730993
[stage=2,  3500] loss: 0.080634057
[stage=2,  3600] loss: 0.082098415
[stage=2,  3700] loss: 0.079289142
[stage=2,  3800] loss: 0.077195584
[stage=2,  3900] loss: 0.077398147
[stage=2,  4000] loss: 0.077007825
[stage=2,  4100] loss: 0.077230137
[stage=2,  4200] loss: 0.076740124
[stage=2,  4300] loss: 0.074297309
[stage=2,  4400] loss: 0.075416503
[stage=2,  4500] loss: 0.074730328
[stage=2,  4600] loss: 0.072005886
[stage=2,  4700] loss: 0.075353229
[stage=2,  4800] loss: 0.072926801
[stage=2,  4900] loss: 0.071964029
[stage=2,  5000] loss: 0.070400845
[stage=2,  5100] loss: 0.067438874
[stage=2,  5200] loss: 0.065379479
[stage=2,  5300] loss: 0.067716907
[stage=2,  5400] loss: 0.066295210
[stage=2,  5500] loss: 0.066397803
[stage=2,  5600] loss: 0.068191672
[stage=2,  5700] loss: 0.063982563
[stage=2,  5800] loss: 0.062795774
[stage=2,  5900] loss: 0.066710755
[stage=2,  6000] loss: 0.058941102
[stage=2,  6100] loss: 0.064933958
[stage=2,  6200] loss: 0.063181685
[stage=2,  6300] loss: 0.061855170
[stage=2,  6400] loss: 0.058709794
[stage=2,  6500] loss: 0.060903956
[stage=2,  6600] loss: 0.060923501
[stage=2,  6700] loss: 0.061618455
[stage=2,  6800] loss: 0.062005064
[stage=2,  6900] loss: 0.060309781
[stage=2,  7000] loss: 0.061726486
[stage=2,  7100] loss: 0.059185968
[stage=2,  7200] loss: 0.057471241
[stage=2,  7300] loss: 0.061378073
[stage=2,  7400] loss: 0.057077001
[stage=2,  7500] loss: 0.058197798
[stage=2,  7600] loss: 0.057020868
[stage=2,  7700] loss: 0.057889024
[stage=2,  7800] loss: 0.056250783
[stage=2,  7900] loss: 0.056721874
[stage=2,  8000] loss: 0.057518379
[stage=2,  8100] loss: 0.056062424
[stage=2,  8200] loss: 0.058156260
[stage=2,  8300] loss: 0.051933545
[stage=2,  8400] loss: 0.057108891
[stage=2,  8500] loss: 0.053946574
[stage=2,  8600] loss: 0.053389896
[stage=2,  8700] loss: 0.055227111
[stage=2,  8800] loss: 0.054644188
[stage=2,  8900] loss: 0.054028229
[stage=2,  9000] loss: 0.052505627
[stage=2,  9100] loss: 0.054161872
[stage=2,  9200] loss: 0.056931404
[stage=2,  9300] loss: 0.051590290
[stage=2,  9400] loss: 0.053652554
[stage=2,  9500] loss: 0.051446504
[stage=2,  9600] loss: 0.052779421
[stage=2,  9700] loss: 0.051579664
[stage=2,  9800] loss: 0.051187103
[stage=2,  9900] loss: 0.050766670
[stage=2, 10000] loss: 0.052828686
[stage=2, 10100] loss: 0.049968673
[stage=2, 10200] loss: 0.051794070
[stage=2, 10300] loss: 0.049746250
[stage=2, 10400] loss: 0.049148015
[stage=2, 10500] loss: 0.050335493
[stage=2, 10600] loss: 0.049033952
[stage=2, 10700] loss: 0.050387349
[stage=2, 10800] loss: 0.050229548
[stage=2, 10900] loss: 0.050153946
[stage=2, 11000] loss: 0.049299626
[stage=2, 11100] loss: 0.049033442
[stage=2, 11200] loss: 0.051156402
[stage=2, 11300] loss: 0.049367286
[stage=2, 11400] loss: 0.047822185
[stage=2, 11500] loss: 0.047325978
[stage=2, 11600] loss: 0.050352130
[stage=2, 11700] loss: 0.045056101
[stage=2, 11800] loss: 0.049213606
[stage=2, 11900] loss: 0.047250697
[stage=2, 12000] loss: 0.049481614
[stage=2, 12100] loss: 0.046781355
[stage=2, 12200] loss: 0.049759517
[stage=2, 12300] loss: 0.045569073
[stage=2, 12400] loss: 0.047870741
[stage=2, 12500] loss: 0.047543289
[stage=2, 12600] loss: 0.048703712
[stage=2, 12700] loss: 0.044272006
[stage=2, 12800] loss: 0.046760650
[stage=2, 12900] loss: 0.045931654
[stage=2, 13000] loss: 0.045518363
[stage=2, 13100] loss: 0.045906643
[stage=2, 13200] loss: 0.045004414
[stage=2, 13300] loss: 0.044864320
[stage=2, 13400] loss: 0.045324811
[stage=2, 13500] loss: 0.043750354
[stage=2, 13600] loss: 0.046362227
[stage=2, 13700] loss: 0.042852994
[stage=2, 13800] loss: 0.046532714
[stage=2, 13900] loss: 0.045411728
[stage=2, 14000] loss: 0.044158828
[stage=2, 14100] loss: 0.044047250
[stage=2, 14200] loss: 0.043752091
[stage=2, 14300] loss: 0.044696164
[stage=2, 14400] loss: 0.043035977
[stage=2, 14500] loss: 0.044915446
[stage=2, 14600] loss: 0.044080925
[stage=2, 14700] loss: 0.044042520
[stage=2, 14800] loss: 0.042804748
[stage=2, 14900] loss: 0.043578691
[stage=2, 15000] loss: 0.045338117
[stage=2, 15100] loss: 0.044055177
[stage=2, 15200] loss: 0.043875166
[stage=2, 15300] loss: 0.043285130
[stage=2, 15400] loss: 0.044834195
[stage=2, 15500] loss: 0.040491295
[stage=2, 15600] loss: 0.043749594
[stage=2, 15700] loss: 0.043362442
[stage=2, 15800] loss: 0.040426222
[stage=2, 15900] loss: 0.042471925
[stage=2, 16000] loss: 0.042902193
[stage=2, 16100] loss: 0.042447352
[stage=2, 16200] loss: 0.043305857
[stage=2, 16300] loss: 0.041111714
[stage=2, 16400] loss: 0.042206288
[stage=2, 16500] loss: 0.041430482
[stage=2, 16600] loss: 0.041960106
[stage=2, 16700] loss: 0.040660606
[stage=2, 16800] loss: 0.041784761
[stage=2, 16900] loss: 0.041325757
[stage=2, 17000] loss: 0.041289147
[stage=2, 17100] loss: 0.041933878
[stage=2, 17200] loss: 0.040130865
[stage=2, 17300] loss: 0.042244877
[stage=2, 17400] loss: 0.040178835
[stage=2, 17500] loss: 0.040842558
[stage=2, 17600] loss: 0.040931182
[stage=2, 17700] loss: 0.041921658
[stage=2, 17800] loss: 0.039378011
[stage=2, 17900] loss: 0.040041031
[stage=2, 18000] loss: 0.040221609
[stage=2, 18100] loss: 0.039595793
[stage=2, 18200] loss: 0.041305680
[stage=2, 18300] loss: 0.038915770
[stage=2, 18400] loss: 0.040028250
[stage=2, 18500] loss: 0.039636833
[stage=2, 18600] loss: 0.039356105
[stage=2, 18700] loss: 0.040442423
[stage=2, 18800] loss: 0.039809005
[stage=2, 18900] loss: 0.039875659
[stage=2, 19000] loss: 0.039711696
[stage=2, 19100] loss: 0.038401924
[stage=2, 19200] loss: 0.040368579
[stage=2, 19300] loss: 0.038716233
[stage=2, 19400] loss: 0.039006025
[stage=2, 19500] loss: 0.039248409
[stage=2, 19600] loss: 0.039915227
[stage=2, 19700] loss: 0.037399523
[stage=2, 19800] loss: 0.039530399
[stage=2, 19900] loss: 0.038184486
[stage=2, 20000] loss: 0.039401213
[stage=2, 20100] loss: 0.035090570
[stage=2, 20200] loss: 0.033116701
[stage=2, 20300] loss: 0.030998710
[stage=2, 20400] loss: 0.031899343
[stage=2, 20500] loss: 0.032136960
[stage=2, 20600] loss: 0.032217276
[stage=2, 20700] loss: 0.032044639
[stage=2, 20800] loss: 0.030256570
[stage=2, 20900] loss: 0.030086727
[stage=2, 21000] loss: 0.031644852
[stage=2, 21100] loss: 0.030798494
[stage=2, 21200] loss: 0.030369291
[stage=2, 21300] loss: 0.031037486
[stage=2, 21400] loss: 0.029876521
[stage=2, 21500] loss: 0.030436346
[stage=2, 21600] loss: 0.030452734
[stage=2, 21700] loss: 0.029706182
[stage=2, 21800] loss: 0.029619453
[stage=2, 21900] loss: 0.030768330
[stage=2, 22000] loss: 0.029612834
[stage=2, 22100] loss: 0.031160484
[stage=2, 22200] loss: 0.029379898
[stage=2, 22300] loss: 0.030846016
[stage=2, 22400] loss: 0.030144718
[stage=2, 22500] loss: 0.030520368
[stage=2, 22600] loss: 0.029577957
[stage=2, 22700] loss: 0.030855797
[stage=2, 22800] loss: 0.029669905
[stage=2, 22900] loss: 0.029787959
[stage=2, 23000] loss: 0.029959055
[stage=2, 23100] loss: 0.030996615
[stage=2, 23200] loss: 0.029049575
[stage=2, 23300] loss: 0.030419032
[stage=2, 23400] loss: 0.030620984
[stage=2, 23500] loss: 0.029095256
[stage=2, 23600] loss: 0.031083890
[stage=2, 23700] loss: 0.029385527
[stage=2, 23800] loss: 0.029793332
[stage=2, 23900] loss: 0.028974939
[stage=2, 24000] loss: 0.029504929
[stage=2, 24100] loss: 0.029364896
[stage=2, 24200] loss: 0.030664310
[stage=2, 24300] loss: 0.029747667
[stage=2, 24400] loss: 0.029652402
[stage=2, 24500] loss: 0.029353984
[stage=2, 24600] loss: 0.031188594
[stage=2, 24700] loss: 0.028460007
[stage=2, 24800] loss: 0.029955816
[stage=2, 24900] loss: 0.029583885

time cost 0.018567323684692383 s
wirte image:data/tum/cabinet/inference_result/214.png
time cost 0.01769256591796875 s
wirte image:data/tum/cabinet/inference_result/215.png
time cost 0.020014047622680664 s
wirte image:data/tum/cabinet/inference_result/216.png
time cost 0.019279003143310547 s
wirte image:data/tum/cabinet/inference_result/217.png
time cost 0.020969867706298828 s
wirte image:data/tum/cabinet/inference_result/218.png
time cost 0.01888442039489746 s
wirte image:data/tum/cabinet/inference_result/219.png
time cost 0.019336938858032227 s
wirte image:data/tum/cabinet/inference_result/220.png
220 images,totle time: 4.280043125152588 s, avg time: 0.01945474147796631 s




start iterator 0
time cost 0.016034841537475586 s
sc-inv, a10, a1, a2, a3, rmse, log_rmse, rel, sq_rel1, sq_rel2, log10, 
    0.0913,     0.9780,     0.9834,     0.9879,     0.9906,     0.1231,     0.0917,     0.0277,     0.0157,     0.0230,     0.0099, 


[stage=2,   100] loss: 1.382913452
[stage=2,   200] loss: 0.308222526
[stage=2,   300] loss: 0.213866438
[stage=2,   400] loss: 0.175285060
[stage=2,   500] loss: 0.143383240
[stage=2,   600] loss: 0.138253719
[stage=2,   700] loss: 0.121988138
[stage=2,   800] loss: 0.117526790
[stage=2,   900] loss: 0.100468562
[stage=2,  1000] loss: 0.110015118
[stage=2,  1100] loss: 0.100074471
[stage=2,  1200] loss: 0.094608780
[stage=2,  1300] loss: 0.087087601
[stage=2,  1400] loss: 0.089206605
[stage=2,  1500] loss: 0.085683061
[stage=2,  1600] loss: 0.083259776
[stage=2,  1700] loss: 0.069519913
[stage=2,  1800] loss: 0.062709479
[stage=2,  1900] loss: 0.060113499

0.022706954045729203 s

[stage=2,   100] loss: 1.130170947
[stage=2,   200] loss: 0.245753851
[stage=2,   300] loss: 0.189016953
[stage=2,   400] loss: 0.151031523
[stage=2,   500] loss: 0.128803463
[stage=2,   600] loss: 0.126358530
[stage=2,   700] loss: 0.110837874
[stage=2,   800] loss: 0.108630335
[stage=2,   900] loss: 0.093478674
[stage=2,  1000] loss: 0.098405972
[stage=2,  1100] loss: 0.090654366
[stage=2,  1200] loss: 0.087626628
[stage=2,  1300] loss: 0.083972092
[stage=2,  1400] loss: 0.083514291
[stage=2,  1500] loss: 0.079256485
[stage=2,  1600] loss: 0.079857329
[stage=2,  1700] loss: 0.065135725
[stage=2,  1800] loss: 0.060141062
[stage=2,  1900] loss: 0.057419895

0.023930963602933016 s