

aspp+shufflenetv1 rtx3090
[stage=2,   100] loss: 1.599524538
[stage=2,   200] loss: 0.321431316
[stage=2,   300] loss: 0.236682533
[stage=2,   400] loss: 0.189276363
[stage=2,   500] loss: 0.155737053
[stage=2,   600] loss: 0.155023523
[stage=2,   700] loss: 0.134315257
[stage=2,   800] loss: 0.131733238
[stage=2,   900] loss: 0.121008029
[stage=2,  1000] loss: 0.129126732
[stage=2,  1100] loss: 0.116213749
[stage=2,  1200] loss: 0.115576649
[stage=2,  1300] loss: 0.107793668
[stage=2,  1400] loss: 0.110678926
[stage=2,  1500] loss: 0.106060059
[stage=2,  1600] loss: 0.105238609
[stage=2,  1700] loss: 0.103302864
[stage=2,  1800] loss: 0.100486140
[stage=2,  1900] loss: 0.097854619
[stage=2,  2000] loss: 0.095414811
[stage=2,  2100] loss: 0.095395878
[stage=2,  2200] loss: 0.093344479
[stage=2,  2300] loss: 0.094950896
[stage=2,  2400] loss: 0.093148190
[stage=2,  2500] loss: 0.090207180
[stage=2,  2600] loss: 0.088274083
[stage=2,  2700] loss: 0.091187933
[stage=2,  2800] loss: 0.088420957
[stage=2,  2900] loss: 0.089584314
[stage=2,  3000] loss: 0.086543347
[stage=2,  3100] loss: 0.089118275
[stage=2,  3200] loss: 0.082666049
[stage=2,  3300] loss: 0.086582480
[stage=2,  3400] loss: 0.084808902
[stage=2,  3500] loss: 0.082369043
[stage=2,  3600] loss: 0.083800624
[stage=2,  3700] loss: 0.081408934
[stage=2,  3800] loss: 0.081702416
[stage=2,  3900] loss: 0.080593308
[stage=2,  4000] loss: 0.080579136
[stage=2,  4100] loss: 0.079545540
[stage=2,  4200] loss: 0.076902358
[stage=2,  4300] loss: 0.076857854
[stage=2,  4400] loss: 0.082227704
[stage=2,  4500] loss: 0.075320150
[stage=2,  4600] loss: 0.079845534
[stage=2,  4700] loss: 0.078015748
[stage=2,  4800] loss: 0.080490128
[stage=2,  4900] loss: 0.076089409
[stage=2,  5000] loss: 0.076554189
[stage=2,  5100] loss: 0.075350744
[stage=2,  5200] loss: 0.072491798
[stage=2,  5300] loss: 0.074044850
[stage=2,  5400] loss: 0.072576906
[stage=2,  5500] loss: 0.073367608
[stage=2,  5600] loss: 0.072900603
[stage=2,  5700] loss: 0.071476264
[stage=2,  5800] loss: 0.071635691
[stage=2,  5900] loss: 0.072418012
[stage=2,  6000] loss: 0.067139955
[stage=2,  6100] loss: 0.072549669
[stage=2,  6200] loss: 0.067964464
[stage=2,  6300] loss: 0.069510125
[stage=2,  6400] loss: 0.066222489
[stage=2,  6500] loss: 0.069054123
[stage=2,  6600] loss: 0.066353419
[stage=2,  6700] loss: 0.067550673
[stage=2,  6800] loss: 0.069304451
[stage=2,  6900] loss: 0.066587613
[stage=2,  7000] loss: 0.067042562
[stage=2,  7100] loss: 0.068578572
[stage=2,  7200] loss: 0.065361549
[stage=2,  7300] loss: 0.069488248
[stage=2,  7400] loss: 0.065263163
[stage=2,  7500] loss: 0.066211634
[stage=2,  7600] loss: 0.065836365
[stage=2,  7700] loss: 0.065537239
[stage=2,  7800] loss: 0.064957470
[stage=2,  7900] loss: 0.063860418
[stage=2,  8000] loss: 0.065142447
[stage=2,  8100] loss: 0.064123410
[stage=2,  8200] loss: 0.064494747
[stage=2,  8300] loss: 0.062007926
[stage=2,  8400] loss: 0.064058497
[stage=2,  8500] loss: 0.063530548
[stage=2,  8600] loss: 0.061886859
[stage=2,  8700] loss: 0.062687590
[stage=2,  8800] loss: 0.063183862
[stage=2,  8900] loss: 0.062576600
[stage=2,  9000] loss: 0.060130607
[stage=2,  9100] loss: 0.062113671
[stage=2,  9200] loss: 0.062460080
[stage=2,  9300] loss: 0.062203465
[stage=2,  9400] loss: 0.060462638
[stage=2,  9500] loss: 0.059811322
[stage=2,  9600] loss: 0.060192553
[stage=2,  9700] loss: 0.059880930
[stage=2,  9800] loss: 0.058982140
[stage=2,  9900] loss: 0.057807222
[stage=2, 10000] loss: 0.060579988
[stage=2, 10100] loss: 0.057229180
[stage=2, 10200] loss: 0.059761267
[stage=2, 10300] loss: 0.058402681
[stage=2, 10400] loss: 0.058134447
[stage=2, 10500] loss: 0.059053139
[stage=2, 10600] loss: 0.058880608
[stage=2, 10700] loss: 0.060299770
[stage=2, 10800] loss: 0.057135852
[stage=2, 10900] loss: 0.056347794
[stage=2, 11000] loss: 0.057027432
[stage=2, 11100] loss: 0.056623015
[stage=2, 11200] loss: 0.058449298
[stage=2, 11300] loss: 0.056350215
[stage=2, 11400] loss: 0.056797467
[stage=2, 11500] loss: 0.056001046
[stage=2, 11600] loss: 0.056561285
[stage=2, 11700] loss: 0.054524914
[stage=2, 11800] loss: 0.057702449
[stage=2, 11900] loss: 0.056625205
[stage=2, 12000] loss: 0.055635351
[stage=2, 12100] loss: 0.056730045
[stage=2, 12200] loss: 0.056702031
[stage=2, 12300] loss: 0.053829658
[stage=2, 12400] loss: 0.055629722
[stage=2, 12500] loss: 0.054583035
[stage=2, 12600] loss: 0.056604923
[stage=2, 12700] loss: 0.053805976
[stage=2, 12800] loss: 0.054845421
[stage=2, 12900] loss: 0.053731385
[stage=2, 13000] loss: 0.054567454
[stage=2, 13100] loss: 0.053339852
[stage=2, 13200] loss: 0.053668579
[stage=2, 13300] loss: 0.054490657
[stage=2, 13400] loss: 0.053553556
[stage=2, 13500] loss: 0.053798858
[stage=2, 13600] loss: 0.053551290
[stage=2, 13700] loss: 0.051555239
[stage=2, 13800] loss: 0.056288966
[stage=2, 13900] loss: 0.054556986
[stage=2, 14000] loss: 0.052785170
[stage=2, 14100] loss: 0.052916694
[stage=2, 14200] loss: 0.052336851
[stage=2, 14300] loss: 0.053280537
[stage=2, 14400] loss: 0.051642935
[stage=2, 14500] loss: 0.053588567
[stage=2, 14600] loss: 0.054075766
[stage=2, 14700] loss: 0.053205021
[stage=2, 14800] loss: 0.052102038
[stage=2, 14900] loss: 0.053110556
[stage=2, 15000] loss: 0.054870041
[stage=2, 15100] loss: 0.051642473
[stage=2, 15200] loss: 0.052187080
[stage=2, 15300] loss: 0.051684046
[stage=2, 15400] loss: 0.055218984
[stage=2, 15500] loss: 0.050233526
[stage=2, 15600] loss: 0.052914326
[stage=2, 15700] loss: 0.052784443
[stage=2, 15800] loss: 0.050639769
[stage=2, 15900] loss: 0.051076355
[stage=2, 16000] loss: 0.052147574
[stage=2, 16100] loss: 0.052560418
[stage=2, 16200] loss: 0.051729559
[stage=2, 16300] loss: 0.050682460
[stage=2, 16400] loss: 0.051974134
[stage=2, 16500] loss: 0.050685496
[stage=2, 16600] loss: 0.051216630
[stage=2, 16700] loss: 0.049776791
[stage=2, 16800] loss: 0.049191919
[stage=2, 16900] loss: 0.049897531
[stage=2, 17000] loss: 0.050638788
[stage=2, 17100] loss: 0.050708642
[stage=2, 17200] loss: 0.050347673
[stage=2, 17300] loss: 0.051141973
[stage=2, 17400] loss: 0.050218270
[stage=2, 17500] loss: 0.048978604
[stage=2, 17600] loss: 0.049780665
[stage=2, 17700] loss: 0.049445407
[stage=2, 17800] loss: 0.047441800
[stage=2, 17900] loss: 0.049005861
[stage=2, 18000] loss: 0.049089901
[stage=2, 18100] loss: 0.049642304
[stage=2, 18200] loss: 0.050408849
[stage=2, 18300] loss: 0.047311058
[stage=2, 18400] loss: 0.047704954
[stage=2, 18500] loss: 0.046798142
[stage=2, 18600] loss: 0.047430397
[stage=2, 18700] loss: 0.048161160
[stage=2, 18800] loss: 0.048129623
[stage=2, 18900] loss: 0.048102329
[stage=2, 19000] loss: 0.046873107
[stage=2, 19100] loss: 0.047364042
[stage=2, 19200] loss: 0.048277267
[stage=2, 19300] loss: 0.046596214
[stage=2, 19400] loss: 0.047279239
[stage=2, 19500] loss: 0.047417603
[stage=2, 19600] loss: 0.048248039
[stage=2, 19700] loss: 0.045991572
[stage=2, 19800] loss: 0.047180223
[stage=2, 19900] loss: 0.046012123
[stage=2, 20000] loss: 0.046845106
[stage=2, 20100] loss: 0.046131197
[stage=2, 20200] loss: 0.046216416
[stage=2, 20300] loss: 0.044295389
[stage=2, 20400] loss: 0.046030688
[stage=2, 20500] loss: 0.046146980
[stage=2, 20600] loss: 0.046504079
[stage=2, 20700] loss: 0.046742148
[stage=2, 20800] loss: 0.044192038
[stage=2, 20900] loss: 0.044692207
[stage=2, 21000] loss: 0.046327965
[stage=2, 21100] loss: 0.045559852
[stage=2, 21200] loss: 0.045115996
[stage=2, 21300] loss: 0.045021249
[stage=2, 21400] loss: 0.044087594
[stage=2, 21500] loss: 0.045721770
[stage=2, 21600] loss: 0.045082496
[stage=2, 21700] loss: 0.044855123
[stage=2, 21800] loss: 0.043587085
[stage=2, 21900] loss: 0.045547835
[stage=2, 22000] loss: 0.043346832
[stage=2, 22100] loss: 0.045963534
[stage=2, 22200] loss: 0.043750035
[stage=2, 22300] loss: 0.045998202
[stage=2, 22400] loss: 0.044207385
[stage=2, 22500] loss: 0.045021405
[stage=2, 22600] loss: 0.044017814
[stage=2, 22700] loss: 0.045230895
[stage=2, 22800] loss: 0.044847242
[stage=2, 22900] loss: 0.043994693
[stage=2, 23000] loss: 0.043961055
[stage=2, 23100] loss: 0.045383356
[stage=2, 23200] loss: 0.042080803
[stage=2, 23300] loss: 0.043968797
[stage=2, 23400] loss: 0.044804220
[stage=2, 23500] loss: 0.042701568
[stage=2, 23600] loss: 0.044928963
[stage=2, 23700] loss: 0.042259030
[stage=2, 23800] loss: 0.043333345
[stage=2, 23900] loss: 0.042039190
[stage=2, 24000] loss: 0.043746035
[stage=2, 24100] loss: 0.043403062
[stage=2, 24200] loss: 0.043820334
[stage=2, 24300] loss: 0.042702107
[stage=2, 24400] loss: 0.043210935
[stage=2, 24500] loss: 0.042248121
[stage=2, 24600] loss: 0.044781079
[stage=2, 24700] loss: 0.041169397
[stage=2, 24800] loss: 0.043229840
[stage=2, 24900] loss: 0.043178470
[stage=2, 25000] loss: 0.042073964
[stage=2, 25100] loss: 0.042223857
[stage=2, 25200] loss: 0.044215497
[stage=2, 25300] loss: 0.042585924
[stage=2, 25400] loss: 0.042392371
[stage=2, 25500] loss: 0.042881769
[stage=2, 25600] loss: 0.042525022
[stage=2, 25700] loss: 0.041716700
[stage=2, 25800] loss: 0.042521722
[stage=2, 25900] loss: 0.044114626
[stage=2, 26000] loss: 0.043008050
[stage=2, 26100] loss: 0.039691563
[stage=2, 26200] loss: 0.040971809
[stage=2, 26300] loss: 0.042479162
[stage=2, 26400] loss: 0.042680843
[stage=2, 26500] loss: 0.042186872
[stage=2, 26600] loss: 0.042099636
[stage=2, 26700] loss: 0.041895847
[stage=2, 26800] loss: 0.041485549
[stage=2, 26900] loss: 0.041311883
[stage=2, 27000] loss: 0.041770261
[stage=2, 27100] loss: 0.040896512
[stage=2, 27200] loss: 0.041585361
[stage=2, 27300] loss: 0.041752707
[stage=2, 27400] loss: 0.040783454
[stage=2, 27500] loss: 0.040386242
[stage=2, 27600] loss: 0.041245418
[stage=2, 27700] loss: 0.041365499
[stage=2, 27800] loss: 0.040868875
[stage=2, 27900] loss: 0.041293661
[stage=2, 28000] loss: 0.041546123
[stage=2, 28100] loss: 0.041131487
[stage=2, 28200] loss: 0.041801579
[stage=2, 28300] loss: 0.039684278
[stage=2, 28400] loss: 0.041892819
[stage=2, 28500] loss: 0.039653116
[stage=2, 28600] loss: 0.042581734
[stage=2, 28700] loss: 0.039876279
[stage=2, 28800] loss: 0.040383015
[stage=2, 28900] loss: 0.040775595
[stage=2, 29000] loss: 0.038540208
[stage=2, 29100] loss: 0.040522191
[stage=2, 29200] loss: 0.040612436
[stage=2, 29300] loss: 0.040640035
[stage=2, 29400] loss: 0.039712719
[stage=2, 29500] loss: 0.041217882
[stage=2, 29600] loss: 0.038402422
[stage=2, 29700] loss: 0.040748838
[stage=2, 29800] loss: 0.040642312
[stage=2, 29900] loss: 0.039151650
[stage=2, 30000] loss: 0.040820695
[stage=2, 30100] loss: 0.040772380
[stage=2, 30200] loss: 0.039129312
[stage=2, 30300] loss: 0.039943587
[stage=2, 30400] loss: 0.040922699
[stage=2, 30500] loss: 0.038639279
[stage=2, 30600] loss: 0.039714737
[stage=2, 30700] loss: 0.039155928
[stage=2, 30800] loss: 0.039619939
[stage=2, 30900] loss: 0.039208698
[stage=2, 31000] loss: 0.039423073
[stage=2, 31100] loss: 0.039753867
[stage=2, 31200] loss: 0.039178875
[stage=2, 31300] loss: 0.039533814
[stage=2, 31400] loss: 0.039145950
[stage=2, 31500] loss: 0.039649593
[stage=2, 31600] loss: 0.039082105
[stage=2, 31700] loss: 0.039200711
[stage=2, 31800] loss: 0.039462914
[stage=2, 31900] loss: 0.040618365
[stage=2, 32000] loss: 0.038876791
[stage=2, 32100] loss: 0.038897197
[stage=2, 32200] loss: 0.039821036
[stage=2, 32300] loss: 0.037899184
[stage=2, 32400] loss: 0.039167041
[stage=2, 32500] loss: 0.039096911
[stage=2, 32600] loss: 0.038653180
[stage=2, 32700] loss: 0.040134646
[stage=2, 32800] loss: 0.037719221
[stage=2, 32900] loss: 0.037688223
[stage=2, 33000] loss: 0.039337184
[stage=2, 33100] loss: 0.037348909
[stage=2, 33200] loss: 0.039515261
[stage=2, 33300] loss: 0.037622221
[stage=2, 33400] loss: 0.039728995
[stage=2, 33500] loss: 0.036321727
[stage=2, 33600] loss: 0.039257998
[stage=2, 33700] loss: 0.037975103
[stage=2, 33800] loss: 0.037327760
[stage=2, 33900] loss: 0.039482002
[stage=2, 34000] loss: 0.038565293
[stage=2, 34100] loss: 0.037541131
[stage=2, 34200] loss: 0.038491928
[stage=2, 34300] loss: 0.037757842
[stage=2, 34400] loss: 0.037192190
[stage=2, 34500] loss: 0.038532360
[stage=2, 34600] loss: 0.037975980
[stage=2, 34700] loss: 0.038677864
[stage=2, 34800] loss: 0.037253929
[stage=2, 34900] loss: 0.038308241
[stage=2, 35000] loss: 0.038024879
[stage=2, 35100] loss: 0.038531717
[stage=2, 35200] loss: 0.036994558
[stage=2, 35300] loss: 0.038021115
[stage=2, 35400] loss: 0.037835275
[stage=2, 35500] loss: 0.036991723
[stage=2, 35600] loss: 0.037330336
[stage=2, 35700] loss: 0.038574369
[stage=2, 35800] loss: 0.037085806
[stage=2, 35900] loss: 0.038282856
[stage=2, 36000] loss: 0.037676177
[stage=2, 36100] loss: 0.038290259
[stage=2, 36200] loss: 0.036324417
[stage=2, 36300] loss: 0.037135515
[stage=2, 36400] loss: 0.037549905
[stage=2, 36500] loss: 0.038070492
[stage=2, 36600] loss: 0.037789217
[stage=2, 36700] loss: 0.035593309
[stage=2, 36800] loss: 0.036972995
[stage=2, 36900] loss: 0.037028063
[stage=2, 37000] loss: 0.036674439
[stage=2, 37100] loss: 0.037870834
[stage=2, 37200] loss: 0.037144383
[stage=2, 37300] loss: 0.036876277
[stage=2, 37400] loss: 0.037182070
[stage=2, 37500] loss: 0.037484219
[stage=2, 37600] loss: 0.037748678
[stage=2, 37700] loss: 0.035751293
[stage=2, 37800] loss: 0.036508805
[stage=2, 37900] loss: 0.037822004
[stage=2, 38000] loss: 0.037948055
[stage=2, 38100] loss: 0.036212314
[stage=2, 38200] loss: 0.036579589
[stage=2, 38300] loss: 0.037776383
[stage=2, 38400] loss: 0.036331929
[stage=2, 38500] loss: 0.037128261
[stage=2, 38600] loss: 0.036567930
[stage=2, 38700] loss: 0.036417540
[stage=2, 38800] loss: 0.037240134
[stage=2, 38900] loss: 0.036359479
[stage=2, 39000] loss: 0.035998273
[stage=2, 39100] loss: 0.036528888
[stage=2, 39200] loss: 0.036893494
[stage=2, 39300] loss: 0.036369197
[stage=2, 39400] loss: 0.035606811
[stage=2, 39500] loss: 0.037184456
[stage=2, 39600] loss: 0.035169582
[stage=2, 39700] loss: 0.037432592
[stage=2, 39800] loss: 0.036062021
[stage=2, 39900] loss: 0.036614600
[stage=2, 40000] loss: 0.036133144
[stage=2, 40100] loss: 0.034195638
[stage=2, 40200] loss: 0.034412808
[stage=2, 40300] loss: 0.032017322
[stage=2, 40400] loss: 0.031956865
[stage=2, 40500] loss: 0.032824893
[stage=2, 40600] loss: 0.031918994
[stage=2, 40700] loss: 0.031509005
[stage=2, 40800] loss: 0.032740013
[stage=2, 40900] loss: 0.031668471
[stage=2, 41000] loss: 0.031425199
[stage=2, 41100] loss: 0.032270230
[stage=2, 41200] loss: 0.031124667
[stage=2, 41300] loss: 0.031989033
[stage=2, 41400] loss: 0.032445984
[stage=2, 41500] loss: 0.030699332
[stage=2, 41600] loss: 0.031838396
[stage=2, 41700] loss: 0.032322403
[stage=2, 41800] loss: 0.031491607
[stage=2, 41900] loss: 0.031156073
[stage=2, 42000] loss: 0.031690984
[stage=2, 42100] loss: 0.031113661
[stage=2, 42200] loss: 0.031286355
[stage=2, 42300] loss: 0.031102180
[stage=2, 42400] loss: 0.031372693
[stage=2, 42500] loss: 0.030822274
[stage=2, 42600] loss: 0.031495521
[stage=2, 42700] loss: 0.030324027
[stage=2, 42800] loss: 0.031898702
[stage=2, 42900] loss: 0.030612686
[stage=2, 43000] loss: 0.032788012
[stage=2, 43100] loss: 0.029991509
[stage=2, 43200] loss: 0.030541747
[stage=2, 43300] loss: 0.031651048
[stage=2, 43400] loss: 0.031236634
[stage=2, 43500] loss: 0.030764097
[stage=2, 43600] loss: 0.031607826
[stage=2, 43700] loss: 0.031220271
[stage=2, 43800] loss: 0.030544446
[stage=2, 43900] loss: 0.032143637
[stage=2, 44000] loss: 0.030963938
[stage=2, 44100] loss: 0.030986943
[stage=2, 44200] loss: 0.029942277
[stage=2, 44300] loss: 0.031581477
[stage=2, 44400] loss: 0.030481412
[stage=2, 44500] loss: 0.031288357
[stage=2, 44600] loss: 0.031428967
[stage=2, 44700] loss: 0.030461219
[stage=2, 44800] loss: 0.030273109
[stage=2, 44900] loss: 0.030650946
[stage=2, 45000] loss: 0.031044432
[stage=2, 45100] loss: 0.030974453
[stage=2, 45200] loss: 0.030866542
[stage=2, 45300] loss: 0.030923547
[stage=2, 45400] loss: 0.030086130
[stage=2, 45500] loss: 0.031300504
[stage=2, 45600] loss: 0.030356550
[stage=2, 45700] loss: 0.030728739
[stage=2, 45800] loss: 0.029824069
[stage=2, 45900] loss: 0.031041324
[stage=2, 46000] loss: 0.030888068
[stage=2, 46100] loss: 0.030908267
[stage=2, 46200] loss: 0.030345231
[stage=2, 46300] loss: 0.030505286
[stage=2, 46400] loss: 0.030896506
[stage=2, 46500] loss: 0.030288533
[stage=2, 46600] loss: 0.030661900
[stage=2, 46700] loss: 0.030805854
[stage=2, 46800] loss: 0.030416263
[stage=2, 46900] loss: 0.030557905
[stage=2, 47000] loss: 0.031310266
[stage=2, 47100] loss: 0.029959421
[stage=2, 47200] loss: 0.031111676
[stage=2, 47300] loss: 0.030327760
[stage=2, 47400] loss: 0.031111023
[stage=2, 47500] loss: 0.030110276
[stage=2, 47600] loss: 0.030033875
[stage=2, 47700] loss: 0.030928995
[stage=2, 47800] loss: 0.030176235
[stage=2, 47900] loss: 0.029983585
[stage=2, 48000] loss: 0.030576734
[stage=2, 48100] loss: 0.030699807
[stage=2, 48200] loss: 0.030080467
[stage=2, 48300] loss: 0.031037328
[stage=2, 48400] loss: 0.030102006
[stage=2, 48500] loss: 0.030083929
[stage=2, 48600] loss: 0.030076102
[stage=2, 48700] loss: 0.031553451
[stage=2, 48800] loss: 0.030220715
[stage=2, 48900] loss: 0.029585913
[stage=2, 49000] loss: 0.030069765
[stage=2, 49100] loss: 0.029735329
[stage=2, 49200] loss: 0.030703764
[stage=2, 49300] loss: 0.029878045
[stage=2, 49400] loss: 0.029729617
[stage=2, 49500] loss: 0.030387974
[stage=2, 49600] loss: 0.030966615
[stage=2, 49700] loss: 0.030027886
[stage=2, 49800] loss: 0.030116143
[stage=2, 49900] loss: 0.029599564

eval 
start iterator 0
time cost 0.025204896926879883 s
start iterator 0
time cost 0.03734230995178223 s
start iterator 0
time cost 0.01614975929260254 s
start iterator 0
time cost 0.016994476318359375 s
start iterator 0
time cost 0.033113956451416016 s
start iterator 0
time cost 0.022646427154541016 s
start iterator 0
time cost 0.024814844131469727 s
start iterator 0
time cost 0.026080846786499023 s
start iterator 0
time cost 0.022283315658569336 s
start iterator 0
time cost 0.0249941349029541 s
start iterator 0
time cost 0.0196688175201416 s
start iterator 0
time cost 0.021161556243896484 s
start iterator 0
time cost 0.02309703826904297 s
start iterator 0
time cost 0.015894651412963867 s
start iterator 0
time cost 0.014059782028198242 s

sc-inv, a10, a1, a2, a3, rmse, log_rmse, rel, sq_rel1, sq_rel2, log10, 
0.0935,     0.9748,     0.9825,     0.9876,     0.9905,     0.1236,     0.0939,     0.0295,     0.0160,     0.0244,     0.0106, 


inference

220 images,totle time: 4.08725905418396 s, avg time: 0.018578450246290727 s


shufflenetv2_res 

p4000

[stage=2, 11600] loss: 0.055787046
[stage=2, 11700] loss: 0.053573660
[stage=2, 11800] loss: 0.055448047
[stage=2, 11900] loss: 0.054011506
[stage=2, 12000] loss: 0.054470191
[stage=2, 12100] loss: 0.054984726
[stage=2, 12200] loss: 0.056710163
[stage=2, 12300] loss: 0.054010033
[stage=2, 12400] loss: 0.055098329
[stage=2, 12500] loss: 0.054461359
[stage=2, 12600] loss: 0.054892427
[stage=2, 12700] loss: 0.051520171
[stage=2, 12800] loss: 0.054865256
[stage=2, 12900] loss: 0.052826054
[stage=2, 13000] loss: 0.053239751
[stage=2, 13100] loss: 0.052238756
[stage=2, 13200] loss: 0.052521520
[stage=2, 13300] loss: 0.053218999
[stage=2, 13400] loss: 0.053768025
[stage=2, 13500] loss: 0.052398284
[stage=2, 13600] loss: 0.051923952
[stage=2, 13700] loss: 0.049708819
[stage=2, 13800] loss: 0.054433165
[stage=2, 13900] loss: 0.052310332
[stage=2, 14000] loss: 0.051573033
[stage=2, 14100] loss: 0.052099070
[stage=2, 14200] loss: 0.052014630
[stage=2, 14300] loss: 0.051040307
[stage=2, 14400] loss: 0.049623803
[stage=2, 14500] loss: 0.052607020
[stage=2, 14600] loss: 0.052504560
[stage=2, 14700] loss: 0.051223209
[stage=2, 14800] loss: 0.048615173
[stage=2, 14900] loss: 0.050788869
[stage=2, 15000] loss: 0.052440553
[stage=2, 15100] loss: 0.048849993
[stage=2, 15200] loss: 0.049521622
[stage=2, 15300] loss: 0.050026080
[stage=2, 15400] loss: 0.053587268
[stage=2, 15500] loss: 0.048318332
[stage=2, 15600] loss: 0.049604294
[stage=2, 15700] loss: 0.048836289
[stage=2, 15800] loss: 0.048304471
[stage=2, 15900] loss: 0.048656470
[stage=2, 16000] loss: 0.049237594
[stage=2, 16100] loss: 0.049478338
[stage=2, 16200] loss: 0.048284053
[stage=2, 16300] loss: 0.048293579
[stage=2, 16400] loss: 0.048032367
[stage=2, 16500] loss: 0.047842250
[stage=2, 16600] loss: 0.048644354
[stage=2, 16700] loss: 0.048838012
[stage=2, 16800] loss: 0.047463896
[stage=2, 16900] loss: 0.047917906
[stage=2, 17000] loss: 0.047857653
[stage=2, 17100] loss: 0.047875713
[stage=2, 17200] loss: 0.047603034
[stage=2, 17300] loss: 0.048991544
[stage=2, 17400] loss: 0.047544993
[stage=2, 17500] loss: 0.045470017
[stage=2, 17600] loss: 0.047912699
[stage=2, 17700] loss: 0.047706530
[stage=2, 17800] loss: 0.045522479
[stage=2, 17900] loss: 0.047595312
[stage=2, 18000] loss: 0.045888093
[stage=2, 18100] loss: 0.046668389
[stage=2, 18200] loss: 0.046654571
[stage=2, 18300] loss: 0.044097797
[stage=2, 18400] loss: 0.045921134
[stage=2, 18500] loss: 0.045464146
[stage=2, 18600] loss: 0.045079097
[stage=2, 18700] loss: 0.046278897
[stage=2, 18800] loss: 0.045895130
[stage=2, 18900] loss: 0.046902278
[stage=2, 19000] loss: 0.045554974
[stage=2, 19100] loss: 0.045343536
[stage=2, 19200] loss: 0.047023954
[stage=2, 19300] loss: 0.046213798
[stage=2, 19400] loss: 0.045850377
[stage=2, 19500] loss: 0.044904114
[stage=2, 19600] loss: 0.046720807
[stage=2, 19700] loss: 0.043427711
[stage=2, 19800] loss: 0.046097797
[stage=2, 19900] loss: 0.044379295
[stage=2, 20000] loss: 0.045764183
[stage=2, 20100] loss: 0.042069787
[stage=2, 20200] loss: 0.040193601
[stage=2, 20300] loss: 0.037893614
[stage=2, 20400] loss: 0.038609873
[stage=2, 20500] loss: 0.038518207
[stage=2, 20600] loss: 0.038925257
[stage=2, 20700] loss: 0.038727375
[stage=2, 20800] loss: 0.037200395
[stage=2, 20900] loss: 0.036803433
[stage=2, 21000] loss: 0.038024222
[stage=2, 21100] loss: 0.037500632
[stage=2, 21200] loss: 0.036984821
[stage=2, 21300] loss: 0.037388900
[stage=2, 21400] loss: 0.036496194
[stage=2, 21500] loss: 0.037252783
[stage=2, 21600] loss: 0.036850098
[stage=2, 21700] loss: 0.036190668
[stage=2, 21800] loss: 0.036417585
[stage=2, 21900] loss: 0.037146848
[stage=2, 22000] loss: 0.036256317
[stage=2, 22100] loss: 0.038322887
[stage=2, 22200] loss: 0.036053390
[stage=2, 22300] loss: 0.037281761
[stage=2, 22400] loss: 0.036545382
[stage=2, 22500] loss: 0.037177028
[stage=2, 22600] loss: 0.035933153
[stage=2, 22700] loss: 0.036924284
[stage=2, 22800] loss: 0.036120762
[stage=2, 22900] loss: 0.036095708
[stage=2, 23000] loss: 0.036426266
[stage=2, 23100] loss: 0.037318205
[stage=2, 23200] loss: 0.035187220
[stage=2, 23300] loss: 0.036796814
[stage=2, 23400] loss: 0.037214852
[stage=2, 23500] loss: 0.035008746
[stage=2, 23600] loss: 0.036920482
[stage=2, 23700] loss: 0.035399908
[stage=2, 23800] loss: 0.036055373
[stage=2, 23900] loss: 0.035171863
[stage=2, 24000] loss: 0.036283477
[stage=2, 24100] loss: 0.035847637
[stage=2, 24200] loss: 0.036779358
[stage=2, 24300] loss: 0.035932440
[stage=2, 24400] loss: 0.036099912
[stage=2, 24500] loss: 0.035481667
[stage=2, 24600] loss: 0.037736349
[stage=2, 24700] loss: 0.034551287
[stage=2, 24800] loss: 0.036117284
[stage=2, 24900] loss: 0.035997976


time cost 0.0359501838684082 s
start iterator 0
time cost 0.03983449935913086 s
start iterator 0
time cost 0.03264570236206055 s
start iterator 0
time cost 0.033078670501708984 s
sc-inv, a10, a1, a2, a3, rmse, log_rmse, rel, sq_rel1, sq_rel2, log10, 
0.1017,     0.9731,     0.9812,     0.9859,     0.9916,     0.1653,     0.1023,     0.0346,     0.0262,     0.0330,     0.0120, 



wirte image:data/tum/cabinet/inference_result/211.png
time cost 0.03524613380432129 s
wirte image:data/tum/cabinet/inference_result/212.png
time cost 0.0317692756652832 s
wirte image:data/tum/cabinet/inference_result/213.png
time cost 0.033730506896972656 s
wirte image:data/tum/cabinet/inference_result/214.png
time cost 0.03625822067260742 s
wirte image:data/tum/cabinet/inference_result/215.png
time cost 0.03397798538208008 s
wirte image:data/tum/cabinet/inference_result/216.png
time cost 0.03526759147644043 s
wirte image:data/tum/cabinet/inference_result/217.png
time cost 0.035028696060180664 s
wirte image:data/tum/cabinet/inference_result/218.png
time cost 0.03366208076477051 s
wirte image:data/tum/cabinet/inference_result/219.png
time cost 0.03242826461791992 s
wirte image:data/tum/cabinet/inference_result/220.png
220 images,totle time: 7.7016167640686035 s, avg time: 0.03500734892758456 s

aspp+shufflenetv2 rtx3090

[stage=2,   100] loss: 1.553609475
[stage=2,   200] loss: 0.308765307
[stage=2,   300] loss: 0.233286678
[stage=2,   400] loss: 0.189042745
[stage=2,   500] loss: 0.158931241
[stage=2,   600] loss: 0.164418508
[stage=2,   700] loss: 0.152312509
[stage=2,   800] loss: 0.142698716
[stage=2,   900] loss: 0.131823504
[stage=2,  1000] loss: 0.135437049
[stage=2,  1100] loss: 0.120731096
[stage=2,  1200] loss: 0.126657747
[stage=2,  1300] loss: 0.115398257
[stage=2,  1400] loss: 0.119643391
[stage=2,  1500] loss: 0.110869384
[stage=2,  1600] loss: 0.115257387
[stage=2,  1700] loss: 0.111072205
[stage=2,  1800] loss: 0.105621549
[stage=2,  1900] loss: 0.103037293
[stage=2,  2000] loss: 0.104929618
[stage=2,  2100] loss: 0.098159072
[stage=2,  2200] loss: 0.098974184
[stage=2,  2300] loss: 0.098886857
[stage=2,  2400] loss: 0.098281211
[stage=2,  2500] loss: 0.094627769
[stage=2,  2600] loss: 0.093365997
[stage=2,  2700] loss: 0.095415323
[stage=2,  2800] loss: 0.094512863
[stage=2,  2900] loss: 0.090546026
[stage=2,  3000] loss: 0.091313033
[stage=2,  3100] loss: 0.093449818
[stage=2,  3200] loss: 0.089986078
[stage=2,  3300] loss: 0.092189195
[stage=2,  3400] loss: 0.088645285
[stage=2,  3500] loss: 0.087229836
[stage=2,  3600] loss: 0.089761523
[stage=2,  3700] loss: 0.086209458
[stage=2,  3800] loss: 0.083838581
[stage=2,  3900] loss: 0.084597975
[stage=2,  4000] loss: 0.085145665
[stage=2,  4100] loss: 0.084301226
[stage=2,  4200] loss: 0.081017123
[stage=2,  4300] loss: 0.080077796
[stage=2,  4400] loss: 0.082989819
[stage=2,  4500] loss: 0.081172994
[stage=2,  4600] loss: 0.081471743
[stage=2,  4700] loss: 0.080919721
[stage=2,  4800] loss: 0.082898774
[stage=2,  4900] loss: 0.078220672
[stage=2,  5000] loss: 0.077598857
[stage=2,  5100] loss: 0.074827472
[stage=2,  5200] loss: 0.075819719
[stage=2,  5300] loss: 0.078186197
[stage=2,  5400] loss: 0.074615396
[stage=2,  5500] loss: 0.075590597
[stage=2,  5600] loss: 0.075302642
[stage=2,  5700] loss: 0.073961928
[stage=2,  5800] loss: 0.073314671
[stage=2,  5900] loss: 0.074466025
[stage=2,  6000] loss: 0.068486129
[stage=2,  6100] loss: 0.077269887
[stage=2,  6200] loss: 0.071700631
[stage=2,  6300] loss: 0.072355625
[stage=2,  6400] loss: 0.069069315
[stage=2,  6500] loss: 0.071658782
[stage=2,  6600] loss: 0.070773156
[stage=2,  6700] loss: 0.070039858
[stage=2,  6800] loss: 0.071506245
[stage=2,  6900] loss: 0.070182786
[stage=2,  7000] loss: 0.069929025
[stage=2,  7100] loss: 0.068612318
[stage=2,  7200] loss: 0.066812221
[stage=2,  7300] loss: 0.072980077
[stage=2,  7400] loss: 0.067768910
[stage=2,  7500] loss: 0.068681171
[stage=2,  7600] loss: 0.068507776
[stage=2,  7700] loss: 0.067965295
[stage=2,  7800] loss: 0.067442538
[stage=2,  7900] loss: 0.066706926
[stage=2,  8000] loss: 0.067945965
[stage=2,  8100] loss: 0.066458038
[stage=2,  8200] loss: 0.067486986
[stage=2,  8300] loss: 0.064903247
[stage=2,  8400] loss: 0.068199148
[stage=2,  8500] loss: 0.064494031
[stage=2,  8600] loss: 0.062953738
[stage=2,  8700] loss: 0.063286626
[stage=2,  8800] loss: 0.065656580
[stage=2,  8900] loss: 0.065305677
[stage=2,  9000] loss: 0.061994040
[stage=2,  9100] loss: 0.064659906
[stage=2,  9200] loss: 0.063445562
[stage=2,  9300] loss: 0.061741709
[stage=2,  9400] loss: 0.061918967
[stage=2,  9500] loss: 0.062009729
[stage=2,  9600] loss: 0.061045656
[stage=2,  9700] loss: 0.060674054
[stage=2,  9800] loss: 0.062119880
[stage=2,  9900] loss: 0.059905649
[stage=2, 10000] loss: 0.061232961
[stage=2, 10100] loss: 0.059219559
[stage=2, 10200] loss: 0.060168902
[stage=2, 10300] loss: 0.059759028
[stage=2, 10400] loss: 0.059396989
[stage=2, 10500] loss: 0.060850995
[stage=2, 10600] loss: 0.058923475
[stage=2, 10700] loss: 0.062188550
[stage=2, 10800] loss: 0.057803874
[stage=2, 10900] loss: 0.058038859
[stage=2, 11000] loss: 0.057810148
[stage=2, 11100] loss: 0.058734771
[stage=2, 11200] loss: 0.059062121
[stage=2, 11300] loss: 0.057581576
[stage=2, 11400] loss: 0.056954707
[stage=2, 11500] loss: 0.056579842
[stage=2, 11600] loss: 0.056772779
[stage=2, 11700] loss: 0.054534806
[stage=2, 11800] loss: 0.057428915
[stage=2, 11900] loss: 0.058229064
[stage=2, 12000] loss: 0.056776341
[stage=2, 12100] loss: 0.056695848
[stage=2, 12200] loss: 0.058728013
[stage=2, 12300] loss: 0.054353621
[stage=2, 12400] loss: 0.057444052
[stage=2, 12500] loss: 0.054273979
[stage=2, 12600] loss: 0.056726011
[stage=2, 12700] loss: 0.053448279
[stage=2, 12800] loss: 0.055154714
[stage=2, 12900] loss: 0.054390008
[stage=2, 13000] loss: 0.055421445
[stage=2, 13100] loss: 0.055256363
[stage=2, 13200] loss: 0.054225971
[stage=2, 13300] loss: 0.055180266
[stage=2, 13400] loss: 0.055415014
[stage=2, 13500] loss: 0.053714171
[stage=2, 13600] loss: 0.054249633
[stage=2, 13700] loss: 0.051699765
[stage=2, 13800] loss: 0.055686106
[stage=2, 13900] loss: 0.053628698
[stage=2, 14000] loss: 0.053748035
[stage=2, 14100] loss: 0.052357155
[stage=2, 14200] loss: 0.051737051
[stage=2, 14300] loss: 0.054182471
[stage=2, 14400] loss: 0.051500639
[stage=2, 14500] loss: 0.053788978
[stage=2, 14600] loss: 0.052657337
[stage=2, 14700] loss: 0.052398370
[stage=2, 14800] loss: 0.051612324
[stage=2, 14900] loss: 0.053558583
[stage=2, 15000] loss: 0.053479261
[stage=2, 15100] loss: 0.051356171
[stage=2, 15200] loss: 0.052528089
[stage=2, 15300] loss: 0.051961953
[stage=2, 15400] loss: 0.052736718
[stage=2, 15500] loss: 0.049903959
[stage=2, 15600] loss: 0.053422921
[stage=2, 15700] loss: 0.051266899
[stage=2, 15800] loss: 0.050307101
[stage=2, 15900] loss: 0.051010063
[stage=2, 16000] loss: 0.051239147
[stage=2, 16100] loss: 0.052605044
[stage=2, 16200] loss: 0.050525873
[stage=2, 16300] loss: 0.050133367
[stage=2, 16400] loss: 0.050902082
[stage=2, 16500] loss: 0.050168739
[stage=2, 16600] loss: 0.050328839
[stage=2, 16700] loss: 0.049334058
[stage=2, 16800] loss: 0.049293185
[stage=2, 16900] loss: 0.050797412
[stage=2, 17000] loss: 0.050408762
[stage=2, 17100] loss: 0.050618397
[stage=2, 17200] loss: 0.050411867
[stage=2, 17300] loss: 0.050371566
[stage=2, 17400] loss: 0.048556038
[stage=2, 17500] loss: 0.048380210
[stage=2, 17600] loss: 0.049476804
[stage=2, 17700] loss: 0.049063519
[stage=2, 17800] loss: 0.048221826
[stage=2, 17900] loss: 0.048841296
[stage=2, 18000] loss: 0.048013815
[stage=2, 18100] loss: 0.049269669
[stage=2, 18200] loss: 0.049120455
[stage=2, 18300] loss: 0.047299336
[stage=2, 18400] loss: 0.047287438
[stage=2, 18500] loss: 0.047762722
[stage=2, 18600] loss: 0.046949501
[stage=2, 18700] loss: 0.048668862
[stage=2, 18800] loss: 0.049107145
[stage=2, 18900] loss: 0.048333982
[stage=2, 19000] loss: 0.048457034
[stage=2, 19100] loss: 0.046924735
[stage=2, 19200] loss: 0.049216623
[stage=2, 19300] loss: 0.048047320
[stage=2, 19400] loss: 0.048582866
[stage=2, 19500] loss: 0.047336255
[stage=2, 19600] loss: 0.048620646
[stage=2, 19700] loss: 0.046622827
[stage=2, 19800] loss: 0.048526056
[stage=2, 19900] loss: 0.046337249
[stage=2, 20000] loss: 0.047376964
[stage=2, 20100] loss: 0.043173523
[stage=2, 20200] loss: 0.041566588
[stage=2, 20300] loss: 0.038999528
[stage=2, 20400] loss: 0.040328632
[stage=2, 20500] loss: 0.040781815
[stage=2, 20600] loss: 0.040695807
[stage=2, 20700] loss: 0.040562927
[stage=2, 20800] loss: 0.038689808
[stage=2, 20900] loss: 0.038520419
[stage=2, 21000] loss: 0.039586854
[stage=2, 21100] loss: 0.038657074
[stage=2, 21200] loss: 0.038391083
[stage=2, 21300] loss: 0.038778717
[stage=2, 21400] loss: 0.037919116
[stage=2, 21500] loss: 0.038710084
[stage=2, 21600] loss: 0.038683594
[stage=2, 21700] loss: 0.037646736
[stage=2, 21800] loss: 0.038007216
[stage=2, 21900] loss: 0.038793967
[stage=2, 22000] loss: 0.038212120
[stage=2, 22100] loss: 0.039540132
[stage=2, 22200] loss: 0.037760515
[stage=2, 22300] loss: 0.038880781
[stage=2, 22400] loss: 0.038086019
[stage=2, 22500] loss: 0.038811496
[stage=2, 22600] loss: 0.037280222
[stage=2, 22700] loss: 0.038558006
[stage=2, 22800] loss: 0.037212008
[stage=2, 22900] loss: 0.037400308
[stage=2, 23000] loss: 0.037799275
[stage=2, 23100] loss: 0.039406066
[stage=2, 23200] loss: 0.036726716
[stage=2, 23300] loss: 0.038694497
[stage=2, 23400] loss: 0.039344132
[stage=2, 23500] loss: 0.036728324
[stage=2, 23600] loss: 0.038791596
[stage=2, 23700] loss: 0.037011275
[stage=2, 23800] loss: 0.037779084
[stage=2, 23900] loss: 0.036507614
[stage=2, 24000] loss: 0.037569760
[stage=2, 24100] loss: 0.037444113
[stage=2, 24200] loss: 0.038412512
[stage=2, 24300] loss: 0.037041555
[stage=2, 24400] loss: 0.037706178
[stage=2, 24500] loss: 0.037015343
[stage=2, 24600] loss: 0.039869670
[stage=2, 24700] loss: 0.036019901
[stage=2, 24800] loss: 0.037572994
[stage=2, 24900] loss: 0.037239981


time cost 0.02219080924987793 s
start iterator 0
time cost 0.019567251205444336 s
start iterator 0
time cost 0.025191545486450195 s
start iterator 0
time cost 0.021760940551757812 s
start iterator 0
time cost 0.024135828018188477 s
start iterator 0
time cost 0.02136087417602539 s
start iterator 0
time cost 0.025096654891967773 s
start iterator 0
time cost 0.02422785758972168 s

sc-inv, a10, a1, a2, a3, rmse, log_rmse, rel, sq_rel1, sq_rel2, log10, 
    0.0958,     0.9768,     0.9829,     0.9872,     0.9903,     0.1317,     0.0964,     0.0322,     0.0183,     0.0274,     0.0114, 


inference 
220 images,totle time: 4.000942230224609 s, avg time: 0.018186101046475497 s

