[stage=2,   100] loss: 0.083151709 
[stage=2,   200] loss: 0.078712333 
[stage=2,   300] loss: 0.088304569 
[stage=2,   400] loss: 0.083096248 
[stage=2,   500] loss: 0.080800461 
[stage=2,   600] loss: 0.084859220 
[stage=2,   700] loss: 0.075921187 
[stage=2,   800] loss: 0.080450252 
[stage=2,   900] loss: 0.074487392 
[stage=2,  1000] loss: 0.083291878 
[stage=2,  1100] loss: 0.075079352 
[stage=2,  1200] loss: 0.077153054 
[stage=2,  1300] loss: 0.075401490 
[stage=2,  1400] loss: 0.080052138 
[stage=2,  1500] loss: 0.074242387 
[stage=2,  1600] loss: 0.076552799 
[stage=2,  1700] loss: 0.077049919 
[stage=2,  1800] loss: 0.075417998 
[stage=2,  1900] loss: 0.076543308 
[stage=2,  2000] loss: 0.076578913 
[stage=2,  2100] loss: 0.073979878 
[stage=2,  2200] loss: 0.073837816 
[stage=2,  2300] loss: 0.073468896 
[stage=2,  2400] loss: 0.075036880 
[stage=2,  2500] loss: 0.074361161 
[stage=2,  2600] loss: 0.074703501 
[stage=2,  2700] loss: 0.074489120 
[stage=2,  2800] loss: 0.072879878 
[stage=2,  2900] loss: 0.073185650 
[stage=2,  3000] loss: 0.071178503 
[stage=2,  3100] loss: 0.075976709 
[stage=2,  3200] loss: 0.073915280 
[stage=2,  3300] loss: 0.072602381 
[stage=2,  3400] loss: 0.074931454 
[stage=2,  3500] loss: 0.070821673 
[stage=2,  3600] loss: 0.072679020 
[stage=2,  3700] loss: 0.071378263 
[stage=2,  3800] loss: 0.069158478 
[stage=2,  3900] loss: 0.073271569 
[stage=2,  4000] loss: 0.070963666 
[stage=2,  4100] loss: 0.069400453 
[stage=2,  4200] loss: 0.068877907 
[stage=2,  4300] loss: 0.069210843 
[stage=2,  4400] loss: 0.071137747 
[stage=2,  4500] loss: 0.070546002 
[stage=2,  4600] loss: 0.067101798 
[stage=2,  4700] loss: 0.070887836 
[stage=2,  4800] loss: 0.070147401 
[stage=2,  4900] loss: 0.066626867 
[stage=2,  5000] loss: 0.068187466 
[stage=2,  5100] loss: 0.067567806 
[stage=2,  5200] loss: 0.064768137 
[stage=2,  5300] loss: 0.065393584 
[stage=2,  5400] loss: 0.065732746 
[stage=2,  5500] loss: 0.064109500 
[stage=2,  5600] loss: 0.066363674 
[stage=2,  5700] loss: 0.063644655 
[stage=2,  5800] loss: 0.061862547 
[stage=2,  5900] loss: 0.065295439 
[stage=2,  6000] loss: 0.058705875 
[stage=2,  6100] loss: 0.064041866 
[stage=2,  6200] loss: 0.059884759 
[stage=2,  6300] loss: 0.060822105 
[stage=2,  6400] loss: 0.060281339 
[stage=2,  6500] loss: 0.059501461 
[stage=2,  6600] loss: 0.060235498 
[stage=2,  6700] loss: 0.057673218 
[stage=2,  6800] loss: 0.060374457 
[stage=2,  6900] loss: 0.059505824 
[stage=2,  7000] loss: 0.058922385 
[stage=2,  7100] loss: 0.059932294 
[stage=2,  7200] loss: 0.057632302 
[stage=2,  7300] loss: 0.060583797 
[stage=2,  7400] loss: 0.056234337 
[stage=2,  7500] loss: 0.056953313 
[stage=2,  7600] loss: 0.058141926 
[stage=2,  7700] loss: 0.059825534 
[stage=2,  7800] loss: 0.056518395 
[stage=2,  7900] loss: 0.057708943 
[stage=2,  8000] loss: 0.056566311 
[stage=2,  8100] loss: 0.054114250 
[stage=2,  8200] loss: 0.057436666 
[stage=2,  8300] loss: 0.053894355 
[stage=2,  8400] loss: 0.056332680 
[stage=2,  8500] loss: 0.055581038 
[stage=2,  8600] loss: 0.052313870 
[stage=2,  8700] loss: 0.054764026 
[stage=2,  8800] loss: 0.056183035 
[stage=2,  8900] loss: 0.053173342 
[stage=2,  9000] loss: 0.055717928 
[stage=2,  9100] loss: 0.054289179 
[stage=2,  9200] loss: 0.053299286 
[stage=2,  9300] loss: 0.053588978 
[stage=2,  9400] loss: 0.051658392 
[stage=2,  9500] loss: 0.052442553 
[stage=2,  9600] loss: 0.052678240 
[stage=2,  9700] loss: 0.052881045 
[stage=2,  9800] loss: 0.051246694 
[stage=2,  9900] loss: 0.050945091 
[stage=2, 10000] loss: 0.052608884 
[stage=2, 10100] loss: 0.049602274 
[stage=2, 10200] loss: 0.052595469 
[stage=2, 10300] loss: 0.051224106 
[stage=2, 10400] loss: 0.049522495 
[stage=2, 10500] loss: 0.051500350 
[stage=2, 10600] loss: 0.050973536 
[stage=2, 10700] loss: 0.053203441 
[stage=2, 10800] loss: 0.048357993 
[stage=2, 10900] loss: 0.049687249 
[stage=2, 11000] loss: 0.050604925 
[stage=2, 11100] loss: 0.048629416 
[stage=2, 11200] loss: 0.051690903 
[stage=2, 11300] loss: 0.048165290 
[stage=2, 11400] loss: 0.048231395 
[stage=2, 11500] loss: 0.049364382 
[stage=2, 11600] loss: 0.048952876 
[stage=2, 11700] loss: 0.046791039 
[stage=2, 11800] loss: 0.048380857 
[stage=2, 11900] loss: 0.047855116 
[stage=2, 12000] loss: 0.048667259 
[stage=2, 12100] loss: 0.048060217 
[stage=2, 12200] loss: 0.049032158 
[stage=2, 12300] loss: 0.046969695 
[stage=2, 12400] loss: 0.050492702 
[stage=2, 12500] loss: 0.047960960 
[stage=2, 12600] loss: 0.048679154 
[stage=2, 12700] loss: 0.045571739 
[stage=2, 12800] loss: 0.048220099 
[stage=2, 12900] loss: 0.045833411 
[stage=2, 13000] loss: 0.046590906 
[stage=2, 13100] loss: 0.045328038 
[stage=2, 13200] loss: 0.046365844 
[stage=2, 13300] loss: 0.046913449 
[stage=2, 13400] loss: 0.047134287 
[stage=2, 13500] loss: 0.045529464 
[stage=2, 13600] loss: 0.044797516 
[stage=2, 13700] loss: 0.045797363 
[stage=2, 13800] loss: 0.046869031 
[stage=2, 13900] loss: 0.045325221 
[stage=2, 14000] loss: 0.044725993 
[stage=2, 14100] loss: 0.045098960 
[stage=2, 14200] loss: 0.044236521 
[stage=2, 14300] loss: 0.046307161 
[stage=2, 14400] loss: 0.042636014 
[stage=2, 14500] loss: 0.046246599 
[stage=2, 14600] loss: 0.045324575 
[stage=2, 14700] loss: 0.044616697 
[stage=2, 14800] loss: 0.043470295 
[stage=2, 14900] loss: 0.044224021 
[stage=2, 15000] loss: 0.045478759 
[stage=2, 15100] loss: 0.042519949 
[stage=2, 15200] loss: 0.043975631 
[stage=2, 15300] loss: 0.044023773 
[stage=2, 15400] loss: 0.044627961 
[stage=2, 15500] loss: 0.041493242 
[stage=2, 15600] loss: 0.043789304 
[stage=2, 15700] loss: 0.042601296 
[stage=2, 15800] loss: 0.042995977 
[stage=2, 15900] loss: 0.043008518 
[stage=2, 16000] loss: 0.043259471 
[stage=2, 16100] loss: 0.038210514 
[stage=2, 16200] loss: 0.036352141 
[stage=2, 16300] loss: 0.035276643 
[stage=2, 16400] loss: 0.035003493 
[stage=2, 16500] loss: 0.034628995 
[stage=2, 16600] loss: 0.035310689 
[stage=2, 16700] loss: 0.034070715 
[stage=2, 16800] loss: 0.033342454 
[stage=2, 16900] loss: 0.034339891 
[stage=2, 17000] loss: 0.033802891 
[stage=2, 17100] loss: 0.034737431 
[stage=2, 17200] loss: 0.033106118 
[stage=2, 17300] loss: 0.033910288 
[stage=2, 17400] loss: 0.033219821 
[stage=2, 17500] loss: 0.033350092 
[stage=2, 17600] loss: 0.033807018 
[stage=2, 17700] loss: 0.033512342 
[stage=2, 17800] loss: 0.032809985 
[stage=2, 17900] loss: 0.033499129 
[stage=2, 18000] loss: 0.032950914 
[stage=2, 18100] loss: 0.033995312 
[stage=2, 18200] loss: 0.033835774 
[stage=2, 18300] loss: 0.031933247 
[stage=2, 18400] loss: 0.032642114 
[stage=2, 18500] loss: 0.032912233 
[stage=2, 18600] loss: 0.032335853 
[stage=2, 18700] loss: 0.032947679 
[stage=2, 18800] loss: 0.032778398 
[stage=2, 18900] loss: 0.032478114 
[stage=2, 19000] loss: 0.032625859 
[stage=2, 19100] loss: 0.032048577 
[stage=2, 19200] loss: 0.033035389 
[stage=2, 19300] loss: 0.032971045 
[stage=2, 19400] loss: 0.032944430 
[stage=2, 19500] loss: 0.032828736 
[stage=2, 19600] loss: 0.033349609 
[stage=2, 19700] loss: 0.031469477 
[stage=2, 19800] loss: 0.033192212 
[stage=2, 19900] loss: 0.031887254 
