[stage=2,   100] loss: 1.622495345 
[stage=2,   200] loss: 1.127576517 
[stage=2,   300] loss: 1.148497596 
[stage=2,   400] loss: 1.027834284 
[stage=2,   500] loss: 1.003620647 
[stage=2,   600] loss: 0.927119686 
[stage=2,   700] loss: 0.984058030 
[stage=2,   800] loss: 0.917683963 
[stage=2,   900] loss: 0.827727640 
[stage=2,  1000] loss: 0.840036067 
[stage=2,  1100] loss: 0.884916694 
[stage=2,  1200] loss: 0.853215264 
[stage=2,  1300] loss: 0.884232611 
[stage=2,  1400] loss: 0.842376207 
[stage=2,  1500] loss: 0.806083601 
[stage=2,  1600] loss: 0.816176636 
[stage=2,  1700] loss: 0.730677132 
[stage=2,  1800] loss: 0.773682308 
[stage=2,  1900] loss: 0.737921418 
[stage=2,  2000] loss: 0.731956086 
[stage=2,  2100] loss: 0.702079153 
[stage=2,  2200] loss: 0.725665609 
[stage=2,  2300] loss: 0.732398496 
[stage=2,  2400] loss: 0.727851152 
[stage=2,  2500] loss: 0.719335334 
[stage=2,  2600] loss: 0.749995994 
[stage=2,  2700] loss: 0.621242858 
[stage=2,  2800] loss: 0.713098761 
[stage=2,  2900] loss: 0.642408914 
[stage=2,  3000] loss: 0.641293322 
[stage=2,  3100] loss: 0.631917098 
[stage=2,  3200] loss: 0.657045331 
[stage=2,  3300] loss: 0.651476489 
[stage=2,  3400] loss: 0.675509915 
[stage=2,  3500] loss: 0.595069545 
[stage=2,  3600] loss: 0.628268048 
[stage=2,  3700] loss: 0.602689979 
[stage=2,  3800] loss: 0.600695185 
[stage=2,  3900] loss: 0.592559482 
[stage=2,  4000] loss: 0.615415252 
[stage=2,  4100] loss: 0.597553574 
[stage=2,  4200] loss: 0.567888078 
[stage=2,  4300] loss: 0.596313141 
[stage=2,  4400] loss: 0.591095777 
[stage=2,  4500] loss: 0.607990169 
[stage=2,  4600] loss: 0.566551019 
[stage=2,  4700] loss: 0.584054930 
[stage=2,  4800] loss: 0.545992314 
[stage=2,  4900] loss: 0.547452220 
[stage=2,  5000] loss: 0.549116116 
[stage=2,  5100] loss: 0.540560744 
[stage=2,  5200] loss: 0.533494897 
[stage=2,  5300] loss: 0.519693210 
[stage=2,  5400] loss: 0.538764353 
[stage=2,  5500] loss: 0.483939756 
[stage=2,  5600] loss: 0.529881571 
[stage=2,  5700] loss: 0.548847914 
[stage=2,  5800] loss: 0.507912438 
[stage=2,  5900] loss: 0.484192341 
[stage=2,  6000] loss: 0.516806033 
[stage=2,  6100] loss: 0.526518883 
[stage=2,  6200] loss: 0.495918799 
[stage=2,  6300] loss: 0.471154783 
[stage=2,  6400] loss: 0.467956908 
[stage=2,  6500] loss: 0.520935956 
[stage=2,  6600] loss: 0.492242808 
[stage=2,  6700] loss: 0.484558432 
[stage=2,  6800] loss: 0.495852648 
[stage=2,  6900] loss: 0.477667289 
[stage=2,  7000] loss: 0.512144499 
[stage=2,  7100] loss: 0.453387682 
[stage=2,  7200] loss: 0.493502224 
[stage=2,  7300] loss: 0.473470645 
[stage=2,  7400] loss: 0.464774258 
[stage=2,  7500] loss: 0.469572096 
[stage=2,  7600] loss: 0.468939616 
[stage=2,  7700] loss: 0.474018806 
[stage=2,  7800] loss: 0.473317843 
[stage=2,  7900] loss: 0.427412196 
[stage=2,  8000] loss: 0.472334931 
[stage=2,  8100] loss: 0.469109775 
[stage=2,  8200] loss: 0.438512515 
[stage=2,  8300] loss: 0.424141258 
[stage=2,  8400] loss: 0.467151424 
[stage=2,  8500] loss: 0.436215783 
[stage=2,  8600] loss: 0.457805376 
[stage=2,  8700] loss: 0.429493155 
[stage=2,  8800] loss: 0.429714719 
[stage=2,  8900] loss: 0.440082888 
[stage=2,  9000] loss: 0.441479166 
[stage=2,  9100] loss: 0.420560046 
[stage=2,  9200] loss: 0.396254456 
[stage=2,  9300] loss: 0.412466450 
[stage=2,  9400] loss: 0.414379264 
[stage=2,  9500] loss: 0.424784876 
[stage=2,  9600] loss: 0.431888857 
[stage=2,  9700] loss: 0.430111434 
[stage=2,  9800] loss: 0.423612701 
[stage=2,  9900] loss: 0.413654737 
[stage=2, 10000] loss: 0.399440740 
[stage=2, 10100] loss: 0.435602251 
[stage=2, 10200] loss: 0.412291835 
[stage=2, 10300] loss: 0.424138880 
[stage=2, 10400] loss: 0.399660038 
[stage=2, 10500] loss: 0.395000402 
[stage=2, 10600] loss: 0.412735682 
[stage=2, 10700] loss: 0.403754233 
[stage=2, 10800] loss: 0.415947466 
[stage=2, 10900] loss: 0.400933311 
[stage=2, 11000] loss: 0.417580106 
[stage=2, 11100] loss: 0.389223478 
[stage=2, 11200] loss: 0.393301010 
[stage=2, 11300] loss: 0.400919044 
[stage=2, 11400] loss: 0.399542655 
[stage=2, 11500] loss: 0.389467203 
[stage=2, 11600] loss: 0.396719889 
[stage=2, 11700] loss: 0.404096899 
[stage=2, 11800] loss: 0.375823375 
[stage=2, 11900] loss: 0.397064292 
[stage=2, 12000] loss: 0.367049493 
[stage=2, 12100] loss: 0.381422869 
[stage=2, 12200] loss: 0.363149329 
[stage=2, 12300] loss: 0.391521579 
[stage=2, 12400] loss: 0.357396302 
[stage=2, 12500] loss: 0.385789814 
[stage=2, 12600] loss: 0.386468323 
[stage=2, 12700] loss: 0.393621097 
[stage=2, 12800] loss: 0.374980226 
[stage=2, 12900] loss: 0.363933664 
[stage=2, 13000] loss: 0.376321095 
[stage=2, 13100] loss: 0.366635743 
[stage=2, 13200] loss: 0.374764683 
[stage=2, 13300] loss: 0.373018573 
[stage=2, 13400] loss: 0.365342572 
[stage=2, 13500] loss: 0.369296755 
[stage=2, 13600] loss: 0.382245864 
[stage=2, 13700] loss: 0.379762387 
[stage=2, 13800] loss: 0.342832208 
[stage=2, 13900] loss: 0.355929234 
[stage=2, 14000] loss: 0.385223616 
[stage=2, 14100] loss: 0.365041178 
[stage=2, 14200] loss: 0.350779251 
[stage=2, 14300] loss: 0.379961652 
[stage=2, 14400] loss: 0.347072629 
[stage=2, 14500] loss: 0.347519285 
[stage=2, 14600] loss: 0.371062352 
[stage=2, 14700] loss: 0.360891795 
[stage=2, 14800] loss: 0.388026825 
[stage=2, 14900] loss: 0.365513588 
[stage=2, 15000] loss: 0.371384671 
[stage=2, 15100] loss: 0.355656872 
[stage=2, 15200] loss: 0.361486142 
[stage=2, 15300] loss: 0.351019422 
[stage=2, 15400] loss: 0.348623242 
[stage=2, 15500] loss: 0.364193451 
[stage=2, 15600] loss: 0.354938561 
[stage=2, 15700] loss: 0.345387283 
[stage=2, 15800] loss: 0.347395872 
[stage=2, 15900] loss: 0.361616433 
[stage=2, 16000] loss: 0.365887283 
[stage=2, 16100] loss: 0.327401117 
[stage=2, 16200] loss: 0.338448640 
[stage=2, 16300] loss: 0.360572848 
[stage=2, 16400] loss: 0.354870921 
[stage=2, 16500] loss: 0.336280811 
[stage=2, 16600] loss: 0.323380534 
[stage=2, 16700] loss: 0.339911620 
[stage=2, 16800] loss: 0.339592386 
[stage=2, 16900] loss: 0.331324980 
[stage=2, 17000] loss: 0.333127696 
[stage=2, 17100] loss: 0.335852886 
[stage=2, 17200] loss: 0.330309280 
[stage=2, 17300] loss: 0.343122590 
[stage=2, 17400] loss: 0.343025459 
[stage=2, 17500] loss: 0.331987718 
[stage=2, 17600] loss: 0.329108732 
[stage=2, 17700] loss: 0.348149668 
[stage=2, 17800] loss: 0.339955793 
[stage=2, 17900] loss: 0.341129433 
[stage=2, 18000] loss: 0.338909964 
[stage=2, 18100] loss: 0.337084565 
[stage=2, 18200] loss: 0.340786015 
[stage=2, 18300] loss: 0.302556297 
[stage=2, 18400] loss: 0.323173003 
[stage=2, 18500] loss: 0.325389211 
[stage=2, 18600] loss: 0.339616594 
[stage=2, 18700] loss: 0.322628603 
[stage=2, 18800] loss: 0.317028309 
[stage=2, 18900] loss: 0.331324190 
[stage=2, 19000] loss: 0.338379756 
[stage=2, 19100] loss: 0.322098279 
[stage=2, 19200] loss: 0.332785929 
[stage=2, 19300] loss: 0.317771144 
[stage=2, 19400] loss: 0.331266502 
[stage=2, 19500] loss: 0.317828824 
[stage=2, 19600] loss: 0.323586969 
[stage=2, 19700] loss: 0.351081202 
[stage=2, 19800] loss: 0.315373365 
[stage=2, 19900] loss: 0.324292754 
[stage=2, 20000] loss: 0.323102018 
[stage=2, 20100] loss: 0.316021719 
[stage=2, 20200] loss: 0.317707739 
[stage=2, 20300] loss: 0.314561626 
[stage=2, 20400] loss: 0.318890273 
[stage=2, 20500] loss: 0.331331640 
[stage=2, 20600] loss: 0.310028185 
[stage=2, 20700] loss: 0.301593159 
[stage=2, 20800] loss: 0.313209942 
[stage=2, 20900] loss: 0.322353751 
[stage=2, 21000] loss: 0.311572220 
[stage=2, 21100] loss: 0.329373913 
[stage=2, 21200] loss: 0.317013678 
[stage=2, 21300] loss: 0.303402412 
[stage=2, 21400] loss: 0.296684483 
[stage=2, 21500] loss: 0.296629462 
[stage=2, 21600] loss: 0.314101546 
[stage=2, 21700] loss: 0.312530194 
[stage=2, 21800] loss: 0.317692392 
[stage=2, 21900] loss: 0.314783333 
[stage=2, 22000] loss: 0.305457664 
[stage=2, 22100] loss: 0.304796812 
[stage=2, 22200] loss: 0.300627187 
[stage=2, 22300] loss: 0.316124158 
[stage=2, 22400] loss: 0.296786993 
[stage=2, 22500] loss: 0.313623560 
[stage=2, 22600] loss: 0.298245475 
[stage=2, 22700] loss: 0.305408417 
[stage=2, 22800] loss: 0.297878640 
[stage=2, 22900] loss: 0.305243604 
[stage=2, 23000] loss: 0.323843842 
[stage=2, 23100] loss: 0.314673405 
[stage=2, 23200] loss: 0.306749138 
[stage=2, 23300] loss: 0.312281332 
[stage=2, 23400] loss: 0.310456443 
[stage=2, 23500] loss: 0.304741179 
[stage=2, 23600] loss: 0.309605917 
[stage=2, 23700] loss: 0.315640188 
[stage=2, 23800] loss: 0.307795175 
[stage=2, 23900] loss: 0.306360553 
[stage=2, 24000] loss: 0.304618473 
[stage=2, 24100] loss: 0.319958369 
[stage=2, 24200] loss: 0.293149160 
[stage=2, 24300] loss: 0.301605002 
[stage=2, 24400] loss: 0.297104485 
[stage=2, 24500] loss: 0.297984148 
[stage=2, 24600] loss: 0.286887211 
[stage=2, 24700] loss: 0.296886615 
[stage=2, 24800] loss: 0.295288138 
[stage=2, 24900] loss: 0.295133940 
[stage=2, 25000] loss: 0.309492891 
[stage=2, 25100] loss: 0.294389262 
[stage=2, 25200] loss: 0.301322761 
[stage=2, 25300] loss: 0.300059268 
[stage=2, 25400] loss: 0.296526991 
[stage=2, 25500] loss: 0.282522214 
[stage=2, 25600] loss: 0.294557334 
[stage=2, 25700] loss: 0.289654866 
[stage=2, 25800] loss: 0.308314921 
[stage=2, 25900] loss: 0.278143067 
[stage=2, 26000] loss: 0.297827374 
[stage=2, 26100] loss: 0.296505809 
[stage=2, 26200] loss: 0.286866817 
[stage=2, 26300] loss: 0.304653225 
[stage=2, 26400] loss: 0.284793449 
[stage=2, 26500] loss: 0.312495128 
[stage=2, 26600] loss: 0.299965385 
[stage=2, 26700] loss: 0.302047463 
[stage=2, 26800] loss: 0.278726139 
[stage=2, 26900] loss: 0.303394605 
[stage=2, 27000] loss: 0.299654430 
[stage=2, 27100] loss: 0.280971003 
[stage=2, 27200] loss: 0.276964128 
[stage=2, 27300] loss: 0.285781846 
[stage=2, 27400] loss: 0.279106175 
[stage=2, 27500] loss: 0.281587315 
[stage=2, 27600] loss: 0.276040346 
[stage=2, 27700] loss: 0.285244843 
[stage=2, 27800] loss: 0.285031949 
[stage=2, 27900] loss: 0.290235865 
[stage=2, 28000] loss: 0.275696583 
[stage=2, 28100] loss: 0.294683793 
[stage=2, 28200] loss: 0.285420093 
[stage=2, 28300] loss: 0.294855523 
[stage=2, 28400] loss: 0.305446469 
[stage=2, 28500] loss: 0.277156792 
[stage=2, 28600] loss: 0.276637357 
[stage=2, 28700] loss: 0.290103680 
[stage=2, 28800] loss: 0.278418046 
[stage=2, 28900] loss: 0.288667279 
[stage=2, 29000] loss: 0.290679040 
[stage=2, 29100] loss: 0.294922185 
[stage=2, 29200] loss: 0.286651070 
[stage=2, 29300] loss: 0.301362625 
[stage=2, 29400] loss: 0.290420393 
[stage=2, 29500] loss: 0.293742116 
[stage=2, 29600] loss: 0.290798775 
[stage=2, 29700] loss: 0.281292553 
[stage=2, 29800] loss: 0.263190667 
[stage=2, 29900] loss: 0.291284017 
[stage=2, 30000] loss: 0.299429060 
[stage=2, 30100] loss: 0.279543706 
[stage=2, 30200] loss: 0.276832343 
[stage=2, 30300] loss: 0.284881962 
[stage=2, 30400] loss: 0.285861241 
[stage=2, 30500] loss: 0.283186702 
[stage=2, 30600] loss: 0.294994296 
[stage=2, 30700] loss: 0.275693090 
[stage=2, 30800] loss: 0.276087627 
[stage=2, 30900] loss: 0.283604527 
[stage=2, 31000] loss: 0.273636130 
[stage=2, 31100] loss: 0.279239673 
[stage=2, 31200] loss: 0.271643947 
[stage=2, 31300] loss: 0.275905272 
[stage=2, 31400] loss: 0.267793085 
[stage=2, 31500] loss: 0.273126822 
[stage=2, 31600] loss: 0.272552093 
[stage=2, 31700] loss: 0.299348000 
[stage=2, 31800] loss: 0.264372703 
[stage=2, 31900] loss: 0.276170259 
[stage=2, 32000] loss: 0.273025863 
[stage=2, 32100] loss: 0.268575301 
[stage=2, 32200] loss: 0.291575350 
[stage=2, 32300] loss: 0.273278077 
[stage=2, 32400] loss: 0.267763881 
[stage=2, 32500] loss: 0.268588797 
[stage=2, 32600] loss: 0.280727657 
[stage=2, 32700] loss: 0.265756764 
[stage=2, 32800] loss: 0.278705861 
[stage=2, 32900] loss: 0.272910130 
[stage=2, 33000] loss: 0.273763451 
[stage=2, 33100] loss: 0.282887165 
[stage=2, 33200] loss: 0.270380231 
[stage=2, 33300] loss: 0.273977496 
[stage=2, 33400] loss: 0.266453034 
[stage=2, 33500] loss: 0.254510128 
[stage=2, 33600] loss: 0.265907076 
[stage=2, 33700] loss: 0.268685396 
[stage=2, 33800] loss: 0.273689930 
[stage=2, 33900] loss: 0.283627078 
[stage=2, 34000] loss: 0.263047495 
[stage=2, 34100] loss: 0.250907680 
[stage=2, 34200] loss: 0.284143025 
[stage=2, 34300] loss: 0.257427997 
[stage=2, 34400] loss: 0.276892150 
[stage=2, 34500] loss: 0.273184031 
[stage=2, 34600] loss: 0.267346167 
[stage=2, 34700] loss: 0.256562279 
[stage=2, 34800] loss: 0.267342305 
[stage=2, 34900] loss: 0.278370135 
[stage=2, 35000] loss: 0.272114860 
[stage=2, 35100] loss: 0.262974828 
[stage=2, 35200] loss: 0.265318093 
[stage=2, 35300] loss: 0.282811244 
[stage=2, 35400] loss: 0.263666155 
[stage=2, 35500] loss: 0.270190925 
[stage=2, 35600] loss: 0.274046507 
[stage=2, 35700] loss: 0.267252035 
[stage=2, 35800] loss: 0.273679258 
[stage=2, 35900] loss: 0.268369432 
[stage=2, 36000] loss: 0.280724909 
[stage=2, 36100] loss: 0.255214491 
[stage=2, 36200] loss: 0.269072364 
[stage=2, 36300] loss: 0.268371643 
[stage=2, 36400] loss: 0.262273479 
[stage=2, 36500] loss: 0.267158272 
[stage=2, 36600] loss: 0.271726062 
[stage=2, 36700] loss: 0.258822263 
[stage=2, 36800] loss: 0.260931358 
[stage=2, 36900] loss: 0.269506580 
[stage=2, 37000] loss: 0.261527034 
[stage=2, 37100] loss: 0.261352629 
[stage=2, 37200] loss: 0.260560393 
[stage=2, 37300] loss: 0.251989590 
[stage=2, 37400] loss: 0.266395891 
[stage=2, 37500] loss: 0.262630408 
[stage=2, 37600] loss: 0.265508232 
[stage=2, 37700] loss: 0.277681834 
[stage=2, 37800] loss: 0.253611035 
[stage=2, 37900] loss: 0.255264355 
[stage=2, 38000] loss: 0.253931964 
[stage=2, 38100] loss: 0.261772014 
[stage=2, 38200] loss: 0.262278708 
[stage=2, 38300] loss: 0.261474123 
[stage=2, 38400] loss: 0.255979570 
[stage=2, 38500] loss: 0.261629219 
[stage=2, 38600] loss: 0.262179410 
[stage=2, 38700] loss: 0.264774690 
[stage=2, 38800] loss: 0.263917657 
[stage=2, 38900] loss: 0.257600235 
[stage=2, 39000] loss: 0.270422864 
[stage=2, 39100] loss: 0.257340321 
[stage=2, 39200] loss: 0.249287411 
[stage=2, 39300] loss: 0.258732200 
[stage=2, 39400] loss: 0.266064393 
[stage=2, 39500] loss: 0.252115656 
[stage=2, 39600] loss: 0.262878077 
[stage=2, 39700] loss: 0.261018983 
[stage=2, 39800] loss: 0.243904923 
[stage=2, 39900] loss: 0.268466528 
[stage=2, 40000] loss: 0.260079550 
[stage=2, 40100] loss: 0.276532826 
[stage=2, 40200] loss: 0.248031566 
[stage=2, 40300] loss: 0.248749692 
[stage=2, 40400] loss: 0.251488602 
[stage=2, 40500] loss: 0.252440534 
[stage=2, 40600] loss: 0.261385024 
[stage=2, 40700] loss: 0.262378190 
[stage=2, 40800] loss: 0.265426024 
[stage=2, 40900] loss: 0.243927919 
[stage=2, 41000] loss: 0.245313980 
[stage=2, 41100] loss: 0.266778303 
[stage=2, 41200] loss: 0.246275479 
[stage=2, 41300] loss: 0.261372035 
[stage=2, 41400] loss: 0.247843461 
[stage=2, 41500] loss: 0.264947307 
[stage=2, 41600] loss: 0.257495883 
[stage=2, 41700] loss: 0.254717414 
[stage=2, 41800] loss: 0.245930357 
[stage=2, 41900] loss: 0.244570421 
[stage=2, 42000] loss: 0.242247273 
[stage=2, 42100] loss: 0.265139521 
[stage=2, 42200] loss: 0.243001487 
[stage=2, 42300] loss: 0.253684521 
[stage=2, 42400] loss: 0.242836740 
[stage=2, 42500] loss: 0.241839360 
[stage=2, 42600] loss: 0.254637108 
[stage=2, 42700] loss: 0.241435578 
[stage=2, 42800] loss: 0.253583954 
[stage=2, 42900] loss: 0.255357156 
[stage=2, 43000] loss: 0.253382381 
[stage=2, 43100] loss: 0.253098187 
[stage=2, 43200] loss: 0.262560166 
[stage=2, 43300] loss: 0.235642359 
[stage=2, 43400] loss: 0.259285621 
[stage=2, 43500] loss: 0.255559399 
[stage=2, 43600] loss: 0.240354338 
[stage=2, 43700] loss: 0.253688563 
[stage=2, 43800] loss: 0.246165048 
[stage=2, 43900] loss: 0.254834897 
[stage=2, 44000] loss: 0.251635735 
[stage=2, 44100] loss: 0.256416249 
[stage=2, 44200] loss: 0.249541303 
[stage=2, 44300] loss: 0.249732088 
[stage=2, 44400] loss: 0.252949193 
[stage=2, 44500] loss: 0.255320698 
[stage=2, 44600] loss: 0.259868672 
[stage=2, 44700] loss: 0.238389024 
[stage=2, 44800] loss: 0.245067155 
[stage=2, 44900] loss: 0.248924174 
[stage=2, 45000] loss: 0.256890615 
[stage=2, 45100] loss: 0.248845940 
[stage=2, 45200] loss: 0.247526878 
[stage=2, 45300] loss: 0.247444111 
[stage=2, 45400] loss: 0.241416491 
[stage=2, 45500] loss: 0.238235749 
[stage=2, 45600] loss: 0.238549021 
[stage=2, 45700] loss: 0.232734709 
[stage=2, 45800] loss: 0.245627992 
[stage=2, 45900] loss: 0.247793656 
[stage=2, 46000] loss: 0.253536763 
[stage=2, 46100] loss: 0.247230734 
[stage=2, 46200] loss: 0.257598271 
[stage=2, 46300] loss: 0.242679579 
[stage=2, 46400] loss: 0.243285742 
[stage=2, 46500] loss: 0.247254762 
[stage=2, 46600] loss: 0.251023508 
[stage=2, 46700] loss: 0.248928530 
[stage=2, 46800] loss: 0.240236362 
[stage=2, 46900] loss: 0.239915676 
[stage=2, 47000] loss: 0.255395802 
[stage=2, 47100] loss: 0.246118440 
[stage=2, 47200] loss: 0.245478793 
[stage=2, 47300] loss: 0.238498575 
[stage=2, 47400] loss: 0.268538124 
[stage=2, 47500] loss: 0.242443627 
[stage=2, 47600] loss: 0.252879872 
[stage=2, 47700] loss: 0.255209816 
[stage=2, 47800] loss: 0.245721639 
[stage=2, 47900] loss: 0.239306090 
[stage=2, 48000] loss: 0.259730650 
[stage=2, 48100] loss: 0.252425491 
[stage=2, 48200] loss: 0.246688071 
[stage=2, 48300] loss: 0.245505035 
[stage=2, 48400] loss: 0.251137467 
[stage=2, 48500] loss: 0.244310936 
[stage=2, 48600] loss: 0.243201432 
[stage=2, 48700] loss: 0.242620725 
[stage=2, 48800] loss: 0.247472073 
[stage=2, 48900] loss: 0.235185408 
[stage=2, 49000] loss: 0.244926509 
[stage=2, 49100] loss: 0.239384680 
[stage=2, 49200] loss: 0.235974279 
[stage=2, 49300] loss: 0.239072289 
[stage=2, 49400] loss: 0.233752912 
[stage=2, 49500] loss: 0.240560097 
[stage=2, 49600] loss: 0.243511382 
[stage=2, 49700] loss: 0.237330026 
[stage=2, 49800] loss: 0.251308641 
[stage=2, 49900] loss: 0.246371093 
[stage=2, 50000] loss: 0.236979635 
[stage=2, 50100] loss: 0.244560610 
[stage=2, 50200] loss: 0.246726132 
[stage=2, 50300] loss: 0.243558429 
[stage=2, 50400] loss: 0.246041173 
[stage=2, 50500] loss: 0.243728952 
[stage=2, 50600] loss: 0.232604277 
[stage=2, 50700] loss: 0.238791245 
[stage=2, 50800] loss: 0.239483638 
[stage=2, 50900] loss: 0.238044463 
[stage=2, 51000] loss: 0.252889164 
[stage=2, 51100] loss: 0.227065662 
[stage=2, 51200] loss: 0.251602534 
[stage=2, 51300] loss: 0.246604208 
[stage=2, 51400] loss: 0.235250369 
[stage=2, 51500] loss: 0.237170097 
[stage=2, 51600] loss: 0.234724911 
[stage=2, 51700] loss: 0.229250862 
[stage=2, 51800] loss: 0.237869546 
[stage=2, 51900] loss: 0.242747559 
[stage=2, 52000] loss: 0.254267571 
[stage=2, 52100] loss: 0.240833027 
[stage=2, 52200] loss: 0.243828139 
[stage=2, 52300] loss: 0.239664876 
[stage=2, 52400] loss: 0.237422525 
[stage=2, 52500] loss: 0.252407935 
[stage=2, 52600] loss: 0.253572458 
[stage=2, 52700] loss: 0.229342639 
[stage=2, 52800] loss: 0.245166711 
[stage=2, 52900] loss: 0.246490352 
[stage=2, 53000] loss: 0.238526130 
[stage=2, 53100] loss: 0.235557531 
[stage=2, 53200] loss: 0.236438718 
[stage=2, 53300] loss: 0.239469240 
[stage=2, 53400] loss: 0.234848864 
[stage=2, 53500] loss: 0.242658611 
[stage=2, 53600] loss: 0.234053550 
[stage=2, 53700] loss: 0.235338899 
[stage=2, 53800] loss: 0.237462140 
[stage=2, 53900] loss: 0.235796685 
[stage=2, 54000] loss: 0.233862061 
[stage=2, 54100] loss: 0.246671492 
[stage=2, 54200] loss: 0.244110014 
[stage=2, 54300] loss: 0.236399954 
[stage=2, 54400] loss: 0.229695242 
[stage=2, 54500] loss: 0.222405899 
[stage=2, 54600] loss: 0.243675744 
[stage=2, 54700] loss: 0.234054851 
[stage=2, 54800] loss: 0.241766972 
[stage=2, 54900] loss: 0.238328040 
[stage=2, 55000] loss: 0.236908005 
[stage=2, 55100] loss: 0.246172943 
[stage=2, 55200] loss: 0.219368811 
[stage=2, 55300] loss: 0.229825722 
[stage=2, 55400] loss: 0.231540846 
[stage=2, 55500] loss: 0.237889489 
[stage=2, 55600] loss: 0.237420707 
[stage=2, 55700] loss: 0.230474289 
[stage=2, 55800] loss: 0.234995983 
[stage=2, 55900] loss: 0.234934965 
[stage=2, 56000] loss: 0.251793275 
[stage=2, 56100] loss: 0.235289258 
[stage=2, 56200] loss: 0.239235409 
[stage=2, 56300] loss: 0.226588875 
[stage=2, 56400] loss: 0.231843281 
[stage=2, 56500] loss: 0.230143356 
[stage=2, 56600] loss: 0.231519031 
[stage=2, 56700] loss: 0.237207379 
[stage=2, 56800] loss: 0.231402605 
[stage=2, 56900] loss: 0.239652069 
[stage=2, 57000] loss: 0.236720142 
[stage=2, 57100] loss: 0.224005124 
[stage=2, 57200] loss: 0.224242861 
[stage=2, 57300] loss: 0.240813544 
[stage=2, 57400] loss: 0.232451613 
[stage=2, 57500] loss: 0.219336280 
[stage=2, 57600] loss: 0.227245560 
[stage=2, 57700] loss: 0.234601861 
[stage=2, 57800] loss: 0.235232280 
[stage=2, 57900] loss: 0.228127527 
[stage=2, 58000] loss: 0.235397116 
[stage=2, 58100] loss: 0.238223411 
[stage=2, 58200] loss: 0.231108518 
[stage=2, 58300] loss: 0.229761930 
[stage=2, 58400] loss: 0.231615963 
[stage=2, 58500] loss: 0.223450028 
[stage=2, 58600] loss: 0.240228737 
[stage=2, 58700] loss: 0.239699017 
[stage=2, 58800] loss: 0.231253602 
[stage=2, 58900] loss: 0.242895387 
[stage=2, 59000] loss: 0.233976319 
[stage=2, 59100] loss: 0.222589116 
[stage=2, 59200] loss: 0.237479828 
[stage=2, 59300] loss: 0.217280474 
[stage=2, 59400] loss: 0.245516372 
[stage=2, 59500] loss: 0.228546361 
[stage=2, 59600] loss: 0.236342497 
[stage=2, 59700] loss: 0.234418728 
[stage=2, 59800] loss: 0.228197579 
[stage=2, 59900] loss: 0.234104396 
[stage=2, 60000] loss: 0.230124534 
[stage=2, 60100] loss: 0.239166926 
[stage=2, 60200] loss: 0.225535355 
[stage=2, 60300] loss: 0.234100674 
[stage=2, 60400] loss: 0.236329997 
[stage=2, 60500] loss: 0.242159487 
[stage=2, 60600] loss: 0.221300689 
[stage=2, 60700] loss: 0.232609012 
[stage=2, 60800] loss: 0.228980246 
[stage=2, 60900] loss: 0.237299916 
[stage=2, 61000] loss: 0.234162454 
[stage=2, 61100] loss: 0.233604865 
[stage=2, 61200] loss: 0.229469166 
[stage=2, 61300] loss: 0.224082766 
[stage=2, 61400] loss: 0.229186032 
[stage=2, 61500] loss: 0.216484397 
[stage=2, 61600] loss: 0.224938849 
[stage=2, 61700] loss: 0.226177326 
[stage=2, 61800] loss: 0.229699067 
[stage=2, 61900] loss: 0.243192028 
[stage=2, 62000] loss: 0.218931462 
[stage=2, 62100] loss: 0.229227101 
[stage=2, 62200] loss: 0.228690263 
[stage=2, 62300] loss: 0.229177252 
[stage=2, 62400] loss: 0.228505417 
[stage=2, 62500] loss: 0.230944457 
[stage=2, 62600] loss: 0.235342060 
[stage=2, 62700] loss: 0.228141823 
[stage=2, 62800] loss: 0.235696941 
[stage=2, 62900] loss: 0.233426761 
[stage=2, 63000] loss: 0.233115735 
[stage=2, 63100] loss: 0.233388650 
[stage=2, 63200] loss: 0.227315629 
[stage=2, 63300] loss: 0.225353353 
[stage=2, 63400] loss: 0.231681181 
[stage=2, 63500] loss: 0.219793971 
[stage=2, 63600] loss: 0.226983164 
[stage=2, 63700] loss: 0.228762884 
[stage=2, 63800] loss: 0.221276723 
[stage=2, 63900] loss: 0.230906747 
[stage=2, 64000] loss: 0.235866751 
[stage=2, 64100] loss: 0.234845614 
[stage=2, 64200] loss: 0.227955669 
[stage=2, 64300] loss: 0.223639601 
[stage=2, 64400] loss: 0.212413140 
[stage=2, 64500] loss: 0.240900415 
[stage=2, 64600] loss: 0.222206740 
[stage=2, 64700] loss: 0.232244256 
[stage=2, 64800] loss: 0.215926247 
[stage=2, 64900] loss: 0.229399915 
[stage=2, 65000] loss: 0.223474171 
[stage=2, 65100] loss: 0.219799634 
[stage=2, 65200] loss: 0.231237402 
[stage=2, 65300] loss: 0.231646570 
[stage=2, 65400] loss: 0.224741191 
[stage=2, 65500] loss: 0.224596817 
[stage=2, 65600] loss: 0.225520824 
[stage=2, 65700] loss: 0.222755003 
[stage=2, 65800] loss: 0.228314918 
[stage=2, 65900] loss: 0.223567827 
[stage=2, 66000] loss: 0.222558825 
[stage=2, 66100] loss: 0.222970836 
[stage=2, 66200] loss: 0.237197808 
[stage=2, 66300] loss: 0.222698372 
[stage=2, 66400] loss: 0.229120531 
[stage=2, 66500] loss: 0.232256260 
[stage=2, 66600] loss: 0.216091591 
[stage=2, 66700] loss: 0.219593690 
[stage=2, 66800] loss: 0.229309306 
[stage=2, 66900] loss: 0.223987751 
[stage=2, 67000] loss: 0.216266995 
[stage=2, 67100] loss: 0.237256519 
[stage=2, 67200] loss: 0.229613116 
[stage=2, 67300] loss: 0.225806977 
[stage=2, 67400] loss: 0.233529306 
[stage=2, 67500] loss: 0.233893926 
[stage=2, 67600] loss: 0.227550152 
[stage=2, 67700] loss: 0.219865465 
[stage=2, 67800] loss: 0.223453250 
[stage=2, 67900] loss: 0.230054425 
[stage=2, 68000] loss: 0.215509320 
[stage=2, 68100] loss: 0.223515892 
[stage=2, 68200] loss: 0.236057244 
[stage=2, 68300] loss: 0.220148284 
[stage=2, 68400] loss: 0.227324533 
[stage=2, 68500] loss: 0.219992922 
[stage=2, 68600] loss: 0.227824017 
[stage=2, 68700] loss: 0.219735512 
[stage=2, 68800] loss: 0.211867251 
[stage=2, 68900] loss: 0.224325771 
[stage=2, 69000] loss: 0.229437528 
[stage=2, 69100] loss: 0.236375402 
[stage=2, 69200] loss: 0.215384796 
[stage=2, 69300] loss: 0.218542386 
[stage=2, 69400] loss: 0.233306560 
[stage=2, 69500] loss: 0.218362799 
[stage=2, 69600] loss: 0.212482525 
[stage=2, 69700] loss: 0.212175305 
[stage=2, 69800] loss: 0.219116117 
[stage=2, 69900] loss: 0.217793273 
[stage=2, 70000] loss: 0.224141521 
[stage=2, 70100] loss: 0.221501134 
[stage=2, 70200] loss: 0.233042107 
[stage=2, 70300] loss: 0.215848517 
[stage=2, 70400] loss: 0.223752964 
[stage=2, 70500] loss: 0.222931350 
[stage=2, 70600] loss: 0.234203814 
[stage=2, 70700] loss: 0.222593883 
[stage=2, 70800] loss: 0.220188452 
[stage=2, 70900] loss: 0.211259620 
[stage=2, 71000] loss: 0.216264822 
[stage=2, 71100] loss: 0.214782684 
[stage=2, 71200] loss: 0.224024096 
[stage=2, 71300] loss: 0.217649641 
[stage=2, 71400] loss: 0.224575650 
[stage=2, 71500] loss: 0.238154281 
[stage=2, 71600] loss: 0.220210844 
[stage=2, 71700] loss: 0.227579262 
[stage=2, 71800] loss: 0.216359634 
[stage=2, 71900] loss: 0.223283302 
[stage=2, 72000] loss: 0.225237537 
[stage=2, 72100] loss: 0.232714788 
[stage=2, 72200] loss: 0.215065296 
[stage=2, 72300] loss: 0.222862445 
[stage=2, 72400] loss: 0.226680322 
[stage=2, 72500] loss: 0.233969210 
[stage=2, 72600] loss: 0.226852217 
[stage=2, 72700] loss: 0.211953378 
[stage=2, 72800] loss: 0.213491705 
[stage=2, 72900] loss: 0.212512448 
[stage=2, 73000] loss: 0.222966635 
[stage=2, 73100] loss: 0.224515782 
[stage=2, 73200] loss: 0.218467405 
[stage=2, 73300] loss: 0.220060716 
[stage=2, 73400] loss: 0.220164676 
[stage=2, 73500] loss: 0.221690157 
[stage=2, 73600] loss: 0.212345064 
[stage=2, 73700] loss: 0.232342885 
[stage=2, 73800] loss: 0.223206623 
[stage=2, 73900] loss: 0.219343257 
[stage=2, 74000] loss: 0.222314656 
[stage=2, 74100] loss: 0.221844010 
[stage=2, 74200] loss: 0.212645810 
[stage=2, 74300] loss: 0.216937535 
[stage=2, 74400] loss: 0.222969219 
[stage=2, 74500] loss: 0.222662795 
[stage=2, 74600] loss: 0.229590198 
[stage=2, 74700] loss: 0.223466578 
[stage=2, 74800] loss: 0.226666706 
[stage=2, 74900] loss: 0.219789470 
[stage=2, 75000] loss: 0.217022666 
[stage=2, 75100] loss: 0.224454712 
[stage=2, 75200] loss: 0.216248681 
[stage=2, 75300] loss: 0.212405268 
[stage=2, 75400] loss: 0.222040197 
[stage=2, 75500] loss: 0.232727661 
[stage=2, 75600] loss: 0.203860231 
[stage=2, 75700] loss: 0.216810299 
[stage=2, 75800] loss: 0.217071967 
[stage=2, 75900] loss: 0.224375972 
[stage=2, 76000] loss: 0.220966467 
[stage=2, 76100] loss: 0.213522120 
[stage=2, 76200] loss: 0.230522117 
[stage=2, 76300] loss: 0.232844032 
[stage=2, 76400] loss: 0.212912640 
[stage=2, 76500] loss: 0.222505725 
[stage=2, 76600] loss: 0.209378776 
[stage=2, 76700] loss: 0.213891301 
[stage=2, 76800] loss: 0.217404867 
[stage=2, 76900] loss: 0.219868264 
[stage=2, 77000] loss: 0.223031689 
[stage=2, 77100] loss: 0.218818550 
[stage=2, 77200] loss: 0.215210984 
[stage=2, 77300] loss: 0.205210681 
[stage=2, 77400] loss: 0.222345407 
[stage=2, 77500] loss: 0.233649499 
[stage=2, 77600] loss: 0.222656939 
[stage=2, 77700] loss: 0.220078805 
[stage=2, 77800] loss: 0.224277194 
[stage=2, 77900] loss: 0.218023512 
[stage=2, 78000] loss: 0.216008049 
[stage=2, 78100] loss: 0.218921645 
[stage=2, 78200] loss: 0.218211791 
[stage=2, 78300] loss: 0.217234437 
[stage=2, 78400] loss: 0.217156036 
[stage=2, 78500] loss: 0.217063613 
[stage=2, 78600] loss: 0.224074509 
[stage=2, 78700] loss: 0.214683190 
[stage=2, 78800] loss: 0.217777385 
[stage=2, 78900] loss: 0.211015436 
[stage=2, 79000] loss: 0.212730824 
[stage=2, 79100] loss: 0.228816381 
[stage=2, 79200] loss: 0.217509269 
[stage=2, 79300] loss: 0.207650316 
[stage=2, 79400] loss: 0.224769066 
[stage=2, 79500] loss: 0.209773753 
[stage=2, 79600] loss: 0.216167212 
[stage=2, 79700] loss: 0.217560406 
[stage=2, 79800] loss: 0.207634949 
[stage=2, 79900] loss: 0.218230367 
[stage=2, 80000] loss: 0.231936133 
[stage=2, 80100] loss: 0.217085214 
[stage=2, 80200] loss: 0.229822819 
[stage=2, 80300] loss: 0.223543742 
[stage=2, 80400] loss: 0.200873558 
[stage=2, 80500] loss: 0.226179089 
[stage=2, 80600] loss: 0.222692386 
[stage=2, 80700] loss: 0.218200065 
[stage=2, 80800] loss: 0.212193177 
[stage=2, 80900] loss: 0.213293757 
[stage=2, 81000] loss: 0.211567627 
[stage=2, 81100] loss: 0.208335505 
[stage=2, 81200] loss: 0.210116613 
[stage=2, 81300] loss: 0.218192030 
[stage=2, 81400] loss: 0.213544374 
[stage=2, 81500] loss: 0.216645215 
[stage=2, 81600] loss: 0.222640992 
[stage=2, 81700] loss: 0.209328362 
[stage=2, 81800] loss: 0.219459989 
[stage=2, 81900] loss: 0.214680046 
[stage=2, 82000] loss: 0.209361416 
[stage=2, 82100] loss: 0.213826174 
[stage=2, 82200] loss: 0.220455097 
[stage=2, 82300] loss: 0.214750301 
[stage=2, 82400] loss: 0.213320302 
[stage=2, 82500] loss: 0.215310393 
[stage=2, 82600] loss: 0.218910883 
[stage=2, 82700] loss: 0.209815098 
[stage=2, 82800] loss: 0.214822311 
[stage=2, 82900] loss: 0.211645357 
[stage=2, 83000] loss: 0.217039927 
[stage=2, 83100] loss: 0.215752701 
[stage=2, 83200] loss: 0.225353249 
[stage=2, 83300] loss: 0.220754463 
[stage=2, 83400] loss: 0.214836249 
[stage=2, 83500] loss: 0.227016098 
[stage=2, 83600] loss: 0.204950779 
[stage=2, 83700] loss: 0.203641745 
[stage=2, 83800] loss: 0.215415493 
[stage=2, 83900] loss: 0.209837502 
[stage=2, 84000] loss: 0.209454833 
[stage=2, 84100] loss: 0.209948778 
[stage=2, 84200] loss: 0.206643645 
[stage=2, 84300] loss: 0.211395442 
[stage=2, 84400] loss: 0.219088178 
[stage=2, 84500] loss: 0.215200189 
[stage=2, 84600] loss: 0.212017487 
[stage=2, 84700] loss: 0.213611447 
[stage=2, 84800] loss: 0.202071753 
[stage=2, 84900] loss: 0.205034358 
[stage=2, 85000] loss: 0.208930554 
[stage=2, 85100] loss: 0.217680220 
[stage=2, 85200] loss: 0.223267328 
[stage=2, 85300] loss: 0.202502840 
[stage=2, 85400] loss: 0.209103931 
[stage=2, 85500] loss: 0.232960986 
[stage=2, 85600] loss: 0.217602835 
[stage=2, 85700] loss: 0.210518103 
[stage=2, 85800] loss: 0.210746066 
[stage=2, 85900] loss: 0.230528833 
[stage=2, 86000] loss: 0.201877741 
[stage=2, 86100] loss: 0.214707888 
[stage=2, 86200] loss: 0.220476437 
[stage=2, 86300] loss: 0.210787731 
[stage=2, 86400] loss: 0.211091320 
[stage=2, 86500] loss: 0.207916418 
[stage=2, 86600] loss: 0.214601160 
[stage=2, 86700] loss: 0.222258522 
[stage=2, 86800] loss: 0.223165871 
[stage=2, 86900] loss: 0.217985876 
[stage=2, 87000] loss: 0.206973580 
[stage=2, 87100] loss: 0.213076076 
[stage=2, 87200] loss: 0.215606875 
[stage=2, 87300] loss: 0.217662247 
[stage=2, 87400] loss: 0.207157339 
[stage=2, 87500] loss: 0.214393379 
[stage=2, 87600] loss: 0.209304615 
[stage=2, 87700] loss: 0.213244236 
[stage=2, 87800] loss: 0.202343122 
[stage=2, 87900] loss: 0.200935087 
[stage=2, 88000] loss: 0.210351248 
[stage=2, 88100] loss: 0.214578304 
[stage=2, 88200] loss: 0.214477617 
[stage=2, 88300] loss: 0.211277203 
[stage=2, 88400] loss: 0.214736699 
[stage=2, 88500] loss: 0.206363168 
[stage=2, 88600] loss: 0.209018192 
[stage=2, 88700] loss: 0.215431062 
[stage=2, 88800] loss: 0.213057658 
[stage=2, 88900] loss: 0.209726851 
[stage=2, 89000] loss: 0.206761090 
[stage=2, 89100] loss: 0.220712557 
[stage=2, 89200] loss: 0.209426838 
[stage=2, 89300] loss: 0.211184243 
[stage=2, 89400] loss: 0.219902961 
[stage=2, 89500] loss: 0.210591549 
[stage=2, 89600] loss: 0.206471951 
[stage=2, 89700] loss: 0.208216430 
[stage=2, 89800] loss: 0.223870120 
[stage=2, 89900] loss: 0.202839763 
[stage=2, 90000] loss: 0.214153014 
[stage=2, 90100] loss: 0.226617918 
[stage=2, 90200] loss: 0.220284434 
[stage=2, 90300] loss: 0.218684576 
[stage=2, 90400] loss: 0.217206154 
[stage=2, 90500] loss: 0.207446534 
[stage=2, 90600] loss: 0.200177840 
[stage=2, 90700] loss: 0.206238599 
[stage=2, 90800] loss: 0.211059565 
[stage=2, 90900] loss: 0.214568459 
[stage=2, 91000] loss: 0.207217524 
[stage=2, 91100] loss: 0.210687592 
[stage=2, 91200] loss: 0.211069772 
[stage=2, 91300] loss: 0.204021202 
