[stage=2,   100] loss: 0.298690979 
[stage=2,   200] loss: 0.247952697 
[stage=2,   300] loss: 0.225211946 
[stage=2,   400] loss: 0.220543493 
[stage=2,   500] loss: 0.203049983 
[stage=2,   600] loss: 0.196064669 
[stage=2,   700] loss: 0.200688896 
[stage=2,   800] loss: 0.203740095 
[stage=2,   900] loss: 0.188022050 
[stage=2,  1000] loss: 0.190180904 
[stage=2,  1100] loss: 0.192466077 
[stage=2,  1200] loss: 0.187495334 
[stage=2,  1300] loss: 0.195975497 
[stage=2,  1400] loss: 0.199970362 
[stage=2,  1500] loss: 0.185479352 
[stage=2,  1600] loss: 0.189937103 
[stage=2,  1700] loss: 0.179595170 
[stage=2,  1800] loss: 0.194162859 
[stage=2,  1900] loss: 0.188689056 
[stage=2,  2000] loss: 0.186113975 
[stage=2,  2100] loss: 0.178571857 
[stage=2,  2200] loss: 0.179033917 
[stage=2,  2300] loss: 0.191248003 
[stage=2,  2400] loss: 0.192022740 
[stage=2,  2500] loss: 0.192311728 
[stage=2,  2600] loss: 0.196712523 
[stage=2,  2700] loss: 0.171107776 
[stage=2,  2800] loss: 0.187765024 
[stage=2,  2900] loss: 0.175188879 
[stage=2,  3000] loss: 0.186729188 
[stage=2,  3100] loss: 0.180964760 
[stage=2,  3200] loss: 0.182763083 
[stage=2,  3300] loss: 0.189083861 
[stage=2,  3400] loss: 0.194097816 
[stage=2,  3500] loss: 0.183572751 
[stage=2,  3600] loss: 0.188033410 
[stage=2,  3700] loss: 0.184862044 
[stage=2,  3800] loss: 0.182129854 
[stage=2,  3900] loss: 0.187952626 
[stage=2,  4000] loss: 0.186859994 
[stage=2,  4100] loss: 0.176386700 
[stage=2,  4200] loss: 0.175772820 
[stage=2,  4300] loss: 0.186639584 
[stage=2,  4400] loss: 0.195403032 
[stage=2,  4500] loss: 0.188980173 
[stage=2,  4600] loss: 0.178388011 
[stage=2,  4700] loss: 0.189250499 
[stage=2,  4800] loss: 0.183394984 
[stage=2,  4900] loss: 0.182518590 
[stage=2,  5000] loss: 0.180089955 
[stage=2,  5100] loss: 0.179442606 
[stage=2,  5200] loss: 0.184972602 
[stage=2,  5300] loss: 0.187652491 
[stage=2,  5400] loss: 0.178984093 
[stage=2,  5500] loss: 0.170346623 
[stage=2,  5600] loss: 0.187136173 
[stage=2,  5700] loss: 0.190804296 
[stage=2,  5800] loss: 0.183927590 
[stage=2,  5900] loss: 0.177749362 
[stage=2,  6000] loss: 0.182332174 
[stage=2,  6100] loss: 0.186690824 
[stage=2,  6200] loss: 0.182414033 
[stage=2,  6300] loss: 0.176308943 
[stage=2,  6400] loss: 0.180582354 
[stage=2,  6500] loss: 0.184062770 
[stage=2,  6600] loss: 0.182072757 
[stage=2,  6700] loss: 0.191111521 
[stage=2,  6800] loss: 0.178873680 
[stage=2,  6900] loss: 0.183684749 
[stage=2,  7000] loss: 0.184275794 
[stage=2,  7100] loss: 0.172829529 
[stage=2,  7200] loss: 0.192915397 
[stage=2,  7300] loss: 0.186273162 
[stage=2,  7400] loss: 0.185009917 
[stage=2,  7500] loss: 0.183530396 
[stage=2,  7600] loss: 0.188783694 
[stage=2,  7700] loss: 0.190642650 
[stage=2,  7800] loss: 0.184630932 
[stage=2,  7900] loss: 0.174219647 
[stage=2,  8000] loss: 0.184314389 
[stage=2,  8100] loss: 0.186497165 
[stage=2,  8200] loss: 0.175640610 
[stage=2,  8300] loss: 0.177582423 
[stage=2,  8400] loss: 0.187791861 
[stage=2,  8500] loss: 0.183617095 
[stage=2,  8600] loss: 0.183121108 
[stage=2,  8700] loss: 0.182870205 
[stage=2,  8800] loss: 0.186783174 
[stage=2,  8900] loss: 0.186453772 
[stage=2,  9000] loss: 0.187401432 
[stage=2,  9100] loss: 0.176002908 
[stage=2,  9200] loss: 0.172380331 
[stage=2,  9300] loss: 0.177475426 
[stage=2,  9400] loss: 0.185290818 
[stage=2,  9500] loss: 0.186923969 
[stage=2,  9600] loss: 0.190580950 
[stage=2,  9700] loss: 0.191001912 
[stage=2,  9800] loss: 0.185910339 
[stage=2,  9900] loss: 0.195606919 
[stage=2, 10000] loss: 0.177189991 
[stage=2, 10100] loss: 0.190760803 
[stage=2, 10200] loss: 0.182041921 
[stage=2, 10300] loss: 0.189800054 
[stage=2, 10400] loss: 0.176985264 
[stage=2, 10500] loss: 0.176742204 
[stage=2, 10600] loss: 0.186112145 
[stage=2, 10700] loss: 0.183943744 
[stage=2, 10800] loss: 0.187662067 
[stage=2, 10900] loss: 0.181053408 
[stage=2, 11000] loss: 0.184350395 
[stage=2, 11100] loss: 0.182522028 
[stage=2, 11200] loss: 0.184017352 
[stage=2, 11300] loss: 0.179111749 
[stage=2, 11400] loss: 0.179690868 
[stage=2, 11500] loss: 0.181988959 
[stage=2, 11600] loss: 0.184337458 
[stage=2, 11700] loss: 0.186791564 
[stage=2, 11800] loss: 0.181599400 
[stage=2, 11900] loss: 0.189580949 
[stage=2, 12000] loss: 0.169990891 
[stage=2, 12100] loss: 0.184414193 
[stage=2, 12200] loss: 0.178510067 
[stage=2, 12300] loss: 0.182793329 
[stage=2, 12400] loss: 0.174537894 
[stage=2, 12500] loss: 0.186387260 
[stage=2, 12600] loss: 0.185576914 
[stage=2, 12700] loss: 0.183363135 
[stage=2, 12800] loss: 0.184221626 
[stage=2, 12900] loss: 0.176774873 
[stage=2, 13000] loss: 0.187186241 
[stage=2, 13100] loss: 0.175149152 
[stage=2, 13200] loss: 0.176541977 
[stage=2, 13300] loss: 0.185429258 
[stage=2, 13400] loss: 0.180509891 
[stage=2, 13500] loss: 0.188167313 
[stage=2, 13600] loss: 0.188457415 
[stage=2, 13700] loss: 0.187795413 
[stage=2, 13800] loss: 0.177683925 
[stage=2, 13900] loss: 0.178058232 
[stage=2, 14000] loss: 0.184757315 
[stage=2, 14100] loss: 0.184790729 
[stage=2, 14200] loss: 0.177646683 
[stage=2, 14300] loss: 0.184503387 
[stage=2, 14400] loss: 0.179950644 
[stage=2, 14500] loss: 0.174990300 
[stage=2, 14600] loss: 0.185752463 
[stage=2, 14700] loss: 0.186047282 
[stage=2, 14800] loss: 0.188950734 
[stage=2, 14900] loss: 0.188048928 
[stage=2, 15000] loss: 0.194479991 
[stage=2, 15100] loss: 0.192391087 
[stage=2, 15200] loss: 0.182527129 
[stage=2, 15300] loss: 0.178803334 
[stage=2, 15400] loss: 0.182676278 
[stage=2, 15500] loss: 0.186388308 
[stage=2, 15600] loss: 0.185297367 
[stage=2, 15700] loss: 0.182407958 
[stage=2, 15800] loss: 0.183966981 
[stage=2, 15900] loss: 0.184107971 
[stage=2, 16000] loss: 0.184983380 
[stage=2, 16100] loss: 0.176531119 
[stage=2, 16200] loss: 0.183350540 
[stage=2, 16300] loss: 0.196361803 
[stage=2, 16400] loss: 0.177649613 
[stage=2, 16500] loss: 0.179297141 
[stage=2, 16600] loss: 0.179315194 
[stage=2, 16700] loss: 0.193052569 
[stage=2, 16800] loss: 0.183429657 
[stage=2, 16900] loss: 0.175125991 
[stage=2, 17000] loss: 0.181827720 
[stage=2, 17100] loss: 0.186172158 
[stage=2, 17200] loss: 0.178451177 
[stage=2, 17300] loss: 0.188282296 
[stage=2, 17400] loss: 0.185030781 
[stage=2, 17500] loss: 0.177065076 
[stage=2, 17600] loss: 0.183909480 
[stage=2, 17700] loss: 0.186046272 
[stage=2, 17800] loss: 0.186388320 
[stage=2, 17900] loss: 0.181413456 
[stage=2, 18000] loss: 0.189203547 
[stage=2, 18100] loss: 0.180101535 
[stage=2, 18200] loss: 0.182856481 
[stage=2, 18300] loss: 0.174802705 
[stage=2, 18400] loss: 0.181657698 
[stage=2, 18500] loss: 0.183453141 
[stage=2, 18600] loss: 0.183459417 
[stage=2, 18700] loss: 0.188141935 
[stage=2, 18800] loss: 0.179509433 
[stage=2, 18900] loss: 0.187874668 
[stage=2, 19000] loss: 0.188658490 
[stage=2, 19100] loss: 0.182236134 
[stage=2, 19200] loss: 0.182147834 
[stage=2, 19300] loss: 0.182459972 
[stage=2, 19400] loss: 0.183139714 
[stage=2, 19500] loss: 0.184122437 
[stage=2, 19600] loss: 0.180495098 
[stage=2, 19700] loss: 0.196382311 
[stage=2, 19800] loss: 0.181498080 
[stage=2, 19900] loss: 0.184895042 
[stage=2, 20000] loss: 0.182393305 
[stage=2, 20100] loss: 0.183151429 
[stage=2, 20200] loss: 0.182286078 
[stage=2, 20300] loss: 0.185322337 
[stage=2, 20400] loss: 0.186707221 
[stage=2, 20500] loss: 0.188659701 
[stage=2, 20600] loss: 0.180390076 
[stage=2, 20700] loss: 0.173401126 
[stage=2, 20800] loss: 0.181293154 
[stage=2, 20900] loss: 0.185787823 
[stage=2, 21000] loss: 0.181175988 
[stage=2, 21100] loss: 0.189099341 
[stage=2, 21200] loss: 0.189147823 
[stage=2, 21300] loss: 0.174933153 
[stage=2, 21400] loss: 0.170311665 
[stage=2, 21500] loss: 0.176481975 
[stage=2, 21600] loss: 0.179231187 
[stage=2, 21700] loss: 0.181866566 
[stage=2, 21800] loss: 0.189875932 
[stage=2, 21900] loss: 0.176188340 
[stage=2, 22000] loss: 0.190985329 
[stage=2, 22100] loss: 0.183165185 
[stage=2, 22200] loss: 0.180081085 
[stage=2, 22300] loss: 0.185889710 
[stage=2, 22400] loss: 0.174825059 
[stage=2, 22500] loss: 0.189215463 
[stage=2, 22600] loss: 0.177674306 
[stage=2, 22700] loss: 0.182210428 
[stage=2, 22800] loss: 0.177916096 
[stage=2, 22900] loss: 0.181665551 
[stage=2, 23000] loss: 0.189645953 
[stage=2, 23100] loss: 0.184329375 
[stage=2, 23200] loss: 0.180612847 
[stage=2, 23300] loss: 0.186048543 
[stage=2, 23400] loss: 0.185909421 
[stage=2, 23500] loss: 0.189507002 
[stage=2, 23600] loss: 0.180533252 
[stage=2, 23700] loss: 0.186975592 
[stage=2, 23800] loss: 0.185883917 
[stage=2, 23900] loss: 0.183911496 
[stage=2, 24000] loss: 0.184039065 
[stage=2, 24100] loss: 0.194200699 
[stage=2, 24200] loss: 0.180695394 
[stage=2, 24300] loss: 0.186043197 
[stage=2, 24400] loss: 0.181390425 
[stage=2, 24500] loss: 0.182472202 
[stage=2, 24600] loss: 0.175108457 
[stage=2, 24700] loss: 0.182541810 
[stage=2, 24800] loss: 0.181877945 
[stage=2, 24900] loss: 0.183145265 
[stage=2, 25000] loss: 0.192633392 
[stage=2, 25100] loss: 0.181804923 
[stage=2, 25200] loss: 0.182322421 
[stage=2, 25300] loss: 0.186286210 
[stage=2, 25400] loss: 0.182606552 
[stage=2, 25500] loss: 0.176290728 
[stage=2, 25600] loss: 0.188118206 
[stage=2, 25700] loss: 0.179073092 
[stage=2, 25800] loss: 0.185420936 
[stage=2, 25900] loss: 0.174432110 
[stage=2, 26000] loss: 0.183537438 
[stage=2, 26100] loss: 0.187624969 
[stage=2, 26200] loss: 0.173170200 
[stage=2, 26300] loss: 0.187773209 
[stage=2, 26400] loss: 0.179879532 
[stage=2, 26500] loss: 0.189169950 
[stage=2, 26600] loss: 0.185949492 
[stage=2, 26700] loss: 0.180829472 
[stage=2, 26800] loss: 0.174314236 
[stage=2, 26900] loss: 0.183522470 
[stage=2, 27000] loss: 0.183925694 
[stage=2, 27100] loss: 0.178119335 
[stage=2, 27200] loss: 0.170639087 
[stage=2, 27300] loss: 0.180898584 
[stage=2, 27400] loss: 0.175894746 
[stage=2, 27500] loss: 0.178177380 
[stage=2, 27600] loss: 0.176729432 
[stage=2, 27700] loss: 0.181007990 
[stage=2, 27800] loss: 0.181997965 
[stage=2, 27900] loss: 0.181534394 
[stage=2, 28000] loss: 0.173491257 
[stage=2, 28100] loss: 0.184784447 
[stage=2, 28200] loss: 0.183398615 
[stage=2, 28300] loss: 0.184466966 
[stage=2, 28400] loss: 0.189732333 
[stage=2, 28500] loss: 0.178748618 
[stage=2, 28600] loss: 0.175588398 
[stage=2, 28700] loss: 0.182960027 
[stage=2, 28800] loss: 0.181460871 
[stage=2, 28900] loss: 0.180285547 
[stage=2, 29000] loss: 0.188254913 
[stage=2, 29100] loss: 0.187473630 
[stage=2, 29200] loss: 0.181821172 
[stage=2, 29300] loss: 0.192152747 
[stage=2, 29400] loss: 0.182806173 
[stage=2, 29500] loss: 0.191132349 
[stage=2, 29600] loss: 0.183594059 
[stage=2, 29700] loss: 0.180828083 
[stage=2, 29800] loss: 0.172121119 
[stage=2, 29900] loss: 0.188855155 
[stage=2, 30000] loss: 0.193116441 
[stage=2, 30100] loss: 0.184881870 
[stage=2, 30200] loss: 0.178987664 
[stage=2, 30300] loss: 0.187236425 
[stage=2, 30400] loss: 0.188575093 
[stage=2, 30500] loss: 0.182350207 
[stage=2, 30600] loss: 0.195111711 
[stage=2, 30700] loss: 0.179713020 
[stage=2, 30800] loss: 0.181744163 
[stage=2, 30900] loss: 0.186799014 
[stage=2, 31000] loss: 0.177090197 
[stage=2, 31100] loss: 0.181214196 
[stage=2, 31200] loss: 0.174012398 
[stage=2, 31300] loss: 0.177378898 
[stage=2, 31400] loss: 0.178937080 
[stage=2, 31500] loss: 0.178640337 
[stage=2, 31600] loss: 0.180241591 
[stage=2, 31700] loss: 0.196512166 
[stage=2, 31800] loss: 0.172208579 
[stage=2, 31900] loss: 0.184113872 
[stage=2, 32000] loss: 0.177811677 
[stage=2, 32100] loss: 0.176902045 
[stage=2, 32200] loss: 0.186705170 
[stage=2, 32300] loss: 0.177893682 
[stage=2, 32400] loss: 0.176480440 
[stage=2, 32500] loss: 0.175096035 
[stage=2, 32600] loss: 0.184828383 
[stage=2, 32700] loss: 0.173691602 
[stage=2, 32800] loss: 0.183801267 
[stage=2, 32900] loss: 0.180889322 
[stage=2, 33000] loss: 0.184642271 
[stage=2, 33100] loss: 0.186335066 
[stage=2, 33200] loss: 0.179263310 
[stage=2, 33300] loss: 0.182328312 
[stage=2, 33400] loss: 0.177894638 
[stage=2, 33500] loss: 0.167599740 
[stage=2, 33600] loss: 0.181175812 
[stage=2, 33700] loss: 0.178776511 
[stage=2, 33800] loss: 0.183785424 
[stage=2, 33900] loss: 0.189244445 
[stage=2, 34000] loss: 0.178098037 
[stage=2, 34100] loss: 0.172477497 
[stage=2, 34200] loss: 0.189580857 
[stage=2, 34300] loss: 0.175595646 
[stage=2, 34400] loss: 0.184347879 
[stage=2, 34500] loss: 0.180766676 
[stage=2, 34600] loss: 0.184318283 
[stage=2, 34700] loss: 0.175792403 
[stage=2, 34800] loss: 0.175603725 
[stage=2, 34900] loss: 0.183582257 
[stage=2, 35000] loss: 0.179232640 
[stage=2, 35100] loss: 0.172423095 
[stage=2, 35200] loss: 0.182236427 
[stage=2, 35300] loss: 0.187928188 
[stage=2, 35400] loss: 0.175570715 
[stage=2, 35500] loss: 0.183922989 
[stage=2, 35600] loss: 0.189484303 
[stage=2, 35700] loss: 0.184894594 
[stage=2, 35800] loss: 0.181811225 
[stage=2, 35900] loss: 0.185266665 
[stage=2, 36000] loss: 0.191754533 
[stage=2, 36100] loss: 0.174693599 
[stage=2, 36200] loss: 0.185143103 
[stage=2, 36300] loss: 0.179426877 
[stage=2, 36400] loss: 0.181002472 
[stage=2, 36500] loss: 0.183415532 
[stage=2, 36600] loss: 0.189880872 
[stage=2, 36700] loss: 0.175799794 
[stage=2, 36800] loss: 0.178930841 
[stage=2, 36900] loss: 0.185180685 
[stage=2, 37000] loss: 0.179980045 
[stage=2, 37100] loss: 0.181025903 
[stage=2, 37200] loss: 0.180824025 
[stage=2, 37300] loss: 0.173767437 
[stage=2, 37400] loss: 0.180596875 
[stage=2, 37500] loss: 0.182180466 
[stage=2, 37600] loss: 0.181103821 
[stage=2, 37700] loss: 0.188320192 
[stage=2, 37800] loss: 0.176110405 
[stage=2, 37900] loss: 0.175916787 
[stage=2, 38000] loss: 0.175392256 
[stage=2, 38100] loss: 0.179370038 
[stage=2, 38200] loss: 0.182299285 
[stage=2, 38300] loss: 0.180248989 
[stage=2, 38400] loss: 0.176683562 
[stage=2, 38500] loss: 0.178877633 
[stage=2, 38600] loss: 0.185479535 
[stage=2, 38700] loss: 0.183078956 
[stage=2, 38800] loss: 0.182014655 
[stage=2, 38900] loss: 0.177157734 
