[stage=2,   100] loss: 0.303535939 
[stage=2,   200] loss: 0.258260924 
[stage=2,   300] loss: 0.232176230 
[stage=2,   400] loss: 0.228361127 
[stage=2,   500] loss: 0.208916035 
[stage=2,   600] loss: 0.202401174 
[stage=2,   700] loss: 0.204036457 
[stage=2,   800] loss: 0.208503971 
[stage=2,   900] loss: 0.193731646 
[stage=2,  1000] loss: 0.194572178 
[stage=2,  1100] loss: 0.199442942 
[stage=2,  1200] loss: 0.191954778 
[stage=2,  1300] loss: 0.199832814 
[stage=2,  1400] loss: 0.203085478 
[stage=2,  1500] loss: 0.187850537 
[stage=2,  1600] loss: 0.193740244 
[stage=2,  1700] loss: 0.183212758 
[stage=2,  1800] loss: 0.200123775 
[stage=2,  1900] loss: 0.192270935 
[stage=2,  2000] loss: 0.190041928 
[stage=2,  2100] loss: 0.182377575 
[stage=2,  2200] loss: 0.181998316 
[stage=2,  2300] loss: 0.195634053 
[stage=2,  2400] loss: 0.195449821 
[stage=2,  2500] loss: 0.194513715 
[stage=2,  2600] loss: 0.200087992 
[stage=2,  2700] loss: 0.173895069 
[stage=2,  2800] loss: 0.191303520 
[stage=2,  2900] loss: 0.178163369 
[stage=2,  3000] loss: 0.191214203 
[stage=2,  3100] loss: 0.184797204 
[stage=2,  3200] loss: 0.185705749 
[stage=2,  3300] loss: 0.192486504 
[stage=2,  3400] loss: 0.197052500 
[stage=2,  3500] loss: 0.185896829 
[stage=2,  3600] loss: 0.191738146 
[stage=2,  3700] loss: 0.188196855 
[stage=2,  3800] loss: 0.185788385 
[stage=2,  3900] loss: 0.191633038 
[stage=2,  4000] loss: 0.190002609 
[stage=2,  4100] loss: 0.179830526 
[stage=2,  4200] loss: 0.179112257 
[stage=2,  4300] loss: 0.191139976 
[stage=2,  4400] loss: 0.200351074 
[stage=2,  4500] loss: 0.192201148 
[stage=2,  4600] loss: 0.181503986 
[stage=2,  4700] loss: 0.193511159 
[stage=2,  4800] loss: 0.187267113 
[stage=2,  4900] loss: 0.185847116 
[stage=2,  5000] loss: 0.183569581 
[stage=2,  5100] loss: 0.182594050 
[stage=2,  5200] loss: 0.187737436 
[stage=2,  5300] loss: 0.190668176 
[stage=2,  5400] loss: 0.181963996 
[stage=2,  5500] loss: 0.173815399 
[stage=2,  5600] loss: 0.190301212 
[stage=2,  5700] loss: 0.193838097 
[stage=2,  5800] loss: 0.187553600 
[stage=2,  5900] loss: 0.181214839 
[stage=2,  6000] loss: 0.186306756 
[stage=2,  6100] loss: 0.190813776 
[stage=2,  6200] loss: 0.186587270 
[stage=2,  6300] loss: 0.179586176 
[stage=2,  6400] loss: 0.184129866 
[stage=2,  6500] loss: 0.188122930 
[stage=2,  6600] loss: 0.185034553 
[stage=2,  6700] loss: 0.194417178 
[stage=2,  6800] loss: 0.181639689 
[stage=2,  6900] loss: 0.187237230 
[stage=2,  7000] loss: 0.188751176 
[stage=2,  7100] loss: 0.176454906 
[stage=2,  7200] loss: 0.196821733 
[stage=2,  7300] loss: 0.189849816 
[stage=2,  7400] loss: 0.189053987 
[stage=2,  7500] loss: 0.187039655 
[stage=2,  7600] loss: 0.192007896 
[stage=2,  7700] loss: 0.194031515 
[stage=2,  7800] loss: 0.188151657 
[stage=2,  7900] loss: 0.176937067 
[stage=2,  8000] loss: 0.187763198 
[stage=2,  8100] loss: 0.189698849 
[stage=2,  8200] loss: 0.180047180 
[stage=2,  8300] loss: 0.181123957 
[stage=2,  8400] loss: 0.191731534 
[stage=2,  8500] loss: 0.187010426 
[stage=2,  8600] loss: 0.186419291 
[stage=2,  8700] loss: 0.186283215 
[stage=2,  8800] loss: 0.191099280 
[stage=2,  8900] loss: 0.189588018 
[stage=2,  9000] loss: 0.190743294 
[stage=2,  9100] loss: 0.179353872 
[stage=2,  9200] loss: 0.175586604 
[stage=2,  9300] loss: 0.180773465 
[stage=2,  9400] loss: 0.188922757 
[stage=2,  9500] loss: 0.190909861 
[stage=2,  9600] loss: 0.194713378 
[stage=2,  9700] loss: 0.194945906 
[stage=2,  9800] loss: 0.189353492 
[stage=2,  9900] loss: 0.199290122 
[stage=2, 10000] loss: 0.179993247 
[stage=2, 10100] loss: 0.194078026 
[stage=2, 10200] loss: 0.185773837 
[stage=2, 10300] loss: 0.194310885 
[stage=2, 10400] loss: 0.180580161 
[stage=2, 10500] loss: 0.180240796 
[stage=2, 10600] loss: 0.189895848 
[stage=2, 10700] loss: 0.187318845 
[stage=2, 10800] loss: 0.191183001 
[stage=2, 10900] loss: 0.185035851 
[stage=2, 11000] loss: 0.186725632 
[stage=2, 11100] loss: 0.185987741 
[stage=2, 11200] loss: 0.187071830 
[stage=2, 11300] loss: 0.182607298 
[stage=2, 11400] loss: 0.182933533 
[stage=2, 11500] loss: 0.185471407 
[stage=2, 11600] loss: 0.187471777 
[stage=2, 11700] loss: 0.189691655 
[stage=2, 11800] loss: 0.184938569 
[stage=2, 11900] loss: 0.193147874 
[stage=2, 12000] loss: 0.172850466 
[stage=2, 12100] loss: 0.187699770 
[stage=2, 12200] loss: 0.181910053 
[stage=2, 12300] loss: 0.186183335 
[stage=2, 12400] loss: 0.176858156 
[stage=2, 12500] loss: 0.188834642 
[stage=2, 12600] loss: 0.188598164 
[stage=2, 12700] loss: 0.186887810 
[stage=2, 12800] loss: 0.187056114 
[stage=2, 12900] loss: 0.179521168 
[stage=2, 13000] loss: 0.190247229 
[stage=2, 13100] loss: 0.178110654 
[stage=2, 13200] loss: 0.180901536 
[stage=2, 13300] loss: 0.188461910 
[stage=2, 13400] loss: 0.183839204 
[stage=2, 13500] loss: 0.191651714 
[stage=2, 13600] loss: 0.192053126 
[stage=2, 13700] loss: 0.191003949 
[stage=2, 13800] loss: 0.181008072 
[stage=2, 13900] loss: 0.180360474 
[stage=2, 14000] loss: 0.188363518 
[stage=2, 14100] loss: 0.187902264 
[stage=2, 14200] loss: 0.181081840 
[stage=2, 14300] loss: 0.187546325 
[stage=2, 14400] loss: 0.184302909 
[stage=2, 14500] loss: 0.178325882 
[stage=2, 14600] loss: 0.189257006 
[stage=2, 14700] loss: 0.188733091 
[stage=2, 14800] loss: 0.192489860 
[stage=2, 14900] loss: 0.191394988 
[stage=2, 15000] loss: 0.198055310 
[stage=2, 15100] loss: 0.195156984 
[stage=2, 15200] loss: 0.186864310 
[stage=2, 15300] loss: 0.182341422 
[stage=2, 15400] loss: 0.186642754 
[stage=2, 15500] loss: 0.190592504 
[stage=2, 15600] loss: 0.188452564 
[stage=2, 15700] loss: 0.184755668 
[stage=2, 15800] loss: 0.187231756 
[stage=2, 15900] loss: 0.186633929 
[stage=2, 16000] loss: 0.188857483 
[stage=2, 16100] loss: 0.172417128 
[stage=2, 16200] loss: 0.176198006 
[stage=2, 16300] loss: 0.186954198 
[stage=2, 16400] loss: 0.170627787 
[stage=2, 16500] loss: 0.171160078 
[stage=2, 16600] loss: 0.170277553 
[stage=2, 16700] loss: 0.184959178 
[stage=2, 16800] loss: 0.172345480 
[stage=2, 16900] loss: 0.166235052 
[stage=2, 17000] loss: 0.171927208 
[stage=2, 17100] loss: 0.174375309 
[stage=2, 17200] loss: 0.167792134 
[stage=2, 17300] loss: 0.175799693 
[stage=2, 17400] loss: 0.175642803 
[stage=2, 17500] loss: 0.166503305 
[stage=2, 17600] loss: 0.171061991 
[stage=2, 17700] loss: 0.173102163 
[stage=2, 17800] loss: 0.174828377 
[stage=2, 17900] loss: 0.168183612 
[stage=2, 18000] loss: 0.175992645 
[stage=2, 18100] loss: 0.167755742 
[stage=2, 18200] loss: 0.171659402 
[stage=2, 18300] loss: 0.163946931 
[stage=2, 18400] loss: 0.168957645 
[stage=2, 18500] loss: 0.169769453 
[stage=2, 18600] loss: 0.172645656 
[stage=2, 18700] loss: 0.175546709 
[stage=2, 18800] loss: 0.167959826 
[stage=2, 18900] loss: 0.174879658 
[stage=2, 19000] loss: 0.175672619 
[stage=2, 19100] loss: 0.171211388 
[stage=2, 19200] loss: 0.170870836 
[stage=2, 19300] loss: 0.170036036 
[stage=2, 19400] loss: 0.167980678 
[stage=2, 19500] loss: 0.172766336 
[stage=2, 19600] loss: 0.168420040 
[stage=2, 19700] loss: 0.182324961 
[stage=2, 19800] loss: 0.169724876 
[stage=2, 19900] loss: 0.172376519 
