[stage=2,   100] loss: 1.285818969
[stage=2,   200] loss: 0.290089049
[stage=2,   300] loss: 0.203932330
[stage=2,   400] loss: 0.162474276
[stage=2,   500] loss: 0.135389297
[stage=2,   600] loss: 0.130152907
[stage=2,   700] loss: 0.113222135
[stage=2,   800] loss: 0.108551111
[stage=2,   900] loss: 0.096784458
[stage=2,  1000] loss: 0.102123699
[stage=2,  1100] loss: 0.094029850
[stage=2,  1200] loss: 0.089519541
[stage=2,  1300] loss: 0.086284725
[stage=2,  1400] loss: 0.087672064
[stage=2,  1500] loss: 0.082581289
[stage=2,  1600] loss: 0.080784996
[stage=2,  1700] loss: 0.080631633
[stage=2,  1800] loss: 0.079110118
[stage=2,  1900] loss: 0.076106607
[stage=2,  2000] loss: 0.077150552
[stage=2,  2100] loss: 0.073109813
[stage=2,  2200] loss: 0.072710260
[stage=2,  2300] loss: 0.073689338
[stage=2,  2400] loss: 0.071880334
[stage=2,  2500] loss: 0.069882192
[stage=2,  2600] loss: 0.069225700
[stage=2,  2700] loss: 0.069851414
[stage=2,  2800] loss: 0.068935333
[stage=2,  2900] loss: 0.066544864
[stage=2,  3000] loss: 0.065630668
[stage=2,  3100] loss: 0.068036477
[stage=2,  3200] loss: 0.065388235
[stage=2,  3300] loss: 0.067808606
[stage=2,  3400] loss: 0.066045409
[stage=2,  3500] loss: 0.063409272
[stage=2,  3600] loss: 0.065768883
[stage=2,  3700] loss: 0.065091210
[stage=2,  3800] loss: 0.062868441
[stage=2,  3900] loss: 0.062050474
[stage=2,  4000] loss: 0.062427338
[stage=2,  4100] loss: 0.064127993
[stage=2,  4200] loss: 0.061353731
[stage=2,  4300] loss: 0.061651893
[stage=2,  4400] loss: 0.061057244
[stage=2,  4500] loss: 0.061174651
[stage=2,  4600] loss: 0.061456102
[stage=2,  4700] loss: 0.062981048
[stage=2,  4800] loss: 0.060237310
[stage=2,  4900] loss: 0.059617242
[stage=2,  5000] loss: 0.059314551
[stage=2,  5100] loss: 0.058248545
[stage=2,  5200] loss: 0.057933068
[stage=2,  5300] loss: 0.058779356
[stage=2,  5400] loss: 0.056549408
[stage=2,  5500] loss: 0.056862467
[stage=2,  5600] loss: 0.055928533
[stage=2,  5700] loss: 0.056389895
[stage=2,  5800] loss: 0.056631676
[stage=2,  5900] loss: 0.057228979
[stage=2,  6000] loss: 0.053336314
[stage=2,  6100] loss: 0.057241038
[stage=2,  6200] loss: 0.054552604
[stage=2,  6300] loss: 0.053967373
[stage=2,  6400] loss: 0.052331709
[stage=2,  6500] loss: 0.053234463
[stage=2,  6600] loss: 0.053871415
[stage=2,  6700] loss: 0.054383239
[stage=2,  6800] loss: 0.054833663
[stage=2,  6900] loss: 0.053742864
[stage=2,  7000] loss: 0.053223186
[stage=2,  7100] loss: 0.054747267
[stage=2,  7200] loss: 0.050215609
[stage=2,  7300] loss: 0.054396053
[stage=2,  7400] loss: 0.051782264
[stage=2,  7500] loss: 0.053336141
[stage=2,  7600] loss: 0.052523762
[stage=2,  7700] loss: 0.051532697
[stage=2,  7800] loss: 0.051277275
[stage=2,  7900] loss: 0.051707410
[stage=2,  8000] loss: 0.051703515
[stage=2,  8100] loss: 0.050020973
[stage=2,  8200] loss: 0.053272428
[stage=2,  8300] loss: 0.048807118
[stage=2,  8400] loss: 0.051114107
[stage=2,  8500] loss: 0.049465270
[stage=2,  8600] loss: 0.049206579
[stage=2,  8700] loss: 0.049950237
[stage=2,  8800] loss: 0.050112987
[stage=2,  8900] loss: 0.050251265
[stage=2,  9000] loss: 0.049582166
[stage=2,  9100] loss: 0.050136371
[stage=2,  9200] loss: 0.050520029
[stage=2,  9300] loss: 0.049543051
[stage=2,  9400] loss: 0.047693914
[stage=2,  9500] loss: 0.048862641
[stage=2,  9600] loss: 0.047586492
[stage=2,  9700] loss: 0.048819037
[stage=2,  9800] loss: 0.049085613
[stage=2,  9900] loss: 0.046024159
[stage=2, 10000] loss: 0.048558533
[stage=2, 10100] loss: 0.047423611
[stage=2, 10200] loss: 0.049053800
[stage=2, 10300] loss: 0.046548580
[stage=2, 10400] loss: 0.046695923
[stage=2, 10500] loss: 0.047086359
[stage=2, 10600] loss: 0.046801267
[stage=2, 10700] loss: 0.047795132
[stage=2, 10800] loss: 0.046526766
[stage=2, 10900] loss: 0.045820264
[stage=2, 11000] loss: 0.046239653
[stage=2, 11100] loss: 0.045057839
[stage=2, 11200] loss: 0.046223213
[stage=2, 11300] loss: 0.045325428
[stage=2, 11400] loss: 0.044736855
[stage=2, 11500] loss: 0.044672772
[stage=2, 11600] loss: 0.045072596
[stage=2, 11700] loss: 0.043374436
[stage=2, 11800] loss: 0.045786205
[stage=2, 11900] loss: 0.044290191
[stage=2, 12000] loss: 0.044464706
[stage=2, 12100] loss: 0.043522777
[stage=2, 12200] loss: 0.047380421
[stage=2, 12300] loss: 0.042680389
[stage=2, 12400] loss: 0.044404334
[stage=2, 12500] loss: 0.043954275
[stage=2, 12600] loss: 0.045405007
[stage=2, 12700] loss: 0.042212837
[stage=2, 12800] loss: 0.043777043
[stage=2, 12900] loss: 0.042132394
[stage=2, 13000] loss: 0.042741839
[stage=2, 13100] loss: 0.042945215
[stage=2, 13200] loss: 0.043229951
[stage=2, 13300] loss: 0.042776085
[stage=2, 13400] loss: 0.043374014
[stage=2, 13500] loss: 0.041884459
[stage=2, 13600] loss: 0.043063340
[stage=2, 13700] loss: 0.040822463
[stage=2, 13800] loss: 0.043711619
[stage=2, 13900] loss: 0.043919625
[stage=2, 14000] loss: 0.041556223
[stage=2, 14100] loss: 0.040886566
[stage=2, 14200] loss: 0.040805820
[stage=2, 14300] loss: 0.042347487
[stage=2, 14400] loss: 0.040421644
[stage=2, 14500] loss: 0.042171113
[stage=2, 14600] loss: 0.042344086
[stage=2, 14700] loss: 0.041953216
[stage=2, 14800] loss: 0.039300437
[stage=2, 14900] loss: 0.040986572
[stage=2, 15000] loss: 0.042060774
[stage=2, 15100] loss: 0.039382585
[stage=2, 15200] loss: 0.041110789
[stage=2, 15300] loss: 0.039934159
[stage=2, 15400] loss: 0.042047586
[stage=2, 15500] loss: 0.038658375
[stage=2, 15600] loss: 0.040069700
[stage=2, 15700] loss: 0.039751275
[stage=2, 15800] loss: 0.038021370
[stage=2, 15900] loss: 0.038885409
[stage=2, 16000] loss: 0.039699304
[stage=2, 16100] loss: 0.035541524
[stage=2, 16200] loss: 0.033770160
[stage=2, 16300] loss: 0.033570377
[stage=2, 16400] loss: 0.033378016
[stage=2, 16500] loss: 0.032923157
[stage=2, 16600] loss: 0.033592637
[stage=2, 16700] loss: 0.032357110
[stage=2, 16800] loss: 0.031802723
[stage=2, 16900] loss: 0.032420037
[stage=2, 17000] loss: 0.032547930
[stage=2, 17100] loss: 0.033355413
[stage=2, 17200] loss: 0.031534471
[stage=2, 17300] loss: 0.032763877
[stage=2, 17400] loss: 0.031643577
[stage=2, 17500] loss: 0.031686288
[stage=2, 17600] loss: 0.032027563
[stage=2, 17700] loss: 0.032050475
[stage=2, 17800] loss: 0.031008420
[stage=2, 17900] loss: 0.031761365
[stage=2, 18000] loss: 0.031631757
[stage=2, 18100] loss: 0.031330865
[stage=2, 18200] loss: 0.032947775
[stage=2, 18300] loss: 0.030420343
[stage=2, 18400] loss: 0.031110588
[stage=2, 18500] loss: 0.031466244
[stage=2, 18600] loss: 0.031195083
[stage=2, 18700] loss: 0.031302014
[stage=2, 18800] loss: 0.031189697
[stage=2, 18900] loss: 0.031196187
[stage=2, 19000] loss: 0.031344116
[stage=2, 19100] loss: 0.030574356
[stage=2, 19200] loss: 0.031498226
[stage=2, 19300] loss: 0.031136356
[stage=2, 19400] loss: 0.031005498
[stage=2, 19500] loss: 0.031482045
[stage=2, 19600] loss: 0.031903892
[stage=2, 19700] loss: 0.029686073
[stage=2, 19800] loss: 0.031583736
[stage=2, 19900] loss: 0.030907858

inference
0.040198599208484995 s