[stage=2,   100] loss: 1.584766724 
[stage=2,   200] loss: 1.035988637 
[stage=2,   300] loss: 1.009943125 
[stage=2,   400] loss: 0.985051384 
[stage=2,   500] loss: 0.995952054 
[stage=2,   600] loss: 0.958113857 
[stage=2,   700] loss: 0.969012906 
[stage=2,   800] loss: 0.905298546 
[stage=2,   900] loss: 0.990179058 
[stage=2,  1000] loss: 1.052797148 
[stage=2,  1100] loss: 0.985220997 
[stage=2,  1200] loss: 0.960571171 
[stage=2,  1300] loss: 0.922319460 
[stage=2,  1400] loss: 0.939010923 
[stage=2,  1500] loss: 0.879840861 
[stage=2,  1600] loss: 0.951826827 
[stage=2,  1700] loss: 0.863417384 
[stage=2,  1800] loss: 0.885009766 
[stage=2,  1900] loss: 0.964949653 
[stage=2,  2000] loss: 0.986070528 
[stage=2,  2100] loss: 0.933935595 
[stage=2,  2200] loss: 0.935305597 
[stage=2,  2300] loss: 0.908307207 
[stage=2,  2400] loss: 0.973892958 
[stage=2,  2500] loss: 0.931037863 
[stage=2,  2600] loss: 0.906240988 
[stage=2,  2700] loss: 0.847725371 
[stage=2,  2800] loss: 0.899304699 
[stage=2,  2900] loss: 0.929782277 
[stage=2,  3000] loss: 0.878534000 
[stage=2,  3100] loss: 0.905881491 
[stage=2,  3200] loss: 0.866390623 
[stage=2,  3300] loss: 0.918940537 
[stage=2,  3400] loss: 0.845550829 
[stage=2,  3500] loss: 0.916267477 
[stage=2,  3600] loss: 0.895717829 
[stage=2,  3700] loss: 0.885138298 
[stage=2,  3800] loss: 0.858392698 
[stage=2,  3900] loss: 0.894233474 
[stage=2,  4000] loss: 0.822936931 
[stage=2,  4100] loss: 0.864352297 
[stage=2,  4200] loss: 0.880177651 
[stage=2,  4300] loss: 0.811257384 
[stage=2,  4400] loss: 0.847730248 
[stage=2,  4500] loss: 0.796755300 
[stage=2,  4600] loss: 0.816245366 
[stage=2,  4700] loss: 0.821395755 
[stage=2,  4800] loss: 0.854289830 
[stage=2,  4900] loss: 0.836886804 
[stage=2,  5000] loss: 0.837961242 
[stage=2,  5100] loss: 0.795543351 
[stage=2,  5200] loss: 0.800159705 
[stage=2,  5300] loss: 0.843053221 
[stage=2,  5400] loss: 0.829816125 
[stage=2,  5500] loss: 0.776642171 
[stage=2,  5600] loss: 0.837448375 
[stage=2,  5700] loss: 0.823412011 
[stage=2,  5800] loss: 0.805585913 
[stage=2,  5900] loss: 0.834860873 
[stage=2,  6000] loss: 0.756886716 
[stage=2,  6100] loss: 0.794708763 
[stage=2,  6200] loss: 0.850375583 
[stage=2,  6300] loss: 0.838953063 
[stage=2,  6400] loss: 0.792613951 
[stage=2,  6500] loss: 0.809640612 
[stage=2,  6600] loss: 0.794883769 
[stage=2,  6700] loss: 0.796666301 
[stage=2,  6800] loss: 0.779171628 
[stage=2,  6900] loss: 0.797238230 
[stage=2,  7000] loss: 0.793868030 
[stage=2,  7100] loss: 0.789320701 
[stage=2,  7200] loss: 0.802028088 
[stage=2,  7300] loss: 0.835695377 
[stage=2,  7400] loss: 0.738377989 
[stage=2,  7500] loss: 0.747621849 
[stage=2,  7600] loss: 0.796367274 
[stage=2,  7700] loss: 0.758824432 
[stage=2,  7800] loss: 0.798415008 
[stage=2,  7900] loss: 0.812176544 
[stage=2,  8000] loss: 0.752708269 
[stage=2,  8100] loss: 0.763106771 
[stage=2,  8200] loss: 0.756675026 
[stage=2,  8300] loss: 0.775936232 
[stage=2,  8400] loss: 0.746112365 
[stage=2,  8500] loss: 0.709849003 
[stage=2,  8600] loss: 0.735716325 
[stage=2,  8700] loss: 0.782147627 
[stage=2,  8800] loss: 0.761648734 
[stage=2,  8900] loss: 0.749668679 
[stage=2,  9000] loss: 0.751922894 
[stage=2,  9100] loss: 0.700736398 
[stage=2,  9200] loss: 0.772663804 
[stage=2,  9300] loss: 0.762674133 
[stage=2,  9400] loss: 0.716755472 
[stage=2,  9500] loss: 0.736573346 
[stage=2,  9600] loss: 0.731301394 
[stage=2,  9700] loss: 0.738191701 
[stage=2,  9800] loss: 0.725668347 
[stage=2,  9900] loss: 0.758208661 
[stage=2, 10000] loss: 0.724333540 
[stage=2, 10100] loss: 0.702136855 
[stage=2, 10200] loss: 0.705706896 
[stage=2, 10300] loss: 0.715666531 
[stage=2, 10400] loss: 0.672986140 
[stage=2, 10500] loss: 0.711461215 
[stage=2, 10600] loss: 0.750225552 
[stage=2, 10700] loss: 0.710775436 
[stage=2, 10800] loss: 0.686801675 
[stage=2, 10900] loss: 0.733719152 
[stage=2, 11000] loss: 0.747505197 
[stage=2, 11100] loss: 0.730260160 
[stage=2, 11200] loss: 0.702792727 
[stage=2, 11300] loss: 0.715952822 
[stage=2, 11400] loss: 0.698323348 
[stage=2, 11500] loss: 0.668359388 
[stage=2, 11600] loss: 0.716031971 
[stage=2, 11700] loss: 0.680767676 
[stage=2, 11800] loss: 0.662862576 
[stage=2, 11900] loss: 0.718947449 
[stage=2, 12000] loss: 0.721170188 
[stage=2, 12100] loss: 0.727267805 
[stage=2, 12200] loss: 0.688454154 
[stage=2, 12300] loss: 0.698516722 
[stage=2, 12400] loss: 0.723285984 
[stage=2, 12500] loss: 0.707466126 
[stage=2, 12600] loss: 0.712849816 
[stage=2, 12700] loss: 0.674640158 
[stage=2, 12800] loss: 0.661299153 
[stage=2, 12900] loss: 0.664245775 
[stage=2, 13000] loss: 0.702944157 
[stage=2, 13100] loss: 0.693586029 
[stage=2, 13200] loss: 0.670879154 
[stage=2, 13300] loss: 0.719200774 
[stage=2, 13400] loss: 0.660055508 
[stage=2, 13500] loss: 0.671942741 
[stage=2, 13600] loss: 0.674446435 
[stage=2, 13700] loss: 0.673917706 
[stage=2, 13800] loss: 0.671647993 
[stage=2, 13900] loss: 0.706376420 
[stage=2, 14000] loss: 0.661387176 
[stage=2, 14100] loss: 0.685874596 
[stage=2, 14200] loss: 0.689226787 
[stage=2, 14300] loss: 0.658685740 
[stage=2, 14400] loss: 0.655832639 
[stage=2, 14500] loss: 0.666003297 
[stage=2, 14600] loss: 0.641039528 
[stage=2, 14700] loss: 0.636090829 
[stage=2, 14800] loss: 0.693398778 
[stage=2, 14900] loss: 0.650261737 
[stage=2, 15000] loss: 0.662943753 
[stage=2, 15100] loss: 0.652871911 
[stage=2, 15200] loss: 0.636397535 
[stage=2, 15300] loss: 0.671060673 
[stage=2, 15400] loss: 0.683985727 
[stage=2, 15500] loss: 0.624158418 
[stage=2, 15600] loss: 0.680124092 
[stage=2, 15700] loss: 0.680409580 
[stage=2, 15800] loss: 0.642360117 
[stage=2, 15900] loss: 0.681612915 
[stage=2, 16000] loss: 0.646963383 
[stage=2, 16100] loss: 0.675269063 
[stage=2, 16200] loss: 0.653185404 
[stage=2, 16300] loss: 0.687860674 
[stage=2, 16400] loss: 0.670707778 
[stage=2, 16500] loss: 0.634789918 
[stage=2, 16600] loss: 0.629979465 
[stage=2, 16700] loss: 0.630092040 
[stage=2, 16800] loss: 0.666848390 
[stage=2, 16900] loss: 0.649256184 
[stage=2, 17000] loss: 0.633969023 
[stage=2, 17100] loss: 0.654215997 
[stage=2, 17200] loss: 0.679267814 
[stage=2, 17300] loss: 0.651332957 
[stage=2, 17400] loss: 0.608540726 
[stage=2, 17500] loss: 0.633163307 
[stage=2, 17600] loss: 0.628505292 
[stage=2, 17700] loss: 0.629101986 
[stage=2, 17800] loss: 0.644563295 
[stage=2, 17900] loss: 0.695145189 
[stage=2, 18000] loss: 0.643555163 
[stage=2, 18100] loss: 0.637379317 
[stage=2, 18200] loss: 0.647252295 
[stage=2, 18300] loss: 0.643461649 
[stage=2, 18400] loss: 0.641727045 
[stage=2, 18500] loss: 0.623219410 
[stage=2, 18600] loss: 0.609299536 
[stage=2, 18700] loss: 0.634093548 
[stage=2, 18800] loss: 0.656493815 
[stage=2, 18900] loss: 0.622126050 
[stage=2, 19000] loss: 0.623170137 
[stage=2, 19100] loss: 0.608540259 
[stage=2, 19200] loss: 0.625992934 
[stage=2, 19300] loss: 0.675896685 
[stage=2, 19400] loss: 0.608141219 
[stage=2, 19500] loss: 0.623555677 
[stage=2, 19600] loss: 0.613420734 
[stage=2, 19700] loss: 0.617971343 
[stage=2, 19800] loss: 0.639702205 
[stage=2, 19900] loss: 0.645409072 
[stage=2, 20000] loss: 0.623913848 
[stage=2, 20100] loss: 0.602688194 
[stage=2, 20200] loss: 0.607493152 
[stage=2, 20300] loss: 0.613778742 
[stage=2, 20400] loss: 0.583536366 
[stage=2, 20500] loss: 0.609068125 
[stage=2, 20600] loss: 0.641828486 
[stage=2, 20700] loss: 0.619842925 
[stage=2, 20800] loss: 0.597310332 
[stage=2, 20900] loss: 0.619836265 
[stage=2, 21000] loss: 0.668303702 
[stage=2, 21100] loss: 0.610990334 
[stage=2, 21200] loss: 0.611073000 
[stage=2, 21300] loss: 0.614541893 
[stage=2, 21400] loss: 0.597298178 
[stage=2, 21500] loss: 0.584368249 
[stage=2, 21600] loss: 0.612739510 
[stage=2, 21700] loss: 0.583676514 
[stage=2, 21800] loss: 0.586593176 
[stage=2, 21900] loss: 0.625536310 
[stage=2, 22000] loss: 0.599461145 
[stage=2, 22100] loss: 0.627296795 
[stage=2, 22200] loss: 0.595768752 
[stage=2, 22300] loss: 0.600780897 
[stage=2, 22400] loss: 0.633548469 
[stage=2, 22500] loss: 0.576324223 
[stage=2, 22600] loss: 0.638740148 
[stage=2, 22700] loss: 0.579517254 
[stage=2, 22800] loss: 0.597335847 
[stage=2, 22900] loss: 0.596702396 
[stage=2, 23000] loss: 0.589571401 
[stage=2, 23100] loss: 0.591545184 
[stage=2, 23200] loss: 0.572397377 
[stage=2, 23300] loss: 0.604400592 
[stage=2, 23400] loss: 0.569869582 
[stage=2, 23500] loss: 0.581539092 
[stage=2, 23600] loss: 0.623881184 
[stage=2, 23700] loss: 0.587147412 
[stage=2, 23800] loss: 0.611584529 
[stage=2, 23900] loss: 0.617987700 
[stage=2, 24000] loss: 0.583963279 
[stage=2, 24100] loss: 0.604968083 
[stage=2, 24200] loss: 0.585204515 
[stage=2, 24300] loss: 0.611148193 
[stage=2, 24400] loss: 0.583394347 
[stage=2, 24500] loss: 0.558805550 
[stage=2, 24600] loss: 0.574812203 
[stage=2, 24700] loss: 0.559708236 
[stage=2, 24800] loss: 0.608199485 
[stage=2, 24900] loss: 0.589503711 
[stage=2, 25000] loss: 0.601413979 
[stage=2, 25100] loss: 0.567554871 
[stage=2, 25200] loss: 0.563941630 
[stage=2, 25300] loss: 0.588862985 
[stage=2, 25400] loss: 0.597132329 
[stage=2, 25500] loss: 0.578014072 
[stage=2, 25600] loss: 0.592928983 
[stage=2, 25700] loss: 0.572952658 
[stage=2, 25800] loss: 0.596589888 
[stage=2, 25900] loss: 0.573109146 
[stage=2, 26000] loss: 0.582364774 
[stage=2, 26100] loss: 0.583140135 
[stage=2, 26200] loss: 0.573117986 
[stage=2, 26300] loss: 0.600504699 
[stage=2, 26400] loss: 0.601014360 
[stage=2, 26500] loss: 0.559058180 
[stage=2, 26600] loss: 0.591440523 
[stage=2, 26700] loss: 0.542035580 
[stage=2, 26800] loss: 0.572143917 
[stage=2, 26900] loss: 0.579813741 
[stage=2, 27000] loss: 0.551676806 
[stage=2, 27100] loss: 0.581385324 
[stage=2, 27200] loss: 0.592358432 
[stage=2, 27300] loss: 0.564739411 
[stage=2, 27400] loss: 0.541925773 
[stage=2, 27500] loss: 0.563546344 
[stage=2, 27600] loss: 0.575545500 
[stage=2, 27700] loss: 0.548690661 
[stage=2, 27800] loss: 0.578950138 
[stage=2, 27900] loss: 0.585761039 
[stage=2, 28000] loss: 0.581190847 
[stage=2, 28100] loss: 0.553155137 
[stage=2, 28200] loss: 0.570860284 
[stage=2, 28300] loss: 0.580151686 
[stage=2, 28400] loss: 0.563597730 
[stage=2, 28500] loss: 0.545557082 
[stage=2, 28600] loss: 0.537998648 
[stage=2, 28700] loss: 0.570590577 
[stage=2, 28800] loss: 0.567073729 
[stage=2, 28900] loss: 0.547329966 
[stage=2, 29000] loss: 0.564894244 
[stage=2, 29100] loss: 0.564687734 
[stage=2, 29200] loss: 0.548116980 
[stage=2, 29300] loss: 0.586539558 
[stage=2, 29400] loss: 0.546749847 
[stage=2, 29500] loss: 0.544156382 
[stage=2, 29600] loss: 0.556359120 
[stage=2, 29700] loss: 0.552632201 
[stage=2, 29800] loss: 0.559967850 
[stage=2, 29900] loss: 0.560511772 
[stage=2, 30000] loss: 0.560927767 
[stage=2, 30100] loss: 0.549222966 
[stage=2, 30200] loss: 0.542934012 
[stage=2, 30300] loss: 0.545012473 
[stage=2, 30400] loss: 0.528462028 
[stage=2, 30500] loss: 0.535766614 
[stage=2, 30600] loss: 0.555876611 
[stage=2, 30700] loss: 0.543080850 
[stage=2, 30800] loss: 0.516479295 
[stage=2, 30900] loss: 0.548984863 
[stage=2, 31000] loss: 0.571939465 
[stage=2, 31100] loss: 0.583647536 
[stage=2, 31200] loss: 0.542293718 
[stage=2, 31300] loss: 0.540102842 
[stage=2, 31400] loss: 0.537927368 
[stage=2, 31500] loss: 0.528738764 
[stage=2, 31600] loss: 0.560828191 
[stage=2, 31700] loss: 0.522506919 
[stage=2, 31800] loss: 0.527116788 
[stage=2, 31900] loss: 0.571477028 
[stage=2, 32000] loss: 0.534701109 
[stage=2, 32100] loss: 0.557747869 
[stage=2, 32200] loss: 0.552703386 
[stage=2, 32300] loss: 0.541617768 
[stage=2, 32400] loss: 0.567132213 
[stage=2, 32500] loss: 0.535353995 
[stage=2, 32600] loss: 0.575523186 
[stage=2, 32700] loss: 0.530151255 
[stage=2, 32800] loss: 0.552523757 
[stage=2, 32900] loss: 0.549260243 
[stage=2, 33000] loss: 0.523433497 
[stage=2, 33100] loss: 0.520975472 
[stage=2, 33200] loss: 0.532142542 
[stage=2, 33300] loss: 0.548561933 
[stage=2, 33400] loss: 0.516485251 
[stage=2, 33500] loss: 0.505829497 
[stage=2, 33600] loss: 0.570510634 
[stage=2, 33700] loss: 0.528517800 
[stage=2, 33800] loss: 0.555123797 
[stage=2, 33900] loss: 0.555663085 
[stage=2, 34000] loss: 0.521087475 
[stage=2, 34100] loss: 0.534414508 
[stage=2, 34200] loss: 0.530380304 
[stage=2, 34300] loss: 0.534292609 
[stage=2, 34400] loss: 0.496891499 
[stage=2, 34500] loss: 0.520295395 
[stage=2, 34600] loss: 0.509299855 
[stage=2, 34700] loss: 0.497997560 
[stage=2, 34800] loss: 0.520581675 
[stage=2, 34900] loss: 0.543718457 
[stage=2, 35000] loss: 0.520073418 
[stage=2, 35100] loss: 0.522286394 
[stage=2, 35200] loss: 0.496179028 
[stage=2, 35300] loss: 0.531045802 
[stage=2, 35400] loss: 0.550298778 
[stage=2, 35500] loss: 0.513866368 
[stage=2, 35600] loss: 0.533471025 
[stage=2, 35700] loss: 0.535296991 
[stage=2, 35800] loss: 0.560971917 
[stage=2, 35900] loss: 0.507436284 
[stage=2, 36000] loss: 0.532597532 
[stage=2, 36100] loss: 0.515323249 
[stage=2, 36200] loss: 0.526593487 
[stage=2, 36300] loss: 0.548252310 
[stage=2, 36400] loss: 0.545216903 
[stage=2, 36500] loss: 0.506887542 
[stage=2, 36600] loss: 0.532398424 
[stage=2, 36700] loss: 0.515536560 
[stage=2, 36800] loss: 0.527184148 
[stage=2, 36900] loss: 0.513812607 
[stage=2, 37000] loss: 0.496662848 
[stage=2, 37100] loss: 0.519898148 
[stage=2, 37200] loss: 0.530746603 
[stage=2, 37300] loss: 0.526103332 
[stage=2, 37400] loss: 0.506986729 
[stage=2, 37500] loss: 0.504239762 
[stage=2, 37600] loss: 0.530777248 
[stage=2, 37700] loss: 0.508257592 
[stage=2, 37800] loss: 0.530787222 
[stage=2, 37900] loss: 0.549467615 
[stage=2, 38000] loss: 0.541935293 
[stage=2, 38100] loss: 0.496687060 
[stage=2, 38200] loss: 0.507071791 
[stage=2, 38300] loss: 0.509776016 
[stage=2, 38400] loss: 0.524907181 
[stage=2, 38500] loss: 0.484703005 
[stage=2, 38600] loss: 0.489045727 
[stage=2, 38700] loss: 0.508013160 
[stage=2, 38800] loss: 0.516736010 
[stage=2, 38900] loss: 0.516143169 
[stage=2, 39000] loss: 0.511398145 
[stage=2, 39100] loss: 0.528193593 
[stage=2, 39200] loss: 0.498602802 
[stage=2, 39300] loss: 0.524989897 
[stage=2, 39400] loss: 0.522892603 
[stage=2, 39500] loss: 0.499004057 
[stage=2, 39600] loss: 0.494198885 
[stage=2, 39700] loss: 0.503238057 
[stage=2, 39800] loss: 0.515235940 
[stage=2, 39900] loss: 0.506680131 
[stage=2, 40000] loss: 0.522496076 
[stage=2, 40100] loss: 0.495956828 
[stage=2, 40200] loss: 0.492063939 
[stage=2, 40300] loss: 0.481711437 
[stage=2, 40400] loss: 0.488794102 
[stage=2, 40500] loss: 0.490802450 
[stage=2, 40600] loss: 0.538011228 
[stage=2, 40700] loss: 0.508036721 
[stage=2, 40800] loss: 0.467075804 
[stage=2, 40900] loss: 0.504839010 
[stage=2, 41000] loss: 0.523534123 
[stage=2, 41100] loss: 0.520762465 
[stage=2, 41200] loss: 0.495160649 
[stage=2, 41300] loss: 0.482181610 
[stage=2, 41400] loss: 0.501498902 
[stage=2, 41500] loss: 0.498737624 
[stage=2, 41600] loss: 0.520505384 
[stage=2, 41700] loss: 0.489068017 
[stage=2, 41800] loss: 0.486798290 
[stage=2, 41900] loss: 0.525272451 
[stage=2, 42000] loss: 0.520658585 
[stage=2, 42100] loss: 0.515131095 
[stage=2, 42200] loss: 0.481107558 
[stage=2, 42300] loss: 0.504898210 
[stage=2, 42400] loss: 0.517969190 
[stage=2, 42500] loss: 0.489729749 
[stage=2, 42600] loss: 0.508489972 
[stage=2, 42700] loss: 0.514309697 
[stage=2, 42800] loss: 0.506065301 
[stage=2, 42900] loss: 0.491219289 
[stage=2, 43000] loss: 0.476961662 
[stage=2, 43100] loss: 0.485694164 
[stage=2, 43200] loss: 0.487103076 
[stage=2, 43300] loss: 0.515071078 
[stage=2, 43400] loss: 0.489689880 
[stage=2, 43500] loss: 0.462950476 
[stage=2, 43600] loss: 0.522173775 
[stage=2, 43700] loss: 0.494069411 
[stage=2, 43800] loss: 0.516608869 
[stage=2, 43900] loss: 0.508676796 
[stage=2, 44000] loss: 0.470673968 
[stage=2, 44100] loss: 0.489398712 
[stage=2, 44200] loss: 0.490171364 
[stage=2, 44300] loss: 0.489378565 
[stage=2, 44400] loss: 0.472810939 
[stage=2, 44500] loss: 0.474809241 
[stage=2, 44600] loss: 0.459266098 
[stage=2, 44700] loss: 0.466705162 
[stage=2, 44800] loss: 0.480229152 
[stage=2, 44900] loss: 0.511444108 
[stage=2, 45000] loss: 0.488017824 
[stage=2, 45100] loss: 0.475932889 
[stage=2, 45200] loss: 0.460149669 
[stage=2, 45300] loss: 0.476487144 
[stage=2, 45400] loss: 0.480363176 
[stage=2, 45500] loss: 0.486885241 
[stage=2, 45600] loss: 0.489139064 
[stage=2, 45700] loss: 0.480939270 
[stage=2, 45800] loss: 0.528344052 
[stage=2, 45900] loss: 0.464232187 
[stage=2, 46000] loss: 0.490739259 
[stage=2, 46100] loss: 0.494933074 
[stage=2, 46200] loss: 0.467594914 
[stage=2, 46300] loss: 0.531895583 
[stage=2, 46400] loss: 0.489009624 
[stage=2, 46500] loss: 0.474966909 
[stage=2, 46600] loss: 0.487245749 
[stage=2, 46700] loss: 0.480863602 
[stage=2, 46800] loss: 0.472801856 
[stage=2, 46900] loss: 0.475804377 
[stage=2, 47000] loss: 0.500830771 
[stage=2, 47100] loss: 0.490903431 
[stage=2, 47200] loss: 0.480458669 
[stage=2, 47300] loss: 0.489909648 
[stage=2, 47400] loss: 0.458654300 
[stage=2, 47500] loss: 0.473651494 
[stage=2, 47600] loss: 0.493648241 
[stage=2, 47700] loss: 0.475962369 
[stage=2, 47800] loss: 0.462267883 
[stage=2, 47900] loss: 0.529317209 
[stage=2, 48000] loss: 0.500080704 
[stage=2, 48100] loss: 0.465955303 
[stage=2, 48200] loss: 0.467050028 
[stage=2, 48300] loss: 0.478146905 
[stage=2, 48400] loss: 0.478945499 
[stage=2, 48500] loss: 0.454293333 
[stage=2, 48600] loss: 0.456057577 
[stage=2, 48700] loss: 0.461003845 
[stage=2, 48800] loss: 0.476829179 
[stage=2, 48900] loss: 0.492899096 
[stage=2, 49000] loss: 0.442762380 
[stage=2, 49100] loss: 0.499235086 
[stage=2, 49200] loss: 0.461988146 
[stage=2, 49300] loss: 0.486803891 
[stage=2, 49400] loss: 0.505484225 
[stage=2, 49500] loss: 0.458563420 
[stage=2, 49600] loss: 0.464710072 
[stage=2, 49700] loss: 0.471877624 
[stage=2, 49800] loss: 0.481639324 
[stage=2, 49900] loss: 0.459379685 
[stage=2, 50000] loss: 0.486675716 
[stage=2, 50100] loss: 0.469434259 
[stage=2, 50200] loss: 0.465531794 
[stage=2, 50300] loss: 0.450433494 
[stage=2, 50400] loss: 0.453763964 
[stage=2, 50500] loss: 0.468973076 
[stage=2, 50600] loss: 0.490349814 
[stage=2, 50700] loss: 0.465811396 
[stage=2, 50800] loss: 0.449613464 
[stage=2, 50900] loss: 0.475454478 
[stage=2, 51000] loss: 0.474431064 
[stage=2, 51100] loss: 0.492856113 
[stage=2, 51200] loss: 0.467881577 
[stage=2, 51300] loss: 0.453419198 
[stage=2, 51400] loss: 0.481550024 
[stage=2, 51500] loss: 0.457757666 
[stage=2, 51600] loss: 0.486527832 
[stage=2, 51700] loss: 0.454500204 
[stage=2, 51800] loss: 0.444237427 
[stage=2, 51900] loss: 0.492728133 
[stage=2, 52000] loss: 0.474418568 
[stage=2, 52100] loss: 0.471151430 
[stage=2, 52200] loss: 0.467963516 
[stage=2, 52300] loss: 0.462017860 
[stage=2, 52400] loss: 0.489168318 
[stage=2, 52500] loss: 0.455494329 
[stage=2, 52600] loss: 0.483273807 
[stage=2, 52700] loss: 0.472175843 
[stage=2, 52800] loss: 0.473170463 
[stage=2, 52900] loss: 0.462321947 
[stage=2, 53000] loss: 0.458837793 
[stage=2, 53100] loss: 0.424469218 
[stage=2, 53200] loss: 0.456268472 
[stage=2, 53300] loss: 0.475916397 
[stage=2, 53400] loss: 0.449045329 
[stage=2, 53500] loss: 0.425242385 
[stage=2, 53600] loss: 0.490524905 
[stage=2, 53700] loss: 0.451617389 
[stage=2, 53800] loss: 0.463439686 
[stage=2, 53900] loss: 0.475596306 
[stage=2, 54000] loss: 0.446564355 
[stage=2, 54100] loss: 0.451957688 
[stage=2, 54200] loss: 0.453905054 
[stage=2, 54300] loss: 0.470035813 
[stage=2, 54400] loss: 0.447271721 
[stage=2, 54500] loss: 0.442140467 
[stage=2, 54600] loss: 0.442051804 
[stage=2, 54700] loss: 0.452014207 
[stage=2, 54800] loss: 0.441598589 
[stage=2, 54900] loss: 0.488445348 
[stage=2, 55000] loss: 0.467165580 
[stage=2, 55100] loss: 0.457760180 
[stage=2, 55200] loss: 0.429510510 
[stage=2, 55300] loss: 0.441625259 
[stage=2, 55400] loss: 0.461143366 
[stage=2, 55500] loss: 0.450649070 
[stage=2, 55600] loss: 0.464458517 
[stage=2, 55700] loss: 0.452100658 
[stage=2, 55800] loss: 0.494769203 
[stage=2, 55900] loss: 0.447575991 
[stage=2, 56000] loss: 0.438077408 
[stage=2, 56100] loss: 0.454072134 
[stage=2, 56200] loss: 0.426337961 
[stage=2, 56300] loss: 0.496933768 
[stage=2, 56400] loss: 0.455813094 
[stage=2, 56500] loss: 0.451323256 
[stage=2, 56600] loss: 0.450846720 
[stage=2, 56700] loss: 0.454298369 
[stage=2, 56800] loss: 0.444219885 
[stage=2, 56900] loss: 0.450058603 
[stage=2, 57000] loss: 0.459546557 
[stage=2, 57100] loss: 0.450064379 
[stage=2, 57200] loss: 0.448858986 
[stage=2, 57300] loss: 0.441497097 
[stage=2, 57400] loss: 0.444537680 
[stage=2, 57500] loss: 0.441355460 
[stage=2, 57600] loss: 0.468584791 
[stage=2, 57700] loss: 0.445012300 
[stage=2, 57800] loss: 0.439098095 
[stage=2, 57900] loss: 0.493222623 
[stage=2, 58000] loss: 0.449689120 
[stage=2, 58100] loss: 0.430480908 
[stage=2, 58200] loss: 0.435661157 
[stage=2, 58300] loss: 0.439314104 
[stage=2, 58400] loss: 0.430539670 
[stage=2, 58500] loss: 0.443641938 
[stage=2, 58600] loss: 0.421614715 
[stage=2, 58700] loss: 0.431823430 
[stage=2, 58800] loss: 0.463744365 
[stage=2, 58900] loss: 0.456607123 
[stage=2, 59000] loss: 0.425686902 
[stage=2, 59100] loss: 0.465171893 
[stage=2, 59200] loss: 0.426650728 
[stage=2, 59300] loss: 0.455694287 
[stage=2, 59400] loss: 0.449540155 
[stage=2, 59500] loss: 0.447900827 
[stage=2, 59600] loss: 0.428959043 
[stage=2, 59700] loss: 0.435223586 
[stage=2, 59800] loss: 0.457937604 
[stage=2, 59900] loss: 0.438976278 
[stage=2, 60000] loss: 0.441175650 
[stage=2, 60100] loss: 0.428963285 
[stage=2, 60200] loss: 0.438170534 
[stage=2, 60300] loss: 0.428129992 
[stage=2, 60400] loss: 0.434447941 
[stage=2, 60500] loss: 0.429762257 
[stage=2, 60600] loss: 0.451377179 
[stage=2, 60700] loss: 0.435361187 
[stage=2, 60800] loss: 0.416428075 
[stage=2, 60900] loss: 0.428578748 
[stage=2, 61000] loss: 0.443366633 
[stage=2, 61100] loss: 0.469205638 
[stage=2, 61200] loss: 0.447743190 
[stage=2, 61300] loss: 0.419623263 
[stage=2, 61400] loss: 0.449251178 
[stage=2, 61500] loss: 0.426675397 
[stage=2, 61600] loss: 0.456845769 
[stage=2, 61700] loss: 0.429542975 
[stage=2, 61800] loss: 0.423713400 
[stage=2, 61900] loss: 0.461907605 
[stage=2, 62000] loss: 0.434381917 
[stage=2, 62100] loss: 0.444899727 
[stage=2, 62200] loss: 0.453012040 
[stage=2, 62300] loss: 0.447047767 
[stage=2, 62400] loss: 0.436768300 
[stage=2, 62500] loss: 0.416440594 
[stage=2, 62600] loss: 0.455457061 
[stage=2, 62700] loss: 0.439742684 
[stage=2, 62800] loss: 0.440792460 
[stage=2, 62900] loss: 0.435586158 
[stage=2, 63000] loss: 0.432635639 
[stage=2, 63100] loss: 0.423290135 
[stage=2, 63200] loss: 0.416788175 
[stage=2, 63300] loss: 0.451928259 
[stage=2, 63400] loss: 0.422418255 
[stage=2, 63500] loss: 0.408481517 
[stage=2, 63600] loss: 0.447345510 
[stage=2, 63700] loss: 0.435375748 
[stage=2, 63800] loss: 0.441982675 
[stage=2, 63900] loss: 0.439808596 
[stage=2, 64000] loss: 0.434177933 
[stage=2, 64100] loss: 0.418301311 
[stage=2, 64200] loss: 0.431718148 
[stage=2, 64300] loss: 0.444845694 
[stage=2, 64400] loss: 0.425223704 
[stage=2, 64500] loss: 0.415508271 
[stage=2, 64600] loss: 0.414540519 
[stage=2, 64700] loss: 0.424010219 
[stage=2, 64800] loss: 0.422917801 
[stage=2, 64900] loss: 0.450063073 
[stage=2, 65000] loss: 0.449600505 
[stage=2, 65100] loss: 0.430162288 
[stage=2, 65200] loss: 0.434868969 
[stage=2, 65300] loss: 0.410243561 
[stage=2, 65400] loss: 0.434572823 
[stage=2, 65500] loss: 0.426979192 
[stage=2, 65600] loss: 0.431852458 
[stage=2, 65700] loss: 0.437048452 
[stage=2, 65800] loss: 0.442873458 
[stage=2, 65900] loss: 0.407749499 
[stage=2, 66000] loss: 0.444173923 
[stage=2, 66100] loss: 0.421224324 
[stage=2, 66200] loss: 0.415292566 
[stage=2, 66300] loss: 0.454649920 
[stage=2, 66400] loss: 0.459248945 
[stage=2, 66500] loss: 0.407966158 
[stage=2, 66600] loss: 0.429443655 
[stage=2, 66700] loss: 0.434089345 
[stage=2, 66800] loss: 0.400256055 
[stage=2, 66900] loss: 0.431486122 
[stage=2, 67000] loss: 0.444015359 
[stage=2, 67100] loss: 0.415359135 
[stage=2, 67200] loss: 0.440574424 
[stage=2, 67300] loss: 0.435315914 
[stage=2, 67400] loss: 0.402396723 
[stage=2, 67500] loss: 0.405512944 
[stage=2, 67600] loss: 0.433326072 
[stage=2, 67700] loss: 0.423554096 
[stage=2, 67800] loss: 0.433078511 
[stage=2, 67900] loss: 0.452750808 
[stage=2, 68000] loss: 0.424440724 
[stage=2, 68100] loss: 0.416275662 
[stage=2, 68200] loss: 0.413935365 
[stage=2, 68300] loss: 0.414925082 
[stage=2, 68400] loss: 0.425823548 
[stage=2, 68500] loss: 0.431001800 
[stage=2, 68600] loss: 0.404504433 
[stage=2, 68700] loss: 0.416348326 
[stage=2, 68800] loss: 0.417152308 
[stage=2, 68900] loss: 0.437960839 
[stage=2, 69000] loss: 0.409033134 
[stage=2, 69100] loss: 0.431037075 
[stage=2, 69200] loss: 0.400466370 
[stage=2, 69300] loss: 0.420469973 
[stage=2, 69400] loss: 0.430309647 
[stage=2, 69500] loss: 0.408884879 
[stage=2, 69600] loss: 0.414781593 
[stage=2, 69700] loss: 0.422165549 
[stage=2, 69800] loss: 0.432746937 
[stage=2, 69900] loss: 0.423041106 
[stage=2, 70000] loss: 0.444617032 
[stage=2, 70100] loss: 0.399353663 
[stage=2, 70200] loss: 0.408706651 
[stage=2, 70300] loss: 0.401825816 
[stage=2, 70400] loss: 0.410891737 
[stage=2, 70500] loss: 0.392623694 
[stage=2, 70600] loss: 0.434852396 
[stage=2, 70700] loss: 0.418866241 
[stage=2, 70800] loss: 0.400217573 
[stage=2, 70900] loss: 0.404738222 
[stage=2, 71000] loss: 0.415333988 
[stage=2, 71100] loss: 0.435766959 
[stage=2, 71200] loss: 0.431683324 
[stage=2, 71300] loss: 0.409195540 
[stage=2, 71400] loss: 0.425314534 
[stage=2, 71500] loss: 0.425392736 
[stage=2, 71600] loss: 0.433072663 
[stage=2, 71700] loss: 0.408839979 
[stage=2, 71800] loss: 0.409104345 
[stage=2, 71900] loss: 0.437802177 
[stage=2, 72000] loss: 0.410153101 
[stage=2, 72100] loss: 0.421372925 
[stage=2, 72200] loss: 0.418595691 
[stage=2, 72300] loss: 0.428597670 
[stage=2, 72400] loss: 0.418691575 
[stage=2, 72500] loss: 0.404723597 
[stage=2, 72600] loss: 0.422606205 
[stage=2, 72700] loss: 0.424892754 
[stage=2, 72800] loss: 0.412702744 
[stage=2, 72900] loss: 0.420123112 
[stage=2, 73000] loss: 0.396158894 
[stage=2, 73100] loss: 0.416772698 
[stage=2, 73200] loss: 0.401031385 
[stage=2, 73300] loss: 0.429200734 
[stage=2, 73400] loss: 0.419844811 
[stage=2, 73500] loss: 0.381691749 
[stage=2, 73600] loss: 0.424280232 
[stage=2, 73700] loss: 0.402695422 
[stage=2, 73800] loss: 0.426666686 
[stage=2, 73900] loss: 0.404946612 
[stage=2, 74000] loss: 0.422486087 
[stage=2, 74100] loss: 0.388834201 
[stage=2, 74200] loss: 0.411897638 
[stage=2, 74300] loss: 0.412454206 
[stage=2, 74400] loss: 0.398841275 
[stage=2, 74500] loss: 0.398188489 
[stage=2, 74600] loss: 0.369498220 
[stage=2, 74700] loss: 0.401544441 
[stage=2, 74800] loss: 0.407764495 
[stage=2, 74900] loss: 0.408631344 
[stage=2, 75000] loss: 0.413488961 
[stage=2, 75100] loss: 0.402353688 
[stage=2, 75200] loss: 0.402772886 
[stage=2, 75300] loss: 0.388193681 
[stage=2, 75400] loss: 0.424684460 
[stage=2, 75500] loss: 0.392626715 
[stage=2, 75600] loss: 0.400351845 
[stage=2, 75700] loss: 0.417814875 
[stage=2, 75800] loss: 0.424774551 
[stage=2, 75900] loss: 0.390251050 
[stage=2, 76000] loss: 0.416853350 
[stage=2, 76100] loss: 0.405374358 
[stage=2, 76200] loss: 0.408017655 
[stage=2, 76300] loss: 0.397807654 
[stage=2, 76400] loss: 0.452436038 
[stage=2, 76500] loss: 0.397611948 
[stage=2, 76600] loss: 0.401581675 
[stage=2, 76700] loss: 0.406688475 
[stage=2, 76800] loss: 0.386266477 
[stage=2, 76900] loss: 0.403368571 
[stage=2, 77000] loss: 0.417160245 
[stage=2, 77100] loss: 0.405650462 
[stage=2, 77200] loss: 0.413056501 
[stage=2, 77300] loss: 0.404658481 
[stage=2, 77400] loss: 0.401119874 
[stage=2, 77500] loss: 0.392337648 
[stage=2, 77600] loss: 0.402876641 
[stage=2, 77700] loss: 0.398002539 
[stage=2, 77800] loss: 0.401628109 
[stage=2, 77900] loss: 0.421908545 
[stage=2, 78000] loss: 0.402517648 
[stage=2, 78100] loss: 0.406434425 
[stage=2, 78200] loss: 0.391820174 
[stage=2, 78300] loss: 0.395309964 
[stage=2, 78400] loss: 0.396104936 
[stage=2, 78500] loss: 0.392542649 
[stage=2, 78600] loss: 0.390792223 
[stage=2, 78700] loss: 0.384392616 
[stage=2, 78800] loss: 0.395667213 
[stage=2, 78900] loss: 0.419473312 
[stage=2, 79000] loss: 0.380498663 
[stage=2, 79100] loss: 0.425756336 
[stage=2, 79200] loss: 0.391369102 
[stage=2, 79300] loss: 0.402505184 
[stage=2, 79400] loss: 0.411981219 
[stage=2, 79500] loss: 0.386761587 
[stage=2, 79600] loss: 0.394132986 
[stage=2, 79700] loss: 0.397775864 
[stage=2, 79800] loss: 0.404344267 
[stage=2, 79900] loss: 0.401893616 
[stage=2, 80000] loss: 0.405566418 
[stage=2, 80100] loss: 0.385693529 
[stage=2, 80200] loss: 0.359564441 
[stage=2, 80300] loss: 0.352256197 
[stage=2, 80400] loss: 0.366490724 
[stage=2, 80500] loss: 0.355664079 
[stage=2, 80600] loss: 0.383137920 
[stage=2, 80700] loss: 0.360796527 
[stage=2, 80800] loss: 0.359055606 
[stage=2, 80900] loss: 0.339715984 
[stage=2, 81000] loss: 0.372146032 
[stage=2, 81100] loss: 0.380049578 
[stage=2, 81200] loss: 0.367430832 
[stage=2, 81300] loss: 0.364322272 
[stage=2, 81400] loss: 0.357014688 
[stage=2, 81500] loss: 0.380182504 
[stage=2, 81600] loss: 0.367424531 
[stage=2, 81700] loss: 0.363312537 
[stage=2, 81800] loss: 0.357450488 
[stage=2, 81900] loss: 0.362443615 
[stage=2, 82000] loss: 0.361610899 
[stage=2, 82100] loss: 0.376718801 
[stage=2, 82200] loss: 0.357695006 
[stage=2, 82300] loss: 0.370766342 
[stage=2, 82400] loss: 0.343476086 
[stage=2, 82500] loss: 0.351950968 
[stage=2, 82600] loss: 0.370389808 
[stage=2, 82700] loss: 0.361171706 
[stage=2, 82800] loss: 0.359762554 
[stage=2, 82900] loss: 0.358991497 
[stage=2, 83000] loss: 0.356067261 
[stage=2, 83100] loss: 0.346384126 
[stage=2, 83200] loss: 0.349686789 
[stage=2, 83300] loss: 0.361671556 
[stage=2, 83400] loss: 0.360931554 
[stage=2, 83500] loss: 0.336607291 
[stage=2, 83600] loss: 0.361799550 
[stage=2, 83700] loss: 0.356678614 
[stage=2, 83800] loss: 0.374292128 
[stage=2, 83900] loss: 0.346804182 
[stage=2, 84000] loss: 0.363430506 
[stage=2, 84100] loss: 0.340019844 
[stage=2, 84200] loss: 0.352631733 
[stage=2, 84300] loss: 0.354947066 
[stage=2, 84400] loss: 0.349552061 
[stage=2, 84500] loss: 0.342826836 
[stage=2, 84600] loss: 0.330297688 
[stage=2, 84700] loss: 0.349092108 
[stage=2, 84800] loss: 0.343426488 
[stage=2, 84900] loss: 0.362031824 
[stage=2, 85000] loss: 0.354255673 
[stage=2, 85100] loss: 0.355943490 
[stage=2, 85200] loss: 0.336970804 
[stage=2, 85300] loss: 0.331124826 
[stage=2, 85400] loss: 0.354889371 
[stage=2, 85500] loss: 0.343383252 
[stage=2, 85600] loss: 0.354851067 
[stage=2, 85700] loss: 0.350251781 
[stage=2, 85800] loss: 0.374191080 
[stage=2, 85900] loss: 0.335565239 
[stage=2, 86000] loss: 0.359569319 
[stage=2, 86100] loss: 0.335009762 
[stage=2, 86200] loss: 0.346467347 
[stage=2, 86300] loss: 0.354498423 
[stage=2, 86400] loss: 0.379419904 
[stage=2, 86500] loss: 0.327567683 
[stage=2, 86600] loss: 0.334109531 
[stage=2, 86700] loss: 0.355420197 
[stage=2, 86800] loss: 0.331449625 
[stage=2, 86900] loss: 0.350686431 
[stage=2, 87000] loss: 0.363162668 
[stage=2, 87100] loss: 0.346136102 
[stage=2, 87200] loss: 0.352866743 
[stage=2, 87300] loss: 0.355081159 
[stage=2, 87400] loss: 0.343946225 
[stage=2, 87500] loss: 0.346364391 
[stage=2, 87600] loss: 0.342765077 
[stage=2, 87700] loss: 0.360221547 
[stage=2, 87800] loss: 0.341593348 
[stage=2, 87900] loss: 0.353144291 
[stage=2, 88000] loss: 0.360600209 
[stage=2, 88100] loss: 0.346028152 
[stage=2, 88200] loss: 0.351172377 
[stage=2, 88300] loss: 0.331975819 
[stage=2, 88400] loss: 0.342905774 
[stage=2, 88500] loss: 0.328083820 
[stage=2, 88600] loss: 0.338154820 
[stage=2, 88700] loss: 0.335320547 
[stage=2, 88800] loss: 0.355583404 
[stage=2, 88900] loss: 0.352268937 
[stage=2, 89000] loss: 0.330399832 
[stage=2, 89100] loss: 0.362739160 
[stage=2, 89200] loss: 0.324409489 
[stage=2, 89300] loss: 0.351110856 
[stage=2, 89400] loss: 0.346279366 
[stage=2, 89500] loss: 0.335683034 
[stage=2, 89600] loss: 0.346073981 
[stage=2, 89700] loss: 0.338473109 
[stage=2, 89800] loss: 0.353776636 
[stage=2, 89900] loss: 0.341503503 
[stage=2, 90000] loss: 0.346802141 
[stage=2, 90100] loss: 0.343104411 
[stage=2, 90200] loss: 0.334185804 
[stage=2, 90300] loss: 0.319672276 
[stage=2, 90400] loss: 0.341555625 
[stage=2, 90500] loss: 0.329318991 
[stage=2, 90600] loss: 0.346390681 
[stage=2, 90700] loss: 0.341215618 
[stage=2, 90800] loss: 0.337687526 
[stage=2, 90900] loss: 0.326470036 
[stage=2, 91000] loss: 0.353734156 
[stage=2, 91100] loss: 0.370511745 
[stage=2, 91200] loss: 0.341523168 
[stage=2, 91300] loss: 0.350507914 
[stage=2, 91400] loss: 0.329370298 
[stage=2, 91500] loss: 0.340299754 
[stage=2, 91600] loss: 0.346439093 
[stage=2, 91700] loss: 0.349942939 
[stage=2, 91800] loss: 0.340361894 
[stage=2, 91900] loss: 0.341737235 
[stage=2, 92000] loss: 0.338713420 
[stage=2, 92100] loss: 0.365953120 
[stage=2, 92200] loss: 0.336007727 
[stage=2, 92300] loss: 0.355049214 
[stage=2, 92400] loss: 0.336079307 
[stage=2, 92500] loss: 0.347086582 
[stage=2, 92600] loss: 0.345345627 
[stage=2, 92700] loss: 0.353721714 
[stage=2, 92800] loss: 0.337417379 
[stage=2, 92900] loss: 0.347310971 
[stage=2, 93000] loss: 0.333599335 
[stage=2, 93100] loss: 0.334642224 
[stage=2, 93200] loss: 0.330181889 
[stage=2, 93300] loss: 0.339918276 
[stage=2, 93400] loss: 0.357506185 
[stage=2, 93500] loss: 0.319407598 
[stage=2, 93600] loss: 0.353436707 
[stage=2, 93700] loss: 0.348776426 
[stage=2, 93800] loss: 0.347645085 
[stage=2, 93900] loss: 0.345458822 
[stage=2, 94000] loss: 0.359414488 
[stage=2, 94100] loss: 0.322328560 
[stage=2, 94200] loss: 0.338015745 
[stage=2, 94300] loss: 0.343876618 
[stage=2, 94400] loss: 0.335309886 
[stage=2, 94500] loss: 0.331679012 
[stage=2, 94600] loss: 0.318731053 
[stage=2, 94700] loss: 0.332370677 
[stage=2, 94800] loss: 0.335999010 
[stage=2, 94900] loss: 0.345717911 
[stage=2, 95000] loss: 0.347292703 
[stage=2, 95100] loss: 0.347404755 
[stage=2, 95200] loss: 0.331171222 
[stage=2, 95300] loss: 0.329077581 
[stage=2, 95400] loss: 0.337934298 
[stage=2, 95500] loss: 0.343388327 
[stage=2, 95600] loss: 0.338252131 
[stage=2, 95700] loss: 0.345674698 
[stage=2, 95800] loss: 0.355733502 
[stage=2, 95900] loss: 0.341190473 
[stage=2, 96000] loss: 0.340574137 
[stage=2, 96100] loss: 0.326434011 
[stage=2, 96200] loss: 0.337495295 
[stage=2, 96300] loss: 0.344890456 
[stage=2, 96400] loss: 0.366436512 
[stage=2, 96500] loss: 0.324271378 
[stage=2, 96600] loss: 0.329844445 
[stage=2, 96700] loss: 0.345722286 
[stage=2, 96800] loss: 0.309683669 
[stage=2, 96900] loss: 0.341815517 
[stage=2, 97000] loss: 0.349699758 
[stage=2, 97100] loss: 0.335919553 
[stage=2, 97200] loss: 0.347335733 
[stage=2, 97300] loss: 0.340572368 
[stage=2, 97400] loss: 0.334490467 
[stage=2, 97500] loss: 0.331401316 
[stage=2, 97600] loss: 0.330914252 
[stage=2, 97700] loss: 0.357680779 
[stage=2, 97800] loss: 0.317092528 
[stage=2, 97900] loss: 0.343988305 
[stage=2, 98000] loss: 0.351120461 
[stage=2, 98100] loss: 0.336522826 
[stage=2, 98200] loss: 0.328467757 
[stage=2, 98300] loss: 0.330563703 
[stage=2, 98400] loss: 0.337440409 
[stage=2, 98500] loss: 0.315171067 
[stage=2, 98600] loss: 0.332018732 
[stage=2, 98700] loss: 0.316797701 
[stage=2, 98800] loss: 0.341728233 
[stage=2, 98900] loss: 0.354685622 
[stage=2, 99000] loss: 0.316909961 
[stage=2, 99100] loss: 0.341452796 
[stage=2, 99200] loss: 0.317973348 
[stage=2, 99300] loss: 0.348567457 
[stage=2, 99400] loss: 0.342739209 
[stage=2, 99500] loss: 0.327048592 
[stage=2, 99600] loss: 0.330533660 
[stage=2, 99700] loss: 0.334198942 
[stage=2, 99800] loss: 0.329075765 
[stage=2, 99900] loss: 0.341214938 
