[stage=2,   100] loss: 0.300428496 
[stage=2,   200] loss: 0.307354615 
[stage=2,   300] loss: 0.301917977 
[stage=2,   400] loss: 0.284160000 
[stage=2,   500] loss: 0.292449499 
[stage=2,   600] loss: 0.277867965 
[stage=2,   700] loss: 0.276468605 
[stage=2,   800] loss: 0.279960360 
[stage=2,   900] loss: 0.267593633 
[stage=2,  1000] loss: 0.288330232 
[stage=2,  1100] loss: 0.271687306 
[stage=2,  1200] loss: 0.271214324 
[stage=2,  1300] loss: 0.276364158 
[stage=2,  1400] loss: 0.274063388 
[stage=2,  1500] loss: 0.267720209 
[stage=2,  1600] loss: 0.270630471 
[stage=2,  1700] loss: 0.270619617 
[stage=2,  1800] loss: 0.281722812 
[stage=2,  1900] loss: 0.277430734 
[stage=2,  2000] loss: 0.267456982 
[stage=2,  2100] loss: 0.273024494 
[stage=2,  2200] loss: 0.263286086 
[stage=2,  2300] loss: 0.260015752 
[stage=2,  2400] loss: 0.271293716 
[stage=2,  2500] loss: 0.274827679 
[stage=2,  2600] loss: 0.263754391 
[stage=2,  2700] loss: 0.274884508 
[stage=2,  2800] loss: 0.269451364 
[stage=2,  2900] loss: 0.282426919 
[stage=2,  3000] loss: 0.261805362 
[stage=2,  3100] loss: 0.275315565 
[stage=2,  3200] loss: 0.279491891 
[stage=2,  3300] loss: 0.266615289 
[stage=2,  3400] loss: 0.264027893 
[stage=2,  3500] loss: 0.275332263 
[stage=2,  3600] loss: 0.277573545 
[stage=2,  3700] loss: 0.269724120 
[stage=2,  3800] loss: 0.272247358 
[stage=2,  3900] loss: 0.264254473 
[stage=2,  4000] loss: 0.275269904 
[stage=2,  4100] loss: 0.266643966 
[stage=2,  4200] loss: 0.264982562 
[stage=2,  4300] loss: 0.259628663 
[stage=2,  4400] loss: 0.281986378 
[stage=2,  4500] loss: 0.269941124 
[stage=2,  4600] loss: 0.265268095 
[stage=2,  4700] loss: 0.267263478 
[stage=2,  4800] loss: 0.269935279 
[stage=2,  4900] loss: 0.270587192 
[stage=2,  5000] loss: 0.273011160 
[stage=2,  5100] loss: 0.254732613 
[stage=2,  5200] loss: 0.259365432 
[stage=2,  5300] loss: 0.270614711 
[stage=2,  5400] loss: 0.258162570 
[stage=2,  5500] loss: 0.276383940 
[stage=2,  5600] loss: 0.274877862 
[stage=2,  5700] loss: 0.265015963 
[stage=2,  5800] loss: 0.273340328 
[stage=2,  5900] loss: 0.262778303 
[stage=2,  6000] loss: 0.277531212 
[stage=2,  6100] loss: 0.269454118 
[stage=2,  6200] loss: 0.261040113 
[stage=2,  6300] loss: 0.268683239 
[stage=2,  6400] loss: 0.267563218 
[stage=2,  6500] loss: 0.259813557 
[stage=2,  6600] loss: 0.264478770 
[stage=2,  6700] loss: 0.267584917 
[stage=2,  6800] loss: 0.272342143 
[stage=2,  6900] loss: 0.271859285 
[stage=2,  7000] loss: 0.265661138 
[stage=2,  7100] loss: 0.267432946 
[stage=2,  7200] loss: 0.265831259 
[stage=2,  7300] loss: 0.253053740 
[stage=2,  7400] loss: 0.266942068 
[stage=2,  7500] loss: 0.268090844 
[stage=2,  7600] loss: 0.256414182 
[stage=2,  7700] loss: 0.272546926 
[stage=2,  7800] loss: 0.262859197 
[stage=2,  7900] loss: 0.276569672 
[stage=2,  8000] loss: 0.257409249 
[stage=2,  8100] loss: 0.266793647 
[stage=2,  8200] loss: 0.276603436 
[stage=2,  8300] loss: 0.258907983 
[stage=2,  8400] loss: 0.259723719 
[stage=2,  8500] loss: 0.266128128 
[stage=2,  8600] loss: 0.273273818 
[stage=2,  8700] loss: 0.262741659 
[stage=2,  8800] loss: 0.266544843 
[stage=2,  8900] loss: 0.262355549 
[stage=2,  9000] loss: 0.269293978 
[stage=2,  9100] loss: 0.267077710 
[stage=2,  9200] loss: 0.262572217 
[stage=2,  9300] loss: 0.258086331 
[stage=2,  9400] loss: 0.273070672 
[stage=2,  9500] loss: 0.263690420 
[stage=2,  9600] loss: 0.259897162 
[stage=2,  9700] loss: 0.264217917 
[stage=2,  9800] loss: 0.263731215 
[stage=2,  9900] loss: 0.263860001 
[stage=2, 10000] loss: 0.266675583 
[stage=2, 10100] loss: 0.259025764 
[stage=2, 10200] loss: 0.253042687 
[stage=2, 10300] loss: 0.265282229 
[stage=2, 10400] loss: 0.253042469 
[stage=2, 10500] loss: 0.273862200 
[stage=2, 10600] loss: 0.267532335 
[stage=2, 10700] loss: 0.264710621 
[stage=2, 10800] loss: 0.264496650 
[stage=2, 10900] loss: 0.259264635 
[stage=2, 11000] loss: 0.269881503 
[stage=2, 11100] loss: 0.268021273 
[stage=2, 11200] loss: 0.254148793 
[stage=2, 11300] loss: 0.262874610 
[stage=2, 11400] loss: 0.264515217 
[stage=2, 11500] loss: 0.260622782 
[stage=2, 11600] loss: 0.260194510 
[stage=2, 11700] loss: 0.259162735 
[stage=2, 11800] loss: 0.271954148 
[stage=2, 11900] loss: 0.262256561 
[stage=2, 12000] loss: 0.261344725 
[stage=2, 12100] loss: 0.257958596 
[stage=2, 12200] loss: 0.262462273 
[stage=2, 12300] loss: 0.251243048 
[stage=2, 12400] loss: 0.258091721 
[stage=2, 12500] loss: 0.265100991 
[stage=2, 12600] loss: 0.258660393 
[stage=2, 12700] loss: 0.264944976 
[stage=2, 12800] loss: 0.263213689 
[stage=2, 12900] loss: 0.268402259 
[stage=2, 13000] loss: 0.254629436 
[stage=2, 13100] loss: 0.263156710 
[stage=2, 13200] loss: 0.271351242 
[stage=2, 13300] loss: 0.256227276 
[stage=2, 13400] loss: 0.256400871 
[stage=2, 13500] loss: 0.260134939 
[stage=2, 13600] loss: 0.267564623 
[stage=2, 13700] loss: 0.260074640 
[stage=2, 13800] loss: 0.263210360 
[stage=2, 13900] loss: 0.254424320 
[stage=2, 14000] loss: 0.264389246 
[stage=2, 14100] loss: 0.261573080 
[stage=2, 14200] loss: 0.260172997 
[stage=2, 14300] loss: 0.253173506 
[stage=2, 14400] loss: 0.269768200 
[stage=2, 14500] loss: 0.260085787 
[stage=2, 14600] loss: 0.258715953 
[stage=2, 14700] loss: 0.264560836 
[stage=2, 14800] loss: 0.257235344 
[stage=2, 14900] loss: 0.258864771 
[stage=2, 15000] loss: 0.262449396 
[stage=2, 15100] loss: 0.253473648 
[stage=2, 15200] loss: 0.251674260 
[stage=2, 15300] loss: 0.257793182 
[stage=2, 15400] loss: 0.246614119 
[stage=2, 15500] loss: 0.265006830 
[stage=2, 15600] loss: 0.267434269 
[stage=2, 15700] loss: 0.255319054 
[stage=2, 15800] loss: 0.268529418 
[stage=2, 15900] loss: 0.253487463 
[stage=2, 16000] loss: 0.267644078 
[stage=2, 16100] loss: 0.261967992 
[stage=2, 16200] loss: 0.253060670 
[stage=2, 16300] loss: 0.260564644 
[stage=2, 16400] loss: 0.262696522 
[stage=2, 16500] loss: 0.257530519 
[stage=2, 16600] loss: 0.259204741 
[stage=2, 16700] loss: 0.254196857 
[stage=2, 16800] loss: 0.263697913 
[stage=2, 16900] loss: 0.260906290 
[stage=2, 17000] loss: 0.258496901 
[stage=2, 17100] loss: 0.258045044 
[stage=2, 17200] loss: 0.252266725 
[stage=2, 17300] loss: 0.251670706 
[stage=2, 17400] loss: 0.250296149 
[stage=2, 17500] loss: 0.259420551 
[stage=2, 17600] loss: 0.254130933 
[stage=2, 17700] loss: 0.265461236 
[stage=2, 17800] loss: 0.253907838 
[stage=2, 17900] loss: 0.265532179 
[stage=2, 18000] loss: 0.254858437 
[stage=2, 18100] loss: 0.253824599 
[stage=2, 18200] loss: 0.272016086 
[stage=2, 18300] loss: 0.250767887 
[stage=2, 18400] loss: 0.254847447 
[stage=2, 18500] loss: 0.254645017 
[stage=2, 18600] loss: 0.262116397 
[stage=2, 18700] loss: 0.259422151 
[stage=2, 18800] loss: 0.257810302 
[stage=2, 18900] loss: 0.252943981 
[stage=2, 19000] loss: 0.263164991 
[stage=2, 19100] loss: 0.258076760 
[stage=2, 19200] loss: 0.255732557 
[stage=2, 19300] loss: 0.251320386 
[stage=2, 19400] loss: 0.262061418 
[stage=2, 19500] loss: 0.255472775 
[stage=2, 19600] loss: 0.251850554 
[stage=2, 19700] loss: 0.260471642 
[stage=2, 19800] loss: 0.254022030 
[stage=2, 19900] loss: 0.260755261 
[stage=2, 20000] loss: 0.254511436 
[stage=2, 20100] loss: 0.248215509 
[stage=2, 20200] loss: 0.244248361 
[stage=2, 20300] loss: 0.257628843 
[stage=2, 20400] loss: 0.241975368 
[stage=2, 20500] loss: 0.261221812 
[stage=2, 20600] loss: 0.263619617 
[stage=2, 20700] loss: 0.250476323 
[stage=2, 20800] loss: 0.263634886 
[stage=2, 20900] loss: 0.249670465 
[stage=2, 21000] loss: 0.266238536 
[stage=2, 21100] loss: 0.255284300 
[stage=2, 21200] loss: 0.248841116 
[stage=2, 21300] loss: 0.254949637 
[stage=2, 21400] loss: 0.257080641 
[stage=2, 21500] loss: 0.255127960 
[stage=2, 21600] loss: 0.250626300 
[stage=2, 21700] loss: 0.257862236 
[stage=2, 21800] loss: 0.261241405 
[stage=2, 21900] loss: 0.257256280 
[stage=2, 22000] loss: 0.257999844 
[stage=2, 22100] loss: 0.253228056 
[stage=2, 22200] loss: 0.250690798 
[stage=2, 22300] loss: 0.244020933 
[stage=2, 22400] loss: 0.249620972 
[stage=2, 22500] loss: 0.259326115 
[stage=2, 22600] loss: 0.245631240 
[stage=2, 22700] loss: 0.254654040 
[stage=2, 22800] loss: 0.253901066 
[stage=2, 22900] loss: 0.264998713 
[stage=2, 23000] loss: 0.248701681 
[stage=2, 23100] loss: 0.248203854 
[stage=2, 23200] loss: 0.269280592 
[stage=2, 23300] loss: 0.251563378 
[stage=2, 23400] loss: 0.249429874 
[stage=2, 23500] loss: 0.257144035 
[stage=2, 23600] loss: 0.256536198 
[stage=2, 23700] loss: 0.255900808 
[stage=2, 23800] loss: 0.257677398 
[stage=2, 23900] loss: 0.248166991 
[stage=2, 24000] loss: 0.261345992 
[stage=2, 24100] loss: 0.254398906 
