[stage=2,   100] loss: 0.434219125 
[stage=2,   200] loss: 0.411122721 
[stage=2,   300] loss: 0.418733130 
[stage=2,   400] loss: 0.407248802 
[stage=2,   500] loss: 0.404456206 
[stage=2,   600] loss: 0.401835702 
[stage=2,   700] loss: 0.390885670 
[stage=2,   800] loss: 0.365189525 
[stage=2,   900] loss: 0.380341705 
[stage=2,  1000] loss: 0.391967861 
[stage=2,  1100] loss: 0.378346567 
[stage=2,  1200] loss: 0.365296178 
[stage=2,  1300] loss: 0.353316048 
[stage=2,  1400] loss: 0.387141711 
[stage=2,  1500] loss: 0.366865389 
[stage=2,  1600] loss: 0.369008453 
[stage=2,  1700] loss: 0.360084541 
[stage=2,  1800] loss: 0.361773094 
[stage=2,  1900] loss: 0.373094436 
[stage=2,  2000] loss: 0.392712002 
[stage=2,  2100] loss: 0.362640890 
[stage=2,  2200] loss: 0.375385018 
[stage=2,  2300] loss: 0.351747935 
[stage=2,  2400] loss: 0.374055211 
[stage=2,  2500] loss: 0.374027913 
[stage=2,  2600] loss: 0.366477948 
[stage=2,  2700] loss: 0.375632550 
[stage=2,  2800] loss: 0.375623714 
[stage=2,  2900] loss: 0.364183050 
[stage=2,  3000] loss: 0.353612536 
[stage=2,  3100] loss: 0.359626150 
[stage=2,  3200] loss: 0.365228246 
[stage=2,  3300] loss: 0.380711575 
[stage=2,  3400] loss: 0.342072045 
[stage=2,  3500] loss: 0.373625480 
[stage=2,  3600] loss: 0.380460974 
[stage=2,  3700] loss: 0.379394913 
[stage=2,  3800] loss: 0.373978325 
[stage=2,  3900] loss: 0.381498653 
[stage=2,  4000] loss: 0.344685397 
[stage=2,  4100] loss: 0.367962847 
[stage=2,  4200] loss: 0.381697382 
[stage=2,  4300] loss: 0.358149885 
[stage=2,  4400] loss: 0.357118015 
[stage=2,  4500] loss: 0.340958087 
[stage=2,  4600] loss: 0.359657705 
[stage=2,  4700] loss: 0.358318706 
[stage=2,  4800] loss: 0.377793921 
[stage=2,  4900] loss: 0.368152663 
[stage=2,  5000] loss: 0.381366160 
[stage=2,  5100] loss: 0.351016531 
[stage=2,  5200] loss: 0.351051850 
[stage=2,  5300] loss: 0.373356407 
[stage=2,  5400] loss: 0.371297641 
[stage=2,  5500] loss: 0.354739711 
[stage=2,  5600] loss: 0.366809659 
[stage=2,  5700] loss: 0.377857415 
[stage=2,  5800] loss: 0.377335308 
[stage=2,  5900] loss: 0.372481914 
[stage=2,  6000] loss: 0.341383943 
[stage=2,  6100] loss: 0.360340658 
[stage=2,  6200] loss: 0.362467860 
[stage=2,  6300] loss: 0.391127281 
[stage=2,  6400] loss: 0.363079816 
[stage=2,  6500] loss: 0.353112005 
[stage=2,  6600] loss: 0.372596797 
[stage=2,  6700] loss: 0.350616796 
[stage=2,  6800] loss: 0.368317577 
[stage=2,  6900] loss: 0.366189617 
[stage=2,  7000] loss: 0.363691812 
[stage=2,  7100] loss: 0.371789933 
[stage=2,  7200] loss: 0.372453947 
[stage=2,  7300] loss: 0.355992654 
[stage=2,  7400] loss: 0.357485364 
[stage=2,  7500] loss: 0.345521236 
[stage=2,  7600] loss: 0.388861833 
[stage=2,  7700] loss: 0.353051802 
[stage=2,  7800] loss: 0.363568179 
[stage=2,  7900] loss: 0.380847049 
[stage=2,  8000] loss: 0.361014761 
[stage=2,  8100] loss: 0.359902903 
[stage=2,  8200] loss: 0.358698629 
[stage=2,  8300] loss: 0.364346705 
[stage=2,  8400] loss: 0.352848390 
[stage=2,  8500] loss: 0.350679123 
[stage=2,  8600] loss: 0.349306651 
[stage=2,  8700] loss: 0.366807688 
[stage=2,  8800] loss: 0.380079710 
[stage=2,  8900] loss: 0.350601947 
[stage=2,  9000] loss: 0.373736283 
[stage=2,  9100] loss: 0.343228453 
[stage=2,  9200] loss: 0.362979359 
[stage=2,  9300] loss: 0.371202914 
[stage=2,  9400] loss: 0.355613814 
[stage=2,  9500] loss: 0.356122960 
[stage=2,  9600] loss: 0.356889529 
[stage=2,  9700] loss: 0.354887616 
[stage=2,  9800] loss: 0.367544505 
[stage=2,  9900] loss: 0.368964728 
[stage=2, 10000] loss: 0.359310841 
[stage=2, 10100] loss: 0.347634907 
[stage=2, 10200] loss: 0.344319854 
[stage=2, 10300] loss: 0.347757718 
[stage=2, 10400] loss: 0.346703838 
[stage=2, 10500] loss: 0.361944631 
[stage=2, 10600] loss: 0.364469047 
[stage=2, 10700] loss: 0.360440376 
[stage=2, 10800] loss: 0.335036571 
[stage=2, 10900] loss: 0.362066645 
[stage=2, 11000] loss: 0.372612530 
[stage=2, 11100] loss: 0.367909748 
[stage=2, 11200] loss: 0.361123661 
[stage=2, 11300] loss: 0.347154820 
[stage=2, 11400] loss: 0.359413002 
[stage=2, 11500] loss: 0.347639146 
[stage=2, 11600] loss: 0.370939452 
[stage=2, 11700] loss: 0.353710663 
[stage=2, 11800] loss: 0.355848019 
[stage=2, 11900] loss: 0.364077658 
[stage=2, 12000] loss: 0.373182094 
[stage=2, 12100] loss: 0.365663223 
[stage=2, 12200] loss: 0.360108826 
[stage=2, 12300] loss: 0.340580872 
[stage=2, 12400] loss: 0.363012079 
[stage=2, 12500] loss: 0.360824039 
[stage=2, 12600] loss: 0.356285425 
[stage=2, 12700] loss: 0.361110205 
[stage=2, 12800] loss: 0.360961731 
[stage=2, 12900] loss: 0.342522480 
[stage=2, 13000] loss: 0.346287598 
[stage=2, 13100] loss: 0.352648929 
[stage=2, 13200] loss: 0.352820655 
[stage=2, 13300] loss: 0.372171756 
[stage=2, 13400] loss: 0.341321994 
[stage=2, 13500] loss: 0.345587945 
[stage=2, 13600] loss: 0.357394349 
[stage=2, 13700] loss: 0.359651544 
[stage=2, 13800] loss: 0.365274131 
[stage=2, 13900] loss: 0.364773450 
[stage=2, 14000] loss: 0.346298132 
[stage=2, 14100] loss: 0.346466068 
[stage=2, 14200] loss: 0.348883674 
[stage=2, 14300] loss: 0.352789458 
[stage=2, 14400] loss: 0.354633676 
[stage=2, 14500] loss: 0.327484383 
[stage=2, 14600] loss: 0.343868517 
[stage=2, 14700] loss: 0.336443063 
[stage=2, 14800] loss: 0.372193376 
[stage=2, 14900] loss: 0.350560541 
[stage=2, 15000] loss: 0.359902853 
[stage=2, 15100] loss: 0.336849609 
[stage=2, 15200] loss: 0.334154827 
[stage=2, 15300] loss: 0.364335478 
[stage=2, 15400] loss: 0.357493288 
[stage=2, 15500] loss: 0.341282404 
[stage=2, 15600] loss: 0.349625083 
[stage=2, 15700] loss: 0.363297021 
[stage=2, 15800] loss: 0.359714823 
[stage=2, 15900] loss: 0.353581590 
[stage=2, 16000] loss: 0.341928815 
[stage=2, 16100] loss: 0.355555353 
[stage=2, 16200] loss: 0.346331327 
[stage=2, 16300] loss: 0.382099588 
[stage=2, 16400] loss: 0.346080717 
[stage=2, 16500] loss: 0.336584832 
[stage=2, 16600] loss: 0.352141206 
[stage=2, 16700] loss: 0.330148514 
[stage=2, 16800] loss: 0.365784110 
[stage=2, 16900] loss: 0.351629446 
[stage=2, 17000] loss: 0.362171367 
[stage=2, 17100] loss: 0.351747912 
[stage=2, 17200] loss: 0.363614013 
[stage=2, 17300] loss: 0.353936410 
[stage=2, 17400] loss: 0.347666225 
[stage=2, 17500] loss: 0.339616783 
[stage=2, 17600] loss: 0.359530034 
[stage=2, 17700] loss: 0.349121028 
[stage=2, 17800] loss: 0.351351099 
[stage=2, 17900] loss: 0.374358016 
[stage=2, 18000] loss: 0.354675481 
[stage=2, 18100] loss: 0.347000016 
[stage=2, 18200] loss: 0.349474691 
[stage=2, 18300] loss: 0.347972993 
[stage=2, 18400] loss: 0.347789514 
[stage=2, 18500] loss: 0.333596019 
[stage=2, 18600] loss: 0.336877369 
[stage=2, 18700] loss: 0.357935223 
[stage=2, 18800] loss: 0.354278494 
[stage=2, 18900] loss: 0.345659624 
[stage=2, 19000] loss: 0.347121588 
[stage=2, 19100] loss: 0.341741000 
[stage=2, 19200] loss: 0.335605654 
[stage=2, 19300] loss: 0.373394016 
[stage=2, 19400] loss: 0.329344077 
[stage=2, 19500] loss: 0.347537405 
[stage=2, 19600] loss: 0.349938508 
[stage=2, 19700] loss: 0.345737888 
[stage=2, 19800] loss: 0.360332164 
[stage=2, 19900] loss: 0.357649404 
[stage=2, 20000] loss: 0.332727013 
[stage=2, 20100] loss: 0.329479834 
[stage=2, 20200] loss: 0.341391013 
[stage=2, 20300] loss: 0.335492202 
[stage=2, 20400] loss: 0.328997208 
[stage=2, 20500] loss: 0.341461207 
[stage=2, 20600] loss: 0.349032497 
[stage=2, 20700] loss: 0.333685190 
[stage=2, 20800] loss: 0.324529882 
[stage=2, 20900] loss: 0.355139924 
[stage=2, 21000] loss: 0.358530064 
[stage=2, 21100] loss: 0.345427854 
[stage=2, 21200] loss: 0.346511399 
[stage=2, 21300] loss: 0.330971172 
[stage=2, 21400] loss: 0.364280255 
[stage=2, 21500] loss: 0.343359134 
[stage=2, 21600] loss: 0.354411578 
[stage=2, 21700] loss: 0.341872615 
[stage=2, 21800] loss: 0.341812460 
[stage=2, 21900] loss: 0.352201301 
[stage=2, 22000] loss: 0.357828468 
[stage=2, 22100] loss: 0.352165319 
[stage=2, 22200] loss: 0.349233561 
[stage=2, 22300] loss: 0.334004579 
[stage=2, 22400] loss: 0.343758380 
[stage=2, 22500] loss: 0.343781699 
[stage=2, 22600] loss: 0.354970240 
[stage=2, 22700] loss: 0.341521297 
[stage=2, 22800] loss: 0.351335191 
[stage=2, 22900] loss: 0.338392252 
[stage=2, 23000] loss: 0.334823596 
[stage=2, 23100] loss: 0.332087944 
[stage=2, 23200] loss: 0.346684842 
[stage=2, 23300] loss: 0.348777384 
[stage=2, 23400] loss: 0.328659961 
[stage=2, 23500] loss: 0.341523618 
[stage=2, 23600] loss: 0.364072205 
[stage=2, 23700] loss: 0.333451571 
[stage=2, 23800] loss: 0.356891909 
[stage=2, 23900] loss: 0.353781746 
[stage=2, 24000] loss: 0.332407661 
[stage=2, 24100] loss: 0.342505971 
[stage=2, 24200] loss: 0.331093708 
[stage=2, 24300] loss: 0.341551256 
[stage=2, 24400] loss: 0.340845482 
[stage=2, 24500] loss: 0.334496769 
[stage=2, 24600] loss: 0.334706135 
[stage=2, 24700] loss: 0.319356916 
[stage=2, 24800] loss: 0.357273726 
[stage=2, 24900] loss: 0.347132761 
[stage=2, 25000] loss: 0.350415936 
[stage=2, 25100] loss: 0.329916673 
[stage=2, 25200] loss: 0.340137729 
[stage=2, 25300] loss: 0.341256593 
[stage=2, 25400] loss: 0.344046634 
[stage=2, 25500] loss: 0.344576534 
[stage=2, 25600] loss: 0.342103106 
[stage=2, 25700] loss: 0.332170771 
[stage=2, 25800] loss: 0.365813353 
[stage=2, 25900] loss: 0.329552490 
[stage=2, 26000] loss: 0.331446933 
[stage=2, 26100] loss: 0.342473720 
[stage=2, 26200] loss: 0.336941676 
[stage=2, 26300] loss: 0.364738787 
[stage=2, 26400] loss: 0.348948489 
[stage=2, 26500] loss: 0.331217996 
[stage=2, 26600] loss: 0.339692836 
[stage=2, 26700] loss: 0.324385170 
[stage=2, 26800] loss: 0.349388991 
[stage=2, 26900] loss: 0.343998697 
[stage=2, 27000] loss: 0.337124318 
[stage=2, 27100] loss: 0.347804922 
[stage=2, 27200] loss: 0.350255499 
[stage=2, 27300] loss: 0.328986179 
[stage=2, 27400] loss: 0.338894535 
[stage=2, 27500] loss: 0.328393852 
[stage=2, 27600] loss: 0.358294265 
[stage=2, 27700] loss: 0.324332921 
[stage=2, 27800] loss: 0.337396756 
[stage=2, 27900] loss: 0.350575053 
[stage=2, 28000] loss: 0.334602446 
[stage=2, 28100] loss: 0.334017341 
[stage=2, 28200] loss: 0.335023088 
[stage=2, 28300] loss: 0.334515557 
[stage=2, 28400] loss: 0.338371769 
[stage=2, 28500] loss: 0.322708445 
[stage=2, 28600] loss: 0.331578446 
[stage=2, 28700] loss: 0.342817567 
[stage=2, 28800] loss: 0.353686856 
[stage=2, 28900] loss: 0.338562489 
[stage=2, 29000] loss: 0.335282939 
[stage=2, 29100] loss: 0.340991991 
[stage=2, 29200] loss: 0.319957317 
[stage=2, 29300] loss: 0.358134035 
[stage=2, 29400] loss: 0.330519543 
[stage=2, 29500] loss: 0.337245328 
[stage=2, 29600] loss: 0.329403962 
[stage=2, 29700] loss: 0.332222880 
[stage=2, 29800] loss: 0.337452809 
[stage=2, 29900] loss: 0.334022617 
[stage=2, 30000] loss: 0.335806302 
[stage=2, 30100] loss: 0.332282657 
[stage=2, 30200] loss: 0.328488350 
[stage=2, 30300] loss: 0.320433099 
[stage=2, 30400] loss: 0.321348307 
[stage=2, 30500] loss: 0.321784313 
[stage=2, 30600] loss: 0.336837425 
[stage=2, 30700] loss: 0.323605615 
[stage=2, 30800] loss: 0.313057913 
[stage=2, 30900] loss: 0.333696295 
[stage=2, 31000] loss: 0.342076192 
[stage=2, 31100] loss: 0.347068699 
[stage=2, 31200] loss: 0.342522159 
[stage=2, 31300] loss: 0.312903715 
[stage=2, 31400] loss: 0.348264520 
[stage=2, 31500] loss: 0.327158752 
[stage=2, 31600] loss: 0.349664840 
[stage=2, 31700] loss: 0.332076202 
[stage=2, 31800] loss: 0.331342625 
[stage=2, 31900] loss: 0.338710052 
[stage=2, 32000] loss: 0.344835400 
[stage=2, 32100] loss: 0.342509179 
[stage=2, 32200] loss: 0.337171982 
[stage=2, 32300] loss: 0.326535826 
[stage=2, 32400] loss: 0.332132156 
[stage=2, 32500] loss: 0.336151143 
[stage=2, 32600] loss: 0.335944598 
[stage=2, 32700] loss: 0.332337286 
[stage=2, 32800] loss: 0.348708457 
[stage=2, 32900] loss: 0.338821853 
[stage=2, 33000] loss: 0.323565531 
[stage=2, 33100] loss: 0.332102194 
[stage=2, 33200] loss: 0.341242189 
[stage=2, 33300] loss: 0.340792482 
[stage=2, 33400] loss: 0.323381130 
[stage=2, 33500] loss: 0.314311147 
[stage=2, 33600] loss: 0.357035827 
[stage=2, 33700] loss: 0.333224102 
[stage=2, 33800] loss: 0.333855135 
[stage=2, 33900] loss: 0.345674386 
[stage=2, 34000] loss: 0.317275984 
[stage=2, 34100] loss: 0.342353205 
[stage=2, 34200] loss: 0.329980950 
[stage=2, 34300] loss: 0.322824329 
[stage=2, 34400] loss: 0.331993623 
[stage=2, 34500] loss: 0.333520268 
[stage=2, 34600] loss: 0.319894515 
[stage=2, 34700] loss: 0.314425014 
[stage=2, 34800] loss: 0.336545576 
[stage=2, 34900] loss: 0.345953233 
[stage=2, 35000] loss: 0.330501614 
[stage=2, 35100] loss: 0.321726468 
[stage=2, 35200] loss: 0.313027707 
[stage=2, 35300] loss: 0.335063550 
[stage=2, 35400] loss: 0.337838809 
[stage=2, 35500] loss: 0.314753700 
[stage=2, 35600] loss: 0.325264676 
[stage=2, 35700] loss: 0.327822336 
[stage=2, 35800] loss: 0.356329685 
[stage=2, 35900] loss: 0.324633863 
[stage=2, 36000] loss: 0.336359479 
[stage=2, 36100] loss: 0.331018046 
[stage=2, 36200] loss: 0.324366877 
[stage=2, 36300] loss: 0.350402105 
[stage=2, 36400] loss: 0.336572758 
[stage=2, 36500] loss: 0.313087602 
[stage=2, 36600] loss: 0.335202092 
[stage=2, 36700] loss: 0.327554151 
[stage=2, 36800] loss: 0.332184595 
[stage=2, 36900] loss: 0.324891153 
[stage=2, 37000] loss: 0.327799285 
[stage=2, 37100] loss: 0.336274787 
[stage=2, 37200] loss: 0.338483176 
[stage=2, 37300] loss: 0.326853935 
[stage=2, 37400] loss: 0.330036733 
[stage=2, 37500] loss: 0.312903664 
[stage=2, 37600] loss: 0.337748571 
[stage=2, 37700] loss: 0.324646576 
[stage=2, 37800] loss: 0.329521989 
[stage=2, 37900] loss: 0.355820007 
[stage=2, 38000] loss: 0.339103092 
[stage=2, 38100] loss: 0.323436759 
[stage=2, 38200] loss: 0.328262355 
[stage=2, 38300] loss: 0.321880561 
[stage=2, 38400] loss: 0.331884244 
[stage=2, 38500] loss: 0.328000507 
[stage=2, 38600] loss: 0.324562191 
[stage=2, 38700] loss: 0.333464773 
[stage=2, 38800] loss: 0.330330180 
[stage=2, 38900] loss: 0.332052303 
[stage=2, 39000] loss: 0.318409545 
[stage=2, 39100] loss: 0.334047811 
[stage=2, 39200] loss: 0.313932969 
[stage=2, 39300] loss: 0.333766443 
[stage=2, 39400] loss: 0.337609335 
[stage=2, 39500] loss: 0.325655987 
[stage=2, 39600] loss: 0.320513740 
[stage=2, 39700] loss: 0.326927763 
[stage=2, 39800] loss: 0.336930456 
[stage=2, 39900] loss: 0.321243661 
[stage=2, 40000] loss: 0.328873288 
[stage=2, 40100] loss: 0.312311926 
[stage=2, 40200] loss: 0.312042278 
[stage=2, 40300] loss: 0.305280965 
[stage=2, 40400] loss: 0.314721773 
[stage=2, 40500] loss: 0.327955841 
[stage=2, 40600] loss: 0.333242637 
[stage=2, 40700] loss: 0.315291135 
[stage=2, 40800] loss: 0.308835595 
[stage=2, 40900] loss: 0.317398896 
[stage=2, 41000] loss: 0.343644543 
[stage=2, 41100] loss: 0.340768681 
[stage=2, 41200] loss: 0.326479374 
[stage=2, 41300] loss: 0.298176288 
[stage=2, 41400] loss: 0.337961202 
[stage=2, 41500] loss: 0.329362538 
[stage=2, 41600] loss: 0.338223270 
[stage=2, 41700] loss: 0.320737992 
[stage=2, 41800] loss: 0.316090944 
[stage=2, 41900] loss: 0.346111176 
[stage=2, 42000] loss: 0.337225004 
[stage=2, 42100] loss: 0.327393034 
[stage=2, 42200] loss: 0.314461384 
[stage=2, 42300] loss: 0.325161482 
[stage=2, 42400] loss: 0.322251137 
[stage=2, 42500] loss: 0.324404819 
[stage=2, 42600] loss: 0.323317627 
[stage=2, 42700] loss: 0.323796441 
[stage=2, 42800] loss: 0.331219885 
[stage=2, 42900] loss: 0.322597363 
[stage=2, 43000] loss: 0.319886038 
[stage=2, 43100] loss: 0.309891662 
[stage=2, 43200] loss: 0.322193147 
[stage=2, 43300] loss: 0.335877609 
[stage=2, 43400] loss: 0.317523595 
[stage=2, 43500] loss: 0.302510491 
[stage=2, 43600] loss: 0.348659348 
[stage=2, 43700] loss: 0.329731246 
[stage=2, 43800] loss: 0.333373489 
[stage=2, 43900] loss: 0.332587908 
[stage=2, 44000] loss: 0.310007157 
[stage=2, 44100] loss: 0.315656386 
[stage=2, 44200] loss: 0.321999799 
[stage=2, 44300] loss: 0.319499543 
[stage=2, 44400] loss: 0.318892881 
[stage=2, 44500] loss: 0.312412355 
[stage=2, 44600] loss: 0.297947235 
[stage=2, 44700] loss: 0.310601391 
[stage=2, 44800] loss: 0.324150306 
[stage=2, 44900] loss: 0.339456467 
[stage=2, 45000] loss: 0.325093153 
[stage=2, 45100] loss: 0.319295788 
[stage=2, 45200] loss: 0.302189964 
[stage=2, 45300] loss: 0.316329305 
[stage=2, 45400] loss: 0.320535615 
[stage=2, 45500] loss: 0.319195702 
[stage=2, 45600] loss: 0.316999204 
[stage=2, 45700] loss: 0.323436269 
[stage=2, 45800] loss: 0.359845699 
[stage=2, 45900] loss: 0.312592600 
[stage=2, 46000] loss: 0.314145441 
[stage=2, 46100] loss: 0.323303236 
[stage=2, 46200] loss: 0.308373540 
[stage=2, 46300] loss: 0.355705879 
[stage=2, 46400] loss: 0.328112814 
[stage=2, 46500] loss: 0.313448348 
[stage=2, 46600] loss: 0.316954933 
[stage=2, 46700] loss: 0.323252506 
[stage=2, 46800] loss: 0.313863520 
[stage=2, 46900] loss: 0.324436909 
[stage=2, 47000] loss: 0.327230893 
[stage=2, 47100] loss: 0.330732807 
[stage=2, 47200] loss: 0.321024283 
[stage=2, 47300] loss: 0.323217636 
[stage=2, 47400] loss: 0.320336728 
[stage=2, 47500] loss: 0.314328809 
[stage=2, 47600] loss: 0.326639942 
[stage=2, 47700] loss: 0.335137468 
[stage=2, 47800] loss: 0.305500240 
[stage=2, 47900] loss: 0.351674298 
[stage=2, 48000] loss: 0.333609457 
[stage=2, 48100] loss: 0.314024270 
[stage=2, 48200] loss: 0.323291892 
[stage=2, 48300] loss: 0.312797846 
[stage=2, 48400] loss: 0.322746638 
[stage=2, 48500] loss: 0.307204505 
[stage=2, 48600] loss: 0.316737553 
[stage=2, 48700] loss: 0.317858115 
[stage=2, 48800] loss: 0.325774085 
[stage=2, 48900] loss: 0.333042022 
[stage=2, 49000] loss: 0.306496970 
[stage=2, 49100] loss: 0.327940619 
[stage=2, 49200] loss: 0.310677240 
[stage=2, 49300] loss: 0.323445980 
[stage=2, 49400] loss: 0.331669672 
[stage=2, 49500] loss: 0.313532307 
[stage=2, 49600] loss: 0.318830374 
[stage=2, 49700] loss: 0.314908315 
[stage=2, 49800] loss: 0.328762503 
[stage=2, 49900] loss: 0.310683479 
[stage=2, 50000] loss: 0.331003092 
[stage=2, 50100] loss: 0.304572528 
[stage=2, 50200] loss: 0.310401222 
[stage=2, 50300] loss: 0.307398049 
[stage=2, 50400] loss: 0.313714709 
[stage=2, 50500] loss: 0.311489428 
[stage=2, 50600] loss: 0.323349319 
[stage=2, 50700] loss: 0.313295894 
[stage=2, 50800] loss: 0.296232508 
[stage=2, 50900] loss: 0.308313841 
[stage=2, 51000] loss: 0.330264714 
[stage=2, 51100] loss: 0.329692560 
[stage=2, 51200] loss: 0.319674744 
[stage=2, 51300] loss: 0.299162941 
[stage=2, 51400] loss: 0.329683388 
[stage=2, 51500] loss: 0.320015056 
[stage=2, 51600] loss: 0.330017947 
[stage=2, 51700] loss: 0.315901498 
[stage=2, 51800] loss: 0.300583058 
[stage=2, 51900] loss: 0.337020941 
[stage=2, 52000] loss: 0.321471020 
[stage=2, 52100] loss: 0.314943042 
[stage=2, 52200] loss: 0.312907669 
[stage=2, 52300] loss: 0.313598015 
[stage=2, 52400] loss: 0.319434305 
[stage=2, 52500] loss: 0.315518283 
[stage=2, 52600] loss: 0.325768329 
[stage=2, 52700] loss: 0.315595162 
[stage=2, 52800] loss: 0.318675943 
[stage=2, 52900] loss: 0.308483148 
[stage=2, 53000] loss: 0.313933346 
[stage=2, 53100] loss: 0.300513185 
[stage=2, 53200] loss: 0.314361884 
[stage=2, 53300] loss: 0.327747645 
[stage=2, 53400] loss: 0.297433631 
[stage=2, 53500] loss: 0.296353860 
[stage=2, 53600] loss: 0.334773842 
[stage=2, 53700] loss: 0.317496159 
[stage=2, 53800] loss: 0.320234015 
[stage=2, 53900] loss: 0.326258326 
[stage=2, 54000] loss: 0.310198288 
[stage=2, 54100] loss: 0.302211870 
[stage=2, 54200] loss: 0.316493707 
[stage=2, 54300] loss: 0.321811399 
[stage=2, 54400] loss: 0.309484439 
[stage=2, 54500] loss: 0.303975696 
[stage=2, 54600] loss: 0.294881665 
[stage=2, 54700] loss: 0.310786213 
[stage=2, 54800] loss: 0.309622215 
[stage=2, 54900] loss: 0.335079121 
[stage=2, 55000] loss: 0.317096160 
[stage=2, 55100] loss: 0.317556372 
[stage=2, 55200] loss: 0.300172663 
[stage=2, 55300] loss: 0.314060135 
[stage=2, 55400] loss: 0.309408050 
[stage=2, 55500] loss: 0.305962020 
[stage=2, 55600] loss: 0.312573169 
[stage=2, 55700] loss: 0.320050727 
[stage=2, 55800] loss: 0.353343169 
[stage=2, 55900] loss: 0.302112646 
[stage=2, 56000] loss: 0.292182325 
[stage=2, 56100] loss: 0.317783363 
[stage=2, 56200] loss: 0.296567115 
[stage=2, 56300] loss: 0.347881233 
[stage=2, 56400] loss: 0.314435733 
[stage=2, 56500] loss: 0.298999263 
[stage=2, 56600] loss: 0.315152440 
[stage=2, 56700] loss: 0.318599011 
[stage=2, 56800] loss: 0.301209298 
[stage=2, 56900] loss: 0.315616245 
[stage=2, 57000] loss: 0.320821420 
[stage=2, 57100] loss: 0.313826574 
[stage=2, 57200] loss: 0.320971175 
[stage=2, 57300] loss: 0.311955336 
[stage=2, 57400] loss: 0.312407129 
[stage=2, 57500] loss: 0.308038809 
[stage=2, 57600] loss: 0.313507406 
[stage=2, 57700] loss: 0.314427643 
[stage=2, 57800] loss: 0.302460469 
[stage=2, 57900] loss: 0.337541143 
[stage=2, 58000] loss: 0.321186167 
[stage=2, 58100] loss: 0.307872670 
[stage=2, 58200] loss: 0.308183151 
[stage=2, 58300] loss: 0.303670967 
[stage=2, 58400] loss: 0.309603944 
[stage=2, 58500] loss: 0.305608919 
[stage=2, 58600] loss: 0.304213539 
[stage=2, 58700] loss: 0.310385834 
[stage=2, 58800] loss: 0.320795470 
[stage=2, 58900] loss: 0.325652992 
[stage=2, 59000] loss: 0.290303739 
[stage=2, 59100] loss: 0.320958533 
[stage=2, 59200] loss: 0.304425408 
[stage=2, 59300] loss: 0.313963221 
[stage=2, 59400] loss: 0.316608386 
[stage=2, 59500] loss: 0.310037777 
[stage=2, 59600] loss: 0.315060788 
[stage=2, 59700] loss: 0.307481745 
[stage=2, 59800] loss: 0.330737406 
[stage=2, 59900] loss: 0.308323239 
[stage=2, 60000] loss: 0.311391935 
[stage=2, 60100] loss: 0.294877832 
[stage=2, 60200] loss: 0.305266809 
[stage=2, 60300] loss: 0.294865079 
[stage=2, 60400] loss: 0.303226754 
[stage=2, 60500] loss: 0.303053668 
[stage=2, 60600] loss: 0.307193065 
[stage=2, 60700] loss: 0.300898057 
[stage=2, 60800] loss: 0.295194000 
[stage=2, 60900] loss: 0.307075012 
[stage=2, 61000] loss: 0.319044405 
[stage=2, 61100] loss: 0.329008589 
[stage=2, 61200] loss: 0.314141148 
[stage=2, 61300] loss: 0.295883655 
[stage=2, 61400] loss: 0.319076920 
[stage=2, 61500] loss: 0.309843992 
[stage=2, 61600] loss: 0.319076798 
[stage=2, 61700] loss: 0.307590917 
[stage=2, 61800] loss: 0.296880969 
[stage=2, 61900] loss: 0.324297472 
[stage=2, 62000] loss: 0.307979873 
[stage=2, 62100] loss: 0.309870088 
[stage=2, 62200] loss: 0.307818255 
[stage=2, 62300] loss: 0.320712115 
[stage=2, 62400] loss: 0.307372471 
[stage=2, 62500] loss: 0.295493378 
[stage=2, 62600] loss: 0.318663712 
[stage=2, 62700] loss: 0.313113515 
[stage=2, 62800] loss: 0.310520988 
[stage=2, 62900] loss: 0.309017895 
[stage=2, 63000] loss: 0.312077332 
[stage=2, 63100] loss: 0.298682900 
[stage=2, 63200] loss: 0.303732365 
[stage=2, 63300] loss: 0.330989512 
[stage=2, 63400] loss: 0.288920079 
[stage=2, 63500] loss: 0.292289874 
[stage=2, 63600] loss: 0.325378122 
[stage=2, 63700] loss: 0.313384963 
[stage=2, 63800] loss: 0.312505905 
[stage=2, 63900] loss: 0.314062420 
[stage=2, 64000] loss: 0.309721888 
[stage=2, 64100] loss: 0.298559823 
[stage=2, 64200] loss: 0.307589499 
[stage=2, 64300] loss: 0.315932778 
[stage=2, 64400] loss: 0.309797469 
[stage=2, 64500] loss: 0.304954990 
[stage=2, 64600] loss: 0.291688467 
[stage=2, 64700] loss: 0.288874847 
[stage=2, 64800] loss: 0.301979792 
[stage=2, 64900] loss: 0.325912959 
[stage=2, 65000] loss: 0.311593996 
[stage=2, 65100] loss: 0.295560964 
[stage=2, 65200] loss: 0.304114617 
[stage=2, 65300] loss: 0.300361549 
[stage=2, 65400] loss: 0.309778758 
[stage=2, 65500] loss: 0.303847686 
[stage=2, 65600] loss: 0.307837701 
[stage=2, 65700] loss: 0.303197815 
[stage=2, 65800] loss: 0.323003146 
[stage=2, 65900] loss: 0.297701502 
[stage=2, 66000] loss: 0.306727628 
[stage=2, 66100] loss: 0.303798082 
[stage=2, 66200] loss: 0.292981121 
[stage=2, 66300] loss: 0.328602397 
[stage=2, 66400] loss: 0.323408527 
[stage=2, 66500] loss: 0.287856320 
[stage=2, 66600] loss: 0.302389297 
[stage=2, 66700] loss: 0.304204741 
[stage=2, 66800] loss: 0.288902444 
[stage=2, 66900] loss: 0.318365831 
[stage=2, 67000] loss: 0.320228749 
[stage=2, 67100] loss: 0.303249004 
[stage=2, 67200] loss: 0.311202684 
[stage=2, 67300] loss: 0.311556344 
[stage=2, 67400] loss: 0.295300751 
[stage=2, 67500] loss: 0.299221454 
[stage=2, 67600] loss: 0.311023954 
[stage=2, 67700] loss: 0.313749344 
[stage=2, 67800] loss: 0.301877906 
[stage=2, 67900] loss: 0.328443428 
[stage=2, 68000] loss: 0.307163412 
[stage=2, 68100] loss: 0.301258065 
[stage=2, 68200] loss: 0.304159938 
[stage=2, 68300] loss: 0.306467293 
[stage=2, 68400] loss: 0.312617626 
[stage=2, 68500] loss: 0.307484362 
[stage=2, 68600] loss: 0.298440019 
[stage=2, 68700] loss: 0.304689040 
[stage=2, 68800] loss: 0.302478122 
[stage=2, 68900] loss: 0.318193394 
[stage=2, 69000] loss: 0.286908288 
[stage=2, 69100] loss: 0.309337962 
[stage=2, 69200] loss: 0.294359926 
[stage=2, 69300] loss: 0.307303747 
[stage=2, 69400] loss: 0.312821261 
[stage=2, 69500] loss: 0.307655413 
[stage=2, 69600] loss: 0.309883684 
[stage=2, 69700] loss: 0.302046789 
[stage=2, 69800] loss: 0.310338041 
[stage=2, 69900] loss: 0.295707168 
[stage=2, 70000] loss: 0.310093431 
[stage=2, 70100] loss: 0.290032346 
[stage=2, 70200] loss: 0.289791335 
[stage=2, 70300] loss: 0.293078520 
[stage=2, 70400] loss: 0.294839004 
[stage=2, 70500] loss: 0.297524810 
[stage=2, 70600] loss: 0.302862176 
[stage=2, 70700] loss: 0.302025839 
[stage=2, 70800] loss: 0.290280551 
[stage=2, 70900] loss: 0.293383173 
[stage=2, 71000] loss: 0.315908242 
[stage=2, 71100] loss: 0.319829869 
[stage=2, 71200] loss: 0.314647867 
[stage=2, 71300] loss: 0.290869180 
[stage=2, 71400] loss: 0.303586356 
[stage=2, 71500] loss: 0.302271346 
[stage=2, 71600] loss: 0.316697370 
[stage=2, 71700] loss: 0.302774268 
[stage=2, 71800] loss: 0.296503411 
[stage=2, 71900] loss: 0.322698241 
[stage=2, 72000] loss: 0.300450131 
[stage=2, 72100] loss: 0.305724918 
[stage=2, 72200] loss: 0.298386235 
[stage=2, 72300] loss: 0.310007910 
[stage=2, 72400] loss: 0.301755663 
[stage=2, 72500] loss: 0.293219047 
[stage=2, 72600] loss: 0.308222286 
[stage=2, 72700] loss: 0.311228572 
[stage=2, 72800] loss: 0.300545536 
[stage=2, 72900] loss: 0.299835056 
[stage=2, 73000] loss: 0.297090143 
[stage=2, 73100] loss: 0.298980177 
[stage=2, 73200] loss: 0.292102205 
[stage=2, 73300] loss: 0.314100436 
[stage=2, 73400] loss: 0.294932891 
[stage=2, 73500] loss: 0.286479262 
[stage=2, 73600] loss: 0.319456797 
[stage=2, 73700] loss: 0.299832385 
[stage=2, 73800] loss: 0.310753928 
[stage=2, 73900] loss: 0.302007951 
[stage=2, 74000] loss: 0.310669901 
[stage=2, 74100] loss: 0.281501380 
[stage=2, 74200] loss: 0.301021983 
[stage=2, 74300] loss: 0.302689826 
[stage=2, 74400] loss: 0.292029617 
[stage=2, 74500] loss: 0.297384658 
[stage=2, 74600] loss: 0.277269961 
[stage=2, 74700] loss: 0.289847202 
[stage=2, 74800] loss: 0.302339438 
[stage=2, 74900] loss: 0.311240011 
[stage=2, 75000] loss: 0.306462788 
[stage=2, 75100] loss: 0.297500558 
[stage=2, 75200] loss: 0.290713400 
[stage=2, 75300] loss: 0.286408188 
[stage=2, 75400] loss: 0.308185586 
[stage=2, 75500] loss: 0.289644874 
[stage=2, 75600] loss: 0.295903094 
[stage=2, 75700] loss: 0.305210266 
[stage=2, 75800] loss: 0.314356133 
[stage=2, 75900] loss: 0.294032171 
[stage=2, 76000] loss: 0.297642641 
[stage=2, 76100] loss: 0.297290190 
[stage=2, 76200] loss: 0.297456276 
[stage=2, 76300] loss: 0.300871568 
[stage=2, 76400] loss: 0.331818855 
[stage=2, 76500] loss: 0.289109511 
[stage=2, 76600] loss: 0.291886579 
[stage=2, 76700] loss: 0.306205273 
[stage=2, 76800] loss: 0.282789858 
[stage=2, 76900] loss: 0.302884421 
[stage=2, 77000] loss: 0.306996163 
[stage=2, 77100] loss: 0.303285666 
[stage=2, 77200] loss: 0.301848557 
[stage=2, 77300] loss: 0.304588805 
[stage=2, 77400] loss: 0.297083169 
[stage=2, 77500] loss: 0.297085940 
[stage=2, 77600] loss: 0.297151918 
[stage=2, 77700] loss: 0.296678074 
[stage=2, 77800] loss: 0.289062413 
[stage=2, 77900] loss: 0.311688529 
[stage=2, 78000] loss: 0.297059780 
[stage=2, 78100] loss: 0.294311100 
[stage=2, 78200] loss: 0.304822831 
[stage=2, 78300] loss: 0.294202287 
[stage=2, 78400] loss: 0.297808338 
[stage=2, 78500] loss: 0.287198598 
[stage=2, 78600] loss: 0.292663932 
[stage=2, 78700] loss: 0.287822476 
[stage=2, 78800] loss: 0.305575295 
[stage=2, 78900] loss: 0.314047600 
[stage=2, 79000] loss: 0.284837599 
[stage=2, 79100] loss: 0.301810130 
[stage=2, 79200] loss: 0.292038927 
[stage=2, 79300] loss: 0.300482889 
[stage=2, 79400] loss: 0.302467270 
[stage=2, 79500] loss: 0.292958989 
[stage=2, 79600] loss: 0.300545450 
[stage=2, 79700] loss: 0.293084470 
[stage=2, 79800] loss: 0.302381974 
[stage=2, 79900] loss: 0.301658231 
[stage=2, 80000] loss: 0.306567408 
[stage=2, 80100] loss: 0.286849618 
[stage=2, 80200] loss: 0.265776331 
[stage=2, 80300] loss: 0.263903440 
[stage=2, 80400] loss: 0.272680587 
[stage=2, 80500] loss: 0.272716813 
[stage=2, 80600] loss: 0.287464452 
[stage=2, 80700] loss: 0.268076146 
[stage=2, 80800] loss: 0.276128961 
[stage=2, 80900] loss: 0.260851930 
[stage=2, 81000] loss: 0.279852743 
[stage=2, 81100] loss: 0.293438826 
[stage=2, 81200] loss: 0.275901271 
[stage=2, 81300] loss: 0.274836439 
[stage=2, 81400] loss: 0.270631940 
[stage=2, 81500] loss: 0.288355125 
[stage=2, 81600] loss: 0.290085984 
[stage=2, 81700] loss: 0.272771308 
[stage=2, 81800] loss: 0.267074106 
[stage=2, 81900] loss: 0.274589859 
[stage=2, 82000] loss: 0.280691461 
[stage=2, 82100] loss: 0.282813661 
[stage=2, 82200] loss: 0.273662439 
[stage=2, 82300] loss: 0.278610896 
[stage=2, 82400] loss: 0.260606361 
[stage=2, 82500] loss: 0.267220504 
[stage=2, 82600] loss: 0.285687616 
[stage=2, 82700] loss: 0.272643068 
[stage=2, 82800] loss: 0.271698634 
[stage=2, 82900] loss: 0.269697840 
[stage=2, 83000] loss: 0.274302659 
[stage=2, 83100] loss: 0.267084278 
[stage=2, 83200] loss: 0.263853932 
[stage=2, 83300] loss: 0.278234709 
[stage=2, 83400] loss: 0.266319973 
[stage=2, 83500] loss: 0.256837300 
[stage=2, 83600] loss: 0.283944456 
[stage=2, 83700] loss: 0.272669225 
[stage=2, 83800] loss: 0.285360300 
[stage=2, 83900] loss: 0.269608742 
[stage=2, 84000] loss: 0.281151691 
[stage=2, 84100] loss: 0.262558310 
[stage=2, 84200] loss: 0.269155485 
[stage=2, 84300] loss: 0.275883857 
[stage=2, 84400] loss: 0.269409145 
[stage=2, 84500] loss: 0.264208888 
[stage=2, 84600] loss: 0.255384746 
[stage=2, 84700] loss: 0.263486685 
[stage=2, 84800] loss: 0.262971674 
[stage=2, 84900] loss: 0.276297893 
[stage=2, 85000] loss: 0.273583428 
[stage=2, 85100] loss: 0.269540450 
[stage=2, 85200] loss: 0.256861601 
[stage=2, 85300] loss: 0.256705193 
[stage=2, 85400] loss: 0.272449467 
[stage=2, 85500] loss: 0.260590315 
[stage=2, 85600] loss: 0.266442028 
[stage=2, 85700] loss: 0.269598765 
[stage=2, 85800] loss: 0.286333428 
[stage=2, 85900] loss: 0.263004214 
[stage=2, 86000] loss: 0.270114909 
[stage=2, 86100] loss: 0.256356102 
[stage=2, 86200] loss: 0.268981944 
[stage=2, 86300] loss: 0.277012141 
[stage=2, 86400] loss: 0.290555272 
[stage=2, 86500] loss: 0.255611962 
[stage=2, 86600] loss: 0.256052572 
[stage=2, 86700] loss: 0.274742428 
[stage=2, 86800] loss: 0.249551338 
[stage=2, 86900] loss: 0.270404648 
[stage=2, 87000] loss: 0.284706989 
[stage=2, 87100] loss: 0.267743860 
[stage=2, 87200] loss: 0.267950801 
[stage=2, 87300] loss: 0.276187384 
[stage=2, 87400] loss: 0.263761033 
[stage=2, 87500] loss: 0.266722435 
[stage=2, 87600] loss: 0.259199530 
[stage=2, 87700] loss: 0.278499438 
[stage=2, 87800] loss: 0.257475598 
[stage=2, 87900] loss: 0.271209245 
[stage=2, 88000] loss: 0.275728994 
[stage=2, 88100] loss: 0.266829883 
[stage=2, 88200] loss: 0.272070312 
[stage=2, 88300] loss: 0.259449213 
[stage=2, 88400] loss: 0.265929710 
[stage=2, 88500] loss: 0.254466254 
[stage=2, 88600] loss: 0.260185087 
[stage=2, 88700] loss: 0.255511218 
[stage=2, 88800] loss: 0.275939748 
[stage=2, 88900] loss: 0.274165913 
[stage=2, 89000] loss: 0.253095855 
[stage=2, 89100] loss: 0.270185794 
[stage=2, 89200] loss: 0.252115520 
[stage=2, 89300] loss: 0.272469665 
[stage=2, 89400] loss: 0.264205282 
[stage=2, 89500] loss: 0.260444956 
[stage=2, 89600] loss: 0.267828420 
[stage=2, 89700] loss: 0.257583423 
[stage=2, 89800] loss: 0.272953649 
[stage=2, 89900] loss: 0.265252049 
[stage=2, 90000] loss: 0.271485000 
[stage=2, 90100] loss: 0.263696669 
[stage=2, 90200] loss: 0.250452460 
[stage=2, 90300] loss: 0.251363367 
[stage=2, 90400] loss: 0.261507544 
[stage=2, 90500] loss: 0.261651478 
[stage=2, 90600] loss: 0.267122139 
[stage=2, 90700] loss: 0.260155930 
[stage=2, 90800] loss: 0.261242159 
[stage=2, 90900] loss: 0.250146416 
[stage=2, 91000] loss: 0.275393680 
[stage=2, 91100] loss: 0.281202603 
[stage=2, 91200] loss: 0.263106198 
[stage=2, 91300] loss: 0.270628061 
[stage=2, 91400] loss: 0.253403865 
[stage=2, 91500] loss: 0.266651349 
[stage=2, 91600] loss: 0.276921640 
[stage=2, 91700] loss: 0.267985181 
[stage=2, 91800] loss: 0.259483313 
[stage=2, 91900] loss: 0.258876586 
[stage=2, 92000] loss: 0.270135837 
[stage=2, 92100] loss: 0.283148332 
[stage=2, 92200] loss: 0.259927404 
[stage=2, 92300] loss: 0.270900108 
[stage=2, 92400] loss: 0.252669287 
[stage=2, 92500] loss: 0.268447171 
[stage=2, 92600] loss: 0.267889699 
[stage=2, 92700] loss: 0.271192918 
[stage=2, 92800] loss: 0.257061708 
[stage=2, 92900] loss: 0.269148158 
[stage=2, 93000] loss: 0.260480743 
[stage=2, 93100] loss: 0.258631186 
[stage=2, 93200] loss: 0.253238877 
[stage=2, 93300] loss: 0.263735068 
[stage=2, 93400] loss: 0.276482201 
[stage=2, 93500] loss: 0.246767652 
[stage=2, 93600] loss: 0.279876712 
[stage=2, 93700] loss: 0.272713960 
[stage=2, 93800] loss: 0.269445557 
[stage=2, 93900] loss: 0.267172520 
[stage=2, 94000] loss: 0.278343248 
[stage=2, 94100] loss: 0.250463150 
[stage=2, 94200] loss: 0.265258667 
[stage=2, 94300] loss: 0.268285430 
[stage=2, 94400] loss: 0.259570226 
[stage=2, 94500] loss: 0.258677214 
[stage=2, 94600] loss: 0.248967333 
[stage=2, 94700] loss: 0.255662703 
[stage=2, 94800] loss: 0.261799937 
[stage=2, 94900] loss: 0.273684800 
[stage=2, 95000] loss: 0.266931291 
[stage=2, 95100] loss: 0.267383092 
[stage=2, 95200] loss: 0.254509657 
[stage=2, 95300] loss: 0.255810567 
[stage=2, 95400] loss: 0.261546128 
[stage=2, 95500] loss: 0.266192228 
[stage=2, 95600] loss: 0.262475605 
[stage=2, 95700] loss: 0.266842861 
[stage=2, 95800] loss: 0.276925857 
[stage=2, 95900] loss: 0.261372453 
[stage=2, 96000] loss: 0.259741005 
[stage=2, 96100] loss: 0.248004760 
[stage=2, 96200] loss: 0.266305121 
[stage=2, 96300] loss: 0.270351194 
[stage=2, 96400] loss: 0.278669630 
[stage=2, 96500] loss: 0.254474796 
[stage=2, 96600] loss: 0.252160519 
[stage=2, 96700] loss: 0.266092564 
[stage=2, 96800] loss: 0.239363740 
[stage=2, 96900] loss: 0.261643292 
[stage=2, 97000] loss: 0.277422096 
[stage=2, 97100] loss: 0.260113537 
[stage=2, 97200] loss: 0.270974055 
[stage=2, 97300] loss: 0.265634106 
[stage=2, 97400] loss: 0.263099285 
[stage=2, 97500] loss: 0.260072319 
[stage=2, 97600] loss: 0.255661019 
[stage=2, 97700] loss: 0.277339789 
[stage=2, 97800] loss: 0.245138815 
[stage=2, 97900] loss: 0.262318667 
[stage=2, 98000] loss: 0.270519852 
[stage=2, 98100] loss: 0.260515259 
[stage=2, 98200] loss: 0.262591711 
[stage=2, 98300] loss: 0.257800403 
[stage=2, 98400] loss: 0.264549480 
[stage=2, 98500] loss: 0.243479120 
[stage=2, 98600] loss: 0.259678805 
[stage=2, 98700] loss: 0.248121558 
[stage=2, 98800] loss: 0.273638759 
[stage=2, 98900] loss: 0.276077737 
[stage=2, 99000] loss: 0.247136651 
[stage=2, 99100] loss: 0.266607014 
[stage=2, 99200] loss: 0.249873176 
[stage=2, 99300] loss: 0.272487039 
[stage=2, 99400] loss: 0.259430809 
[stage=2, 99500] loss: 0.253428898 
[stage=2, 99600] loss: 0.262854081 
[stage=2, 99700] loss: 0.255417909 
[stage=2, 99800] loss: 0.259454425 
[stage=2, 99900] loss: 0.266201155 
