[stage=2,   100] loss: 0.300216555 
[stage=2,   200] loss: 0.307398534 
[stage=2,   300] loss: 0.302561077 
[stage=2,   400] loss: 0.290227481 
[stage=2,   500] loss: 0.294589467 
[stage=2,   600] loss: 0.282239595 
[stage=2,   700] loss: 0.280893010 
[stage=2,   800] loss: 0.284264619 
[stage=2,   900] loss: 0.271488910 
[stage=2,  1000] loss: 0.287839610 
[stage=2,  1100] loss: 0.275167475 
[stage=2,  1200] loss: 0.276326077 
[stage=2,  1300] loss: 0.281067369 
[stage=2,  1400] loss: 0.276974663 
[stage=2,  1500] loss: 0.269944641 
[stage=2,  1600] loss: 0.276408874 
[stage=2,  1700] loss: 0.273092997 
[stage=2,  1800] loss: 0.281898973 
[stage=2,  1900] loss: 0.284290503 
[stage=2,  2000] loss: 0.273559601 
[stage=2,  2100] loss: 0.279484556 
