[stage=2,   100] loss: 0.237762111 
[stage=2,   200] loss: 0.205614168 
[stage=2,   300] loss: 0.191484332 
[stage=2,   400] loss: 0.194187140 
[stage=2,   500] loss: 0.180056878 
[stage=2,   600] loss: 0.172981985 
[stage=2,   700] loss: 0.178855605 
[stage=2,   800] loss: 0.178360627 
[stage=2,   900] loss: 0.168393064 
[stage=2,  1000] loss: 0.165835941 
[stage=2,  1100] loss: 0.171470716 
[stage=2,  1200] loss: 0.170776934 
[stage=2,  1300] loss: 0.173258874 
[stage=2,  1400] loss: 0.179145479 
[stage=2,  1500] loss: 0.170081848 
[stage=2,  1600] loss: 0.170807936 
[stage=2,  1700] loss: 0.158704098 
[stage=2,  1800] loss: 0.167291931 
[stage=2,  1900] loss: 0.170478726 
[stage=2,  2000] loss: 0.165499992 
[stage=2,  2100] loss: 0.161905718 
[stage=2,  2200] loss: 0.160770337 
[stage=2,  2300] loss: 0.170208626 
[stage=2,  2400] loss: 0.169541720 
[stage=2,  2500] loss: 0.171718254 
[stage=2,  2600] loss: 0.181383337 
[stage=2,  2700] loss: 0.155493147 
[stage=2,  2800] loss: 0.168871919 
[stage=2,  2900] loss: 0.156272655 
[stage=2,  3000] loss: 0.165019664 
[stage=2,  3100] loss: 0.164425729 
[stage=2,  3200] loss: 0.163574504 
[stage=2,  3300] loss: 0.165704431 
[stage=2,  3400] loss: 0.174746064 
[stage=2,  3500] loss: 0.165843864 
[stage=2,  3600] loss: 0.165511519 
[stage=2,  3700] loss: 0.167966711 
[stage=2,  3800] loss: 0.164893164 
[stage=2,  3900] loss: 0.167149274 
[stage=2,  4000] loss: 0.168402026 
[stage=2,  4100] loss: 0.158179894 
[stage=2,  4200] loss: 0.157396997 
[stage=2,  4300] loss: 0.170178206 
[stage=2,  4400] loss: 0.178716903 
[stage=2,  4500] loss: 0.173455359 
[stage=2,  4600] loss: 0.158581509 
[stage=2,  4700] loss: 0.171852522 
[stage=2,  4800] loss: 0.164671272 
[stage=2,  4900] loss: 0.167575110 
[stage=2,  5000] loss: 0.160564475 
[stage=2,  5100] loss: 0.159813532 
[stage=2,  5200] loss: 0.166204128 
[stage=2,  5300] loss: 0.167072797 
[stage=2,  5400] loss: 0.165415660 
[stage=2,  5500] loss: 0.155950262 
[stage=2,  5600] loss: 0.170949747 
[stage=2,  5700] loss: 0.169426089 
[stage=2,  5800] loss: 0.166511871 
[stage=2,  5900] loss: 0.160047102 
[stage=2,  6000] loss: 0.163916248 
[stage=2,  6100] loss: 0.167074341 
[stage=2,  6200] loss: 0.163138172 
[stage=2,  6300] loss: 0.158027077 
[stage=2,  6400] loss: 0.158779184 
[stage=2,  6500] loss: 0.164709884 
[stage=2,  6600] loss: 0.162564755 
[stage=2,  6700] loss: 0.171134932 
[stage=2,  6800] loss: 0.158854992 
[stage=2,  6900] loss: 0.166775882 
[stage=2,  7000] loss: 0.163034532 
[stage=2,  7100] loss: 0.153476391 
[stage=2,  7200] loss: 0.170860111 
[stage=2,  7300] loss: 0.165631274 
[stage=2,  7400] loss: 0.163760564 
[stage=2,  7500] loss: 0.162220415 
[stage=2,  7600] loss: 0.169997930 
[stage=2,  7700] loss: 0.172747602 
[stage=2,  7800] loss: 0.164213237 
[stage=2,  7900] loss: 0.156539441 
[stage=2,  8000] loss: 0.167344978 
[stage=2,  8100] loss: 0.164556603 
[stage=2,  8200] loss: 0.148076447 
[stage=2,  8300] loss: 0.146901751 
[stage=2,  8400] loss: 0.152192565 
[stage=2,  8500] loss: 0.149486493 
[stage=2,  8600] loss: 0.150441705 
[stage=2,  8700] loss: 0.148763591 
[stage=2,  8800] loss: 0.147754787 
[stage=2,  8900] loss: 0.147885818 
[stage=2,  9000] loss: 0.154172239 
[stage=2,  9100] loss: 0.144699830 
[stage=2,  9200] loss: 0.140374525 
[stage=2,  9300] loss: 0.141008666 
[stage=2,  9400] loss: 0.151651640 
[stage=2,  9500] loss: 0.147229288 
[stage=2,  9600] loss: 0.153642048 
[stage=2,  9700] loss: 0.151504123 
[stage=2,  9800] loss: 0.148127437 
[stage=2,  9900] loss: 0.153227181 
