[stage=2,   100] loss: 0.299749300 
[stage=2,   200] loss: 0.288988808 
[stage=2,   300] loss: 0.301103156 
[stage=2,   400] loss: 0.284882665 
[stage=2,   500] loss: 0.291322521 
[stage=2,   600] loss: 0.307234454 
[stage=2,   700] loss: 0.290269185 
[stage=2,   800] loss: 0.274399442 
[stage=2,   900] loss: 0.299413504 
[stage=2,  1000] loss: 0.280901057 
[stage=2,  1100] loss: 0.270525079 
[stage=2,  1200] loss: 0.289188336 
[stage=2,  1300] loss: 0.255329688 
[stage=2,  1400] loss: 0.278423697 
[stage=2,  1500] loss: 0.261674274 
[stage=2,  1600] loss: 0.281466486 
[stage=2,  1700] loss: 0.271826351 
[stage=2,  1800] loss: 0.276527732 
[stage=2,  1900] loss: 0.260858924 
[stage=2,  2000] loss: 0.278242469 
[stage=2,  2100] loss: 0.284834989 
[stage=2,  2200] loss: 0.289061184 
[stage=2,  2300] loss: 0.289673648 
[stage=2,  2400] loss: 0.257187794 
[stage=2,  2500] loss: 0.264308787 
[stage=2,  2600] loss: 0.270778251 
[stage=2,  2700] loss: 0.282624109 
[stage=2,  2800] loss: 0.294872359 
[stage=2,  2900] loss: 0.273334509 
[stage=2,  3000] loss: 0.266632085 
[stage=2,  3100] loss: 0.260221499 
[stage=2,  3200] loss: 0.254264959 
[stage=2,  3300] loss: 0.281033736 
[stage=2,  3400] loss: 0.280521161 
[stage=2,  3500] loss: 0.267927971 
[stage=2,  3600] loss: 0.284543488 
[stage=2,  3700] loss: 0.271692011 
[stage=2,  3800] loss: 0.291340930 
[stage=2,  3900] loss: 0.262964730 
[stage=2,  4000] loss: 0.290844248 
[stage=2,  4100] loss: 0.274299682 
[stage=2,  4200] loss: 0.279549408 
[stage=2,  4300] loss: 0.271875245 
[stage=2,  4400] loss: 0.262922355 
[stage=2,  4500] loss: 0.255750026 
[stage=2,  4600] loss: 0.272608908 
[stage=2,  4700] loss: 0.267202685 
[stage=2,  4800] loss: 0.280494809 
[stage=2,  4900] loss: 0.275432400 
[stage=2,  5000] loss: 0.280532847 
[stage=2,  5100] loss: 0.268651874 
[stage=2,  5200] loss: 0.260979473 
[stage=2,  5300] loss: 0.268300919 
[stage=2,  5400] loss: 0.271849725 
[stage=2,  5500] loss: 0.263053496 
[stage=2,  5600] loss: 0.281265973 
[stage=2,  5700] loss: 0.300879108 
[stage=2,  5800] loss: 0.268923919 
[stage=2,  5900] loss: 0.259784256 
[stage=2,  6000] loss: 0.261532844 
[stage=2,  6100] loss: 0.276335702 
[stage=2,  6200] loss: 0.280761781 
[stage=2,  6300] loss: 0.271972600 
[stage=2,  6400] loss: 0.268539792 
[stage=2,  6500] loss: 0.276069067 
[stage=2,  6600] loss: 0.271295030 
[stage=2,  6700] loss: 0.285048909 
[stage=2,  6800] loss: 0.272755548 
[stage=2,  6900] loss: 0.275800339 
[stage=2,  7000] loss: 0.279052668 
[stage=2,  7100] loss: 0.272285356 
[stage=2,  7200] loss: 0.278457338 
[stage=2,  7300] loss: 0.278360514 
[stage=2,  7400] loss: 0.287472701 
[stage=2,  7500] loss: 0.277844056 
[stage=2,  7600] loss: 0.254591452 
[stage=2,  7700] loss: 0.268084162 
[stage=2,  7800] loss: 0.271128914 
[stage=2,  7900] loss: 0.281092472 
[stage=2,  8000] loss: 0.265197823 
[stage=2,  8100] loss: 0.262860434 
[stage=2,  8200] loss: 0.271619736 
[stage=2,  8300] loss: 0.293301475 
[stage=2,  8400] loss: 0.277464240 
[stage=2,  8500] loss: 0.261189905 
[stage=2,  8600] loss: 0.276246025 
[stage=2,  8700] loss: 0.259686922 
[stage=2,  8800] loss: 0.251742729 
[stage=2,  8900] loss: 0.281990470 
[stage=2,  9000] loss: 0.282722266 
[stage=2,  9100] loss: 0.272131214 
[stage=2,  9200] loss: 0.266434054 
[stage=2,  9300] loss: 0.286049461 
[stage=2,  9400] loss: 0.265089446 
[stage=2,  9500] loss: 0.269190755 
[stage=2,  9600] loss: 0.271805328 
[stage=2,  9700] loss: 0.265337741 
[stage=2,  9800] loss: 0.258864538 
[stage=2,  9900] loss: 0.265482137 
[stage=2, 10000] loss: 0.268026592 
[stage=2, 10100] loss: 0.272505669 
[stage=2, 10200] loss: 0.266271646 
[stage=2, 10300] loss: 0.267497597 
[stage=2, 10400] loss: 0.281126310 
[stage=2, 10500] loss: 0.282437455 
[stage=2, 10600] loss: 0.264987366 
[stage=2, 10700] loss: 0.279269383 
[stage=2, 10800] loss: 0.254333478 
[stage=2, 10900] loss: 0.264817505 
[stage=2, 11000] loss: 0.266058373 
[stage=2, 11100] loss: 0.274152917 
[stage=2, 11200] loss: 0.281694761 
[stage=2, 11300] loss: 0.270608701 
[stage=2, 11400] loss: 0.256436766 
[stage=2, 11500] loss: 0.253767786 
[stage=2, 11600] loss: 0.259418283 
[stage=2, 11700] loss: 0.267554382 
[stage=2, 11800] loss: 0.270911200 
[stage=2, 11900] loss: 0.259983277 
[stage=2, 12000] loss: 0.278778922 
[stage=2, 12100] loss: 0.276910110 
[stage=2, 12200] loss: 0.265870915 
[stage=2, 12300] loss: 0.263735582 
[stage=2, 12400] loss: 0.273354743 
[stage=2, 12500] loss: 0.265560086 
[stage=2, 12600] loss: 0.270409445 
[stage=2, 12700] loss: 0.257092552 
[stage=2, 12800] loss: 0.256147242 
[stage=2, 12900] loss: 0.266121286 
[stage=2, 13000] loss: 0.271318413 
[stage=2, 13100] loss: 0.249859711 
[stage=2, 13200] loss: 0.279235202 
[stage=2, 13300] loss: 0.281347287 
[stage=2, 13400] loss: 0.260261946 
[stage=2, 13500] loss: 0.260236550 
[stage=2, 13600] loss: 0.258654319 
[stage=2, 13700] loss: 0.261863419 
[stage=2, 13800] loss: 0.269746599 
[stage=2, 13900] loss: 0.261316848 
[stage=2, 14000] loss: 0.272786564 
[stage=2, 14100] loss: 0.285394867 
[stage=2, 14200] loss: 0.263075416 
[stage=2, 14300] loss: 0.252531821 
[stage=2, 14400] loss: 0.264952116 
[stage=2, 14500] loss: 0.275485160 
[stage=2, 14600] loss: 0.262709248 
[stage=2, 14700] loss: 0.263076087 
[stage=2, 14800] loss: 0.264294372 
[stage=2, 14900] loss: 0.264966710 
[stage=2, 15000] loss: 0.262030194 
[stage=2, 15100] loss: 0.273649158 
[stage=2, 15200] loss: 0.273779624 
[stage=2, 15300] loss: 0.265134660 
[stage=2, 15400] loss: 0.266373909 
[stage=2, 15500] loss: 0.274228688 
[stage=2, 15600] loss: 0.268114477 
[stage=2, 15700] loss: 0.280348439 
[stage=2, 15800] loss: 0.272693426 
[stage=2, 15900] loss: 0.269824856 
[stage=2, 16000] loss: 0.253027728 
[stage=2, 16100] loss: 0.258122120 
[stage=2, 16200] loss: 0.277024073 
[stage=2, 16300] loss: 0.265805678 
[stage=2, 16400] loss: 0.247931161 
[stage=2, 16500] loss: 0.264309757 
[stage=2, 16600] loss: 0.274013696 
[stage=2, 16700] loss: 0.284205991 
[stage=2, 16800] loss: 0.266169495 
[stage=2, 16900] loss: 0.251728566 
[stage=2, 17000] loss: 0.268780185 
[stage=2, 17100] loss: 0.256133562 
[stage=2, 17200] loss: 0.256140396 
[stage=2, 17300] loss: 0.280956396 
[stage=2, 17400] loss: 0.275717630 
[stage=2, 17500] loss: 0.258808324 
[stage=2, 17600] loss: 0.273450466 
[stage=2, 17700] loss: 0.264530352 
[stage=2, 17800] loss: 0.260447419 
[stage=2, 17900] loss: 0.271696737 
[stage=2, 18000] loss: 0.253869837 
[stage=2, 18100] loss: 0.259154646 
[stage=2, 18200] loss: 0.246346668 
[stage=2, 18300] loss: 0.273986156 
[stage=2, 18400] loss: 0.261079165 
[stage=2, 18500] loss: 0.264486171 
[stage=2, 18600] loss: 0.254578206 
[stage=2, 18700] loss: 0.256488392 
[stage=2, 18800] loss: 0.281206913 
[stage=2, 18900] loss: 0.272599687 
[stage=2, 19000] loss: 0.269962595 
[stage=2, 19100] loss: 0.250159541 
[stage=2, 19200] loss: 0.255312021 
[stage=2, 19300] loss: 0.257625919 
[stage=2, 19400] loss: 0.270282508 
[stage=2, 19500] loss: 0.275055375 
[stage=2, 19600] loss: 0.264763367 
[stage=2, 19700] loss: 0.263351094 
[stage=2, 19800] loss: 0.253275371 
[stage=2, 19900] loss: 0.244573485 
[stage=2, 20000] loss: 0.265817176 
[stage=2, 20100] loss: 0.251467027 
[stage=2, 20200] loss: 0.269349943 
[stage=2, 20300] loss: 0.270758705 
[stage=2, 20400] loss: 0.258081525 
[stage=2, 20500] loss: 0.265779629 
[stage=2, 20600] loss: 0.255424414 
[stage=2, 20700] loss: 0.266774332 
[stage=2, 20800] loss: 0.266127274 
[stage=2, 20900] loss: 0.257434278 
[stage=2, 21000] loss: 0.259540031 
[stage=2, 21100] loss: 0.242637507 
[stage=2, 21200] loss: 0.250502802 
[stage=2, 21300] loss: 0.261466282 
[stage=2, 21400] loss: 0.261609202 
[stage=2, 21500] loss: 0.261891209 
[stage=2, 21600] loss: 0.273961246 
[stage=2, 21700] loss: 0.273445901 
[stage=2, 21800] loss: 0.250930882 
[stage=2, 21900] loss: 0.255195576 
[stage=2, 22000] loss: 0.254703739 
[stage=2, 22100] loss: 0.257401372 
[stage=2, 22200] loss: 0.247057466 
[stage=2, 22300] loss: 0.268800470 
[stage=2, 22400] loss: 0.276156848 
[stage=2, 22500] loss: 0.268370655 
[stage=2, 22600] loss: 0.251552812 
[stage=2, 22700] loss: 0.249658569 
[stage=2, 22800] loss: 0.260704665 
[stage=2, 22900] loss: 0.272771957 
[stage=2, 23000] loss: 0.250330434 
[stage=2, 23100] loss: 0.254564269 
[stage=2, 23200] loss: 0.268121192 
[stage=2, 23300] loss: 0.252290619 
[stage=2, 23400] loss: 0.265065395 
[stage=2, 23500] loss: 0.263284819 
[stage=2, 23600] loss: 0.267450610 
[stage=2, 23700] loss: 0.265440874 
[stage=2, 23800] loss: 0.249979094 
[stage=2, 23900] loss: 0.281485731 
[stage=2, 24000] loss: 0.264213034 
[stage=2, 24100] loss: 0.279244091 
[stage=2, 24200] loss: 0.265545666 
