[stage=2,   100] loss: 0.184041928 
[stage=2,   200] loss: 0.178308064 
[stage=2,   300] loss: 0.179645978 
[stage=2,   400] loss: 0.173519190 
[stage=2,   500] loss: 0.178966444 
[stage=2,   600] loss: 0.167469127 
[stage=2,   700] loss: 0.167900457 
[stage=2,   800] loss: 0.169809217 
[stage=2,   900] loss: 0.163898920 
[stage=2,  1000] loss: 0.176166558 
[stage=2,  1100] loss: 0.163634381 
[stage=2,  1200] loss: 0.163048774 
[stage=2,  1300] loss: 0.170873634 
[stage=2,  1400] loss: 0.166922174 
[stage=2,  1500] loss: 0.164056183 
[stage=2,  1600] loss: 0.165583844 
[stage=2,  1700] loss: 0.162697599 
[stage=2,  1800] loss: 0.171827995 
[stage=2,  1900] loss: 0.170816645 
[stage=2,  2000] loss: 0.163981171 
