[stage=2,   100] loss: 1.676257858 
[stage=2,   200] loss: 1.073263102 
[stage=2,   300] loss: 0.988051941 
[stage=2,   400] loss: 0.965056473 
[stage=2,   500] loss: 0.974028419 
[stage=2,   600] loss: 1.044495983 
[stage=2,   700] loss: 1.048324313 
[stage=2,   800] loss: 0.941155719 
[stage=2,   900] loss: 0.999252572 
[stage=2,  1000] loss: 1.002074801 
[stage=2,  1100] loss: 0.939762386 
[stage=2,  1200] loss: 1.023319911 
[stage=2,  1300] loss: 0.904317883 
[stage=2,  1400] loss: 1.003341924 
[stage=2,  1500] loss: 0.876973842 
[stage=2,  1600] loss: 0.974702151 
[stage=2,  1700] loss: 1.011771254 
[stage=2,  1800] loss: 0.971601087 
[stage=2,  1900] loss: 0.916135744 
[stage=2,  2000] loss: 0.940178853 
[stage=2,  2100] loss: 0.891468051 
[stage=2,  2200] loss: 0.821856506 
[stage=2,  2300] loss: 0.729952015 
[stage=2,  2400] loss: 0.629522726 
[stage=2,  2500] loss: 0.628549300 
[stage=2,  2600] loss: 0.645529421 
[stage=2,  2700] loss: 0.644850335 
[stage=2,  2800] loss: 0.662691018 
[stage=2,  2900] loss: 0.586592671 
[stage=2,  3000] loss: 0.599896837 
[stage=2,  3100] loss: 0.553775722 
[stage=2,  3200] loss: 0.552994690 
[stage=2,  3300] loss: 0.593395941 
[stage=2,  3400] loss: 0.574722416 
[stage=2,  3500] loss: 0.595156393 
[stage=2,  3600] loss: 0.616331263 
[stage=2,  3700] loss: 0.593721839 
[stage=2,  3800] loss: 0.621940884 
[stage=2,  3900] loss: 0.570940882 
[stage=2,  4000] loss: 0.616106408 
[stage=2,  4100] loss: 0.596994811 
[stage=2,  4200] loss: 0.592942674 
[stage=2,  4300] loss: 0.531104917 
[stage=2,  4400] loss: 0.536343223 
[stage=2,  4500] loss: 0.530483636 
[stage=2,  4600] loss: 0.558235774 
[stage=2,  4700] loss: 0.568661304 
[stage=2,  4800] loss: 0.573763856 
[stage=2,  4900] loss: 0.560800258 
[stage=2,  5000] loss: 0.581633488 
[stage=2,  5100] loss: 0.550011601 
[stage=2,  5200] loss: 0.539334161 
[stage=2,  5300] loss: 0.542545940 
[stage=2,  5400] loss: 0.556292714 
[stage=2,  5500] loss: 0.536622232 
[stage=2,  5600] loss: 0.552468322 
[stage=2,  5700] loss: 0.621673940 
[stage=2,  5800] loss: 0.540766534 
[stage=2,  5900] loss: 0.511105375 
[stage=2,  6000] loss: 0.548095021 
[stage=2,  6100] loss: 0.548666717 
[stage=2,  6200] loss: 0.555331424 
[stage=2,  6300] loss: 0.533747485 
[stage=2,  6400] loss: 0.539717549 
[stage=2,  6500] loss: 0.553356716 
[stage=2,  6600] loss: 0.530349672 
[stage=2,  6700] loss: 0.561784691 
[stage=2,  6800] loss: 0.520856100 
[stage=2,  6900] loss: 0.533216544 
[stage=2,  7000] loss: 0.534211552 
[stage=2,  7100] loss: 0.518668137 
[stage=2,  7200] loss: 0.535205776 
[stage=2,  7300] loss: 0.536791351 
[stage=2,  7400] loss: 0.559403304 
[stage=2,  7500] loss: 0.543168774 
[stage=2,  7600] loss: 0.497859041 
[stage=2,  7700] loss: 0.507865406 
[stage=2,  7800] loss: 0.531030412 
[stage=2,  7900] loss: 0.558204345 
[stage=2,  8000] loss: 0.522166254 
[stage=2,  8100] loss: 0.511163502 
[stage=2,  8200] loss: 0.497331212 
[stage=2,  8300] loss: 0.571919150 
[stage=2,  8400] loss: 0.537582572 
[stage=2,  8500] loss: 0.502869339 
[stage=2,  8600] loss: 0.519259816 
[stage=2,  8700] loss: 0.496933686 
[stage=2,  8800] loss: 0.486393916 
[stage=2,  8900] loss: 0.540786608 
[stage=2,  9000] loss: 0.545861650 
[stage=2,  9100] loss: 0.531243729 
[stage=2,  9200] loss: 0.504612494 
[stage=2,  9300] loss: 0.549562146 
[stage=2,  9400] loss: 0.524863128 
[stage=2,  9500] loss: 0.489764534 
[stage=2,  9600] loss: 0.528809994 
[stage=2,  9700] loss: 0.481415011 
[stage=2,  9800] loss: 0.507170502 
[stage=2,  9900] loss: 0.503836845 
[stage=2, 10000] loss: 0.495679968 
[stage=2, 10100] loss: 0.517797122 
[stage=2, 10200] loss: 0.508238497 
[stage=2, 10300] loss: 0.492363488 
[stage=2, 10400] loss: 0.537630980 
[stage=2, 10500] loss: 0.537198319 
[stage=2, 10600] loss: 0.489387695 
[stage=2, 10700] loss: 0.524188557 
[stage=2, 10800] loss: 0.491134042 
[stage=2, 10900] loss: 0.502235148 
[stage=2, 11000] loss: 0.484740081 
[stage=2, 11100] loss: 0.529826088 
[stage=2, 11200] loss: 0.520052531 
[stage=2, 11300] loss: 0.504624595 
[stage=2, 11400] loss: 0.470532025 
[stage=2, 11500] loss: 0.466951166 
[stage=2, 11600] loss: 0.475635333 
[stage=2, 11700] loss: 0.487288927 
[stage=2, 11800] loss: 0.502884588 
[stage=2, 11900] loss: 0.480304793 
[stage=2, 12000] loss: 0.535548594 
[stage=2, 12100] loss: 0.522971199 
[stage=2, 12200] loss: 0.507243997 
[stage=2, 12300] loss: 0.503239565 
[stage=2, 12400] loss: 0.522969114 
[stage=2, 12500] loss: 0.500336370 
[stage=2, 12600] loss: 0.498754653 
[stage=2, 12700] loss: 0.457367924 
[stage=2, 12800] loss: 0.461880016 
[stage=2, 12900] loss: 0.479708807 
[stage=2, 13000] loss: 0.501431936 
[stage=2, 13100] loss: 0.463120613 
[stage=2, 13200] loss: 0.505422837 
[stage=2, 13300] loss: 0.522009668 
[stage=2, 13400] loss: 0.492551073 
[stage=2, 13500] loss: 0.486809316 
[stage=2, 13600] loss: 0.474727310 
[stage=2, 13700] loss: 0.476323370 
[stage=2, 13800] loss: 0.495838845 
[stage=2, 13900] loss: 0.478969229 
[stage=2, 14000] loss: 0.508746547 
[stage=2, 14100] loss: 0.521046316 
[stage=2, 14200] loss: 0.463650546 
[stage=2, 14300] loss: 0.457071219 
[stage=2, 14400] loss: 0.493907537 
[stage=2, 14500] loss: 0.496262054 
[stage=2, 14600] loss: 0.484110255 
[stage=2, 14700] loss: 0.472866160 
[stage=2, 14800] loss: 0.488420635 
[stage=2, 14900] loss: 0.484901632 
[stage=2, 15000] loss: 0.476323888 
[stage=2, 15100] loss: 0.482782830 
[stage=2, 15200] loss: 0.485892438 
[stage=2, 15300] loss: 0.476528935 
[stage=2, 15400] loss: 0.456723409 
[stage=2, 15500] loss: 0.489971786 
[stage=2, 15600] loss: 0.470292761 
[stage=2, 15700] loss: 0.504487319 
[stage=2, 15800] loss: 0.492851255 
[stage=2, 15900] loss: 0.488261684 
[stage=2, 16000] loss: 0.465969885 
[stage=2, 16100] loss: 0.445854338 
[stage=2, 16200] loss: 0.483949976 
[stage=2, 16300] loss: 0.484411434 
[stage=2, 16400] loss: 0.457824659 
[stage=2, 16500] loss: 0.471059698 
[stage=2, 16600] loss: 0.481493801 
[stage=2, 16700] loss: 0.537732494 
[stage=2, 16800] loss: 0.459665549 
[stage=2, 16900] loss: 0.451614154 
[stage=2, 17000] loss: 0.474217964 
[stage=2, 17100] loss: 0.464331839 
[stage=2, 17200] loss: 0.448863752 
[stage=2, 17300] loss: 0.492652767 
[stage=2, 17400] loss: 0.488762650 
[stage=2, 17500] loss: 0.475255842 
[stage=2, 17600] loss: 0.485703856 
[stage=2, 17700] loss: 0.472147641 
[stage=2, 17800] loss: 0.465732243 
[stage=2, 17900] loss: 0.463200860 
[stage=2, 18000] loss: 0.442110044 
[stage=2, 18100] loss: 0.449993081 
[stage=2, 18200] loss: 0.438833319 
[stage=2, 18300] loss: 0.479105919 
[stage=2, 18400] loss: 0.464921166 
[stage=2, 18500] loss: 0.470719853 
[stage=2, 18600] loss: 0.449329354 
[stage=2, 18700] loss: 0.457081469 
[stage=2, 18800] loss: 0.486226244 
[stage=2, 18900] loss: 0.480406915 
[stage=2, 19000] loss: 0.474414852 
[stage=2, 19100] loss: 0.426216936 
[stage=2, 19200] loss: 0.449877713 
[stage=2, 19300] loss: 0.463247633 
[stage=2, 19400] loss: 0.465270341 
[stage=2, 19500] loss: 0.485160093 
[stage=2, 19600] loss: 0.464498191 
[stage=2, 19700] loss: 0.455290838 
[stage=2, 19800] loss: 0.439784831 
[stage=2, 19900] loss: 0.426101840 
[stage=2, 20000] loss: 0.458465324 
[stage=2, 20100] loss: 0.415378662 
[stage=2, 20200] loss: 0.470138075 
[stage=2, 20300] loss: 0.470462527 
[stage=2, 20400] loss: 0.482234010 
[stage=2, 20500] loss: 0.468511941 
[stage=2, 20600] loss: 0.454687089 
[stage=2, 20700] loss: 0.468348231 
[stage=2, 20800] loss: 0.475155084 
[stage=2, 20900] loss: 0.465278553 
[stage=2, 21000] loss: 0.438216565 
[stage=2, 21100] loss: 0.419710085 
[stage=2, 21200] loss: 0.435594053 
[stage=2, 21300] loss: 0.451983132 
[stage=2, 21400] loss: 0.458311830 
[stage=2, 21500] loss: 0.444785476 
[stage=2, 21600] loss: 0.465550063 
[stage=2, 21700] loss: 0.469783598 
[stage=2, 21800] loss: 0.450133340 
[stage=2, 21900] loss: 0.431760232 
[stage=2, 22000] loss: 0.456177912 
[stage=2, 22100] loss: 0.439627139 
[stage=2, 22200] loss: 0.430427219 
[stage=2, 22300] loss: 0.441538749 
[stage=2, 22400] loss: 0.486316229 
[stage=2, 22500] loss: 0.443351236 
[stage=2, 22600] loss: 0.420224412 
[stage=2, 22700] loss: 0.434070450 
[stage=2, 22800] loss: 0.443687310 
[stage=2, 22900] loss: 0.468093233 
[stage=2, 23000] loss: 0.425948713 
[stage=2, 23100] loss: 0.439663621 
[stage=2, 23200] loss: 0.465910006 
[stage=2, 23300] loss: 0.429744424 
[stage=2, 23400] loss: 0.459017604 
[stage=2, 23500] loss: 0.449938244 
[stage=2, 23600] loss: 0.445766811 
[stage=2, 23700] loss: 0.443085268 
[stage=2, 23800] loss: 0.423191625 
[stage=2, 23900] loss: 0.455149130 
[stage=2, 24000] loss: 0.439774960 
[stage=2, 24100] loss: 0.475451469 
[stage=2, 24200] loss: 0.446840279 
[stage=2, 24300] loss: 0.426513472 
[stage=2, 24400] loss: 0.439017687 
[stage=2, 24500] loss: 0.422118212 
[stage=2, 24600] loss: 0.450641270 
[stage=2, 24700] loss: 0.431282551 
[stage=2, 24800] loss: 0.436196517 
[stage=2, 24900] loss: 0.420759427 
[stage=2, 25000] loss: 0.466936664 
[stage=2, 25100] loss: 0.475885736 
[stage=2, 25200] loss: 0.414206007 
[stage=2, 25300] loss: 0.434961802 
[stage=2, 25400] loss: 0.417241400 
[stage=2, 25500] loss: 0.432883743 
[stage=2, 25600] loss: 0.440892958 
[stage=2, 25700] loss: 0.462624360 
[stage=2, 25800] loss: 0.429318148 
[stage=2, 25900] loss: 0.425774386 
[stage=2, 26000] loss: 0.455017521 
[stage=2, 26100] loss: 0.424322755 
[stage=2, 26200] loss: 0.424565198 
[stage=2, 26300] loss: 0.449390838 
[stage=2, 26400] loss: 0.392147480 
[stage=2, 26500] loss: 0.435053833 
[stage=2, 26600] loss: 0.418451661 
[stage=2, 26700] loss: 0.420284418 
[stage=2, 26800] loss: 0.437332588 
[stage=2, 26900] loss: 0.433041280 
[stage=2, 27000] loss: 0.403292310 
[stage=2, 27100] loss: 0.446003782 
[stage=2, 27200] loss: 0.430937252 
[stage=2, 27300] loss: 0.437366238 
[stage=2, 27400] loss: 0.440601304 
[stage=2, 27500] loss: 0.399861694 
[stage=2, 27600] loss: 0.428616084 
[stage=2, 27700] loss: 0.427881954 
[stage=2, 27800] loss: 0.442419648 
[stage=2, 27900] loss: 0.450103439 
[stage=2, 28000] loss: 0.426762076 
[stage=2, 28100] loss: 0.417976928 
[stage=2, 28200] loss: 0.405953161 
[stage=2, 28300] loss: 0.404448015 
[stage=2, 28400] loss: 0.431444259 
[stage=2, 28500] loss: 0.414940945 
[stage=2, 28600] loss: 0.407246801 
[stage=2, 28700] loss: 0.426401292 
[stage=2, 28800] loss: 0.438124221 
[stage=2, 28900] loss: 0.444470334 
[stage=2, 29000] loss: 0.408406235 
[stage=2, 29100] loss: 0.464724996 
[stage=2, 29200] loss: 0.421504788 
[stage=2, 29300] loss: 0.439243231 
[stage=2, 29400] loss: 0.398357147 
[stage=2, 29500] loss: 0.400563797 
[stage=2, 29600] loss: 0.402685285 
[stage=2, 29700] loss: 0.409881873 
[stage=2, 29800] loss: 0.426392798 
[stage=2, 29900] loss: 0.425627424 
[stage=2, 30000] loss: 0.433961933 
[stage=2, 30100] loss: 0.422656437 
[stage=2, 30200] loss: 0.421220481 
[stage=2, 30300] loss: 0.403789570 
[stage=2, 30400] loss: 0.420898722 
[stage=2, 30500] loss: 0.416929089 
[stage=2, 30600] loss: 0.395032176 
[stage=2, 30700] loss: 0.433135731 
[stage=2, 30800] loss: 0.443125925 
[stage=2, 30900] loss: 0.406277044 
[stage=2, 31000] loss: 0.393541925 
[stage=2, 31100] loss: 0.411609342 
[stage=2, 31200] loss: 0.416463011 
[stage=2, 31300] loss: 0.416111170 
[stage=2, 31400] loss: 0.414590054 
[stage=2, 31500] loss: 0.404627990 
[stage=2, 31600] loss: 0.428523257 
[stage=2, 31700] loss: 0.404963945 
[stage=2, 31800] loss: 0.442872868 
[stage=2, 31900] loss: 0.416351960 
[stage=2, 32000] loss: 0.414048656 
[stage=2, 32100] loss: 0.419913099 
[stage=2, 32200] loss: 0.407007602 
[stage=2, 32300] loss: 0.414359661 
[stage=2, 32400] loss: 0.436010815 
[stage=2, 32500] loss: 0.446919871 
[stage=2, 32600] loss: 0.427257005 
[stage=2, 32700] loss: 0.394107239 
[stage=2, 32800] loss: 0.402510001 
[stage=2, 32900] loss: 0.416765054 
[stage=2, 33000] loss: 0.406185592 
[stage=2, 33100] loss: 0.379840706 
[stage=2, 33200] loss: 0.413390719 
[stage=2, 33300] loss: 0.410890016 
[stage=2, 33400] loss: 0.452003744 
[stage=2, 33500] loss: 0.406794311 
[stage=2, 33600] loss: 0.400516765 
[stage=2, 33700] loss: 0.411849834 
[stage=2, 33800] loss: 0.384137134 
[stage=2, 33900] loss: 0.399831598 
[stage=2, 34000] loss: 0.450478779 
[stage=2, 34100] loss: 0.419019480 
[stage=2, 34200] loss: 0.412741256 
[stage=2, 34300] loss: 0.426486795 
[stage=2, 34400] loss: 0.422191596 
[stage=2, 34500] loss: 0.413184146 
[stage=2, 34600] loss: 0.402088340 
[stage=2, 34700] loss: 0.393049074 
[stage=2, 34800] loss: 0.397587451 
[stage=2, 34900] loss: 0.387610585 
[stage=2, 35000] loss: 0.408277144 
[stage=2, 35100] loss: 0.386482451 
[stage=2, 35200] loss: 0.413572601 
[stage=2, 35300] loss: 0.399315527 
[stage=2, 35400] loss: 0.390436970 
[stage=2, 35500] loss: 0.419227253 
[stage=2, 35600] loss: 0.436501599 
[stage=2, 35700] loss: 0.411733017 
[stage=2, 35800] loss: 0.382705425 
[stage=2, 35900] loss: 0.392544029 
[stage=2, 36000] loss: 0.402297733 
[stage=2, 36100] loss: 0.402199493 
[stage=2, 36200] loss: 0.429954049 
[stage=2, 36300] loss: 0.420001726 
[stage=2, 36400] loss: 0.395786851 
[stage=2, 36500] loss: 0.377930143 
[stage=2, 36600] loss: 0.382483241 
[stage=2, 36700] loss: 0.386427681 
[stage=2, 36800] loss: 0.382287270 
[stage=2, 36900] loss: 0.405488994 
[stage=2, 37000] loss: 0.374785108 
[stage=2, 37100] loss: 0.415880193 
[stage=2, 37200] loss: 0.427440829 
[stage=2, 37300] loss: 0.397404402 
[stage=2, 37400] loss: 0.400894344 
[stage=2, 37500] loss: 0.414971999 
[stage=2, 37600] loss: 0.398551464 
[stage=2, 37700] loss: 0.405229034 
[stage=2, 37800] loss: 0.371333911 
[stage=2, 37900] loss: 0.387370031 
[stage=2, 38000] loss: 0.390347397 
[stage=2, 38100] loss: 0.401590204 
[stage=2, 38200] loss: 0.398322659 
[stage=2, 38300] loss: 0.413041663 
[stage=2, 38400] loss: 0.403008556 
[stage=2, 38500] loss: 0.400476274 
[stage=2, 38600] loss: 0.382699795 
[stage=2, 38700] loss: 0.388393027 
[stage=2, 38800] loss: 0.379858003 
[stage=2, 38900] loss: 0.394601248 
[stage=2, 39000] loss: 0.383785318 
[stage=2, 39100] loss: 0.410699201 
[stage=2, 39200] loss: 0.411258027 
[stage=2, 39300] loss: 0.369134419 
[stage=2, 39400] loss: 0.377717388 
[stage=2, 39500] loss: 0.379143350 
[stage=2, 39600] loss: 0.419883323 
[stage=2, 39700] loss: 0.375292940 
[stage=2, 39800] loss: 0.384297933 
[stage=2, 39900] loss: 0.397085028 
[stage=2, 40000] loss: 0.376165674 
[stage=2, 40100] loss: 0.404875454 
[stage=2, 40200] loss: 0.386227699 
[stage=2, 40300] loss: 0.394201039 
[stage=2, 40400] loss: 0.375057490 
[stage=2, 40500] loss: 0.388323746 
[stage=2, 40600] loss: 0.402996666 
[stage=2, 40700] loss: 0.386331555 
[stage=2, 40800] loss: 0.415456888 
[stage=2, 40900] loss: 0.398912307 
[stage=2, 41000] loss: 0.381061817 
[stage=2, 41100] loss: 0.393529848 
[stage=2, 41200] loss: 0.362645200 
[stage=2, 41300] loss: 0.403145284 
[stage=2, 41400] loss: 0.380818633 
[stage=2, 41500] loss: 0.375186335 
[stage=2, 41600] loss: 0.367769544 
[stage=2, 41700] loss: 0.402312298 
[stage=2, 41800] loss: 0.431720594 
[stage=2, 41900] loss: 0.366197419 
[stage=2, 42000] loss: 0.375448636 
[stage=2, 42100] loss: 0.383803983 
[stage=2, 42200] loss: 0.381583271 
[stage=2, 42300] loss: 0.383189010 
[stage=2, 42400] loss: 0.418481646 
[stage=2, 42500] loss: 0.376585362 
[stage=2, 42600] loss: 0.386611549 
[stage=2, 42700] loss: 0.410046270 
[stage=2, 42800] loss: 0.390200187 
[stage=2, 42900] loss: 0.370379217 
[stage=2, 43000] loss: 0.407343978 
[stage=2, 43100] loss: 0.355852983 
[stage=2, 43200] loss: 0.384674538 
[stage=2, 43300] loss: 0.359704771 
[stage=2, 43400] loss: 0.390310705 
[stage=2, 43500] loss: 0.374066948 
[stage=2, 43600] loss: 0.387432273 
[stage=2, 43700] loss: 0.372707384 
[stage=2, 43800] loss: 0.369961828 
[stage=2, 43900] loss: 0.397493971 
[stage=2, 44000] loss: 0.394779794 
[stage=2, 44100] loss: 0.396227080 
[stage=2, 44200] loss: 0.350332673 
[stage=2, 44300] loss: 0.373347955 
[stage=2, 44400] loss: 0.377362014 
[stage=2, 44500] loss: 0.385626414 
[stage=2, 44600] loss: 0.402332905 
[stage=2, 44700] loss: 0.370485630 
[stage=2, 44800] loss: 0.376407855 
[stage=2, 44900] loss: 0.361072388 
[stage=2, 45000] loss: 0.345147390 
[stage=2, 45100] loss: 0.394383951 
[stage=2, 45200] loss: 0.367371973 
[stage=2, 45300] loss: 0.370249203 
[stage=2, 45400] loss: 0.375464223 
[stage=2, 45500] loss: 0.389299517 
[stage=2, 45600] loss: 0.399364748 
[stage=2, 45700] loss: 0.355066340 
[stage=2, 45800] loss: 0.396501006 
[stage=2, 45900] loss: 0.382914438 
[stage=2, 46000] loss: 0.385200744 
[stage=2, 46100] loss: 0.362566808 
[stage=2, 46200] loss: 0.350072691 
[stage=2, 46300] loss: 0.376664503 
[stage=2, 46400] loss: 0.377093335 
[stage=2, 46500] loss: 0.373597869 
[stage=2, 46600] loss: 0.379988967 
[stage=2, 46700] loss: 0.371239631 
[stage=2, 46800] loss: 0.394032196 
[stage=2, 46900] loss: 0.370166383 
[stage=2, 47000] loss: 0.361776148 
[stage=2, 47100] loss: 0.371350691 
[stage=2, 47200] loss: 0.374325767 
[stage=2, 47300] loss: 0.355860172 
[stage=2, 47400] loss: 0.381499071 
[stage=2, 47500] loss: 0.400530490 
[stage=2, 47600] loss: 0.379319296 
[stage=2, 47700] loss: 0.348553506 
[stage=2, 47800] loss: 0.368325136 
[stage=2, 47900] loss: 0.376020325 
[stage=2, 48000] loss: 0.377112378 
[stage=2, 48100] loss: 0.370844213 
[stage=2, 48200] loss: 0.361138797 
[stage=2, 48300] loss: 0.378946653 
[stage=2, 48400] loss: 0.366377468 
[stage=2, 48500] loss: 0.389427530 
[stage=2, 48600] loss: 0.366209040 
[stage=2, 48700] loss: 0.363558035 
[stage=2, 48800] loss: 0.377428257 
[stage=2, 48900] loss: 0.359644008 
[stage=2, 49000] loss: 0.362734342 
[stage=2, 49100] loss: 0.370814955 
[stage=2, 49200] loss: 0.395277617 
[stage=2, 49300] loss: 0.374353588 
[stage=2, 49400] loss: 0.344161229 
[stage=2, 49500] loss: 0.367961103 
[stage=2, 49600] loss: 0.366690597 
[stage=2, 49700] loss: 0.368792173 
[stage=2, 49800] loss: 0.363064052 
[stage=2, 49900] loss: 0.352061112 
[stage=2, 50000] loss: 0.351150370 
[stage=2, 50100] loss: 0.403012431 
[stage=2, 50200] loss: 0.379810804 
[stage=2, 50300] loss: 0.351152357 
[stage=2, 50400] loss: 0.373290064 
[stage=2, 50500] loss: 0.359308198 
[stage=2, 50600] loss: 0.341653798 
[stage=2, 50700] loss: 0.389324762 
[stage=2, 50800] loss: 0.396163175 
[stage=2, 50900] loss: 0.372844078 
[stage=2, 51000] loss: 0.361621272 
[stage=2, 51100] loss: 0.389060436 
[stage=2, 51200] loss: 0.359608222 
[stage=2, 51300] loss: 0.358561788 
[stage=2, 51400] loss: 0.371928554 
[stage=2, 51500] loss: 0.351643638 
[stage=2, 51600] loss: 0.353531827 
[stage=2, 51700] loss: 0.353924808 
[stage=2, 51800] loss: 0.353132808 
[stage=2, 51900] loss: 0.371290719 
[stage=2, 52000] loss: 0.363930667 
[stage=2, 52100] loss: 0.352359626 
[stage=2, 52200] loss: 0.379802102 
[stage=2, 52300] loss: 0.378056791 
[stage=2, 52400] loss: 0.361818631 
[stage=2, 52500] loss: 0.371569601 
[stage=2, 52600] loss: 0.336141306 
[stage=2, 52700] loss: 0.356303523 
[stage=2, 52800] loss: 0.355505145 
[stage=2, 52900] loss: 0.376221651 
[stage=2, 53000] loss: 0.377947291 
[stage=2, 53100] loss: 0.360479033 
[stage=2, 53200] loss: 0.343842845 
[stage=2, 53300] loss: 0.346501020 
[stage=2, 53400] loss: 0.342641716 
[stage=2, 53500] loss: 0.347184403 
[stage=2, 53600] loss: 0.363733964 
[stage=2, 53700] loss: 0.343609592 
[stage=2, 53800] loss: 0.361160015 
[stage=2, 53900] loss: 0.372919780 
[stage=2, 54000] loss: 0.362215267 
[stage=2, 54100] loss: 0.353359059 
[stage=2, 54200] loss: 0.368584383 
[stage=2, 54300] loss: 0.366363703 
[stage=2, 54400] loss: 0.363545471 
[stage=2, 54500] loss: 0.334124592 
[stage=2, 54600] loss: 0.343800838 
[stage=2, 54700] loss: 0.351239956 
[stage=2, 54800] loss: 0.347259265 
[stage=2, 54900] loss: 0.357116685 
[stage=2, 55000] loss: 0.380748802 
[stage=2, 55100] loss: 0.363095118 
[stage=2, 55200] loss: 0.351935688 
[stage=2, 55300] loss: 0.353306736 
[stage=2, 55400] loss: 0.337754520 
[stage=2, 55500] loss: 0.346168441 
[stage=2, 55600] loss: 0.362935587 
[stage=2, 55700] loss: 0.335873670 
[stage=2, 55800] loss: 0.372340763 
[stage=2, 55900] loss: 0.371594072 
[stage=2, 56000] loss: 0.346828914 
[stage=2, 56100] loss: 0.319090351 
[stage=2, 56200] loss: 0.353555953 
[stage=2, 56300] loss: 0.350861098 
[stage=2, 56400] loss: 0.350263911 
[stage=2, 56500] loss: 0.345081774 
[stage=2, 56600] loss: 0.356114323 
[stage=2, 56700] loss: 0.353276341 
[stage=2, 56800] loss: 0.346894999 
[stage=2, 56900] loss: 0.359260723 
[stage=2, 57000] loss: 0.350410955 
[stage=2, 57100] loss: 0.357064904 
[stage=2, 57200] loss: 0.343469116 
[stage=2, 57300] loss: 0.363128460 
[stage=2, 57400] loss: 0.356946713 
[stage=2, 57500] loss: 0.363141503 
[stage=2, 57600] loss: 0.362021084 
[stage=2, 57700] loss: 0.361118051 
[stage=2, 57800] loss: 0.335366296 
[stage=2, 57900] loss: 0.334656194 
[stage=2, 58000] loss: 0.351433505 
[stage=2, 58100] loss: 0.346186515 
[stage=2, 58200] loss: 0.329128460 
[stage=2, 58300] loss: 0.349798867 
[stage=2, 58400] loss: 0.351344018 
[stage=2, 58500] loss: 0.387501884 
[stage=2, 58600] loss: 0.342894125 
[stage=2, 58700] loss: 0.332384608 
[stage=2, 58800] loss: 0.363154107 
[stage=2, 58900] loss: 0.328827856 
[stage=2, 59000] loss: 0.333904813 
[stage=2, 59100] loss: 0.379761325 
[stage=2, 59200] loss: 0.365283906 
[stage=2, 59300] loss: 0.348525947 
[stage=2, 59400] loss: 0.359625989 
[stage=2, 59500] loss: 0.348820146 
[stage=2, 59600] loss: 0.349044342 
[stage=2, 59700] loss: 0.347587089 
[stage=2, 59800] loss: 0.342503881 
[stage=2, 59900] loss: 0.335149952 
[stage=2, 60000] loss: 0.321178397 
[stage=2, 60100] loss: 0.356246539 
[stage=2, 60200] loss: 0.336828313 
[stage=2, 60300] loss: 0.349793951 
[stage=2, 60400] loss: 0.337978090 
[stage=2, 60500] loss: 0.326446451 
[stage=2, 60600] loss: 0.367096872 
[stage=2, 60700] loss: 0.354511684 
[stage=2, 60800] loss: 0.353226053 
[stage=2, 60900] loss: 0.331472876 
[stage=2, 61000] loss: 0.343271696 
[stage=2, 61100] loss: 0.346523777 
[stage=2, 61200] loss: 0.346546276 
[stage=2, 61300] loss: 0.358505314 
[stage=2, 61400] loss: 0.346102108 
[stage=2, 61500] loss: 0.337672477 
[stage=2, 61600] loss: 0.325242121 
[stage=2, 61700] loss: 0.320592382 
[stage=2, 61800] loss: 0.346671605 
[stage=2, 61900] loss: 0.330973961 
[stage=2, 62000] loss: 0.335712763 
[stage=2, 62100] loss: 0.348904890 
[stage=2, 62200] loss: 0.351806332 
[stage=2, 62300] loss: 0.347724594 
[stage=2, 62400] loss: 0.337569499 
[stage=2, 62500] loss: 0.347789361 
[stage=2, 62600] loss: 0.351120975 
[stage=2, 62700] loss: 0.345320214 
[stage=2, 62800] loss: 0.334237162 
[stage=2, 62900] loss: 0.315753302 
[stage=2, 63000] loss: 0.334226497 
[stage=2, 63100] loss: 0.344581638 
[stage=2, 63200] loss: 0.347515769 
[stage=2, 63300] loss: 0.340502320 
[stage=2, 63400] loss: 0.346808872 
[stage=2, 63500] loss: 0.344499393 
[stage=2, 63600] loss: 0.334200117 
[stage=2, 63700] loss: 0.329720230 
[stage=2, 63800] loss: 0.324689239 
[stage=2, 63900] loss: 0.334941061 
[stage=2, 64000] loss: 0.318619834 
[stage=2, 64100] loss: 0.339554231 
[stage=2, 64200] loss: 0.355237931 
[stage=2, 64300] loss: 0.345807926 
[stage=2, 64400] loss: 0.335836826 
[stage=2, 64500] loss: 0.329424944 
[stage=2, 64600] loss: 0.338552996 
[stage=2, 64700] loss: 0.352874953 
[stage=2, 64800] loss: 0.325469799 
[stage=2, 64900] loss: 0.325861617 
[stage=2, 65000] loss: 0.345920647 
[stage=2, 65100] loss: 0.325481423 
[stage=2, 65200] loss: 0.349066293 
[stage=2, 65300] loss: 0.345984696 
[stage=2, 65400] loss: 0.330349945 
[stage=2, 65500] loss: 0.340403567 
[stage=2, 65600] loss: 0.323411266 
[stage=2, 65700] loss: 0.347384409 
[stage=2, 65800] loss: 0.339874091 
[stage=2, 65900] loss: 0.355004738 
[stage=2, 66000] loss: 0.343673690 
[stage=2, 66100] loss: 0.320339360 
[stage=2, 66200] loss: 0.327727438 
[stage=2, 66300] loss: 0.314975497 
[stage=2, 66400] loss: 0.341052497 
[stage=2, 66500] loss: 0.333417313 
[stage=2, 66600] loss: 0.315411977 
[stage=2, 66700] loss: 0.329245159 
[stage=2, 66800] loss: 0.339984842 
[stage=2, 66900] loss: 0.351945402 
[stage=2, 67000] loss: 0.323502136 
[stage=2, 67100] loss: 0.327647047 
[stage=2, 67200] loss: 0.324739486 
[stage=2, 67300] loss: 0.313587654 
[stage=2, 67400] loss: 0.333463756 
[stage=2, 67500] loss: 0.352959630 
[stage=2, 67600] loss: 0.330812027 
[stage=2, 67700] loss: 0.328913108 
[stage=2, 67800] loss: 0.353629622 
[stage=2, 67900] loss: 0.328602553 
[stage=2, 68000] loss: 0.331099078 
[stage=2, 68100] loss: 0.348617322 
[stage=2, 68200] loss: 0.311746258 
[stage=2, 68300] loss: 0.329279363 
[stage=2, 68400] loss: 0.319434612 
[stage=2, 68500] loss: 0.334083107 
[stage=2, 68600] loss: 0.324747002 
[stage=2, 68700] loss: 0.331169755 
[stage=2, 68800] loss: 0.314423871 
[stage=2, 68900] loss: 0.337596202 
[stage=2, 69000] loss: 0.339214396 
[stage=2, 69100] loss: 0.344449489 
[stage=2, 69200] loss: 0.337040794 
[stage=2, 69300] loss: 0.320642045 
[stage=2, 69400] loss: 0.320062745 
[stage=2, 69500] loss: 0.322042902 
[stage=2, 69600] loss: 0.333735143 
[stage=2, 69700] loss: 0.344726088 
[stage=2, 69800] loss: 0.320861379 
[stage=2, 69900] loss: 0.320587238 
[stage=2, 70000] loss: 0.314512061 
[stage=2, 70100] loss: 0.305163339 
[stage=2, 70200] loss: 0.327754888 
[stage=2, 70300] loss: 0.326781786 
[stage=2, 70400] loss: 0.313511717 
[stage=2, 70500] loss: 0.333994213 
[stage=2, 70600] loss: 0.335283490 
[stage=2, 70700] loss: 0.342506764 
[stage=2, 70800] loss: 0.309950354 
[stage=2, 70900] loss: 0.350734897 
[stage=2, 71000] loss: 0.322151015 
[stage=2, 71100] loss: 0.341227223 
[stage=2, 71200] loss: 0.305434467 
[stage=2, 71300] loss: 0.307966744 
[stage=2, 71400] loss: 0.310837321 
[stage=2, 71500] loss: 0.339311969 
[stage=2, 71600] loss: 0.319419469 
[stage=2, 71700] loss: 0.340962103 
[stage=2, 71800] loss: 0.326859685 
[stage=2, 71900] loss: 0.329562781 
[stage=2, 72000] loss: 0.330908413 
[stage=2, 72100] loss: 0.311922423 
[stage=2, 72200] loss: 0.319118706 
[stage=2, 72300] loss: 0.321926151 
[stage=2, 72400] loss: 0.309767872 
[stage=2, 72500] loss: 0.338368416 
[stage=2, 72600] loss: 0.340309181 
[stage=2, 72700] loss: 0.318364181 
[stage=2, 72800] loss: 0.296034303 
[stage=2, 72900] loss: 0.314221963 
[stage=2, 73000] loss: 0.325039820 
[stage=2, 73100] loss: 0.330671299 
[stage=2, 73200] loss: 0.310949227 
[stage=2, 73300] loss: 0.320181158 
[stage=2, 73400] loss: 0.332064292 
[stage=2, 73500] loss: 0.320723329 
[stage=2, 73600] loss: 0.325211627 
[stage=2, 73700] loss: 0.322038604 
[stage=2, 73800] loss: 0.310510578 
[stage=2, 73900] loss: 0.332531873 
[stage=2, 74000] loss: 0.309223838 
[stage=2, 74100] loss: 0.319194932 
[stage=2, 74200] loss: 0.330463171 
[stage=2, 74300] loss: 0.336104117 
[stage=2, 74400] loss: 0.324243744 
[stage=2, 74500] loss: 0.300109470 
[stage=2, 74600] loss: 0.314174630 
[stage=2, 74700] loss: 0.319674183 
[stage=2, 74800] loss: 0.314427831 
[stage=2, 74900] loss: 0.303167697 
[stage=2, 75000] loss: 0.310404483 
[stage=2, 75100] loss: 0.313749071 
[stage=2, 75200] loss: 0.343071356 
[stage=2, 75300] loss: 0.314869370 
[stage=2, 75400] loss: 0.308319130 
[stage=2, 75500] loss: 0.331140725 
[stage=2, 75600] loss: 0.298146608 
[stage=2, 75700] loss: 0.309469710 
[stage=2, 75800] loss: 0.336206929 
[stage=2, 75900] loss: 0.336443369 
[stage=2, 76000] loss: 0.326975905 
[stage=2, 76100] loss: 0.330533401 
[stage=2, 76200] loss: 0.320791628 
[stage=2, 76300] loss: 0.311616467 
[stage=2, 76400] loss: 0.322023810 
[stage=2, 76500] loss: 0.309426201 
[stage=2, 76600] loss: 0.313829506 
[stage=2, 76700] loss: 0.303072295 
[stage=2, 76800] loss: 0.325438004 
[stage=2, 76900] loss: 0.304678326 
[stage=2, 77000] loss: 0.305082630 
[stage=2, 77100] loss: 0.312818560 
[stage=2, 77200] loss: 0.305029316 
[stage=2, 77300] loss: 0.335257294 
[stage=2, 77400] loss: 0.335288538 
[stage=2, 77500] loss: 0.317281522 
[stage=2, 77600] loss: 0.314311187 
[stage=2, 77700] loss: 0.301819553 
[stage=2, 77800] loss: 0.312775641 
[stage=2, 77900] loss: 0.311328964 
[stage=2, 78000] loss: 0.324767081 
[stage=2, 78100] loss: 0.325223924 
[stage=2, 78200] loss: 0.308878697 
[stage=2, 78300] loss: 0.294490378 
[stage=2, 78400] loss: 0.303802462 
[stage=2, 78500] loss: 0.301339704 
[stage=2, 78600] loss: 0.300937195 
[stage=2, 78700] loss: 0.322415112 
[stage=2, 78800] loss: 0.309686150 
[stage=2, 78900] loss: 0.317053165 
[stage=2, 79000] loss: 0.321696708 
[stage=2, 79100] loss: 0.312809202 
[stage=2, 79200] loss: 0.312989248 
[stage=2, 79300] loss: 0.320674523 
[stage=2, 79400] loss: 0.308676991 
[stage=2, 79500] loss: 0.318044274 
[stage=2, 79600] loss: 0.306595133 
[stage=2, 79700] loss: 0.295387991 
[stage=2, 79800] loss: 0.302989722 
[stage=2, 79900] loss: 0.313210112 
[stage=2, 80000] loss: 0.302528669 
[stage=2, 80100] loss: 0.319981785 
[stage=2, 80200] loss: 0.305294150 
[stage=2, 80300] loss: 0.292846386 
[stage=2, 80400] loss: 0.284799371 
[stage=2, 80500] loss: 0.288789285 
[stage=2, 80600] loss: 0.278608725 
[stage=2, 80700] loss: 0.290124565 
[stage=2, 80800] loss: 0.288252694 
[stage=2, 80900] loss: 0.301768810 
[stage=2, 81000] loss: 0.299191583 
[stage=2, 81100] loss: 0.281487254 
[stage=2, 81200] loss: 0.272379582 
[stage=2, 81300] loss: 0.283178659 
[stage=2, 81400] loss: 0.299303007 
[stage=2, 81500] loss: 0.279126472 
[stage=2, 81600] loss: 0.276403028 
[stage=2, 81700] loss: 0.287265360 
[stage=2, 81800] loss: 0.278900785 
[stage=2, 81900] loss: 0.294407979 
[stage=2, 82000] loss: 0.281112884 
[stage=2, 82100] loss: 0.292561966 
[stage=2, 82200] loss: 0.276799017 
[stage=2, 82300] loss: 0.281118678 
[stage=2, 82400] loss: 0.289312152 
[stage=2, 82500] loss: 0.288777337 
[stage=2, 82600] loss: 0.298181434 
[stage=2, 82700] loss: 0.289447444 
[stage=2, 82800] loss: 0.284671374 
[stage=2, 82900] loss: 0.277439764 
[stage=2, 83000] loss: 0.267484852 
[stage=2, 83100] loss: 0.289691833 
[stage=2, 83200] loss: 0.285996045 
[stage=2, 83300] loss: 0.267121406 
[stage=2, 83400] loss: 0.277212782 
[stage=2, 83500] loss: 0.287894683 
[stage=2, 83600] loss: 0.299690964 
[stage=2, 83700] loss: 0.277591120 
[stage=2, 83800] loss: 0.265753397 
[stage=2, 83900] loss: 0.277184897 
[stage=2, 84000] loss: 0.265109161 
[stage=2, 84100] loss: 0.273812653 
[stage=2, 84200] loss: 0.298132686 
[stage=2, 84300] loss: 0.282865893 
[stage=2, 84400] loss: 0.272987288 
[stage=2, 84500] loss: 0.294009554 
[stage=2, 84600] loss: 0.281822978 
[stage=2, 84700] loss: 0.270203177 
[stage=2, 84800] loss: 0.292470149 
[stage=2, 84900] loss: 0.258977568 
[stage=2, 85000] loss: 0.275544402 
[stage=2, 85100] loss: 0.267290348 
[stage=2, 85200] loss: 0.281704278 
[stage=2, 85300] loss: 0.275988580 
[stage=2, 85400] loss: 0.278763201 
[stage=2, 85500] loss: 0.271252897 
[stage=2, 85600] loss: 0.271597088 
[stage=2, 85700] loss: 0.284081010 
[stage=2, 85800] loss: 0.287337150 
[stage=2, 85900] loss: 0.287036836 
[stage=2, 86000] loss: 0.265886187 
[stage=2, 86100] loss: 0.272592183 
[stage=2, 86200] loss: 0.269616987 
[stage=2, 86300] loss: 0.277825213 
[stage=2, 86400] loss: 0.289801327 
[stage=2, 86500] loss: 0.271696344 
[stage=2, 86600] loss: 0.267041774 
[stage=2, 86700] loss: 0.270124091 
[stage=2, 86800] loss: 0.254869249 
[stage=2, 86900] loss: 0.286604978 
[stage=2, 87000] loss: 0.268849890 
[stage=2, 87100] loss: 0.270902847 
[stage=2, 87200] loss: 0.278152997 
[stage=2, 87300] loss: 0.276339067 
[stage=2, 87400] loss: 0.285462626 
[stage=2, 87500] loss: 0.261114775 
[stage=2, 87600] loss: 0.280995063 
[stage=2, 87700] loss: 0.283353691 
[stage=2, 87800] loss: 0.281353763 
[stage=2, 87900] loss: 0.263851072 
[stage=2, 88000] loss: 0.255890639 
[stage=2, 88100] loss: 0.263535097 
[stage=2, 88200] loss: 0.271360238 
[stage=2, 88300] loss: 0.263361657 
[stage=2, 88400] loss: 0.272499177 
[stage=2, 88500] loss: 0.284037307 
[stage=2, 88600] loss: 0.282003728 
[stage=2, 88700] loss: 0.268605572 
[stage=2, 88800] loss: 0.268043879 
[stage=2, 88900] loss: 0.263826912 
[stage=2, 89000] loss: 0.275219279 
[stage=2, 89100] loss: 0.268487885 
[stage=2, 89200] loss: 0.276319726 
[stage=2, 89300] loss: 0.295939108 
[stage=2, 89400] loss: 0.273439863 
[stage=2, 89500] loss: 0.256033503 
[stage=2, 89600] loss: 0.266045065 
[stage=2, 89700] loss: 0.274172821 
[stage=2, 89800] loss: 0.275175150 
[stage=2, 89900] loss: 0.269874930 
[stage=2, 90000] loss: 0.267504666 
[stage=2, 90100] loss: 0.283546166 
[stage=2, 90200] loss: 0.267048125 
[stage=2, 90300] loss: 0.280326376 
[stage=2, 90400] loss: 0.272222448 
[stage=2, 90500] loss: 0.270676428 
[stage=2, 90600] loss: 0.273136863 
[stage=2, 90700] loss: 0.271109037 
[stage=2, 90800] loss: 0.283465459 
[stage=2, 90900] loss: 0.274243930 
[stage=2, 91000] loss: 0.293908369 
[stage=2, 91100] loss: 0.283311336 
[stage=2, 91200] loss: 0.248661087 
[stage=2, 91300] loss: 0.269396164 
[stage=2, 91400] loss: 0.272664772 
[stage=2, 91500] loss: 0.281844669 
[stage=2, 91600] loss: 0.260181465 
[stage=2, 91700] loss: 0.264130476 
[stage=2, 91800] loss: 0.267401255 
[stage=2, 91900] loss: 0.290195596 
[stage=2, 92000] loss: 0.281699262 
[stage=2, 92100] loss: 0.258257058 
[stage=2, 92200] loss: 0.272077943 
[stage=2, 92300] loss: 0.266859317 
[stage=2, 92400] loss: 0.253448738 
[stage=2, 92500] loss: 0.274175196 
[stage=2, 92600] loss: 0.287245736 
[stage=2, 92700] loss: 0.269301624 
[stage=2, 92800] loss: 0.267623608 
[stage=2, 92900] loss: 0.285067071 
[stage=2, 93000] loss: 0.261404366 
[stage=2, 93100] loss: 0.273395825 
[stage=2, 93200] loss: 0.278517845 
[stage=2, 93300] loss: 0.258950810 
[stage=2, 93400] loss: 0.260234706 
[stage=2, 93500] loss: 0.261923383 
[stage=2, 93600] loss: 0.266881998 
[stage=2, 93700] loss: 0.271398834 
[stage=2, 93800] loss: 0.268110934 
[stage=2, 93900] loss: 0.262656780 
[stage=2, 94000] loss: 0.275968150 
[stage=2, 94100] loss: 0.278166107 
[stage=2, 94200] loss: 0.263988257 
[stage=2, 94300] loss: 0.283510218 
[stage=2, 94400] loss: 0.256117658 
[stage=2, 94500] loss: 0.260979677 
[stage=2, 94600] loss: 0.263129494 
[stage=2, 94700] loss: 0.273822351 
[stage=2, 94800] loss: 0.277587119 
[stage=2, 94900] loss: 0.261616191 
[stage=2, 95000] loss: 0.257115452 
[stage=2, 95100] loss: 0.260186649 
[stage=2, 95200] loss: 0.259504213 
[stage=2, 95300] loss: 0.265483822 
[stage=2, 95400] loss: 0.273025815 
[stage=2, 95500] loss: 0.258880935 
[stage=2, 95600] loss: 0.273228176 
[stage=2, 95700] loss: 0.268840830 
[stage=2, 95800] loss: 0.267751247 
[stage=2, 95900] loss: 0.258591554 
[stage=2, 96000] loss: 0.277306973 
[stage=2, 96100] loss: 0.271097803 
[stage=2, 96200] loss: 0.264973290 
[stage=2, 96300] loss: 0.248063859 
[stage=2, 96400] loss: 0.258068434 
[stage=2, 96500] loss: 0.260208746 
[stage=2, 96600] loss: 0.261806986 
[stage=2, 96700] loss: 0.256330734 
[stage=2, 96800] loss: 0.285636902 
[stage=2, 96900] loss: 0.275349409 
[stage=2, 97000] loss: 0.267460094 
[stage=2, 97100] loss: 0.260979311 
[stage=2, 97200] loss: 0.251302649 
[stage=2, 97300] loss: 0.265213007 
[stage=2, 97400] loss: 0.269545465 
[stage=2, 97500] loss: 0.256525766 
[stage=2, 97600] loss: 0.281098264 
[stage=2, 97700] loss: 0.281686766 
[stage=2, 97800] loss: 0.264238533 
[stage=2, 97900] loss: 0.250456663 
[stage=2, 98000] loss: 0.267976820 
[stage=2, 98100] loss: 0.269334519 
[stage=2, 98200] loss: 0.264286496 
[stage=2, 98300] loss: 0.259106718 
[stage=2, 98400] loss: 0.263279426 
[stage=2, 98500] loss: 0.271935091 
[stage=2, 98600] loss: 0.262541576 
[stage=2, 98700] loss: 0.275087885 
[stage=2, 98800] loss: 0.274312747 
[stage=2, 98900] loss: 0.262263565 
[stage=2, 99000] loss: 0.266449179 
[stage=2, 99100] loss: 0.272370471 
[stage=2, 99200] loss: 0.275569212 
[stage=2, 99300] loss: 0.273997409 
[stage=2, 99400] loss: 0.272169146 
[stage=2, 99500] loss: 0.276624186 
[stage=2, 99600] loss: 0.249977379 
[stage=2, 99700] loss: 0.262815245 
[stage=2, 99800] loss: 0.272397505 
[stage=2, 99900] loss: 0.268793670 
