[stage=2,   100] loss: 0.301779662 
[stage=2,   200] loss: 0.289180723 
[stage=2,   300] loss: 0.301922097 
[stage=2,   400] loss: 0.304648694 
[stage=2,   500] loss: 0.314323606 
[stage=2,   600] loss: 0.315299612 
[stage=2,   700] loss: 0.297099271 
[stage=2,   800] loss: 0.290359042 
[stage=2,   900] loss: 0.304943512 
[stage=2,  1000] loss: 0.322463454 
[stage=2,  1100] loss: 0.299574088 
[stage=2,  1200] loss: 0.301057258 
[stage=2,  1300] loss: 0.286621211 
[stage=2,  1400] loss: 0.312169459 
[stage=2,  1500] loss: 0.311561847 
[stage=2,  1600] loss: 0.304096927 
[stage=2,  1700] loss: 0.302282116 
[stage=2,  1800] loss: 0.303641765 
[stage=2,  1900] loss: 0.311749703 
[stage=2,  2000] loss: 0.325677148 
[stage=2,  2100] loss: 0.300596335 
[stage=2,  2200] loss: 0.306417964 
[stage=2,  2300] loss: 0.296899085 
[stage=2,  2400] loss: 0.308530868 
[stage=2,  2500] loss: 0.313074806 
[stage=2,  2600] loss: 0.306806426 
[stage=2,  2700] loss: 0.312781538 
[stage=2,  2800] loss: 0.314101094 
[stage=2,  2900] loss: 0.307411821 
[stage=2,  3000] loss: 0.303420969 
[stage=2,  3100] loss: 0.302894055 
[stage=2,  3200] loss: 0.300093379 
[stage=2,  3300] loss: 0.309195831 
[stage=2,  3400] loss: 0.281905100 
[stage=2,  3500] loss: 0.305717400 
[stage=2,  3600] loss: 0.322595487 
[stage=2,  3700] loss: 0.304278667 
[stage=2,  3800] loss: 0.312846948 
[stage=2,  3900] loss: 0.319395022 
[stage=2,  4000] loss: 0.292176460 
[stage=2,  4100] loss: 0.304906243 
[stage=2,  4200] loss: 0.313424517 
[stage=2,  4300] loss: 0.299385827 
[stage=2,  4400] loss: 0.292780154 
[stage=2,  4500] loss: 0.279173639 
[stage=2,  4600] loss: 0.295068908 
[stage=2,  4700] loss: 0.295219936 
[stage=2,  4800] loss: 0.310006974 
[stage=2,  4900] loss: 0.309017789 
[stage=2,  5000] loss: 0.302148203 
[stage=2,  5100] loss: 0.289395087 
[stage=2,  5200] loss: 0.297129383 
[stage=2,  5300] loss: 0.304324363 
[stage=2,  5400] loss: 0.307609432 
[stage=2,  5500] loss: 0.301908754 
[stage=2,  5600] loss: 0.305102866 
[stage=2,  5700] loss: 0.311240654 
[stage=2,  5800] loss: 0.311586205 
[stage=2,  5900] loss: 0.306839634 
[stage=2,  6000] loss: 0.289506137 
[stage=2,  6100] loss: 0.299958304 
[stage=2,  6200] loss: 0.307167295 
[stage=2,  6300] loss: 0.322760401 
[stage=2,  6400] loss: 0.305958164 
[stage=2,  6500] loss: 0.286819238 
[stage=2,  6600] loss: 0.305692722 
[stage=2,  6700] loss: 0.286382719 
[stage=2,  6800] loss: 0.299700372 
[stage=2,  6900] loss: 0.312033708 
[stage=2,  7000] loss: 0.304922101 
[stage=2,  7100] loss: 0.302579283 
[stage=2,  7200] loss: 0.305234241 
[stage=2,  7300] loss: 0.302372878 
[stage=2,  7400] loss: 0.300239061 
[stage=2,  7500] loss: 0.294530969 
[stage=2,  7600] loss: 0.314454939 
[stage=2,  7700] loss: 0.294781933 
[stage=2,  7800] loss: 0.304133127 
[stage=2,  7900] loss: 0.311377396 
[stage=2,  8000] loss: 0.304756602 
[stage=2,  8100] loss: 0.303771636 
[stage=2,  8200] loss: 0.300727412 
[stage=2,  8300] loss: 0.300458580 
[stage=2,  8400] loss: 0.292193228 
[stage=2,  8500] loss: 0.287503223 
[stage=2,  8600] loss: 0.292782848 
[stage=2,  8700] loss: 0.312757301 
[stage=2,  8800] loss: 0.307213454 
[stage=2,  8900] loss: 0.295523077 
[stage=2,  9000] loss: 0.298377704 
[stage=2,  9100] loss: 0.290187216 
[stage=2,  9200] loss: 0.312271568 
[stage=2,  9300] loss: 0.318749231 
[stage=2,  9400] loss: 0.288764472 
[stage=2,  9500] loss: 0.297924241 
[stage=2,  9600] loss: 0.298984182 
[stage=2,  9700] loss: 0.294261586 
[stage=2,  9800] loss: 0.307115777 
[stage=2,  9900] loss: 0.292789405 
[stage=2, 10000] loss: 0.309406645 
[stage=2, 10100] loss: 0.281985002 
[stage=2, 10200] loss: 0.287317822 
[stage=2, 10300] loss: 0.281673696 
[stage=2, 10400] loss: 0.283025283 
[stage=2, 10500] loss: 0.289221293 
[stage=2, 10600] loss: 0.299538478 
[stage=2, 10700] loss: 0.286815528 
[stage=2, 10800] loss: 0.272694356 
[stage=2, 10900] loss: 0.294661105 
[stage=2, 11000] loss: 0.312180321 
[stage=2, 11100] loss: 0.292239839 
[stage=2, 11200] loss: 0.296920703 
[stage=2, 11300] loss: 0.280341098 
[stage=2, 11400] loss: 0.296437485 
[stage=2, 11500] loss: 0.294138338 
[stage=2, 11600] loss: 0.299912363 
[stage=2, 11700] loss: 0.289431221 
[stage=2, 11800] loss: 0.279838884 
[stage=2, 11900] loss: 0.304254747 
[stage=2, 12000] loss: 0.309210890 
[stage=2, 12100] loss: 0.295760423 
[stage=2, 12200] loss: 0.288763469 
[stage=2, 12300] loss: 0.277947903 
[stage=2, 12400] loss: 0.295152428 
[stage=2, 12500] loss: 0.302377039 
[stage=2, 12600] loss: 0.289762166 
[stage=2, 12700] loss: 0.300781901 
[stage=2, 12800] loss: 0.303405979 
[stage=2, 12900] loss: 0.277698708 
[stage=2, 13000] loss: 0.297362097 
[stage=2, 13100] loss: 0.279068009 
[stage=2, 13200] loss: 0.291027098 
[stage=2, 13300] loss: 0.304581183 
[stage=2, 13400] loss: 0.272070697 
[stage=2, 13500] loss: 0.288396564 
[stage=2, 13600] loss: 0.303553728 
[stage=2, 13700] loss: 0.297807316 
[stage=2, 13800] loss: 0.295747164 
[stage=2, 13900] loss: 0.303749609 
[stage=2, 14000] loss: 0.280175075 
[stage=2, 14100] loss: 0.296152451 
[stage=2, 14200] loss: 0.285803058 
[stage=2, 14300] loss: 0.286676581 
[stage=2, 14400] loss: 0.280765421 
[stage=2, 14500] loss: 0.277489249 
[stage=2, 14600] loss: 0.274493369 
[stage=2, 14700] loss: 0.274602101 
[stage=2, 14800] loss: 0.293361561 
[stage=2, 14900] loss: 0.290968539 
[stage=2, 15000] loss: 0.282167070 
[stage=2, 15100] loss: 0.283989110 
[stage=2, 15200] loss: 0.282614077 
[stage=2, 15300] loss: 0.291051611 
[stage=2, 15400] loss: 0.289438668 
[stage=2, 15500] loss: 0.282954165 
[stage=2, 15600] loss: 0.294032836 
[stage=2, 15700] loss: 0.301858525 
[stage=2, 15800] loss: 0.304333310 
[stage=2, 15900] loss: 0.287832475 
[stage=2, 16000] loss: 0.276574690 
[stage=2, 16100] loss: 0.291620276 
[stage=2, 16200] loss: 0.291966291 
[stage=2, 16300] loss: 0.312936947 
[stage=2, 16400] loss: 0.289463644 
[stage=2, 16500] loss: 0.277584384 
[stage=2, 16600] loss: 0.287570501 
[stage=2, 16700] loss: 0.283210756 
[stage=2, 16800] loss: 0.294652648 
[stage=2, 16900] loss: 0.280030887 
[stage=2, 17000] loss: 0.296122602 
[stage=2, 17100] loss: 0.282552281 
[stage=2, 17200] loss: 0.293261103 
[stage=2, 17300] loss: 0.294213815 
[stage=2, 17400] loss: 0.292993091 
[stage=2, 17500] loss: 0.282765078 
[stage=2, 17600] loss: 0.291488126 
[stage=2, 17700] loss: 0.286270591 
[stage=2, 17800] loss: 0.284690267 
[stage=2, 17900] loss: 0.300438306 
[stage=2, 18000] loss: 0.286499276 
[stage=2, 18100] loss: 0.284551267 
[stage=2, 18200] loss: 0.289031157 
[stage=2, 18300] loss: 0.281239613 
[stage=2, 18400] loss: 0.281528893 
[stage=2, 18500] loss: 0.278416812 
[stage=2, 18600] loss: 0.274552701 
[stage=2, 18700] loss: 0.290541328 
[stage=2, 18800] loss: 0.293081146 
[stage=2, 18900] loss: 0.281591049 
[stage=2, 19000] loss: 0.283257843 
[stage=2, 19100] loss: 0.291724713 
[stage=2, 19200] loss: 0.283848516 
[stage=2, 19300] loss: 0.312761299 
[stage=2, 19400] loss: 0.276524125 
[stage=2, 19500] loss: 0.288889894 
[stage=2, 19600] loss: 0.287076109 
[stage=2, 19700] loss: 0.286737860 
[stage=2, 19800] loss: 0.298374589 
[stage=2, 19900] loss: 0.278689348 
[stage=2, 20000] loss: 0.285060351 
[stage=2, 20100] loss: 0.274562459 
[stage=2, 20200] loss: 0.276083108 
[stage=2, 20300] loss: 0.269093760 
[stage=2, 20400] loss: 0.271154076 
[stage=2, 20500] loss: 0.274144675 
[stage=2, 20600] loss: 0.287572126 
[stage=2, 20700] loss: 0.282260529 
[stage=2, 20800] loss: 0.264139372 
[stage=2, 20900] loss: 0.285949857 
[stage=2, 21000] loss: 0.302703589 
[stage=2, 21100] loss: 0.276568058 
[stage=2, 21200] loss: 0.276933661 
[stage=2, 21300] loss: 0.270613242 
[stage=2, 21400] loss: 0.289786468 
[stage=2, 21500] loss: 0.278946112 
[stage=2, 21600] loss: 0.290260819 
[stage=2, 21700] loss: 0.276195773 
[stage=2, 21800] loss: 0.272531431 
[stage=2, 21900] loss: 0.292462036 
[stage=2, 22000] loss: 0.291314856 
[stage=2, 22100] loss: 0.285189535 
[stage=2, 22200] loss: 0.279599250 
[stage=2, 22300] loss: 0.269985388 
[stage=2, 22400] loss: 0.281523579 
[stage=2, 22500] loss: 0.279352993 
[stage=2, 22600] loss: 0.284500121 
[stage=2, 22700] loss: 0.285903706 
[stage=2, 22800] loss: 0.292335396 
[stage=2, 22900] loss: 0.278264929 
[stage=2, 23000] loss: 0.281552963 
[stage=2, 23100] loss: 0.274455059 
[stage=2, 23200] loss: 0.278539819 
[stage=2, 23300] loss: 0.281644790 
[stage=2, 23400] loss: 0.267198246 
[stage=2, 23500] loss: 0.274462831 
[stage=2, 23600] loss: 0.293428169 
[stage=2, 23700] loss: 0.275089991 
[stage=2, 23800] loss: 0.288830955 
[stage=2, 23900] loss: 0.293750000 
[stage=2, 24000] loss: 0.273116850 
[stage=2, 24100] loss: 0.278770407 
[stage=2, 24200] loss: 0.263363904 
[stage=2, 24300] loss: 0.283374219 
[stage=2, 24400] loss: 0.279833832 
[stage=2, 24500] loss: 0.265672682 
[stage=2, 24600] loss: 0.267991624 
[stage=2, 24700] loss: 0.262469436 
[stage=2, 24800] loss: 0.285898207 
[stage=2, 24900] loss: 0.288731204 
[stage=2, 25000] loss: 0.277317069 
[stage=2, 25100] loss: 0.266902954 
[stage=2, 25200] loss: 0.277025072 
[stage=2, 25300] loss: 0.270133328 
[stage=2, 25400] loss: 0.283940272 
[stage=2, 25500] loss: 0.273255302 
[stage=2, 25600] loss: 0.287759905 
[stage=2, 25700] loss: 0.281047716 
[stage=2, 25800] loss: 0.299158004 
[stage=2, 25900] loss: 0.270577477 
[stage=2, 26000] loss: 0.277757091 
[stage=2, 26100] loss: 0.275622304 
[stage=2, 26200] loss: 0.280171729 
[stage=2, 26300] loss: 0.294926355 
[stage=2, 26400] loss: 0.289010446 
[stage=2, 26500] loss: 0.265112068 
[stage=2, 26600] loss: 0.271587623 
[stage=2, 26700] loss: 0.267078123 
[stage=2, 26800] loss: 0.281049743 
[stage=2, 26900] loss: 0.274155566 
[stage=2, 27000] loss: 0.276240402 
[stage=2, 27100] loss: 0.276333004 
[stage=2, 27200] loss: 0.280660518 
[stage=2, 27300] loss: 0.272318529 
[stage=2, 27400] loss: 0.287378324 
[stage=2, 27500] loss: 0.280219771 
[stage=2, 27600] loss: 0.285107217 
[stage=2, 27700] loss: 0.270551624 
[stage=2, 27800] loss: 0.275762097 
[stage=2, 27900] loss: 0.294077270 
[stage=2, 28000] loss: 0.274056880 
[stage=2, 28100] loss: 0.271885040 
[stage=2, 28200] loss: 0.286058327 
[stage=2, 28300] loss: 0.277994395 
[stage=2, 28400] loss: 0.272117503 
[stage=2, 28500] loss: 0.262881523 
[stage=2, 28600] loss: 0.266599112 
[stage=2, 28700] loss: 0.278241271 
[stage=2, 28800] loss: 0.287628113 
[stage=2, 28900] loss: 0.274433381 
[stage=2, 29000] loss: 0.274848874 
[stage=2, 29100] loss: 0.273933776 
[stage=2, 29200] loss: 0.273870584 
[stage=2, 29300] loss: 0.291827841 
[stage=2, 29400] loss: 0.277373248 
[stage=2, 29500] loss: 0.270393546 
[stage=2, 29600] loss: 0.266027255 
[stage=2, 29700] loss: 0.274785804 
[stage=2, 29800] loss: 0.274750780 
[stage=2, 29900] loss: 0.279887540 
[stage=2, 30000] loss: 0.279241073 
[stage=2, 30100] loss: 0.263715131 
[stage=2, 30200] loss: 0.271035386 
[stage=2, 30300] loss: 0.256567504 
[stage=2, 30400] loss: 0.263370065 
[stage=2, 30500] loss: 0.265943420 
[stage=2, 30600] loss: 0.275185632 
[stage=2, 30700] loss: 0.261291633 
[stage=2, 30800] loss: 0.259770252 
[stage=2, 30900] loss: 0.269927037 
[stage=2, 31000] loss: 0.287935611 
[stage=2, 31100] loss: 0.271164941 
[stage=2, 31200] loss: 0.272166988 
[stage=2, 31300] loss: 0.255954521 
[stage=2, 31400] loss: 0.275809833 
[stage=2, 31500] loss: 0.263367604 
[stage=2, 31600] loss: 0.287709577 
[stage=2, 31700] loss: 0.267676238 
[stage=2, 31800] loss: 0.262790736 
[stage=2, 31900] loss: 0.278382087 
[stage=2, 32000] loss: 0.275367874 
[stage=2, 32100] loss: 0.272771669 
[stage=2, 32200] loss: 0.273287034 
[stage=2, 32300] loss: 0.265209524 
[stage=2, 32400] loss: 0.274423775 
[stage=2, 32500] loss: 0.267900555 
[stage=2, 32600] loss: 0.275572228 
[stage=2, 32700] loss: 0.276996443 
[stage=2, 32800] loss: 0.282128041 
[stage=2, 32900] loss: 0.274303174 
[stage=2, 33000] loss: 0.268429391 
[stage=2, 33100] loss: 0.264637707 
[stage=2, 33200] loss: 0.278206680 
[stage=2, 33300] loss: 0.268336026 
[stage=2, 33400] loss: 0.257786774 
[stage=2, 33500] loss: 0.260551653 
[stage=2, 33600] loss: 0.287818745 
[stage=2, 33700] loss: 0.268322467 
[stage=2, 33800] loss: 0.277057746 
[stage=2, 33900] loss: 0.283171647 
[stage=2, 34000] loss: 0.261191292 
[stage=2, 34100] loss: 0.274572986 
[stage=2, 34200] loss: 0.262264065 
[stage=2, 34300] loss: 0.269709045 
[stage=2, 34400] loss: 0.263604749 
[stage=2, 34500] loss: 0.263691828 
[stage=2, 34600] loss: 0.253265844 
[stage=2, 34700] loss: 0.257481315 
[stage=2, 34800] loss: 0.270791780 
[stage=2, 34900] loss: 0.281815737 
[stage=2, 35000] loss: 0.264635579 
[stage=2, 35100] loss: 0.257807874 
[stage=2, 35200] loss: 0.260814909 
[stage=2, 35300] loss: 0.262885571 
[stage=2, 35400] loss: 0.272669430 
[stage=2, 35500] loss: 0.264850624 
[stage=2, 35600] loss: 0.271422869 
[stage=2, 35700] loss: 0.266358131 
[stage=2, 35800] loss: 0.291152453 
[stage=2, 35900] loss: 0.266443486 
[stage=2, 36000] loss: 0.265792953 
[stage=2, 36100] loss: 0.268795226 
[stage=2, 36200] loss: 0.263191032 
[stage=2, 36300] loss: 0.283135884 
[stage=2, 36400] loss: 0.279496543 
[stage=2, 36500] loss: 0.248692493 
[stage=2, 36600] loss: 0.264833856 
[stage=2, 36700] loss: 0.264137401 
[stage=2, 36800] loss: 0.266715240 
[stage=2, 36900] loss: 0.261195277 
[stage=2, 37000] loss: 0.270175199 
[stage=2, 37100] loss: 0.270247464 
[stage=2, 37200] loss: 0.267393947 
[stage=2, 37300] loss: 0.271203916 
[stage=2, 37400] loss: 0.270499125 
[stage=2, 37500] loss: 0.262099655 
[stage=2, 37600] loss: 0.277823351 
[stage=2, 37700] loss: 0.260733371 
[stage=2, 37800] loss: 0.261373746 
[stage=2, 37900] loss: 0.279444578 
[stage=2, 38000] loss: 0.271196830 
[stage=2, 38100] loss: 0.259184523 
[stage=2, 38200] loss: 0.272605814 
[stage=2, 38300] loss: 0.260011766 
[stage=2, 38400] loss: 0.262332018 
[stage=2, 38500] loss: 0.255997077 
[stage=2, 38600] loss: 0.255101440 
[stage=2, 38700] loss: 0.265152649 
[stage=2, 38800] loss: 0.279469957 
[stage=2, 38900] loss: 0.267386686 
[stage=2, 39000] loss: 0.266765157 
[stage=2, 39100] loss: 0.270394482 
[stage=2, 39200] loss: 0.264368094 
[stage=2, 39300] loss: 0.270119803 
[stage=2, 39400] loss: 0.276961805 
[stage=2, 39500] loss: 0.258690344 
[stage=2, 39600] loss: 0.259929662 
[stage=2, 39700] loss: 0.268527712 
[stage=2, 39800] loss: 0.270929904 
[stage=2, 39900] loss: 0.261384452 
[stage=2, 40000] loss: 0.271798123 
[stage=2, 40100] loss: 0.251201451 
[stage=2, 40200] loss: 0.261397117 
[stage=2, 40300] loss: 0.243118465 
[stage=2, 40400] loss: 0.247748673 
[stage=2, 40500] loss: 0.260357172 
[stage=2, 40600] loss: 0.269486684 
[stage=2, 40700] loss: 0.253612958 
[stage=2, 40800] loss: 0.249443207 
[stage=2, 40900] loss: 0.260170531 
[stage=2, 41000] loss: 0.280613341 
[stage=2, 41100] loss: 0.267783063 
[stage=2, 41200] loss: 0.261757226 
[stage=2, 41300] loss: 0.245039880 
[stage=2, 41400] loss: 0.265118588 
[stage=2, 41500] loss: 0.261728060 
[stage=2, 41600] loss: 0.270107793 
[stage=2, 41700] loss: 0.264969921 
[stage=2, 41800] loss: 0.239602663 
[stage=2, 41900] loss: 0.276526801 
[stage=2, 42000] loss: 0.266141701 
[stage=2, 42100] loss: 0.273110452 
[stage=2, 42200] loss: 0.251685337 
[stage=2, 42300] loss: 0.259041081 
[stage=2, 42400] loss: 0.263911714 
[stage=2, 42500] loss: 0.258706902 
[stage=2, 42600] loss: 0.265624608 
[stage=2, 42700] loss: 0.268364152 
[stage=2, 42800] loss: 0.273217945 
[stage=2, 42900] loss: 0.259136393 
[stage=2, 43000] loss: 0.266812480 
[stage=2, 43100] loss: 0.253417992 
[stage=2, 43200] loss: 0.261546986 
[stage=2, 43300] loss: 0.271083121 
[stage=2, 43400] loss: 0.248601848 
[stage=2, 43500] loss: 0.249812503 
[stage=2, 43600] loss: 0.276248520 
[stage=2, 43700] loss: 0.259581922 
[stage=2, 43800] loss: 0.272753275 
[stage=2, 43900] loss: 0.275532322 
[stage=2, 44000] loss: 0.251277608 
[stage=2, 44100] loss: 0.259900184 
[stage=2, 44200] loss: 0.259563468 
[stage=2, 44300] loss: 0.263222930 
[stage=2, 44400] loss: 0.260698916 
[stage=2, 44500] loss: 0.251654360 
[stage=2, 44600] loss: 0.238471873 
[stage=2, 44700] loss: 0.251086943 
[stage=2, 44800] loss: 0.259250390 
[stage=2, 44900] loss: 0.271677729 
[stage=2, 45000] loss: 0.260804719 
[stage=2, 45100] loss: 0.257483316 
[stage=2, 45200] loss: 0.255979103 
[stage=2, 45300] loss: 0.254905203 
[stage=2, 45400] loss: 0.262243422 
[stage=2, 45500] loss: 0.266546312 
[stage=2, 45600] loss: 0.268142006 
[stage=2, 45700] loss: 0.262167594 
[stage=2, 45800] loss: 0.283901939 
[stage=2, 45900] loss: 0.263518425 
[stage=2, 46000] loss: 0.258219202 
[stage=2, 46100] loss: 0.260654751 
[stage=2, 46200] loss: 0.243226271 
[stage=2, 46300] loss: 0.283733291 
[stage=2, 46400] loss: 0.266236753 
[stage=2, 46500] loss: 0.245846412 
[stage=2, 46600] loss: 0.260139754 
[stage=2, 46700] loss: 0.259908115 
[stage=2, 46800] loss: 0.255905023 
[stage=2, 46900] loss: 0.261476402 
[stage=2, 47000] loss: 0.266470367 
[stage=2, 47100] loss: 0.264335665 
[stage=2, 47200] loss: 0.253370004 
[stage=2, 47300] loss: 0.262049628 
[stage=2, 47400] loss: 0.260301469 
[stage=2, 47500] loss: 0.257141423 
[stage=2, 47600] loss: 0.262883920 
[stage=2, 47700] loss: 0.260545620 
[stage=2, 47800] loss: 0.250286668 
[stage=2, 47900] loss: 0.281146294 
[stage=2, 48000] loss: 0.261949007 
[stage=2, 48100] loss: 0.260672594 
[stage=2, 48200] loss: 0.265668342 
[stage=2, 48300] loss: 0.258669790 
[stage=2, 48400] loss: 0.258525597 
[stage=2, 48500] loss: 0.250918020 
[stage=2, 48600] loss: 0.252412862 
[stage=2, 48700] loss: 0.258719607 
[stage=2, 48800] loss: 0.273430842 
[stage=2, 48900] loss: 0.268323410 
[stage=2, 49000] loss: 0.250350330 
[stage=2, 49100] loss: 0.264553978 
[stage=2, 49200] loss: 0.253631879 
[stage=2, 49300] loss: 0.261018798 
[stage=2, 49400] loss: 0.271539119 
[stage=2, 49500] loss: 0.249078323 
[stage=2, 49600] loss: 0.260197913 
[stage=2, 49700] loss: 0.259025311 
[stage=2, 49800] loss: 0.272846397 
[stage=2, 49900] loss: 0.255896375 
[stage=2, 50000] loss: 0.264788750 
[stage=2, 50100] loss: 0.243863712 
[stage=2, 50200] loss: 0.255849394 
[stage=2, 50300] loss: 0.242504452 
[stage=2, 50400] loss: 0.249064714 
[stage=2, 50500] loss: 0.255639327 
[stage=2, 50600] loss: 0.253660244 
[stage=2, 50700] loss: 0.253550693 
[stage=2, 50800] loss: 0.248118794 
[stage=2, 50900] loss: 0.247201422 
[stage=2, 51000] loss: 0.272517489 
[stage=2, 51100] loss: 0.260128061 
[stage=2, 51200] loss: 0.256197628 
[stage=2, 51300] loss: 0.243051628 
[stage=2, 51400] loss: 0.261264247 
[stage=2, 51500] loss: 0.249303583 
[stage=2, 51600] loss: 0.265522198 
[stage=2, 51700] loss: 0.261564626 
[stage=2, 51800] loss: 0.233570618 
[stage=2, 51900] loss: 0.278829845 
[stage=2, 52000] loss: 0.260811715 
[stage=2, 52100] loss: 0.254806485 
[stage=2, 52200] loss: 0.247666775 
[stage=2, 52300] loss: 0.251854316 
[stage=2, 52400] loss: 0.256402942 
[stage=2, 52500] loss: 0.256039185 
[stage=2, 52600] loss: 0.258641976 
[stage=2, 52700] loss: 0.260468897 
[stage=2, 52800] loss: 0.266000147 
[stage=2, 52900] loss: 0.251657011 
[stage=2, 53000] loss: 0.258394753 
[stage=2, 53100] loss: 0.242528444 
[stage=2, 53200] loss: 0.258891290 
[stage=2, 53300] loss: 0.259381512 
[stage=2, 53400] loss: 0.241432940 
[stage=2, 53500] loss: 0.241949417 
[stage=2, 53600] loss: 0.271937100 
[stage=2, 53700] loss: 0.254483022 
[stage=2, 53800] loss: 0.255401570 
[stage=2, 53900] loss: 0.262592159 
[stage=2, 54000] loss: 0.250366694 
[stage=2, 54100] loss: 0.241840029 
[stage=2, 54200] loss: 0.251169806 
[stage=2, 54300] loss: 0.269637783 
[stage=2, 54400] loss: 0.253921278 
[stage=2, 54500] loss: 0.245343340 
[stage=2, 54600] loss: 0.237451684 
[stage=2, 54700] loss: 0.243720420 
[stage=2, 54800] loss: 0.249428042 
[stage=2, 54900] loss: 0.264187015 
[stage=2, 55000] loss: 0.255373784 
[stage=2, 55100] loss: 0.250334348 
[stage=2, 55200] loss: 0.243567514 
[stage=2, 55300] loss: 0.255714500 
[stage=2, 55400] loss: 0.253874942 
[stage=2, 55500] loss: 0.252788560 
[stage=2, 55600] loss: 0.254309756 
[stage=2, 55700] loss: 0.258207734 
[stage=2, 55800] loss: 0.273621889 
[stage=2, 55900] loss: 0.245843859 
[stage=2, 56000] loss: 0.243867210 
[stage=2, 56100] loss: 0.263029669 
[stage=2, 56200] loss: 0.237491604 
[stage=2, 56300] loss: 0.273933271 
[stage=2, 56400] loss: 0.255354446 
[stage=2, 56500] loss: 0.240661874 
[stage=2, 56600] loss: 0.249943303 
[stage=2, 56700] loss: 0.255082288 
[stage=2, 56800] loss: 0.244019984 
[stage=2, 56900] loss: 0.247175852 
[stage=2, 57000] loss: 0.263047615 
[stage=2, 57100] loss: 0.252863377 
[stage=2, 57200] loss: 0.253054128 
[stage=2, 57300] loss: 0.258213034 
[stage=2, 57400] loss: 0.254962718 
[stage=2, 57500] loss: 0.248614670 
[stage=2, 57600] loss: 0.254587968 
[stage=2, 57700] loss: 0.257295068 
[stage=2, 57800] loss: 0.239063228 
[stage=2, 57900] loss: 0.269766676 
[stage=2, 58000] loss: 0.249714492 
[stage=2, 58100] loss: 0.252563336 
[stage=2, 58200] loss: 0.248496497 
[stage=2, 58300] loss: 0.244025468 
[stage=2, 58400] loss: 0.249015776 
[stage=2, 58500] loss: 0.244624830 
[stage=2, 58600] loss: 0.242531800 
[stage=2, 58700] loss: 0.250395978 
[stage=2, 58800] loss: 0.259142864 
[stage=2, 58900] loss: 0.267451423 
[stage=2, 59000] loss: 0.237763854 
[stage=2, 59100] loss: 0.254664221 
[stage=2, 59200] loss: 0.250535014 
[stage=2, 59300] loss: 0.253482211 
[stage=2, 59400] loss: 0.256440659 
[stage=2, 59500] loss: 0.248555222 
[stage=2, 59600] loss: 0.254075950 
[stage=2, 59700] loss: 0.249508333 
[stage=2, 59800] loss: 0.263304589 
[stage=2, 59900] loss: 0.254780831 
[stage=2, 60000] loss: 0.251297329 
[stage=2, 60100] loss: 0.238842518 
[stage=2, 60200] loss: 0.246278023 
[stage=2, 60300] loss: 0.236691686 
[stage=2, 60400] loss: 0.240919549 
[stage=2, 60500] loss: 0.245906305 
[stage=2, 60600] loss: 0.246910480 
[stage=2, 60700] loss: 0.240238474 
[stage=2, 60800] loss: 0.245751574 
[stage=2, 60900] loss: 0.240118701 
[stage=2, 61000] loss: 0.250941509 
[stage=2, 61100] loss: 0.251032757 
[stage=2, 61200] loss: 0.247527516 
[stage=2, 61300] loss: 0.235377974 
[stage=2, 61400] loss: 0.252971618 
[stage=2, 61500] loss: 0.244765564 
[stage=2, 61600] loss: 0.258681910 
[stage=2, 61700] loss: 0.245779921 
[stage=2, 61800] loss: 0.239472161 
[stage=2, 61900] loss: 0.261115046 
[stage=2, 62000] loss: 0.256577002 
[stage=2, 62100] loss: 0.248583973 
[stage=2, 62200] loss: 0.248155521 
[stage=2, 62300] loss: 0.253219329 
[stage=2, 62400] loss: 0.244411272 
[stage=2, 62500] loss: 0.239796015 
[stage=2, 62600] loss: 0.258331773 
[stage=2, 62700] loss: 0.257151978 
[stage=2, 62800] loss: 0.248230906 
[stage=2, 62900] loss: 0.250408122 
[stage=2, 63000] loss: 0.254035680 
[stage=2, 63100] loss: 0.241343894 
[stage=2, 63200] loss: 0.245859202 
[stage=2, 63300] loss: 0.255711016 
[stage=2, 63400] loss: 0.235784141 
[stage=2, 63500] loss: 0.242492279 
[stage=2, 63600] loss: 0.259764750 
[stage=2, 63700] loss: 0.249330970 
[stage=2, 63800] loss: 0.249062465 
[stage=2, 63900] loss: 0.255286641 
[stage=2, 64000] loss: 0.252922381 
[stage=2, 64100] loss: 0.237267922 
[stage=2, 64200] loss: 0.243067022 
[stage=2, 64300] loss: 0.259308802 
[stage=2, 64400] loss: 0.250452654 
[stage=2, 64500] loss: 0.241244946 
[stage=2, 64600] loss: 0.226127690 
[stage=2, 64700] loss: 0.235689751 
[stage=2, 64800] loss: 0.243408530 
[stage=2, 64900] loss: 0.257394220 
[stage=2, 65000] loss: 0.248813416 
[stage=2, 65100] loss: 0.234167125 
[stage=2, 65200] loss: 0.252088607 
[stage=2, 65300] loss: 0.238991999 
[stage=2, 65400] loss: 0.251761911 
[stage=2, 65500] loss: 0.249443582 
[stage=2, 65600] loss: 0.250951322 
[stage=2, 65700] loss: 0.251403981 
[stage=2, 65800] loss: 0.262491397 
[stage=2, 65900] loss: 0.236037544 
[stage=2, 66000] loss: 0.249388549 
[stage=2, 66100] loss: 0.247188579 
[stage=2, 66200] loss: 0.237215095 
[stage=2, 66300] loss: 0.259478473 
[stage=2, 66400] loss: 0.263635789 
[stage=2, 66500] loss: 0.234329360 
[stage=2, 66600] loss: 0.247768173 
[stage=2, 66700] loss: 0.245391826 
[stage=2, 66800] loss: 0.230206557 
[stage=2, 66900] loss: 0.247849304 
[stage=2, 67000] loss: 0.255018561 
[stage=2, 67100] loss: 0.243848202 
[stage=2, 67200] loss: 0.246248880 
[stage=2, 67300] loss: 0.251956146 
[stage=2, 67400] loss: 0.244737105 
[stage=2, 67500] loss: 0.240870567 
[stage=2, 67600] loss: 0.246631305 
[stage=2, 67700] loss: 0.250164398 
[stage=2, 67800] loss: 0.239356457 
[stage=2, 67900] loss: 0.261647958 
[stage=2, 68000] loss: 0.241378407 
[stage=2, 68100] loss: 0.252543000 
[stage=2, 68200] loss: 0.244304935 
[stage=2, 68300] loss: 0.242316482 
[stage=2, 68400] loss: 0.249835605 
[stage=2, 68500] loss: 0.240745266 
[stage=2, 68600] loss: 0.232955442 
[stage=2, 68700] loss: 0.238926076 
[stage=2, 68800] loss: 0.247353793 
[stage=2, 68900] loss: 0.253539273 
[stage=2, 69000] loss: 0.236070402 
[stage=2, 69100] loss: 0.249300467 
[stage=2, 69200] loss: 0.239842264 
[stage=2, 69300] loss: 0.245814957 
[stage=2, 69400] loss: 0.250410792 
[stage=2, 69500] loss: 0.242238525 
[stage=2, 69600] loss: 0.243335409 
[stage=2, 69700] loss: 0.247870652 
[stage=2, 69800] loss: 0.249053033 
[stage=2, 69900] loss: 0.239272351 
[stage=2, 70000] loss: 0.252778822 
[stage=2, 70100] loss: 0.235921795 
[stage=2, 70200] loss: 0.235988085 
[stage=2, 70300] loss: 0.233835261 
[stage=2, 70400] loss: 0.234764177 
[stage=2, 70500] loss: 0.236212966 
[stage=2, 70600] loss: 0.244985413 
[stage=2, 70700] loss: 0.238873245 
[stage=2, 70800] loss: 0.239271684 
[stage=2, 70900] loss: 0.232681482 
[stage=2, 71000] loss: 0.245243511 
[stage=2, 71100] loss: 0.249168215 
[stage=2, 71200] loss: 0.247633498 
[stage=2, 71300] loss: 0.228342692 
[stage=2, 71400] loss: 0.240685570 
[stage=2, 71500] loss: 0.241859357 
[stage=2, 71600] loss: 0.253340373 
[stage=2, 71700] loss: 0.242303048 
[stage=2, 71800] loss: 0.233087042 
[stage=2, 71900] loss: 0.249364693 
[stage=2, 72000] loss: 0.238977886 
[stage=2, 72100] loss: 0.249706993 
[stage=2, 72200] loss: 0.233947027 
[stage=2, 72300] loss: 0.248497002 
[stage=2, 72400] loss: 0.237297469 
[stage=2, 72500] loss: 0.236956055 
[stage=2, 72600] loss: 0.247524473 
[stage=2, 72700] loss: 0.242860935 
[stage=2, 72800] loss: 0.242909243 
[stage=2, 72900] loss: 0.241198158 
[stage=2, 73000] loss: 0.243446516 
[stage=2, 73100] loss: 0.240313057 
[stage=2, 73200] loss: 0.236075054 
[stage=2, 73300] loss: 0.248141440 
[stage=2, 73400] loss: 0.233494317 
[stage=2, 73500] loss: 0.228098481 
[stage=2, 73600] loss: 0.259622080 
[stage=2, 73700] loss: 0.236463775 
[stage=2, 73800] loss: 0.246392752 
[stage=2, 73900] loss: 0.243802039 
[stage=2, 74000] loss: 0.249237299 
[stage=2, 74100] loss: 0.232258447 
[stage=2, 74200] loss: 0.238976919 
[stage=2, 74300] loss: 0.250257076 
[stage=2, 74400] loss: 0.240836265 
[stage=2, 74500] loss: 0.235635239 
[stage=2, 74600] loss: 0.221626669 
[stage=2, 74700] loss: 0.229983438 
[stage=2, 74800] loss: 0.240794869 
[stage=2, 74900] loss: 0.238048331 
[stage=2, 75000] loss: 0.242907231 
[stage=2, 75100] loss: 0.241749125 
[stage=2, 75200] loss: 0.237899296 
[stage=2, 75300] loss: 0.232031032 
[stage=2, 75400] loss: 0.244746531 
[stage=2, 75500] loss: 0.242198217 
[stage=2, 75600] loss: 0.237211418 
[stage=2, 75700] loss: 0.248190434 
[stage=2, 75800] loss: 0.247778141 
[stage=2, 75900] loss: 0.228944917 
[stage=2, 76000] loss: 0.241469417 
[stage=2, 76100] loss: 0.240657516 
[stage=2, 76200] loss: 0.234526783 
[stage=2, 76300] loss: 0.248294206 
[stage=2, 76400] loss: 0.260085239 
[stage=2, 76500] loss: 0.228923904 
[stage=2, 76600] loss: 0.234525322 
[stage=2, 76700] loss: 0.241145295 
[stage=2, 76800] loss: 0.229034474 
[stage=2, 76900] loss: 0.234777657 
[stage=2, 77000] loss: 0.248113077 
[stage=2, 77100] loss: 0.237406005 
[stage=2, 77200] loss: 0.239162852 
[stage=2, 77300] loss: 0.242397525 
[stage=2, 77400] loss: 0.236797976 
[stage=2, 77500] loss: 0.237906809 
[stage=2, 77600] loss: 0.237478540 
[stage=2, 77700] loss: 0.241287511 
[stage=2, 77800] loss: 0.231803511 
[stage=2, 77900] loss: 0.250619943 
[stage=2, 78000] loss: 0.233786750 
[stage=2, 78100] loss: 0.238973063 
[stage=2, 78200] loss: 0.243608689 
[stage=2, 78300] loss: 0.234170644 
[stage=2, 78400] loss: 0.236616004 
[stage=2, 78500] loss: 0.231001799 
[stage=2, 78600] loss: 0.237090373 
[stage=2, 78700] loss: 0.233117290 
[stage=2, 78800] loss: 0.246208637 
[stage=2, 78900] loss: 0.254637313 
[stage=2, 79000] loss: 0.231093404 
[stage=2, 79100] loss: 0.245123488 
[stage=2, 79200] loss: 0.235999020 
[stage=2, 79300] loss: 0.243166835 
[stage=2, 79400] loss: 0.242909418 
[stage=2, 79500] loss: 0.233633258 
[stage=2, 79600] loss: 0.237875287 
[stage=2, 79700] loss: 0.242522626 
[stage=2, 79800] loss: 0.241164669 
[stage=2, 79900] loss: 0.238173620 
[stage=2, 80000] loss: 0.237373913 
[stage=2, 80100] loss: 0.229107395 
[stage=2, 80200] loss: 0.212071288 
[stage=2, 80300] loss: 0.215295469 
[stage=2, 80400] loss: 0.221792936 
[stage=2, 80500] loss: 0.218500371 
[stage=2, 80600] loss: 0.227337239 
[stage=2, 80700] loss: 0.207376564 
[stage=2, 80800] loss: 0.218704800 
[stage=2, 80900] loss: 0.209425065 
[stage=2, 81000] loss: 0.224692383 
[stage=2, 81100] loss: 0.229416966 
[stage=2, 81200] loss: 0.224800206 
[stage=2, 81300] loss: 0.213870657 
[stage=2, 81400] loss: 0.215049547 
[stage=2, 81500] loss: 0.220282609 
[stage=2, 81600] loss: 0.224888291 
[stage=2, 81700] loss: 0.216322224 
[stage=2, 81800] loss: 0.213515866 
[stage=2, 81900] loss: 0.216660444 
[stage=2, 82000] loss: 0.228099234 
[stage=2, 82100] loss: 0.222720778 
[stage=2, 82200] loss: 0.209486650 
[stage=2, 82300] loss: 0.222786355 
[stage=2, 82400] loss: 0.210443661 
[stage=2, 82500] loss: 0.211707610 
[stage=2, 82600] loss: 0.228630212 
[stage=2, 82700] loss: 0.215153662 
[stage=2, 82800] loss: 0.217861081 
[stage=2, 82900] loss: 0.218707224 
[stage=2, 83000] loss: 0.216979835 
[stage=2, 83100] loss: 0.214215663 
[stage=2, 83200] loss: 0.207455746 
[stage=2, 83300] loss: 0.218667549 
[stage=2, 83400] loss: 0.212354434 
[stage=2, 83500] loss: 0.203478617 
[stage=2, 83600] loss: 0.224793055 
[stage=2, 83700] loss: 0.218948513 
[stage=2, 83800] loss: 0.226392417 
[stage=2, 83900] loss: 0.215968256 
[stage=2, 84000] loss: 0.222888850 
[stage=2, 84100] loss: 0.206223664 
[stage=2, 84200] loss: 0.213078979 
[stage=2, 84300] loss: 0.219380088 
[stage=2, 84400] loss: 0.215108458 
[stage=2, 84500] loss: 0.209414557 
[stage=2, 84600] loss: 0.202886336 
[stage=2, 84700] loss: 0.207463782 
[stage=2, 84800] loss: 0.206312314 
[stage=2, 84900] loss: 0.217454607 
[stage=2, 85000] loss: 0.213263087 
[stage=2, 85100] loss: 0.212638710 
[stage=2, 85200] loss: 0.205708670 
[stage=2, 85300] loss: 0.209884175 
[stage=2, 85400] loss: 0.210564449 
[stage=2, 85500] loss: 0.211303617 
[stage=2, 85600] loss: 0.211463814 
[stage=2, 85700] loss: 0.210442057 
[stage=2, 85800] loss: 0.223305953 
[stage=2, 85900] loss: 0.204963020 
[stage=2, 86000] loss: 0.219053123 
[stage=2, 86100] loss: 0.207658756 
[stage=2, 86200] loss: 0.213968169 
[stage=2, 86300] loss: 0.217734382 
[stage=2, 86400] loss: 0.231900214 
[stage=2, 86500] loss: 0.202695902 
[stage=2, 86600] loss: 0.202516555 
[stage=2, 86700] loss: 0.215954155 
[stage=2, 86800] loss: 0.201022696 
[stage=2, 86900] loss: 0.213070921 
[stage=2, 87000] loss: 0.221751177 
[stage=2, 87100] loss: 0.213453465 
[stage=2, 87200] loss: 0.206738906 
[stage=2, 87300] loss: 0.216980781 
[stage=2, 87400] loss: 0.209111424 
[stage=2, 87500] loss: 0.212501609 
[stage=2, 87600] loss: 0.207847406 
[stage=2, 87700] loss: 0.220161164 
[stage=2, 87800] loss: 0.201693684 
[stage=2, 87900] loss: 0.216483943 
[stage=2, 88000] loss: 0.211451076 
[stage=2, 88100] loss: 0.210994796 
[stage=2, 88200] loss: 0.213288865 
[stage=2, 88300] loss: 0.206118273 
[stage=2, 88400] loss: 0.208027926 
[stage=2, 88500] loss: 0.201753220 
[stage=2, 88600] loss: 0.204929871 
[stage=2, 88700] loss: 0.202572927 
[stage=2, 88800] loss: 0.219284239 
[stage=2, 88900] loss: 0.217055786 
[stage=2, 89000] loss: 0.200253357 
[stage=2, 89100] loss: 0.217111317 
[stage=2, 89200] loss: 0.197807189 
[stage=2, 89300] loss: 0.216726005 
[stage=2, 89400] loss: 0.207831932 
[stage=2, 89500] loss: 0.202635278 
[stage=2, 89600] loss: 0.208551827 
[stage=2, 89700] loss: 0.205620646 
[stage=2, 89800] loss: 0.214458392 
[stage=2, 89900] loss: 0.206446459 
[stage=2, 90000] loss: 0.209797682 
[stage=2, 90100] loss: 0.206476243 
[stage=2, 90200] loss: 0.199899622 
[stage=2, 90300] loss: 0.198570178 
[stage=2, 90400] loss: 0.205976627 
[stage=2, 90500] loss: 0.205675471 
[stage=2, 90600] loss: 0.213668251 
[stage=2, 90700] loss: 0.204488661 
[stage=2, 90800] loss: 0.206260571 
[stage=2, 90900] loss: 0.193823476 
[stage=2, 91000] loss: 0.212926888 
[stage=2, 91100] loss: 0.222488970 
[stage=2, 91200] loss: 0.212306008 
[stage=2, 91300] loss: 0.210339781 
[stage=2, 91400] loss: 0.201828728 
[stage=2, 91500] loss: 0.211922135 
[stage=2, 91600] loss: 0.215695869 
[stage=2, 91700] loss: 0.214132784 
[stage=2, 91800] loss: 0.203137911 
[stage=2, 91900] loss: 0.204838782 
[stage=2, 92000] loss: 0.216299357 
[stage=2, 92100] loss: 0.224440047 
[stage=2, 92200] loss: 0.199821141 
[stage=2, 92300] loss: 0.215921438 
[stage=2, 92400] loss: 0.203026353 
[stage=2, 92500] loss: 0.210721678 
[stage=2, 92600] loss: 0.210756968 
[stage=2, 92700] loss: 0.212425457 
[stage=2, 92800] loss: 0.209633432 
[stage=2, 92900] loss: 0.217160139 
[stage=2, 93000] loss: 0.212163053 
[stage=2, 93100] loss: 0.206625122 
[stage=2, 93200] loss: 0.200145085 
[stage=2, 93300] loss: 0.208785723 
[stage=2, 93400] loss: 0.216703537 
[stage=2, 93500] loss: 0.192689512 
[stage=2, 93600] loss: 0.219316601 
[stage=2, 93700] loss: 0.215156538 
[stage=2, 93800] loss: 0.214576532 
[stage=2, 93900] loss: 0.214355218 
[stage=2, 94000] loss: 0.217803248 
[stage=2, 94100] loss: 0.199103517 
[stage=2, 94200] loss: 0.206598704 
[stage=2, 94300] loss: 0.207898379 
[stage=2, 94400] loss: 0.207661320 
[stage=2, 94500] loss: 0.204614219 
[stage=2, 94600] loss: 0.196301204 
[stage=2, 94700] loss: 0.201084669 
[stage=2, 94800] loss: 0.205382057 
[stage=2, 94900] loss: 0.211490028 
[stage=2, 95000] loss: 0.210345628 
[stage=2, 95100] loss: 0.206499079 
[stage=2, 95200] loss: 0.203045787 
[stage=2, 95300] loss: 0.202769097 
[stage=2, 95400] loss: 0.199886649 
[stage=2, 95500] loss: 0.209051308 
[stage=2, 95600] loss: 0.204181834 
[stage=2, 95700] loss: 0.214389875 
[stage=2, 95800] loss: 0.214278204 
[stage=2, 95900] loss: 0.206702905 
[stage=2, 96000] loss: 0.212136315 
[stage=2, 96100] loss: 0.200911853 
[stage=2, 96200] loss: 0.210049388 
[stage=2, 96300] loss: 0.210079059 
[stage=2, 96400] loss: 0.227113431 
[stage=2, 96500] loss: 0.199238617 
[stage=2, 96600] loss: 0.200932503 
[stage=2, 96700] loss: 0.214581401 
[stage=2, 96800] loss: 0.191457381 
[stage=2, 96900] loss: 0.206390810 
[stage=2, 97000] loss: 0.215855884 
[stage=2, 97100] loss: 0.203670015 
[stage=2, 97200] loss: 0.209569627 
[stage=2, 97300] loss: 0.207222729 
[stage=2, 97400] loss: 0.208132469 
[stage=2, 97500] loss: 0.209456028 
[stage=2, 97600] loss: 0.204805685 
[stage=2, 97700] loss: 0.215043154 
[stage=2, 97800] loss: 0.195156664 
[stage=2, 97900] loss: 0.209464650 
[stage=2, 98000] loss: 0.211917907 
[stage=2, 98100] loss: 0.202591699 
[stage=2, 98200] loss: 0.208679889 
[stage=2, 98300] loss: 0.206706617 
[stage=2, 98400] loss: 0.205499211 
[stage=2, 98500] loss: 0.195808050 
[stage=2, 98600] loss: 0.203688563 
[stage=2, 98700] loss: 0.193557912 
[stage=2, 98800] loss: 0.212222246 
[stage=2, 98900] loss: 0.214130987 
[stage=2, 99000] loss: 0.200582887 
[stage=2, 99100] loss: 0.210948958 
[stage=2, 99200] loss: 0.196601231 
[stage=2, 99300] loss: 0.215222782 
[stage=2, 99400] loss: 0.209583306 
[stage=2, 99500] loss: 0.200576532 
[stage=2, 99600] loss: 0.204652577 
[stage=2, 99700] loss: 0.208145629 
[stage=2, 99800] loss: 0.203687226 
[stage=2, 99900] loss: 0.210030323 
