[stage=2,   100] loss: 0.220438940 
[stage=2,   200] loss: 0.220544829 
[stage=2,   300] loss: 0.223702583 
[stage=2,   400] loss: 0.212875520 
[stage=2,   500] loss: 0.223598266 
[stage=2,   600] loss: 0.213685562 
[stage=2,   700] loss: 0.212316132 
[stage=2,   800] loss: 0.218247569 
[stage=2,   900] loss: 0.212199810 
[stage=2,  1000] loss: 0.224652376 
[stage=2,  1100] loss: 0.212785684 
[stage=2,  1200] loss: 0.211773958 
[stage=2,  1300] loss: 0.218224849 
[stage=2,  1400] loss: 0.218655101 
[stage=2,  1500] loss: 0.212214880 
[stage=2,  1600] loss: 0.213748159 
[stage=2,  1700] loss: 0.210021519 
[stage=2,  1800] loss: 0.220654985 
[stage=2,  1900] loss: 0.219379101 
[stage=2,  2000] loss: 0.212472786 
[stage=2,  2100] loss: 0.215966335 
[stage=2,  2200] loss: 0.211105128 
[stage=2,  2300] loss: 0.200792080 
[stage=2,  2400] loss: 0.211982349 
[stage=2,  2500] loss: 0.216617815 
[stage=2,  2600] loss: 0.210006238 
[stage=2,  2700] loss: 0.213659050 
[stage=2,  2800] loss: 0.213812618 
[stage=2,  2900] loss: 0.220273479 
[stage=2,  3000] loss: 0.207985374 
[stage=2,  3100] loss: 0.213900235 
[stage=2,  3200] loss: 0.221833318 
[stage=2,  3300] loss: 0.206561658 
[stage=2,  3400] loss: 0.208370088 
[stage=2,  3500] loss: 0.215209878 
[stage=2,  3600] loss: 0.211259865 
[stage=2,  3700] loss: 0.212531014 
[stage=2,  3800] loss: 0.217251090 
[stage=2,  3900] loss: 0.210288419 
[stage=2,  4000] loss: 0.216664612 
[stage=2,  4100] loss: 0.215385876 
[stage=2,  4200] loss: 0.209106958 
[stage=2,  4300] loss: 0.202621239 
[stage=2,  4400] loss: 0.218163576 
[stage=2,  4500] loss: 0.211878851 
[stage=2,  4600] loss: 0.210773880 
[stage=2,  4700] loss: 0.212254768 
[stage=2,  4800] loss: 0.213310318 
[stage=2,  4900] loss: 0.212460178 
[stage=2,  5000] loss: 0.212953741 
[stage=2,  5100] loss: 0.203644698 
[stage=2,  5200] loss: 0.206657163 
[stage=2,  5300] loss: 0.209984184 
[stage=2,  5400] loss: 0.202962841 
[stage=2,  5500] loss: 0.216132987 
[stage=2,  5600] loss: 0.212645346 
[stage=2,  5700] loss: 0.208382543 
[stage=2,  5800] loss: 0.214207592 
[stage=2,  5900] loss: 0.208431767 
[stage=2,  6000] loss: 0.218657653 
[stage=2,  6100] loss: 0.211049792 
[stage=2,  6200] loss: 0.206917375 
[stage=2,  6300] loss: 0.215288581 
[stage=2,  6400] loss: 0.211871683 
[stage=2,  6500] loss: 0.206045896 
[stage=2,  6600] loss: 0.205281924 
[stage=2,  6700] loss: 0.208514098 
[stage=2,  6800] loss: 0.214174930 
[stage=2,  6900] loss: 0.213055820 
[stage=2,  7000] loss: 0.206840238 
[stage=2,  7100] loss: 0.208174683 
[stage=2,  7200] loss: 0.211119648 
[stage=2,  7300] loss: 0.200685343 
[stage=2,  7400] loss: 0.206600610 
[stage=2,  7500] loss: 0.210014164 
[stage=2,  7600] loss: 0.203731046 
[stage=2,  7700] loss: 0.209668169 
[stage=2,  7800] loss: 0.210772786 
[stage=2,  7900] loss: 0.216934325 
[stage=2,  8000] loss: 0.205287279 
[stage=2,  8100] loss: 0.210453115 
[stage=2,  8200] loss: 0.220330423 
[stage=2,  8300] loss: 0.202660238 
[stage=2,  8400] loss: 0.207386999 
[stage=2,  8500] loss: 0.210990829 
[stage=2,  8600] loss: 0.208039034 
[stage=2,  8700] loss: 0.209957830 
[stage=2,  8800] loss: 0.211404150 
[stage=2,  8900] loss: 0.207251843 
[stage=2,  9000] loss: 0.212450277 
[stage=2,  9100] loss: 0.211199048 
[stage=2,  9200] loss: 0.204342349 
[stage=2,  9300] loss: 0.197631917 
[stage=2,  9400] loss: 0.214156326 
[stage=2,  9500] loss: 0.207089404 
[stage=2,  9600] loss: 0.207007634 
[stage=2,  9700] loss: 0.209706216 
[stage=2,  9800] loss: 0.208003017 
[stage=2,  9900] loss: 0.209637408 
[stage=2, 10000] loss: 0.210392457 
[stage=2, 10100] loss: 0.201207460 
[stage=2, 10200] loss: 0.201023693 
[stage=2, 10300] loss: 0.208036520 
[stage=2, 10400] loss: 0.199883439 
[stage=2, 10500] loss: 0.214667950 
[stage=2, 10600] loss: 0.208439952 
[stage=2, 10700] loss: 0.205994608 
[stage=2, 10800] loss: 0.208733932 
[stage=2, 10900] loss: 0.202974839 
[stage=2, 11000] loss: 0.214003809 
[stage=2, 11100] loss: 0.204201971 
[stage=2, 11200] loss: 0.201722368 
[stage=2, 11300] loss: 0.209733276 
[stage=2, 11400] loss: 0.208740073 
[stage=2, 11500] loss: 0.205585080 
[stage=2, 11600] loss: 0.204190537 
[stage=2, 11700] loss: 0.205964948 
[stage=2, 11800] loss: 0.210533655 
[stage=2, 11900] loss: 0.209902799 
[stage=2, 12000] loss: 0.206967025 
[stage=2, 12100] loss: 0.201824293 
[stage=2, 12200] loss: 0.208830194 
[stage=2, 12300] loss: 0.198117298 
[stage=2, 12400] loss: 0.203226615 
[stage=2, 12500] loss: 0.209513782 
[stage=2, 12600] loss: 0.203467658 
[stage=2, 12700] loss: 0.203867212 
[stage=2, 12800] loss: 0.210546177 
[stage=2, 12900] loss: 0.211127631 
[stage=2, 13000] loss: 0.201997524 
[stage=2, 13100] loss: 0.207104959 
[stage=2, 13200] loss: 0.213498697 
[stage=2, 13300] loss: 0.197377057 
[stage=2, 13400] loss: 0.202328348 
[stage=2, 13500] loss: 0.203140792 
[stage=2, 13600] loss: 0.208007726 
[stage=2, 13700] loss: 0.206734951 
[stage=2, 13800] loss: 0.209259122 
[stage=2, 13900] loss: 0.200452179 
[stage=2, 14000] loss: 0.207224967 
[stage=2, 14100] loss: 0.208615214 
[stage=2, 14200] loss: 0.202955271 
[stage=2, 14300] loss: 0.197046170 
[stage=2, 14400] loss: 0.209666559 
[stage=2, 14500] loss: 0.203036111 
[stage=2, 14600] loss: 0.204198488 
[stage=2, 14700] loss: 0.207148840 
[stage=2, 14800] loss: 0.199281406 
[stage=2, 14900] loss: 0.203492337 
[stage=2, 15000] loss: 0.205924306 
[stage=2, 15100] loss: 0.200090777 
[stage=2, 15200] loss: 0.197716205 
[stage=2, 15300] loss: 0.202521237 
[stage=2, 15400] loss: 0.195480001 
[stage=2, 15500] loss: 0.208336333 
[stage=2, 15600] loss: 0.208361211 
[stage=2, 15700] loss: 0.199219628 
[stage=2, 15800] loss: 0.206976571 
[stage=2, 15900] loss: 0.198248882 
[stage=2, 16000] loss: 0.212118066 
[stage=2, 16100] loss: 0.203542450 
[stage=2, 16200] loss: 0.198842686 
[stage=2, 16300] loss: 0.203664169 
[stage=2, 16400] loss: 0.206467583 
[stage=2, 16500] loss: 0.205287549 
[stage=2, 16600] loss: 0.202226758 
[stage=2, 16700] loss: 0.200206566 
[stage=2, 16800] loss: 0.208250600 
[stage=2, 16900] loss: 0.205595794 
[stage=2, 17000] loss: 0.204422227 
[stage=2, 17100] loss: 0.198790470 
[stage=2, 17200] loss: 0.202807837 
[stage=2, 17300] loss: 0.198846331 
[stage=2, 17400] loss: 0.197594200 
[stage=2, 17500] loss: 0.203599280 
[stage=2, 17600] loss: 0.201529269 
[stage=2, 17700] loss: 0.201531217 
[stage=2, 17800] loss: 0.201841422 
[stage=2, 17900] loss: 0.207637914 
[stage=2, 18000] loss: 0.201173654 
[stage=2, 18100] loss: 0.202517175 
[stage=2, 18200] loss: 0.211730257 
[stage=2, 18300] loss: 0.195987147 
[stage=2, 18400] loss: 0.200969361 
[stage=2, 18500] loss: 0.200320758 
[stage=2, 18600] loss: 0.206209161 
[stage=2, 18700] loss: 0.205181190 
[stage=2, 18800] loss: 0.203734567 
[stage=2, 18900] loss: 0.199315195 
[stage=2, 19000] loss: 0.207339401 
[stage=2, 19100] loss: 0.204416062 
[stage=2, 19200] loss: 0.198926101 
[stage=2, 19300] loss: 0.194636335 
[stage=2, 19400] loss: 0.202965629 
[stage=2, 19500] loss: 0.203621455 
[stage=2, 19600] loss: 0.200585388 
[stage=2, 19700] loss: 0.208185615 
[stage=2, 19800] loss: 0.199264527 
[stage=2, 19900] loss: 0.204836193 
[stage=2, 20000] loss: 0.202745557 
[stage=2, 20100] loss: 0.194894427 
[stage=2, 20200] loss: 0.190823330 
[stage=2, 20300] loss: 0.201072131 
[stage=2, 20400] loss: 0.191792902 
[stage=2, 20500] loss: 0.205793268 
[stage=2, 20600] loss: 0.203896797 
[stage=2, 20700] loss: 0.195731464 
[stage=2, 20800] loss: 0.205858584 
[stage=2, 20900] loss: 0.193462933 
[stage=2, 21000] loss: 0.211888219 
[stage=2, 21100] loss: 0.197147461 
[stage=2, 21200] loss: 0.196535343 
[stage=2, 21300] loss: 0.199566830 
[stage=2, 21400] loss: 0.205580972 
[stage=2, 21500] loss: 0.200871999 
[stage=2, 21600] loss: 0.197626417 
[stage=2, 21700] loss: 0.198781224 
[stage=2, 21800] loss: 0.205189022 
[stage=2, 21900] loss: 0.200132599 
[stage=2, 22000] loss: 0.203786476 
[stage=2, 22100] loss: 0.198365669 
[stage=2, 22200] loss: 0.202479281 
[stage=2, 22300] loss: 0.190107030 
[stage=2, 22400] loss: 0.198019510 
[stage=2, 22500] loss: 0.204667570 
[stage=2, 22600] loss: 0.199850463 
[stage=2, 22700] loss: 0.199966271 
[stage=2, 22800] loss: 0.202264888 
[stage=2, 22900] loss: 0.206645356 
[stage=2, 23000] loss: 0.196865044 
[stage=2, 23100] loss: 0.194539731 
[stage=2, 23200] loss: 0.211502503 
[stage=2, 23300] loss: 0.195656405 
[stage=2, 23400] loss: 0.194706827 
[stage=2, 23500] loss: 0.201872719 
[stage=2, 23600] loss: 0.198415268 
[stage=2, 23700] loss: 0.201157944 
[stage=2, 23800] loss: 0.202998339 
[stage=2, 23900] loss: 0.192341152 
[stage=2, 24000] loss: 0.209161998 
[stage=2, 24100] loss: 0.200438084 
[stage=2, 24200] loss: 0.199291533 
[stage=2, 24300] loss: 0.190935457 
[stage=2, 24400] loss: 0.202740397 
[stage=2, 24500] loss: 0.200397097 
[stage=2, 24600] loss: 0.200894342 
[stage=2, 24700] loss: 0.201403497 
[stage=2, 24800] loss: 0.195449271 
[stage=2, 24900] loss: 0.202361871 
[stage=2, 25000] loss: 0.198842964 
[stage=2, 25100] loss: 0.194818362 
[stage=2, 25200] loss: 0.189270340 
[stage=2, 25300] loss: 0.198585647 
[stage=2, 25400] loss: 0.193588457 
[stage=2, 25500] loss: 0.200196110 
[stage=2, 25600] loss: 0.199716736 
[stage=2, 25700] loss: 0.199148548 
[stage=2, 25800] loss: 0.200293460 
[stage=2, 25900] loss: 0.191331254 
[stage=2, 26000] loss: 0.208505056 
[stage=2, 26100] loss: 0.195875207 
[stage=2, 26200] loss: 0.198023731 
[stage=2, 26300] loss: 0.197428760 
[stage=2, 26400] loss: 0.202413785 
[stage=2, 26500] loss: 0.201087965 
[stage=2, 26600] loss: 0.194096348 
[stage=2, 26700] loss: 0.194467955 
[stage=2, 26800] loss: 0.203949262 
[stage=2, 26900] loss: 0.197029662 
[stage=2, 27000] loss: 0.199662979 
[stage=2, 27100] loss: 0.190413204 
[stage=2, 27200] loss: 0.200843058 
[stage=2, 27300] loss: 0.188567202 
[stage=2, 27400] loss: 0.191782661 
[stage=2, 27500] loss: 0.199130964 
[stage=2, 27600] loss: 0.195428838 
[stage=2, 27700] loss: 0.195275411 
[stage=2, 27800] loss: 0.197192505 
[stage=2, 27900] loss: 0.207319169 
[stage=2, 28000] loss: 0.190869675 
[stage=2, 28100] loss: 0.196409238 
[stage=2, 28200] loss: 0.208005223 
[stage=2, 28300] loss: 0.191568940 
[stage=2, 28400] loss: 0.193383643 
[stage=2, 28500] loss: 0.198854473 
[stage=2, 28600] loss: 0.197818493 
[stage=2, 28700] loss: 0.197044003 
[stage=2, 28800] loss: 0.197998989 
[stage=2, 28900] loss: 0.191353457 
[stage=2, 29000] loss: 0.203981166 
[stage=2, 29100] loss: 0.198141328 
[stage=2, 29200] loss: 0.193360818 
[stage=2, 29300] loss: 0.190131573 
[stage=2, 29400] loss: 0.199797357 
[stage=2, 29500] loss: 0.195955039 
[stage=2, 29600] loss: 0.196428322 
[stage=2, 29700] loss: 0.196878349 
[stage=2, 29800] loss: 0.194602047 
[stage=2, 29900] loss: 0.199897845 
[stage=2, 30000] loss: 0.196657623 
[stage=2, 30100] loss: 0.191430544 
[stage=2, 30200] loss: 0.188214649 
[stage=2, 30300] loss: 0.193834592 
[stage=2, 30400] loss: 0.191914108 
[stage=2, 30500] loss: 0.195279025 
[stage=2, 30600] loss: 0.199587658 
[stage=2, 30700] loss: 0.192298594 
[stage=2, 30800] loss: 0.197366455 
[stage=2, 30900] loss: 0.190364764 
[stage=2, 31000] loss: 0.202877932 
[stage=2, 31100] loss: 0.195058098 
[stage=2, 31200] loss: 0.196081307 
[stage=2, 31300] loss: 0.196560838 
[stage=2, 31400] loss: 0.199216795 
[stage=2, 31500] loss: 0.196088164 
[stage=2, 31600] loss: 0.191523770 
[stage=2, 31700] loss: 0.193598608 
[stage=2, 31800] loss: 0.200485429 
[stage=2, 31900] loss: 0.197294304 
[stage=2, 32000] loss: 0.200720352 
[stage=2, 32100] loss: 0.187414185 
[stage=2, 32200] loss: 0.200204984 
[stage=2, 32300] loss: 0.185550465 
[stage=2, 32400] loss: 0.186536518 
[stage=2, 32500] loss: 0.199125022 
[stage=2, 32600] loss: 0.192370300 
[stage=2, 32700] loss: 0.189916120 
[stage=2, 32800] loss: 0.196133819 
[stage=2, 32900] loss: 0.199718936 
[stage=2, 33000] loss: 0.190072559 
[stage=2, 33100] loss: 0.190765636 
[stage=2, 33200] loss: 0.206044654 
[stage=2, 33300] loss: 0.189508996 
[stage=2, 33400] loss: 0.187999329 
[stage=2, 33500] loss: 0.196023354 
[stage=2, 33600] loss: 0.194267880 
[stage=2, 33700] loss: 0.192484646 
[stage=2, 33800] loss: 0.195010805 
[stage=2, 33900] loss: 0.193162741 
[stage=2, 34000] loss: 0.197810542 
[stage=2, 34100] loss: 0.196935543 
[stage=2, 34200] loss: 0.195282015 
[stage=2, 34300] loss: 0.188189860 
[stage=2, 34400] loss: 0.194424991 
[stage=2, 34500] loss: 0.194640759 
[stage=2, 34600] loss: 0.194979181 
[stage=2, 34700] loss: 0.194834531 
[stage=2, 34800] loss: 0.194313696 
[stage=2, 34900] loss: 0.198386656 
[stage=2, 35000] loss: 0.195469637 
[stage=2, 35100] loss: 0.187182931 
[stage=2, 35200] loss: 0.184566777 
[stage=2, 35300] loss: 0.192053742 
[stage=2, 35400] loss: 0.186813901 
[stage=2, 35500] loss: 0.189847517 
[stage=2, 35600] loss: 0.197780383 
[stage=2, 35700] loss: 0.189522095 
[stage=2, 35800] loss: 0.197909161 
[stage=2, 35900] loss: 0.188878354 
[stage=2, 36000] loss: 0.196085084 
[stage=2, 36100] loss: 0.192380770 
[stage=2, 36200] loss: 0.194427363 
[stage=2, 36300] loss: 0.194099364 
[stage=2, 36400] loss: 0.195858936 
[stage=2, 36500] loss: 0.194425272 
[stage=2, 36600] loss: 0.190032553 
[stage=2, 36700] loss: 0.194577364 
[stage=2, 36800] loss: 0.194270184 
[stage=2, 36900] loss: 0.196543495 
[stage=2, 37000] loss: 0.196503936 
[stage=2, 37100] loss: 0.184361346 
[stage=2, 37200] loss: 0.195860830 
[stage=2, 37300] loss: 0.184513322 
[stage=2, 37400] loss: 0.188763957 
[stage=2, 37500] loss: 0.194473393 
[stage=2, 37600] loss: 0.189562707 
[stage=2, 37700] loss: 0.188297896 
[stage=2, 37800] loss: 0.192737815 
[stage=2, 37900] loss: 0.197504380 
[stage=2, 38000] loss: 0.191896254 
[stage=2, 38100] loss: 0.189096340 
[stage=2, 38200] loss: 0.203763166 
[stage=2, 38300] loss: 0.186053674 
[stage=2, 38400] loss: 0.187707244 
[stage=2, 38500] loss: 0.193648895 
[stage=2, 38600] loss: 0.189950708 
[stage=2, 38700] loss: 0.191332038 
[stage=2, 38800] loss: 0.193677830 
[stage=2, 38900] loss: 0.190480220 
[stage=2, 39000] loss: 0.194412236 
[stage=2, 39100] loss: 0.193902147 
[stage=2, 39200] loss: 0.189079031 
[stage=2, 39300] loss: 0.186629130 
[stage=2, 39400] loss: 0.192155697 
[stage=2, 39500] loss: 0.193534684 
[stage=2, 39600] loss: 0.190743100 
[stage=2, 39700] loss: 0.193990654 
[stage=2, 39800] loss: 0.188705196 
[stage=2, 39900] loss: 0.194574875 
[stage=2, 40000] loss: 0.192006235 
[stage=2, 40100] loss: 0.184476685 
[stage=2, 40200] loss: 0.186955469 
[stage=2, 40300] loss: 0.191091246 
[stage=2, 40400] loss: 0.186839796 
[stage=2, 40500] loss: 0.187439904 
[stage=2, 40600] loss: 0.195964024 
[stage=2, 40700] loss: 0.186615483 
[stage=2, 40800] loss: 0.195768601 
[stage=2, 40900] loss: 0.188754924 
[stage=2, 41000] loss: 0.196283916 
[stage=2, 41100] loss: 0.188495720 
[stage=2, 41200] loss: 0.192883476 
[stage=2, 41300] loss: 0.192749752 
[stage=2, 41400] loss: 0.191503573 
[stage=2, 41500] loss: 0.192375395 
[stage=2, 41600] loss: 0.187064240 
[stage=2, 41700] loss: 0.192731742 
[stage=2, 41800] loss: 0.189758611 
[stage=2, 41900] loss: 0.196831937 
[stage=2, 42000] loss: 0.192338087 
[stage=2, 42100] loss: 0.183422636 
[stage=2, 42200] loss: 0.193690192 
[stage=2, 42300] loss: 0.182482298 
[stage=2, 42400] loss: 0.185587514 
[stage=2, 42500] loss: 0.192923585 
[stage=2, 42600] loss: 0.187668705 
[stage=2, 42700] loss: 0.187747301 
[stage=2, 42800] loss: 0.189550266 
[stage=2, 42900] loss: 0.198028433 
[stage=2, 43000] loss: 0.188284499 
[stage=2, 43100] loss: 0.192052277 
[stage=2, 43200] loss: 0.202676367 
[stage=2, 43300] loss: 0.186470392 
[stage=2, 43400] loss: 0.184985605 
[stage=2, 43500] loss: 0.195349904 
[stage=2, 43600] loss: 0.190064865 
[stage=2, 43700] loss: 0.190738541 
[stage=2, 43800] loss: 0.188447205 
[stage=2, 43900] loss: 0.192811106 
[stage=2, 44000] loss: 0.192427139 
[stage=2, 44100] loss: 0.193844472 
[stage=2, 44200] loss: 0.188586530 
[stage=2, 44300] loss: 0.185997545 
[stage=2, 44400] loss: 0.193840052 
[stage=2, 44500] loss: 0.192659276 
[stage=2, 44600] loss: 0.188455922 
[stage=2, 44700] loss: 0.194885688 
[stage=2, 44800] loss: 0.189208152 
[stage=2, 44900] loss: 0.193191507 
[stage=2, 45000] loss: 0.189228851 
[stage=2, 45100] loss: 0.183457044 
[stage=2, 45200] loss: 0.182843583 
[stage=2, 45300] loss: 0.186490193 
[stage=2, 45400] loss: 0.186550070 
[stage=2, 45500] loss: 0.185856654 
[stage=2, 45600] loss: 0.194485546 
[stage=2, 45700] loss: 0.185085184 
[stage=2, 45800] loss: 0.191017930 
[stage=2, 45900] loss: 0.188452674 
[stage=2, 46000] loss: 0.189973060 
[stage=2, 46100] loss: 0.190491561 
[stage=2, 46200] loss: 0.189369446 
[stage=2, 46300] loss: 0.191652350 
[stage=2, 46400] loss: 0.188179684 
[stage=2, 46500] loss: 0.194266978 
[stage=2, 46600] loss: 0.182023602 
[stage=2, 46700] loss: 0.191599884 
[stage=2, 46800] loss: 0.186053900 
[stage=2, 46900] loss: 0.196128100 
[stage=2, 47000] loss: 0.194866532 
[stage=2, 47100] loss: 0.182575985 
[stage=2, 47200] loss: 0.189370851 
[stage=2, 47300] loss: 0.181006733 
[stage=2, 47400] loss: 0.186626865 
[stage=2, 47500] loss: 0.192310485 
[stage=2, 47600] loss: 0.186782493 
[stage=2, 47700] loss: 0.184830303 
[stage=2, 47800] loss: 0.189512144 
[stage=2, 47900] loss: 0.195505561 
[stage=2, 48000] loss: 0.190537471 
[stage=2, 48100] loss: 0.185789969 
[stage=2, 48200] loss: 0.200293114 
[stage=2, 48300] loss: 0.183935830 
[stage=2, 48400] loss: 0.184453190 
[stage=2, 48500] loss: 0.192013562 
[stage=2, 48600] loss: 0.187504621 
[stage=2, 48700] loss: 0.187482229 
[stage=2, 48800] loss: 0.190938740 
[stage=2, 48900] loss: 0.188270451 
[stage=2, 49000] loss: 0.192531982 
[stage=2, 49100] loss: 0.190711799 
[stage=2, 49200] loss: 0.187436309 
[stage=2, 49300] loss: 0.182055051 
[stage=2, 49400] loss: 0.186378281 
[stage=2, 49500] loss: 0.190649020 
[stage=2, 49600] loss: 0.185529633 
[stage=2, 49700] loss: 0.196121330 
[stage=2, 49800] loss: 0.187588993 
[stage=2, 49900] loss: 0.187860589 
[stage=2, 50000] loss: 0.189982813 
[stage=2, 50100] loss: 0.184003270 
[stage=2, 50200] loss: 0.182156955 
[stage=2, 50300] loss: 0.186070274 
[stage=2, 50400] loss: 0.185840857 
[stage=2, 50500] loss: 0.181810986 
[stage=2, 50600] loss: 0.192196136 
[stage=2, 50700] loss: 0.184327461 
[stage=2, 50800] loss: 0.189607996 
[stage=2, 50900] loss: 0.185941506 
[stage=2, 51000] loss: 0.188065778 
[stage=2, 51100] loss: 0.190308558 
[stage=2, 51200] loss: 0.182211782 
[stage=2, 51300] loss: 0.189104803 
[stage=2, 51400] loss: 0.189031122 
[stage=2, 51500] loss: 0.190328294 
[stage=2, 51600] loss: 0.182684868 
[stage=2, 51700] loss: 0.189953937 
[stage=2, 51800] loss: 0.181513572 
[stage=2, 51900] loss: 0.193434797 
[stage=2, 52000] loss: 0.194009112 
[stage=2, 52100] loss: 0.180018659 
[stage=2, 52200] loss: 0.189503397 
[stage=2, 52300] loss: 0.178161917 
[stage=2, 52400] loss: 0.181550435 
[stage=2, 52500] loss: 0.188950606 
[stage=2, 52600] loss: 0.183748692 
[stage=2, 52700] loss: 0.184519902 
[stage=2, 52800] loss: 0.184016124 
[stage=2, 52900] loss: 0.190327986 
[stage=2, 53000] loss: 0.190928473 
[stage=2, 53100] loss: 0.185568276 
[stage=2, 53200] loss: 0.194627128 
[stage=2, 53300] loss: 0.185206977 
[stage=2, 53400] loss: 0.181871115 
[stage=2, 53500] loss: 0.190506189 
[stage=2, 53600] loss: 0.185861742 
[stage=2, 53700] loss: 0.188194277 
[stage=2, 53800] loss: 0.184114933 
[stage=2, 53900] loss: 0.188817529 
[stage=2, 54000] loss: 0.187082243 
[stage=2, 54100] loss: 0.188203786 
[stage=2, 54200] loss: 0.186548365 
[stage=2, 54300] loss: 0.182748249 
[stage=2, 54400] loss: 0.186745173 
[stage=2, 54500] loss: 0.188827523 
[stage=2, 54600] loss: 0.183655479 
[stage=2, 54700] loss: 0.192781661 
[stage=2, 54800] loss: 0.181729992 
[stage=2, 54900] loss: 0.186665761 
[stage=2, 55000] loss: 0.187332309 
[stage=2, 55100] loss: 0.183026976 
[stage=2, 55200] loss: 0.180183015 
[stage=2, 55300] loss: 0.178953092 
[stage=2, 55400] loss: 0.184363412 
[stage=2, 55500] loss: 0.181338066 
[stage=2, 55600] loss: 0.190188376 
[stage=2, 55700] loss: 0.182193790 
[stage=2, 55800] loss: 0.186873908 
[stage=2, 55900] loss: 0.186284218 
[stage=2, 56000] loss: 0.185045421 
[stage=2, 56100] loss: 0.189842465 
[stage=2, 56200] loss: 0.181740391 
[stage=2, 56300] loss: 0.187539155 
[stage=2, 56400] loss: 0.188300577 
[stage=2, 56500] loss: 0.187735061 
[stage=2, 56600] loss: 0.182543880 
[stage=2, 56700] loss: 0.187909273 
[stage=2, 56800] loss: 0.181822591 
[stage=2, 56900] loss: 0.192851845 
[stage=2, 57000] loss: 0.191751473 
[stage=2, 57100] loss: 0.179941189 
[stage=2, 57200] loss: 0.185646066 
[stage=2, 57300] loss: 0.180579491 
[stage=2, 57400] loss: 0.176338412 
[stage=2, 57500] loss: 0.188027707 
[stage=2, 57600] loss: 0.182937337 
[stage=2, 57700] loss: 0.183158608 
[stage=2, 57800] loss: 0.182842899 
[stage=2, 57900] loss: 0.187711394 
[stage=2, 58000] loss: 0.186724915 
[stage=2, 58100] loss: 0.184749819 
[stage=2, 58200] loss: 0.191782224 
[stage=2, 58300] loss: 0.184478072 
[stage=2, 58400] loss: 0.180024648 
[stage=2, 58500] loss: 0.185400247 
[stage=2, 58600] loss: 0.184894317 
[stage=2, 58700] loss: 0.185994870 
[stage=2, 58800] loss: 0.182540349 
[stage=2, 58900] loss: 0.186989818 
[stage=2, 59000] loss: 0.188381293 
[stage=2, 59100] loss: 0.183714347 
[stage=2, 59200] loss: 0.188279823 
[stage=2, 59300] loss: 0.181118514 
[stage=2, 59400] loss: 0.183948057 
[stage=2, 59500] loss: 0.190768734 
[stage=2, 59600] loss: 0.183010587 
[stage=2, 59700] loss: 0.189768940 
[stage=2, 59800] loss: 0.181137469 
[stage=2, 59900] loss: 0.181807486 
[stage=2, 60000] loss: 0.185851289 
[stage=2, 60100] loss: 0.180038991 
[stage=2, 60200] loss: 0.180260864 
[stage=2, 60300] loss: 0.176989690 
[stage=2, 60400] loss: 0.182455837 
[stage=2, 60500] loss: 0.177844913 
[stage=2, 60600] loss: 0.189668487 
[stage=2, 60700] loss: 0.180024084 
[stage=2, 60800] loss: 0.187056126 
[stage=2, 60900] loss: 0.184412919 
[stage=2, 61000] loss: 0.185661467 
[stage=2, 61100] loss: 0.185247847 
[stage=2, 61200] loss: 0.177781366 
[stage=2, 61300] loss: 0.183415796 
[stage=2, 61400] loss: 0.187550545 
[stage=2, 61500] loss: 0.185913193 
[stage=2, 61600] loss: 0.178888009 
[stage=2, 61700] loss: 0.188861983 
[stage=2, 61800] loss: 0.180589464 
[stage=2, 61900] loss: 0.189063917 
[stage=2, 62000] loss: 0.188543769 
[stage=2, 62100] loss: 0.177742632 
[stage=2, 62200] loss: 0.185558847 
[stage=2, 62300] loss: 0.179200537 
[stage=2, 62400] loss: 0.174963103 
[stage=2, 62500] loss: 0.185628033 
[stage=2, 62600] loss: 0.179750260 
[stage=2, 62700] loss: 0.180456860 
[stage=2, 62800] loss: 0.183637460 
[stage=2, 62900] loss: 0.187481370 
[stage=2, 63000] loss: 0.187058087 
[stage=2, 63100] loss: 0.184677118 
[stage=2, 63200] loss: 0.188760334 
[stage=2, 63300] loss: 0.185598725 
[stage=2, 63400] loss: 0.181084057 
[stage=2, 63500] loss: 0.182376628 
[stage=2, 63600] loss: 0.183761849 
[stage=2, 63700] loss: 0.182846660 
[stage=2, 63800] loss: 0.183718829 
[stage=2, 63900] loss: 0.183309895 
[stage=2, 64000] loss: 0.185628782 
[stage=2, 64100] loss: 0.185296325 
[stage=2, 64200] loss: 0.185585650 
[stage=2, 64300] loss: 0.176859049 
[stage=2, 64400] loss: 0.180714228 
[stage=2, 64500] loss: 0.189598691 
[stage=2, 64600] loss: 0.180941983 
[stage=2, 64700] loss: 0.185647343 
[stage=2, 64800] loss: 0.181585577 
[stage=2, 64900] loss: 0.181131287 
[stage=2, 65000] loss: 0.185551743 
[stage=2, 65100] loss: 0.180777005 
[stage=2, 65200] loss: 0.177673071 
[stage=2, 65300] loss: 0.176820692 
[stage=2, 65400] loss: 0.177084806 
[stage=2, 65500] loss: 0.176431734 
[stage=2, 65600] loss: 0.184370004 
[stage=2, 65700] loss: 0.180263447 
[stage=2, 65800] loss: 0.185259054 
[stage=2, 65900] loss: 0.184948507 
[stage=2, 66000] loss: 0.185007004 
[stage=2, 66100] loss: 0.183191995 
[stage=2, 66200] loss: 0.178132580 
[stage=2, 66300] loss: 0.182584122 
[stage=2, 66400] loss: 0.182907374 
[stage=2, 66500] loss: 0.184573789 
[stage=2, 66600] loss: 0.179187937 
[stage=2, 66700] loss: 0.186877549 
[stage=2, 66800] loss: 0.175120330 
[stage=2, 66900] loss: 0.190394153 
[stage=2, 67000] loss: 0.188344330 
[stage=2, 67100] loss: 0.177995234 
[stage=2, 67200] loss: 0.179583387 
[stage=2, 67300] loss: 0.179538680 
[stage=2, 67400] loss: 0.172456858 
[stage=2, 67500] loss: 0.186079056 
[stage=2, 67600] loss: 0.177440707 
[stage=2, 67700] loss: 0.178289504 
[stage=2, 67800] loss: 0.180483043 
[stage=2, 67900] loss: 0.180723487 
[stage=2, 68000] loss: 0.185488860 
[stage=2, 68100] loss: 0.183590091 
[stage=2, 68200] loss: 0.186002044 
[stage=2, 68300] loss: 0.180532360 
[stage=2, 68400] loss: 0.182300057 
[stage=2, 68500] loss: 0.178347054 
[stage=2, 68600] loss: 0.184125355 
[stage=2, 68700] loss: 0.183495738 
[stage=2, 68800] loss: 0.179923526 
[stage=2, 68900] loss: 0.183486822 
[stage=2, 69000] loss: 0.183260741 
[stage=2, 69100] loss: 0.182941473 
[stage=2, 69200] loss: 0.181992601 
[stage=2, 69300] loss: 0.176741288 
[stage=2, 69400] loss: 0.177923599 
[stage=2, 69500] loss: 0.187650492 
[stage=2, 69600] loss: 0.181944376 
[stage=2, 69700] loss: 0.182381695 
[stage=2, 69800] loss: 0.180617772 
[stage=2, 69900] loss: 0.181424103 
[stage=2, 70000] loss: 0.182975738 
[stage=2, 70100] loss: 0.176547997 
[stage=2, 70200] loss: 0.172882884 
[stage=2, 70300] loss: 0.177320824 
[stage=2, 70400] loss: 0.177022548 
[stage=2, 70500] loss: 0.176138063 
[stage=2, 70600] loss: 0.189117514 
[stage=2, 70700] loss: 0.176143963 
[stage=2, 70800] loss: 0.184442211 
[stage=2, 70900] loss: 0.183949025 
[stage=2, 71000] loss: 0.181113160 
[stage=2, 71100] loss: 0.185020736 
[stage=2, 71200] loss: 0.175511659 
[stage=2, 71300] loss: 0.177822917 
[stage=2, 71400] loss: 0.182045986 
[stage=2, 71500] loss: 0.182424918 
[stage=2, 71600] loss: 0.179173507 
[stage=2, 71700] loss: 0.183216295 
[stage=2, 71800] loss: 0.173986585 
[stage=2, 71900] loss: 0.185899268 
[stage=2, 72000] loss: 0.189910022 
[stage=2, 72100] loss: 0.175185258 
[stage=2, 72200] loss: 0.181147132 
[stage=2, 72300] loss: 0.176506374 
[stage=2, 72400] loss: 0.171692409 
[stage=2, 72500] loss: 0.184440522 
[stage=2, 72600] loss: 0.176668738 
[stage=2, 72700] loss: 0.177721217 
[stage=2, 72800] loss: 0.179458692 
[stage=2, 72900] loss: 0.178599428 
[stage=2, 73000] loss: 0.186975077 
[stage=2, 73100] loss: 0.183478625 
[stage=2, 73200] loss: 0.185299995 
[stage=2, 73300] loss: 0.181040861 
[stage=2, 73400] loss: 0.181069491 
[stage=2, 73500] loss: 0.175824351 
[stage=2, 73600] loss: 0.185006204 
[stage=2, 73700] loss: 0.180184254 
[stage=2, 73800] loss: 0.180382097 
[stage=2, 73900] loss: 0.180596530 
[stage=2, 74000] loss: 0.183920017 
[stage=2, 74100] loss: 0.181344371 
[stage=2, 74200] loss: 0.181446063 
[stage=2, 74300] loss: 0.176357956 
[stage=2, 74400] loss: 0.175926003 
[stage=2, 74500] loss: 0.186073919 
[stage=2, 74600] loss: 0.180383692 
[stage=2, 74700] loss: 0.180437769 
[stage=2, 74800] loss: 0.178379877 
[stage=2, 74900] loss: 0.177112124 
[stage=2, 75000] loss: 0.182373270 
[stage=2, 75100] loss: 0.175016324 
[stage=2, 75200] loss: 0.172827326 
[stage=2, 75300] loss: 0.173638841 
[stage=2, 75400] loss: 0.175282130 
[stage=2, 75500] loss: 0.174084973 
[stage=2, 75600] loss: 0.188184166 
[stage=2, 75700] loss: 0.174855999 
[stage=2, 75800] loss: 0.183608422 
[stage=2, 75900] loss: 0.180906408 
[stage=2, 76000] loss: 0.179358131 
[stage=2, 76100] loss: 0.181263574 
[stage=2, 76200] loss: 0.177509827 
[stage=2, 76300] loss: 0.178262348 
[stage=2, 76400] loss: 0.183856395 
[stage=2, 76500] loss: 0.180710119 
[stage=2, 76600] loss: 0.176262606 
[stage=2, 76700] loss: 0.183794122 
[stage=2, 76800] loss: 0.171464088 
[stage=2, 76900] loss: 0.186048459 
[stage=2, 77000] loss: 0.184241101 
[stage=2, 77100] loss: 0.172448795 
[stage=2, 77200] loss: 0.181992840 
[stage=2, 77300] loss: 0.176958928 
[stage=2, 77400] loss: 0.168126232 
[stage=2, 77500] loss: 0.180352112 
[stage=2, 77600] loss: 0.178325945 
[stage=2, 77700] loss: 0.177538558 
[stage=2, 77800] loss: 0.179053177 
[stage=2, 77900] loss: 0.179006262 
[stage=2, 78000] loss: 0.183466770 
[stage=2, 78100] loss: 0.177866010 
[stage=2, 78200] loss: 0.184334838 
[stage=2, 78300] loss: 0.179308798 
[stage=2, 78400] loss: 0.183424315 
[stage=2, 78500] loss: 0.174022656 
[stage=2, 78600] loss: 0.181036284 
[stage=2, 78700] loss: 0.180291978 
[stage=2, 78800] loss: 0.178083964 
[stage=2, 78900] loss: 0.181579461 
[stage=2, 79000] loss: 0.181631632 
[stage=2, 79100] loss: 0.179408738 
[stage=2, 79200] loss: 0.178601318 
[stage=2, 79300] loss: 0.173248402 
[stage=2, 79400] loss: 0.174315793 
[stage=2, 79500] loss: 0.187393377 
[stage=2, 79600] loss: 0.177144318 
[stage=2, 79700] loss: 0.177325945 
[stage=2, 79800] loss: 0.179156963 
[stage=2, 79900] loss: 0.178470361 
[stage=2, 80000] loss: 0.180796340 
[stage=2, 80100] loss: 0.176079403 
[stage=2, 80200] loss: 0.173155583 
[stage=2, 80300] loss: 0.172900966 
[stage=2, 80400] loss: 0.174514391 
[stage=2, 80500] loss: 0.175403204 
[stage=2, 80600] loss: 0.183225954 
[stage=2, 80700] loss: 0.172880734 
[stage=2, 80800] loss: 0.180597144 
[stage=2, 80900] loss: 0.179304401 
[stage=2, 81000] loss: 0.178462007 
[stage=2, 81100] loss: 0.178194366 
[stage=2, 81200] loss: 0.178467477 
[stage=2, 81300] loss: 0.174579067 
[stage=2, 81400] loss: 0.182275917 
[stage=2, 81500] loss: 0.176764502 
[stage=2, 81600] loss: 0.178411295 
[stage=2, 81700] loss: 0.178994067 
[stage=2, 81800] loss: 0.170991041 
[stage=2, 81900] loss: 0.183181502 
[stage=2, 82000] loss: 0.184350619 
[stage=2, 82100] loss: 0.172551815 
[stage=2, 82200] loss: 0.179191900 
[stage=2, 82300] loss: 0.177823496 
[stage=2, 82400] loss: 0.167059089 
[stage=2, 82500] loss: 0.181442088 
[stage=2, 82600] loss: 0.173927460 
[stage=2, 82700] loss: 0.175431026 
[stage=2, 82800] loss: 0.178947516 
[stage=2, 82900] loss: 0.179073073 
[stage=2, 83000] loss: 0.178615197 
[stage=2, 83100] loss: 0.177776078 
[stage=2, 83200] loss: 0.178923495 
[stage=2, 83300] loss: 0.179991563 
[stage=2, 83400] loss: 0.178515118 
[stage=2, 83500] loss: 0.171942671 
[stage=2, 83600] loss: 0.179418584 
[stage=2, 83700] loss: 0.181117630 
[stage=2, 83800] loss: 0.174739756 
[stage=2, 83900] loss: 0.179416774 
[stage=2, 84000] loss: 0.179587158 
[stage=2, 84100] loss: 0.177833088 
[stage=2, 84200] loss: 0.178409790 
[stage=2, 84300] loss: 0.172204007 
[stage=2, 84400] loss: 0.171418887 
[stage=2, 84500] loss: 0.183719834 
[stage=2, 84600] loss: 0.175907229 
[stage=2, 84700] loss: 0.178125310 
[stage=2, 84800] loss: 0.175377469 
[stage=2, 84900] loss: 0.180362102 
[stage=2, 85000] loss: 0.178568886 
[stage=2, 85100] loss: 0.174273386 
[stage=2, 85200] loss: 0.170458766 
[stage=2, 85300] loss: 0.171424215 
[stage=2, 85400] loss: 0.173026074 
[stage=2, 85500] loss: 0.170195376 
[stage=2, 85600] loss: 0.181170271 
[stage=2, 85700] loss: 0.174717811 
[stage=2, 85800] loss: 0.176975314 
[stage=2, 85900] loss: 0.180080505 
[stage=2, 86000] loss: 0.178174845 
[stage=2, 86100] loss: 0.178147835 
[stage=2, 86200] loss: 0.176684762 
[stage=2, 86300] loss: 0.172885942 
[stage=2, 86400] loss: 0.182370321 
[stage=2, 86500] loss: 0.176567381 
[stage=2, 86600] loss: 0.175911620 
[stage=2, 86700] loss: 0.176775190 
[stage=2, 86800] loss: 0.170242090 
[stage=2, 86900] loss: 0.181822153 
[stage=2, 87000] loss: 0.182241426 
[stage=2, 87100] loss: 0.174478459 
[stage=2, 87200] loss: 0.177223783 
[stage=2, 87300] loss: 0.174374097 
[stage=2, 87400] loss: 0.168654954 
[stage=2, 87500] loss: 0.175454146 
[stage=2, 87600] loss: 0.176167471 
[stage=2, 87700] loss: 0.172196640 
[stage=2, 87800] loss: 0.176374709 
[stage=2, 87900] loss: 0.178600441 
[stage=2, 88000] loss: 0.175096993 
[stage=2, 88100] loss: 0.178333022 
[stage=2, 88200] loss: 0.178093915 
[stage=2, 88300] loss: 0.181141375 
[stage=2, 88400] loss: 0.178273900 
[stage=2, 88500] loss: 0.170168862 
[stage=2, 88600] loss: 0.179089519 
[stage=2, 88700] loss: 0.179453502 
[stage=2, 88800] loss: 0.174451243 
[stage=2, 88900] loss: 0.178671151 
[stage=2, 89000] loss: 0.177245918 
[stage=2, 89100] loss: 0.177257345 
[stage=2, 89200] loss: 0.177309308 
[stage=2, 89300] loss: 0.172509081 
[stage=2, 89400] loss: 0.172195363 
[stage=2, 89500] loss: 0.183730169 
[stage=2, 89600] loss: 0.175201524 
[stage=2, 89700] loss: 0.175825208 
[stage=2, 89800] loss: 0.174405149 
[stage=2, 89900] loss: 0.175720248 
[stage=2, 90000] loss: 0.176390351 
[stage=2, 90100] loss: 0.176655845 
[stage=2, 90200] loss: 0.164100304 
[stage=2, 90300] loss: 0.171986541 
[stage=2, 90400] loss: 0.171346858 
[stage=2, 90500] loss: 0.172363104 
[stage=2, 90600] loss: 0.178705216 
[stage=2, 90700] loss: 0.174020411 
[stage=2, 90800] loss: 0.176677256 
[stage=2, 90900] loss: 0.177468200 
[stage=2, 91000] loss: 0.173581210 
[stage=2, 91100] loss: 0.180074896 
[stage=2, 91200] loss: 0.174518692 
[stage=2, 91300] loss: 0.172668125 
[stage=2, 91400] loss: 0.179905579 
[stage=2, 91500] loss: 0.175287574 
[stage=2, 91600] loss: 0.176657504 
[stage=2, 91700] loss: 0.175259210 
[stage=2, 91800] loss: 0.171251722 
[stage=2, 91900] loss: 0.179472695 
[stage=2, 92000] loss: 0.181049616 
[stage=2, 92100] loss: 0.172417959 
[stage=2, 92200] loss: 0.176310161 
[stage=2, 92300] loss: 0.173243170 
[stage=2, 92400] loss: 0.167286094 
[stage=2, 92500] loss: 0.173604834 
[stage=2, 92600] loss: 0.177395758 
[stage=2, 92700] loss: 0.169053249 
[stage=2, 92800] loss: 0.172970274 
[stage=2, 92900] loss: 0.174389497 
[stage=2, 93000] loss: 0.176474976 
[stage=2, 93100] loss: 0.175402623 
[stage=2, 93200] loss: 0.179693982 
[stage=2, 93300] loss: 0.180960051 
[stage=2, 93400] loss: 0.175641728 
[stage=2, 93500] loss: 0.166992706 
[stage=2, 93600] loss: 0.180364391 
[stage=2, 93700] loss: 0.176198829 
[stage=2, 93800] loss: 0.172744751 
[stage=2, 93900] loss: 0.178459106 
[stage=2, 94000] loss: 0.171465632 
[stage=2, 94100] loss: 0.178673078 
[stage=2, 94200] loss: 0.174725527 
[stage=2, 94300] loss: 0.168839474 
[stage=2, 94400] loss: 0.170323714 
[stage=2, 94500] loss: 0.180887791 
[stage=2, 94600] loss: 0.174872755 
[stage=2, 94700] loss: 0.173976287 
[stage=2, 94800] loss: 0.174233847 
[stage=2, 94900] loss: 0.173924741 
[stage=2, 95000] loss: 0.176918630 
