[stage=2,   100] loss: 2.053940221 
[stage=2,   200] loss: 1.466774157 
[stage=2,   300] loss: 1.247335439 
[stage=2,   400] loss: 1.158075535 
[stage=2,   500] loss: 1.090933391 
[stage=2,   600] loss: 1.158599124 
[stage=2,   700] loss: 0.999252893 
[stage=2,   800] loss: 1.061671304 
[stage=2,   900] loss: 0.979448982 
[stage=2,  1000] loss: 0.965090159 
[stage=2,  1100] loss: 0.908754490 
[stage=2,  1200] loss: 0.934314509 
[stage=2,  1300] loss: 1.020409615 
[stage=2,  1400] loss: 0.887013803 
[stage=2,  1500] loss: 0.944755209 
[stage=2,  1600] loss: 0.953540002 
[stage=2,  1700] loss: 0.848097017 
[stage=2,  1800] loss: 0.849200134 
[stage=2,  1900] loss: 0.832819551 
[stage=2,  2000] loss: 0.856399755 
[stage=2,  2100] loss: 0.927851762 
[stage=2,  2200] loss: 0.865206238 
[stage=2,  2300] loss: 0.939725711 
[stage=2,  2400] loss: 0.859804607 
[stage=2,  2500] loss: 0.866647879 
[stage=2,  2600] loss: 0.875466772 
[stage=2,  2700] loss: 0.876188016 
[stage=2,  2800] loss: 0.826574461 
[stage=2,  2900] loss: 0.791299563 
[stage=2,  3000] loss: 0.779210327 
[stage=2,  3100] loss: 0.805928329 
[stage=2,  3200] loss: 0.786326786 
[stage=2,  3300] loss: 0.723938415 
[stage=2,  3400] loss: 0.753291338 
[stage=2,  3500] loss: 0.794999534 
[stage=2,  3600] loss: 0.752344666 
[stage=2,  3700] loss: 0.788592833 
[stage=2,  3800] loss: 0.727682580 
[stage=2,  3900] loss: 0.722716007 
[stage=2,  4000] loss: 0.727162946 
[stage=2,  4100] loss: 0.682421471 
[stage=2,  4200] loss: 0.726365889 
[stage=2,  4300] loss: 0.699690841 
[stage=2,  4400] loss: 0.745905551 
[stage=2,  4500] loss: 0.799360574 
[stage=2,  4600] loss: 0.691907556 
[stage=2,  4700] loss: 0.748910342 
[stage=2,  4800] loss: 0.717250228 
[stage=2,  4900] loss: 0.736515094 
[stage=2,  5000] loss: 0.713359621 
[stage=2,  5100] loss: 0.705751095 
[stage=2,  5200] loss: 0.746632531 
[stage=2,  5300] loss: 0.632661221 
[stage=2,  5400] loss: 0.623932049 
[stage=2,  5500] loss: 0.751802594 
[stage=2,  5600] loss: 0.688553882 
[stage=2,  5700] loss: 0.713353285 
[stage=2,  5800] loss: 0.639654741 
[stage=2,  5900] loss: 0.699773228 
[stage=2,  6000] loss: 0.663607953 
[stage=2,  6100] loss: 0.606098396 
[stage=2,  6200] loss: 0.703353300 
[stage=2,  6300] loss: 0.632108300 
[stage=2,  6400] loss: 0.673634140 
[stage=2,  6500] loss: 0.697264752 
[stage=2,  6600] loss: 0.630116888 
[stage=2,  6700] loss: 0.672574884 
[stage=2,  6800] loss: 0.698995939 
[stage=2,  6900] loss: 0.613691205 
[stage=2,  7000] loss: 0.699628760 
[stage=2,  7100] loss: 0.680211255 
[stage=2,  7200] loss: 0.611416905 
[stage=2,  7300] loss: 0.652094183 
[stage=2,  7400] loss: 0.613300670 
[stage=2,  7500] loss: 0.608047608 
[stage=2,  7600] loss: 0.634289210 
[stage=2,  7700] loss: 0.575306019 
[stage=2,  7800] loss: 0.588383210 
[stage=2,  7900] loss: 0.632214503 
[stage=2,  8000] loss: 0.632839319 
[stage=2,  8100] loss: 0.554106773 
[stage=2,  8200] loss: 0.559481128 
[stage=2,  8300] loss: 0.589396662 
[stage=2,  8400] loss: 0.583073351 
[stage=2,  8500] loss: 0.617848188 
[stage=2,  8600] loss: 0.617235958 
[stage=2,  8700] loss: 0.580543966 
[stage=2,  8800] loss: 0.610671979 
[stage=2,  8900] loss: 0.542594482 
[stage=2,  9000] loss: 0.571892161 
[stage=2,  9100] loss: 0.536513117 
[stage=2,  9200] loss: 0.566930501 
[stage=2,  9300] loss: 0.632427638 
[stage=2,  9400] loss: 0.529108794 
[stage=2,  9500] loss: 0.540544838 
[stage=2,  9600] loss: 0.542349553 
[stage=2,  9700] loss: 0.546210633 
[stage=2,  9800] loss: 0.536137509 
[stage=2,  9900] loss: 0.572419914 
[stage=2, 10000] loss: 0.523072200 
[stage=2, 10100] loss: 0.528542164 
[stage=2, 10200] loss: 0.540423944 
[stage=2, 10300] loss: 0.544319773 
[stage=2, 10400] loss: 0.538294435 
[stage=2, 10500] loss: 0.544254848 
[stage=2, 10600] loss: 0.482855171 
[stage=2, 10700] loss: 0.493439319 
[stage=2, 10800] loss: 0.541838150 
[stage=2, 10900] loss: 0.526461672 
[stage=2, 11000] loss: 0.476819044 
[stage=2, 11100] loss: 0.484991265 
[stage=2, 11200] loss: 0.563534719 
[stage=2, 11300] loss: 0.542672635 
[stage=2, 11400] loss: 0.568189727 
[stage=2, 11500] loss: 0.503342369 
[stage=2, 11600] loss: 0.479365772 
[stage=2, 11700] loss: 0.480634141 
[stage=2, 11800] loss: 0.441573030 
[stage=2, 11900] loss: 0.481084655 
[stage=2, 12000] loss: 0.508948478 
[stage=2, 12100] loss: 0.503457480 
[stage=2, 12200] loss: 0.503380794 
[stage=2, 12300] loss: 0.472882081 
[stage=2, 12400] loss: 0.480072268 
[stage=2, 12500] loss: 0.466325937 
[stage=2, 12600] loss: 0.455878801 
[stage=2, 12700] loss: 0.480374605 
[stage=2, 12800] loss: 0.434367431 
[stage=2, 12900] loss: 0.485495775 
[stage=2, 13000] loss: 0.500484088 
[stage=2, 13100] loss: 0.498346809 
[stage=2, 13200] loss: 0.483306370 
[stage=2, 13300] loss: 0.471353851 
[stage=2, 13400] loss: 0.479662825 
[stage=2, 13500] loss: 0.446440405 
[stage=2, 13600] loss: 0.475711427 
[stage=2, 13700] loss: 0.497882517 
[stage=2, 13800] loss: 0.469076394 
[stage=2, 13900] loss: 0.463332145 
[stage=2, 14000] loss: 0.491009890 
[stage=2, 14100] loss: 0.454244421 
[stage=2, 14200] loss: 0.426187420 
[stage=2, 14300] loss: 0.486644944 
[stage=2, 14400] loss: 0.458467212 
[stage=2, 14500] loss: 0.445190228 
[stage=2, 14600] loss: 0.441416429 
[stage=2, 14700] loss: 0.458663265 
[stage=2, 14800] loss: 0.439810292 
[stage=2, 14900] loss: 0.441247333 
[stage=2, 15000] loss: 0.430176568 
[stage=2, 15100] loss: 0.416316765 
[stage=2, 15200] loss: 0.472123469 
[stage=2, 15300] loss: 0.446308802 
[stage=2, 15400] loss: 0.472842994 
[stage=2, 15500] loss: 0.448547495 
[stage=2, 15600] loss: 0.422390214 
[stage=2, 15700] loss: 0.410565410 
[stage=2, 15800] loss: 0.425210853 
[stage=2, 15900] loss: 0.441775258 
[stage=2, 16000] loss: 0.462889963 
[stage=2, 16100] loss: 0.453706230 
[stage=2, 16200] loss: 0.439354023 
[stage=2, 16300] loss: 0.413420016 
[stage=2, 16400] loss: 0.407570289 
[stage=2, 16500] loss: 0.407623181 
[stage=2, 16600] loss: 0.446439983 
[stage=2, 16700] loss: 0.433324375 
[stage=2, 16800] loss: 0.425605424 
[stage=2, 16900] loss: 0.394259665 
[stage=2, 17000] loss: 0.434881312 
[stage=2, 17100] loss: 0.458474942 
[stage=2, 17200] loss: 0.391010747 
[stage=2, 17300] loss: 0.404444122 
[stage=2, 17400] loss: 0.441495031 
[stage=2, 17500] loss: 0.409635773 
[stage=2, 17600] loss: 0.410813214 
[stage=2, 17700] loss: 0.390699255 
[stage=2, 17800] loss: 0.437026084 
[stage=2, 17900] loss: 0.395611667 
[stage=2, 18000] loss: 0.434266021 
[stage=2, 18100] loss: 0.398523474 
[stage=2, 18200] loss: 0.378807280 
[stage=2, 18300] loss: 0.404416935 
[stage=2, 18400] loss: 0.378717653 
[stage=2, 18500] loss: 0.401974521 
[stage=2, 18600] loss: 0.406965126 
[stage=2, 18700] loss: 0.385035267 
[stage=2, 18800] loss: 0.403583982 
[stage=2, 18900] loss: 0.402729020 
[stage=2, 19000] loss: 0.408394577 
[stage=2, 19100] loss: 0.407714820 
[stage=2, 19200] loss: 0.401424919 
[stage=2, 19300] loss: 0.432948694 
[stage=2, 19400] loss: 0.406072307 
[stage=2, 19500] loss: 0.397634269 
[stage=2, 19600] loss: 0.407477824 
[stage=2, 19700] loss: 0.418382929 
[stage=2, 19800] loss: 0.378201456 
[stage=2, 19900] loss: 0.347109789 
[stage=2, 20000] loss: 0.423902322 
[stage=2, 20100] loss: 0.400589910 
[stage=2, 20200] loss: 0.389221916 
[stage=2, 20300] loss: 0.400823331 
[stage=2, 20400] loss: 0.399155371 
[stage=2, 20500] loss: 0.392232591 
[stage=2, 20600] loss: 0.393869118 
[stage=2, 20700] loss: 0.356350672 
[stage=2, 20800] loss: 0.384618660 
[stage=2, 20900] loss: 0.384893822 
[stage=2, 21000] loss: 0.362761487 
[stage=2, 21100] loss: 0.370832334 
[stage=2, 21200] loss: 0.387289444 
[stage=2, 21300] loss: 0.367757440 
[stage=2, 21400] loss: 0.402117840 
[stage=2, 21500] loss: 0.395481533 
[stage=2, 21600] loss: 0.383239937 
[stage=2, 21700] loss: 0.368960759 
[stage=2, 21800] loss: 0.387222643 
[stage=2, 21900] loss: 0.383361147 
[stage=2, 22000] loss: 0.359873596 
[stage=2, 22100] loss: 0.372012461 
[stage=2, 22200] loss: 0.355850660 
[stage=2, 22300] loss: 0.375100602 
[stage=2, 22400] loss: 0.381689729 
[stage=2, 22500] loss: 0.397529859 
[stage=2, 22600] loss: 0.347426774 
[stage=2, 22700] loss: 0.381971511 
[stage=2, 22800] loss: 0.330817739 
[stage=2, 22900] loss: 0.351383791 
[stage=2, 23000] loss: 0.387059739 
[stage=2, 23100] loss: 0.368305472 
[stage=2, 23200] loss: 0.363059625 
[stage=2, 23300] loss: 0.380789130 
[stage=2, 23400] loss: 0.332530715 
[stage=2, 23500] loss: 0.361166741 
[stage=2, 23600] loss: 0.335528736 
[stage=2, 23700] loss: 0.361907565 
[stage=2, 23800] loss: 0.371147520 
[stage=2, 23900] loss: 0.344267127 
[stage=2, 24000] loss: 0.340684568 
[stage=2, 24100] loss: 0.363497677 
[stage=2, 24200] loss: 0.360135313 
[stage=2, 24300] loss: 0.338382446 
[stage=2, 24400] loss: 0.350616886 
[stage=2, 24500] loss: 0.393379229 
[stage=2, 24600] loss: 0.353090402 
[stage=2, 24700] loss: 0.345483312 
[stage=2, 24800] loss: 0.327371540 
[stage=2, 24900] loss: 0.358699165 
[stage=2, 25000] loss: 0.345680070 
[stage=2, 25100] loss: 0.344563224 
[stage=2, 25200] loss: 0.371176097 
[stage=2, 25300] loss: 0.348964892 
[stage=2, 25400] loss: 0.355304455 
[stage=2, 25500] loss: 0.338057589 
[stage=2, 25600] loss: 0.352272157 
[stage=2, 25700] loss: 0.343224602 
[stage=2, 25800] loss: 0.335944846 
[stage=2, 25900] loss: 0.356916113 
[stage=2, 26000] loss: 0.325822443 
[stage=2, 26100] loss: 0.325318921 
[stage=2, 26200] loss: 0.338102439 
[stage=2, 26300] loss: 0.350887229 
[stage=2, 26400] loss: 0.337617766 
[stage=2, 26500] loss: 0.335325157 
[stage=2, 26600] loss: 0.336850307 
[stage=2, 26700] loss: 0.333460469 
[stage=2, 26800] loss: 0.330526418 
[stage=2, 26900] loss: 0.337972121 
[stage=2, 27000] loss: 0.351024833 
[stage=2, 27100] loss: 0.340407722 
[stage=2, 27200] loss: 0.360534686 
[stage=2, 27300] loss: 0.364245994 
[stage=2, 27400] loss: 0.336335597 
[stage=2, 27500] loss: 0.314640484 
[stage=2, 27600] loss: 0.308677008 
[stage=2, 27700] loss: 0.321404610 
[stage=2, 27800] loss: 0.361046888 
[stage=2, 27900] loss: 0.363759471 
[stage=2, 28000] loss: 0.342397716 
[stage=2, 28100] loss: 0.329520808 
[stage=2, 28200] loss: 0.336692461 
[stage=2, 28300] loss: 0.301329241 
[stage=2, 28400] loss: 0.324835194 
[stage=2, 28500] loss: 0.375105474 
[stage=2, 28600] loss: 0.324093165 
[stage=2, 28700] loss: 0.303196271 
[stage=2, 28800] loss: 0.307724900 
[stage=2, 28900] loss: 0.297322306 
[stage=2, 29000] loss: 0.340982501 
[stage=2, 29100] loss: 0.342817881 
[stage=2, 29200] loss: 0.339806189 
[stage=2, 29300] loss: 0.341560607 
[stage=2, 29400] loss: 0.338897500 
[stage=2, 29500] loss: 0.317169519 
[stage=2, 29600] loss: 0.355745275 
[stage=2, 29700] loss: 0.324170253 
[stage=2, 29800] loss: 0.334188092 
[stage=2, 29900] loss: 0.344804184 
[stage=2, 30000] loss: 0.342723113 
[stage=2, 30100] loss: 0.338984384 
[stage=2, 30200] loss: 0.314369925 
[stage=2, 30300] loss: 0.340825224 
[stage=2, 30400] loss: 0.322302065 
[stage=2, 30500] loss: 0.327871546 
[stage=2, 30600] loss: 0.313391201 
[stage=2, 30700] loss: 0.329345373 
[stage=2, 30800] loss: 0.307588494 
[stage=2, 30900] loss: 0.343367171 
[stage=2, 31000] loss: 0.316886059 
[stage=2, 31100] loss: 0.341779165 
[stage=2, 31200] loss: 0.313686109 
[stage=2, 31300] loss: 0.324498324 
[stage=2, 31400] loss: 0.315965630 
[stage=2, 31500] loss: 0.304055236 
[stage=2, 31600] loss: 0.319614500 
[stage=2, 31700] loss: 0.310041325 
[stage=2, 31800] loss: 0.324971745 
[stage=2, 31900] loss: 0.303535607 
[stage=2, 32000] loss: 0.331216808 
[stage=2, 32100] loss: 0.298533685 
[stage=2, 32200] loss: 0.310745713 
[stage=2, 32300] loss: 0.306979501 
[stage=2, 32400] loss: 0.312192867 
[stage=2, 32500] loss: 0.324994146 
[stage=2, 32600] loss: 0.325851081 
[stage=2, 32700] loss: 0.320648842 
[stage=2, 32800] loss: 0.310409282 
[stage=2, 32900] loss: 0.289790960 
[stage=2, 33000] loss: 0.312448495 
[stage=2, 33100] loss: 0.295693422 
[stage=2, 33200] loss: 0.290269970 
[stage=2, 33300] loss: 0.321183836 
[stage=2, 33400] loss: 0.320595409 
[stage=2, 33500] loss: 0.297847000 
[stage=2, 33600] loss: 0.317363933 
[stage=2, 33700] loss: 0.302212626 
[stage=2, 33800] loss: 0.284944133 
[stage=2, 33900] loss: 0.300913518 
[stage=2, 34000] loss: 0.303859677 
[stage=2, 34100] loss: 0.316501295 
[stage=2, 34200] loss: 0.300883475 
[stage=2, 34300] loss: 0.319371895 
[stage=2, 34400] loss: 0.275773830 
[stage=2, 34500] loss: 0.321376007 
[stage=2, 34600] loss: 0.298519385 
[stage=2, 34700] loss: 0.318905641 
[stage=2, 34800] loss: 0.301672421 
[stage=2, 34900] loss: 0.293442603 
[stage=2, 35000] loss: 0.304199874 
[stage=2, 35100] loss: 0.303559699 
[stage=2, 35200] loss: 0.299240399 
[stage=2, 35300] loss: 0.326190073 
[stage=2, 35400] loss: 0.292431701 
[stage=2, 35500] loss: 0.317110566 
[stage=2, 35600] loss: 0.305309719 
[stage=2, 35700] loss: 0.311900934 
[stage=2, 35800] loss: 0.295472445 
[stage=2, 35900] loss: 0.309377560 
[stage=2, 36000] loss: 0.305717296 
[stage=2, 36100] loss: 0.298867766 
[stage=2, 36200] loss: 0.284607127 
[stage=2, 36300] loss: 0.316907296 
[stage=2, 36400] loss: 0.300194133 
[stage=2, 36500] loss: 0.288983596 
[stage=2, 36600] loss: 0.266317519 
[stage=2, 36700] loss: 0.311113628 
[stage=2, 36800] loss: 0.277276961 
[stage=2, 36900] loss: 0.286642792 
[stage=2, 37000] loss: 0.302847224 
[stage=2, 37100] loss: 0.314121545 
[stage=2, 37200] loss: 0.310973308 
[stage=2, 37300] loss: 0.293390500 
[stage=2, 37400] loss: 0.283090446 
[stage=2, 37500] loss: 0.282394768 
[stage=2, 37600] loss: 0.286544001 
[stage=2, 37700] loss: 0.289813289 
[stage=2, 37800] loss: 0.291648791 
[stage=2, 37900] loss: 0.310014590 
[stage=2, 38000] loss: 0.273128811 
[stage=2, 38100] loss: 0.277146447 
[stage=2, 38200] loss: 0.302006242 
[stage=2, 38300] loss: 0.294520214 
[stage=2, 38400] loss: 0.299334311 
[stage=2, 38500] loss: 0.273764422 
[stage=2, 38600] loss: 0.294522321 
[stage=2, 38700] loss: 0.292378883 
[stage=2, 38800] loss: 0.296597191 
[stage=2, 38900] loss: 0.300865505 
[stage=2, 39000] loss: 0.286944303 
[stage=2, 39100] loss: 0.301795627 
[stage=2, 39200] loss: 0.280915664 
[stage=2, 39300] loss: 0.309378855 
[stage=2, 39400] loss: 0.327711401 
[stage=2, 39500] loss: 0.295986721 
[stage=2, 39600] loss: 0.287824309 
[stage=2, 39700] loss: 0.301662534 
[stage=2, 39800] loss: 0.291009575 
[stage=2, 39900] loss: 0.281797995 
[stage=2, 40000] loss: 0.286055246 
[stage=2, 40100] loss: 0.279015410 
[stage=2, 40200] loss: 0.287108550 
[stage=2, 40300] loss: 0.292883949 
[stage=2, 40400] loss: 0.278054334 
[stage=2, 40500] loss: 0.292124876 
[stage=2, 40600] loss: 0.303302815 
[stage=2, 40700] loss: 0.293721080 
[stage=2, 40800] loss: 0.288459751 
[stage=2, 40900] loss: 0.291708085 
[stage=2, 41000] loss: 0.297420139 
[stage=2, 41100] loss: 0.277494264 
[stage=2, 41200] loss: 0.271992653 
[stage=2, 41300] loss: 0.281796127 
[stage=2, 41400] loss: 0.264573920 
[stage=2, 41500] loss: 0.273391185 
[stage=2, 41600] loss: 0.278441824 
[stage=2, 41700] loss: 0.291307575 
[stage=2, 41800] loss: 0.301988145 
[stage=2, 41900] loss: 0.276191866 
[stage=2, 42000] loss: 0.295758985 
[stage=2, 42100] loss: 0.298703893 
[stage=2, 42200] loss: 0.301641731 
[stage=2, 42300] loss: 0.288617377 
[stage=2, 42400] loss: 0.277170749 
[stage=2, 42500] loss: 0.285943178 
[stage=2, 42600] loss: 0.269573895 
[stage=2, 42700] loss: 0.266676733 
[stage=2, 42800] loss: 0.256836083 
[stage=2, 42900] loss: 0.272881843 
[stage=2, 43000] loss: 0.262415237 
[stage=2, 43100] loss: 0.278243362 
[stage=2, 43200] loss: 0.276355214 
[stage=2, 43300] loss: 0.283683222 
[stage=2, 43400] loss: 0.305723458 
[stage=2, 43500] loss: 0.294270069 
[stage=2, 43600] loss: 0.267947215 
[stage=2, 43700] loss: 0.260519804 
[stage=2, 43800] loss: 0.275564012 
[stage=2, 43900] loss: 0.292577757 
[stage=2, 44000] loss: 0.265878317 
[stage=2, 44100] loss: 0.277709714 
[stage=2, 44200] loss: 0.278402083 
[stage=2, 44300] loss: 0.269778753 
[stage=2, 44400] loss: 0.284783035 
[stage=2, 44500] loss: 0.279008516 
[stage=2, 44600] loss: 0.277433063 
[stage=2, 44700] loss: 0.257254431 
[stage=2, 44800] loss: 0.277220555 
[stage=2, 44900] loss: 0.293632594 
[stage=2, 45000] loss: 0.278576031 
[stage=2, 45100] loss: 0.268166229 
[stage=2, 45200] loss: 0.251286495 
[stage=2, 45300] loss: 0.278413781 
[stage=2, 45400] loss: 0.260687203 
[stage=2, 45500] loss: 0.268994790 
[stage=2, 45600] loss: 0.271574884 
[stage=2, 45700] loss: 0.261936032 
[stage=2, 45800] loss: 0.257798505 
[stage=2, 45900] loss: 0.276730519 
[stage=2, 46000] loss: 0.278092877 
[stage=2, 46100] loss: 0.279113797 
[stage=2, 46200] loss: 0.270244224 
[stage=2, 46300] loss: 0.267025833 
[stage=2, 46400] loss: 0.260732011 
[stage=2, 46500] loss: 0.267111483 
[stage=2, 46600] loss: 0.281800106 
[stage=2, 46700] loss: 0.265991093 
[stage=2, 46800] loss: 0.276726409 
[stage=2, 46900] loss: 0.261445768 
[stage=2, 47000] loss: 0.278393881 
[stage=2, 47100] loss: 0.264583170 
[stage=2, 47200] loss: 0.306787607 
[stage=2, 47300] loss: 0.277738155 
[stage=2, 47400] loss: 0.269013641 
[stage=2, 47500] loss: 0.268920761 
[stage=2, 47600] loss: 0.273051641 
[stage=2, 47700] loss: 0.273484186 
[stage=2, 47800] loss: 0.262667775 
[stage=2, 47900] loss: 0.259320172 
[stage=2, 48000] loss: 0.284530035 
[stage=2, 48100] loss: 0.279364177 
[stage=2, 48200] loss: 0.282571067 
[stage=2, 48300] loss: 0.269592374 
[stage=2, 48400] loss: 0.260492824 
[stage=2, 48500] loss: 0.256923257 
[stage=2, 48600] loss: 0.274360054 
[stage=2, 48700] loss: 0.270423046 
[stage=2, 48800] loss: 0.254807953 
[stage=2, 48900] loss: 0.266473583 
[stage=2, 49000] loss: 0.255948785 
[stage=2, 49100] loss: 0.248937275 
[stage=2, 49200] loss: 0.268117735 
[stage=2, 49300] loss: 0.266572863 
[stage=2, 49400] loss: 0.268712983 
[stage=2, 49500] loss: 0.271588661 
[stage=2, 49600] loss: 0.260310890 
[stage=2, 49700] loss: 0.262230804 
[stage=2, 49800] loss: 0.267948420 
[stage=2, 49900] loss: 0.257160040 
[stage=2, 50000] loss: 0.277641782 
[stage=2, 50100] loss: 0.253233550 
[stage=2, 50200] loss: 0.261944766 
[stage=2, 50300] loss: 0.264402298 
[stage=2, 50400] loss: 0.265746769 
[stage=2, 50500] loss: 0.259089710 
[stage=2, 50600] loss: 0.278331310 
[stage=2, 50700] loss: 0.266459023 
[stage=2, 50800] loss: 0.254718821 
[stage=2, 50900] loss: 0.240568200 
[stage=2, 51000] loss: 0.261695877 
[stage=2, 51100] loss: 0.255261675 
[stage=2, 51200] loss: 0.268930793 
[stage=2, 51300] loss: 0.255397220 
[stage=2, 51400] loss: 0.250403638 
[stage=2, 51500] loss: 0.256973628 
[stage=2, 51600] loss: 0.275004338 
[stage=2, 51700] loss: 0.264311770 
[stage=2, 51800] loss: 0.245551211 
[stage=2, 51900] loss: 0.263747061 
[stage=2, 52000] loss: 0.262711983 
[stage=2, 52100] loss: 0.255556937 
[stage=2, 52200] loss: 0.264521004 
[stage=2, 52300] loss: 0.254489919 
[stage=2, 52400] loss: 0.235559810 
[stage=2, 52500] loss: 0.267976625 
[stage=2, 52600] loss: 0.257106261 
[stage=2, 52700] loss: 0.248487495 
[stage=2, 52800] loss: 0.258167294 
[stage=2, 52900] loss: 0.275035462 
[stage=2, 53000] loss: 0.270432189 
[stage=2, 53100] loss: 0.251136332 
[stage=2, 53200] loss: 0.268228788 
[stage=2, 53300] loss: 0.258243895 
[stage=2, 53400] loss: 0.252030372 
[stage=2, 53500] loss: 0.260279101 
[stage=2, 53600] loss: 0.239670029 
[stage=2, 53700] loss: 0.246852622 
[stage=2, 53800] loss: 0.286361023 
[stage=2, 53900] loss: 0.253851946 
[stage=2, 54000] loss: 0.263587685 
[stage=2, 54100] loss: 0.258561046 
[stage=2, 54200] loss: 0.247981258 
[stage=2, 54300] loss: 0.252250099 
[stage=2, 54400] loss: 0.255494712 
[stage=2, 54500] loss: 0.248824451 
[stage=2, 54600] loss: 0.247123574 
[stage=2, 54700] loss: 0.246275884 
[stage=2, 54800] loss: 0.240805086 
[stage=2, 54900] loss: 0.250444088 
[stage=2, 55000] loss: 0.247371067 
[stage=2, 55100] loss: 0.260050031 
[stage=2, 55200] loss: 0.244752974 
[stage=2, 55300] loss: 0.247401795 
[stage=2, 55400] loss: 0.237242335 
[stage=2, 55500] loss: 0.236966384 
[stage=2, 55600] loss: 0.265502328 
[stage=2, 55700] loss: 0.248381665 
[stage=2, 55800] loss: 0.246931538 
[stage=2, 55900] loss: 0.243242463 
[stage=2, 56000] loss: 0.234166473 
[stage=2, 56100] loss: 0.256065269 
[stage=2, 56200] loss: 0.244348393 
[stage=2, 56300] loss: 0.253300569 
[stage=2, 56400] loss: 0.251562652 
[stage=2, 56500] loss: 0.251250926 
[stage=2, 56600] loss: 0.247248916 
[stage=2, 56700] loss: 0.273338121 
[stage=2, 56800] loss: 0.259523535 
[stage=2, 56900] loss: 0.251863467 
[stage=2, 57000] loss: 0.244086192 
[stage=2, 57100] loss: 0.238483362 
[stage=2, 57200] loss: 0.237698110 
[stage=2, 57300] loss: 0.254722100 
[stage=2, 57400] loss: 0.258860652 
[stage=2, 57500] loss: 0.256835453 
[stage=2, 57600] loss: 0.249814059 
[stage=2, 57700] loss: 0.250784349 
[stage=2, 57800] loss: 0.256636193 
[stage=2, 57900] loss: 0.251506360 
[stage=2, 58000] loss: 0.269666963 
[stage=2, 58100] loss: 0.269321820 
[stage=2, 58200] loss: 0.243140287 
[stage=2, 58300] loss: 0.232941139 
[stage=2, 58400] loss: 0.262616758 
[stage=2, 58500] loss: 0.265119734 
[stage=2, 58600] loss: 0.250210656 
[stage=2, 58700] loss: 0.241158505 
[stage=2, 58800] loss: 0.249177121 
[stage=2, 58900] loss: 0.242110523 
[stage=2, 59000] loss: 0.268994627 
[stage=2, 59100] loss: 0.251912054 
[stage=2, 59200] loss: 0.262741042 
[stage=2, 59300] loss: 0.239469921 
[stage=2, 59400] loss: 0.244975370 
[stage=2, 59500] loss: 0.241493967 
[stage=2, 59600] loss: 0.231800537 
[stage=2, 59700] loss: 0.252477221 
[stage=2, 59800] loss: 0.241120921 
[stage=2, 59900] loss: 0.258641517 
[stage=2, 60000] loss: 0.255540555 
[stage=2, 60100] loss: 0.246313888 
[stage=2, 60200] loss: 0.248417628 
[stage=2, 60300] loss: 0.248515137 
[stage=2, 60400] loss: 0.228236078 
[stage=2, 60500] loss: 0.255110953 
[stage=2, 60600] loss: 0.247864089 
[stage=2, 60700] loss: 0.257633819 
[stage=2, 60800] loss: 0.242590233 
[stage=2, 60900] loss: 0.233276882 
[stage=2, 61000] loss: 0.245671702 
[stage=2, 61100] loss: 0.248891280 
[stage=2, 61200] loss: 0.262217067 
[stage=2, 61300] loss: 0.237406112 
[stage=2, 61400] loss: 0.246259015 
[stage=2, 61500] loss: 0.238809759 
[stage=2, 61600] loss: 0.233087910 
[stage=2, 61700] loss: 0.239949997 
[stage=2, 61800] loss: 0.251368936 
[stage=2, 61900] loss: 0.227385275 
[stage=2, 62000] loss: 0.240543627 
[stage=2, 62100] loss: 0.239828735 
[stage=2, 62200] loss: 0.249969008 
[stage=2, 62300] loss: 0.233788099 
[stage=2, 62400] loss: 0.238205919 
[stage=2, 62500] loss: 0.229823352 
[stage=2, 62600] loss: 0.235682293 
[stage=2, 62700] loss: 0.242805820 
[stage=2, 62800] loss: 0.249067350 
[stage=2, 62900] loss: 0.235939603 
[stage=2, 63000] loss: 0.235523970 
[stage=2, 63100] loss: 0.242430588 
[stage=2, 63200] loss: 0.233865710 
[stage=2, 63300] loss: 0.265079095 
[stage=2, 63400] loss: 0.245473500 
[stage=2, 63500] loss: 0.221301797 
[stage=2, 63600] loss: 0.227316607 
[stage=2, 63700] loss: 0.232012449 
[stage=2, 63800] loss: 0.242739167 
[stage=2, 63900] loss: 0.237554529 
[stage=2, 64000] loss: 0.233308707 
[stage=2, 64100] loss: 0.229814587 
[stage=2, 64200] loss: 0.245322546 
[stage=2, 64300] loss: 0.235413345 
[stage=2, 64400] loss: 0.246908727 
[stage=2, 64500] loss: 0.230349956 
[stage=2, 64600] loss: 0.233789708 
[stage=2, 64700] loss: 0.228733036 
[stage=2, 64800] loss: 0.233541872 
[stage=2, 64900] loss: 0.231422651 
[stage=2, 65000] loss: 0.223829031 
[stage=2, 65100] loss: 0.232589787 
[stage=2, 65200] loss: 0.253281126 
[stage=2, 65300] loss: 0.232716540 
[stage=2, 65400] loss: 0.222024939 
[stage=2, 65500] loss: 0.233526794 
[stage=2, 65600] loss: 0.247955064 
[stage=2, 65700] loss: 0.238509422 
[stage=2, 65800] loss: 0.230243072 
[stage=2, 65900] loss: 0.228221852 
[stage=2, 66000] loss: 0.247279236 
[stage=2, 66100] loss: 0.246046390 
[stage=2, 66200] loss: 0.228328894 
[stage=2, 66300] loss: 0.248483355 
[stage=2, 66400] loss: 0.226407302 
[stage=2, 66500] loss: 0.237268859 
[stage=2, 66600] loss: 0.228615852 
[stage=2, 66700] loss: 0.219830711 
[stage=2, 66800] loss: 0.236083701 
[stage=2, 66900] loss: 0.215403257 
[stage=2, 67000] loss: 0.224380627 
[stage=2, 67100] loss: 0.241499749 
[stage=2, 67200] loss: 0.222508194 
[stage=2, 67300] loss: 0.233630486 
[stage=2, 67400] loss: 0.213165406 
[stage=2, 67500] loss: 0.249587144 
[stage=2, 67600] loss: 0.229620592 
[stage=2, 67700] loss: 0.241091720 
[stage=2, 67800] loss: 0.234386088 
[stage=2, 67900] loss: 0.230480289 
[stage=2, 68000] loss: 0.221460864 
[stage=2, 68100] loss: 0.217505898 
[stage=2, 68200] loss: 0.219888040 
[stage=2, 68300] loss: 0.236868870 
[stage=2, 68400] loss: 0.244018252 
[stage=2, 68500] loss: 0.219722402 
[stage=2, 68600] loss: 0.226161666 
[stage=2, 68700] loss: 0.229467183 
[stage=2, 68800] loss: 0.237843720 
[stage=2, 68900] loss: 0.223462154 
[stage=2, 69000] loss: 0.230437385 
[stage=2, 69100] loss: 0.241131742 
[stage=2, 69200] loss: 0.219728122 
[stage=2, 69300] loss: 0.217987657 
[stage=2, 69400] loss: 0.235011434 
[stage=2, 69500] loss: 0.229903848 
[stage=2, 69600] loss: 0.234583444 
[stage=2, 69700] loss: 0.232811789 
[stage=2, 69800] loss: 0.235407243 
[stage=2, 69900] loss: 0.233199034 
[stage=2, 70000] loss: 0.229152056 
[stage=2, 70100] loss: 0.229342678 
[stage=2, 70200] loss: 0.219299258 
[stage=2, 70300] loss: 0.232606223 
[stage=2, 70400] loss: 0.223329927 
[stage=2, 70500] loss: 0.255554762 
[stage=2, 70600] loss: 0.234719909 
[stage=2, 70700] loss: 0.228640191 
[stage=2, 70800] loss: 0.219581106 
[stage=2, 70900] loss: 0.242250883 
[stage=2, 71000] loss: 0.227708364 
[stage=2, 71100] loss: 0.225262048 
[stage=2, 71200] loss: 0.239632185 
[stage=2, 71300] loss: 0.234036046 
[stage=2, 71400] loss: 0.232354444 
[stage=2, 71500] loss: 0.222642523 
[stage=2, 71600] loss: 0.232628003 
[stage=2, 71700] loss: 0.231416184 
[stage=2, 71800] loss: 0.238951164 
[stage=2, 71900] loss: 0.242133000 
[stage=2, 72000] loss: 0.237410652 
[stage=2, 72100] loss: 0.216800711 
[stage=2, 72200] loss: 0.224493329 
[stage=2, 72300] loss: 0.223370023 
[stage=2, 72400] loss: 0.239259641 
[stage=2, 72500] loss: 0.234023506 
[stage=2, 72600] loss: 0.225470697 
[stage=2, 72700] loss: 0.226262867 
[stage=2, 72800] loss: 0.231135800 
[stage=2, 72900] loss: 0.224388150 
[stage=2, 73000] loss: 0.216266031 
[stage=2, 73100] loss: 0.222868876 
[stage=2, 73200] loss: 0.237290868 
[stage=2, 73300] loss: 0.212506160 
[stage=2, 73400] loss: 0.229417728 
[stage=2, 73500] loss: 0.239933941 
[stage=2, 73600] loss: 0.201133022 
[stage=2, 73700] loss: 0.240758800 
[stage=2, 73800] loss: 0.210588813 
[stage=2, 73900] loss: 0.218760499 
[stage=2, 74000] loss: 0.232656193 
[stage=2, 74100] loss: 0.225570516 
[stage=2, 74200] loss: 0.228415248 
[stage=2, 74300] loss: 0.227256589 
[stage=2, 74400] loss: 0.216903624 
[stage=2, 74500] loss: 0.222620655 
[stage=2, 74600] loss: 0.207472521 
[stage=2, 74700] loss: 0.220814649 
[stage=2, 74800] loss: 0.225935414 
[stage=2, 74900] loss: 0.219263368 
[stage=2, 75000] loss: 0.229005418 
[stage=2, 75100] loss: 0.216947300 
[stage=2, 75200] loss: 0.234495268 
[stage=2, 75300] loss: 0.233600620 
[stage=2, 75400] loss: 0.229965857 
[stage=2, 75500] loss: 0.215058687 
[stage=2, 75600] loss: 0.213470706 
[stage=2, 75700] loss: 0.219562740 
[stage=2, 75800] loss: 0.204802362 
[stage=2, 75900] loss: 0.219936903 
[stage=2, 76000] loss: 0.222760567 
[stage=2, 76100] loss: 0.216972372 
[stage=2, 76200] loss: 0.240324131 
[stage=2, 76300] loss: 0.223662382 
[stage=2, 76400] loss: 0.216403119 
[stage=2, 76500] loss: 0.221952488 
[stage=2, 76600] loss: 0.223414340 
[stage=2, 76700] loss: 0.203746425 
[stage=2, 76800] loss: 0.224769596 
[stage=2, 76900] loss: 0.221956970 
[stage=2, 77000] loss: 0.209219628 
[stage=2, 77100] loss: 0.225840866 
[stage=2, 77200] loss: 0.236410019 
[stage=2, 77300] loss: 0.227226820 
[stage=2, 77400] loss: 0.219828603 
[stage=2, 77500] loss: 0.229187856 
[stage=2, 77600] loss: 0.220767105 
[stage=2, 77700] loss: 0.217407840 
[stage=2, 77800] loss: 0.213631945 
[stage=2, 77900] loss: 0.218953571 
[stage=2, 78000] loss: 0.239252713 
[stage=2, 78100] loss: 0.210578199 
[stage=2, 78200] loss: 0.233010530 
[stage=2, 78300] loss: 0.215993303 
[stage=2, 78400] loss: 0.216435134 
[stage=2, 78500] loss: 0.233546434 
[stage=2, 78600] loss: 0.213704738 
[stage=2, 78700] loss: 0.208689623 
[stage=2, 78800] loss: 0.241829112 
[stage=2, 78900] loss: 0.216778558 
[stage=2, 79000] loss: 0.216443063 
[stage=2, 79100] loss: 0.224192801 
[stage=2, 79200] loss: 0.215400462 
[stage=2, 79300] loss: 0.215818408 
[stage=2, 79400] loss: 0.232006131 
[stage=2, 79500] loss: 0.215070222 
[stage=2, 79600] loss: 0.216517253 
[stage=2, 79700] loss: 0.236373370 
[stage=2, 79800] loss: 0.219406284 
[stage=2, 79900] loss: 0.208582377 
[stage=2, 80000] loss: 0.230957250 
[stage=2, 80100] loss: 0.218399820 
[stage=2, 80200] loss: 0.207064809 
[stage=2, 80300] loss: 0.202672267 
[stage=2, 80400] loss: 0.186239341 
[stage=2, 80500] loss: 0.185302990 
[stage=2, 80600] loss: 0.205704472 
[stage=2, 80700] loss: 0.205111103 
[stage=2, 80800] loss: 0.188560914 
[stage=2, 80900] loss: 0.191969099 
[stage=2, 81000] loss: 0.195013271 
[stage=2, 81100] loss: 0.198749146 
[stage=2, 81200] loss: 0.215283045 
[stage=2, 81300] loss: 0.205276806 
[stage=2, 81400] loss: 0.194864305 
[stage=2, 81500] loss: 0.195576966 
[stage=2, 81600] loss: 0.192791582 
[stage=2, 81700] loss: 0.188653377 
[stage=2, 81800] loss: 0.192308371 
[stage=2, 81900] loss: 0.198549754 
[stage=2, 82000] loss: 0.191654096 
[stage=2, 82100] loss: 0.198492148 
[stage=2, 82200] loss: 0.206340406 
[stage=2, 82300] loss: 0.182358527 
[stage=2, 82400] loss: 0.187219331 
[stage=2, 82500] loss: 0.192430730 
[stage=2, 82600] loss: 0.206430071 
[stage=2, 82700] loss: 0.195804705 
[stage=2, 82800] loss: 0.184618761 
[stage=2, 82900] loss: 0.194728525 
[stage=2, 83000] loss: 0.211338950 
[stage=2, 83100] loss: 0.195030513 
[stage=2, 83200] loss: 0.192591337 
[stage=2, 83300] loss: 0.185984521 
[stage=2, 83400] loss: 0.197614781 
[stage=2, 83500] loss: 0.175610466 
[stage=2, 83600] loss: 0.204976805 
[stage=2, 83700] loss: 0.178270591 
[stage=2, 83800] loss: 0.191907092 
[stage=2, 83900] loss: 0.187914193 
[stage=2, 84000] loss: 0.189845250 
[stage=2, 84100] loss: 0.197631212 
[stage=2, 84200] loss: 0.197809595 
[stage=2, 84300] loss: 0.183284533 
[stage=2, 84400] loss: 0.183502559 
[stage=2, 84500] loss: 0.183068728 
[stage=2, 84600] loss: 0.186542563 
[stage=2, 84700] loss: 0.179844111 
[stage=2, 84800] loss: 0.193656898 
[stage=2, 84900] loss: 0.188516476 
[stage=2, 85000] loss: 0.179394619 
[stage=2, 85100] loss: 0.197734994 
[stage=2, 85200] loss: 0.188097522 
[stage=2, 85300] loss: 0.174026662 
[stage=2, 85400] loss: 0.186128914 
[stage=2, 85500] loss: 0.177353020 
[stage=2, 85600] loss: 0.205716888 
[stage=2, 85700] loss: 0.187084103 
[stage=2, 85800] loss: 0.196572563 
[stage=2, 85900] loss: 0.180372698 
[stage=2, 86000] loss: 0.199420875 
[stage=2, 86100] loss: 0.186296135 
[stage=2, 86200] loss: 0.191592350 
[stage=2, 86300] loss: 0.184528554 
[stage=2, 86400] loss: 0.195596341 
[stage=2, 86500] loss: 0.178644608 
[stage=2, 86600] loss: 0.183575750 
[stage=2, 86700] loss: 0.195905394 
[stage=2, 86800] loss: 0.189428221 
[stage=2, 86900] loss: 0.184221544 
[stage=2, 87000] loss: 0.196210980 
[stage=2, 87100] loss: 0.178370713 
[stage=2, 87200] loss: 0.177948202 
[stage=2, 87300] loss: 0.189345664 
[stage=2, 87400] loss: 0.184595739 
[stage=2, 87500] loss: 0.189576198 
[stage=2, 87600] loss: 0.189901460 
[stage=2, 87700] loss: 0.201171776 
[stage=2, 87800] loss: 0.183955360 
[stage=2, 87900] loss: 0.195171325 
[stage=2, 88000] loss: 0.185755561 
[stage=2, 88100] loss: 0.190068947 
[stage=2, 88200] loss: 0.192038167 
[stage=2, 88300] loss: 0.197055202 
[stage=2, 88400] loss: 0.185144537 
[stage=2, 88500] loss: 0.183987051 
[stage=2, 88600] loss: 0.188663433 
[stage=2, 88700] loss: 0.182708176 
[stage=2, 88800] loss: 0.195638165 
[stage=2, 88900] loss: 0.189635634 
[stage=2, 89000] loss: 0.187810523 
[stage=2, 89100] loss: 0.189678013 
[stage=2, 89200] loss: 0.178142419 
[stage=2, 89300] loss: 0.180289654 
[stage=2, 89400] loss: 0.181086417 
[stage=2, 89500] loss: 0.186537330 
[stage=2, 89600] loss: 0.181078670 
[stage=2, 89700] loss: 0.185299429 
[stage=2, 89800] loss: 0.192154680 
[stage=2, 89900] loss: 0.191551911 
[stage=2, 90000] loss: 0.188942371 
[stage=2, 90100] loss: 0.185057654 
[stage=2, 90200] loss: 0.190558844 
[stage=2, 90300] loss: 0.177438640 
[stage=2, 90400] loss: 0.187532469 
[stage=2, 90500] loss: 0.194075679 
[stage=2, 90600] loss: 0.185494659 
[stage=2, 90700] loss: 0.187709837 
[stage=2, 90800] loss: 0.185815510 
[stage=2, 90900] loss: 0.178119436 
[stage=2, 91000] loss: 0.182844163 
[stage=2, 91100] loss: 0.185546244 
[stage=2, 91200] loss: 0.171358038 
[stage=2, 91300] loss: 0.176608828 
[stage=2, 91400] loss: 0.180337392 
[stage=2, 91500] loss: 0.190811968 
[stage=2, 91600] loss: 0.186078597 
[stage=2, 91700] loss: 0.177617457 
[stage=2, 91800] loss: 0.190437112 
[stage=2, 91900] loss: 0.185620609 
[stage=2, 92000] loss: 0.188943458 
[stage=2, 92100] loss: 0.184571600 
[stage=2, 92200] loss: 0.181867310 
[stage=2, 92300] loss: 0.186415216 
[stage=2, 92400] loss: 0.181615892 
[stage=2, 92500] loss: 0.175731549 
[stage=2, 92600] loss: 0.185779579 
[stage=2, 92700] loss: 0.180967106 
[stage=2, 92800] loss: 0.172558816 
[stage=2, 92900] loss: 0.186374718 
[stage=2, 93000] loss: 0.184992985 
[stage=2, 93100] loss: 0.179546567 
[stage=2, 93200] loss: 0.181892188 
[stage=2, 93300] loss: 0.181651627 
[stage=2, 93400] loss: 0.180932808 
[stage=2, 93500] loss: 0.179450728 
[stage=2, 93600] loss: 0.179805196 
[stage=2, 93700] loss: 0.168254163 
[stage=2, 93800] loss: 0.190636002 
[stage=2, 93900] loss: 0.188024469 
[stage=2, 94000] loss: 0.190784203 
[stage=2, 94100] loss: 0.187759537 
[stage=2, 94200] loss: 0.185560525 
[stage=2, 94300] loss: 0.178909181 
[stage=2, 94400] loss: 0.184065254 
[stage=2, 94500] loss: 0.182550061 
[stage=2, 94600] loss: 0.177222711 
[stage=2, 94700] loss: 0.192218093 
[stage=2, 94800] loss: 0.189917673 
[stage=2, 94900] loss: 0.183019926 
[stage=2, 95000] loss: 0.175656316 
[stage=2, 95100] loss: 0.186377447 
[stage=2, 95200] loss: 0.191361989 
[stage=2, 95300] loss: 0.188605585 
[stage=2, 95400] loss: 0.189214139 
[stage=2, 95500] loss: 0.197687764 
[stage=2, 95600] loss: 0.186010280 
[stage=2, 95700] loss: 0.177393601 
[stage=2, 95800] loss: 0.182814956 
[stage=2, 95900] loss: 0.192339803 
[stage=2, 96000] loss: 0.184278398 
[stage=2, 96100] loss: 0.187741412 
[stage=2, 96200] loss: 0.193998862 
[stage=2, 96300] loss: 0.184111387 
[stage=2, 96400] loss: 0.182490392 
[stage=2, 96500] loss: 0.193273377 
[stage=2, 96600] loss: 0.178472520 
[stage=2, 96700] loss: 0.188549275 
[stage=2, 96800] loss: 0.180942393 
[stage=2, 96900] loss: 0.184667022 
[stage=2, 97000] loss: 0.180615677 
[stage=2, 97100] loss: 0.173303787 
[stage=2, 97200] loss: 0.186460623 
[stage=2, 97300] loss: 0.176010461 
[stage=2, 97400] loss: 0.194923405 
[stage=2, 97500] loss: 0.174901226 
[stage=2, 97600] loss: 0.189660455 
[stage=2, 97700] loss: 0.179340791 
[stage=2, 97800] loss: 0.170620025 
[stage=2, 97900] loss: 0.183668327 
[stage=2, 98000] loss: 0.182678257 
[stage=2, 98100] loss: 0.185794994 
[stage=2, 98200] loss: 0.175014673 
[stage=2, 98300] loss: 0.176898340 
[stage=2, 98400] loss: 0.190206468 
[stage=2, 98500] loss: 0.183622507 
[stage=2, 98600] loss: 0.165025074 
[stage=2, 98700] loss: 0.182779781 
[stage=2, 98800] loss: 0.171698493 
[stage=2, 98900] loss: 0.185131169 
[stage=2, 99000] loss: 0.180835389 
[stage=2, 99100] loss: 0.183664030 
[stage=2, 99200] loss: 0.182436617 
[stage=2, 99300] loss: 0.166515696 
[stage=2, 99400] loss: 0.180266973 
[stage=2, 99500] loss: 0.174157237 
[stage=2, 99600] loss: 0.193838540 
[stage=2, 99700] loss: 0.172854389 
[stage=2, 99800] loss: 0.193873228 
[stage=2, 99900] loss: 0.180010128 
