[step= 14200] loss: 0.071155854
[step= 14250] loss: 2.591765319
[step= 14300] loss: 2.317794078
[step= 14350] loss: 2.332110800
[step= 14400] loss: 2.389499998
[step= 14450] loss: 2.458671337
[step= 14500] loss: 2.535153446
[step= 14550] loss: 2.602212170
[step= 14600] loss: 2.712868444
[step= 14650] loss: 3.044917068
[step= 14700] loss: 3.113069532
[step= 14750] loss: 3.102590238
[step= 14800] loss: 3.234800666
[step= 14850] loss: 3.397442271
[step= 14900] loss: 3.833198380
[step= 14950] loss: 3.465974467
[step= 15000] loss: 3.613132618
[step= 15050] loss: 3.452743727
[step= 15100] loss: 3.604749736
[step= 15150] loss: 3.724791276
[step= 15200] loss: 5.095351854
[step= 15250] loss: 5.748558731
[step= 15300] loss: 5.748558731
[step= 15350] loss: 5.748558731
[step= 15400] loss: 5.748558731
[step= 15450] loss: 5.748558731
[step= 15500] loss: 5.748558731
[step= 15550] loss: 5.748558731
[step= 15600] loss: 5.748558731
[step= 15650] loss: 5.748558731
[step= 15700] loss: 5.748558731
[step= 15750] loss: 5.748558731
[step= 15800] loss: 5.748558731
[step= 15850] loss: 5.748558731
[step= 15900] loss: 5.748558731
[step= 15950] loss: 5.748558731
[step= 16000] loss: 5.748558731
[step= 16050] loss: 5.748558731
[step= 16100] loss: 5.748558731
[step= 16150] loss: 5.748558731
[step= 16200] loss: 5.748558731
[step= 16250] loss: 5.748558731
