[step= 44700] loss: 0.011873042
[step= 44750] loss: 0.156711965
[step= 44800] loss: 0.099277996
[step= 44850] loss: 0.088849112
[step= 44900] loss: 0.086148924
[step= 44950] loss: 0.080648084
[step= 45000] loss: 0.080964515
[step= 45050] loss: 0.074861686
[step= 45100] loss: 0.075044574
[step= 45150] loss: 0.071815627
[step= 45200] loss: 0.070450930
[step= 45250] loss: 0.068776494
[step= 45300] loss: 0.067792992
[step= 45350] loss: 0.066001051
[step= 45400] loss: 0.065067229
[step= 45450] loss: 0.065823429
[step= 45500] loss: 0.066701765
[step= 45550] loss: 0.063044907
[step= 45600] loss: 0.062987294
[step= 45650] loss: 0.061959484
[step= 45700] loss: 0.061080622
[step= 45750] loss: 0.060364544
[step= 45800] loss: 0.060431202
