[step= 17860] loss: 0.123429449
[step= 17880] loss: 0.163572377
[step= 17900] loss: 0.142248589
[step= 17920] loss: 0.133424062
[step= 17940] loss: 0.128871274
[step= 17960] loss: 0.125867964
[step= 17980] loss: 0.123584466
[step= 18000] loss: 0.121821046
[step= 18020] loss: 0.120364646
[step= 18040] loss: 0.119132970
[step= 18060] loss: 0.118063063
[step= 18080] loss: 0.117052361
[step= 18100] loss: 0.116170686
[step= 18120] loss: 0.115360636
[step= 18140] loss: 0.114636600
[step= 18160] loss: 0.113978096
[step= 18180] loss: 0.113343768
[step= 18200] loss: 0.112773018
[step= 18220] loss: 0.112218536
[step= 18240] loss: 0.111685460
[step= 18260] loss: 0.111208821
