[step= 18260] loss: 0.061089815
[step= 18280] loss: 0.110730217
[step= 18300] loss: 0.110294636
[step= 18320] loss: 0.109881154
[step= 18340] loss: 0.109483100
[step= 18360] loss: 0.109131948
[step= 18380] loss: 0.108795821
[step= 18400] loss: 0.108430281
[step= 18420] loss: 0.108114885
[step= 18440] loss: 0.107798127
[step= 18460] loss: 0.107487058
[step= 18480] loss: 0.107192331
[step= 18500] loss: 0.106911290
[step= 18520] loss: 0.106629089
[step= 18540] loss: 0.106347830
[step= 18560] loss: 0.106094097
[step= 18580] loss: 0.105831748
[step= 18600] loss: 0.105582266
[step= 18620] loss: 0.105301632
[step= 18640] loss: 0.105036930
[step= 18660] loss: 0.104787663
[step= 18680] loss: 0.104579704
[step= 18700] loss: 0.104329924
[step= 18720] loss: 0.104149269
[step= 18740] loss: 0.103894337
[step= 18760] loss: 0.103697748
[step= 18780] loss: 0.103469696
[step= 18800] loss: 0.103258628
[step= 18820] loss: 0.103048906
[step= 18840] loss: 0.102879466
[step= 18860] loss: 0.102669683
[step= 18880] loss: 0.102461983
[step= 18900] loss: 0.102309480
[step= 18920] loss: 0.102482174
[step= 18940] loss: 0.102103460
[step= 18960] loss: 0.101836164
[step= 18980] loss: 0.101646263
[step= 19000] loss: 0.101506739
[step= 19020] loss: 0.101334657
[step= 19040] loss: 0.101185621
[step= 19060] loss: 0.101032828
[step= 19080] loss: 0.100868962
[step= 19100] loss: 0.100748275
[step= 19120] loss: 0.100592481
[step= 19140] loss: 0.100805850
[step= 19160] loss: 0.100461977
[step= 19180] loss: 0.100233007
[step= 19200] loss: 0.100065999
[step= 19220] loss: 0.099923063
[step= 19240] loss: 0.099796965
[step= 19260] loss: 0.099675011
[step= 19280] loss: 0.099527047
[step= 19300] loss: 0.099422167
[step= 19320] loss: 0.099278448
[step= 19340] loss: 0.099147604
[step= 19360] loss: 0.099037688
[step= 19380] loss: 0.098929141
[step= 19400] loss: 0.098792931
[step= 19420] loss: 0.098675316
[step= 19440] loss: 0.098548315
[step= 19460] loss: 0.098444936
[step= 19480] loss: 0.098321440
[step= 19500] loss: 0.098225106
[step= 19520] loss: 0.098119503
[step= 19540] loss: 0.097993070
[step= 19560] loss: 0.097903228
[step= 19580] loss: 0.097814170
[step= 19600] loss: 0.097690050
[step= 19620] loss: 0.097563150
[step= 19640] loss: 0.097467589
[step= 19660] loss: 0.097358714
[step= 19680] loss: 0.097288170
[step= 19700] loss: 0.097162879
[step= 19720] loss: 0.097090898
[step= 19740] loss: 0.096963350
[step= 19760] loss: 0.096852223
[step= 19780] loss: 0.096741765
[step= 19800] loss: 0.096658250
[step= 19820] loss: 0.096555528
[step= 19840] loss: 0.096474601
[step= 19860] loss: 0.096392875
[step= 19880] loss: 0.096321179
[step= 19900] loss: 0.096215184
[step= 19920] loss: 0.096107668
[step= 19940] loss: 0.096036370
[step= 19960] loss: 0.095944837
[step= 19980] loss: 0.095904409
[step= 20000] loss: 0.095798676
[step= 20020] loss: 0.095685985
[step= 20040] loss: 0.095629428
[step= 20060] loss: 0.095552456
[step= 20080] loss: 0.095496567
[step= 20100] loss: 0.095391448
[step= 20120] loss: 0.095330527
[step= 20140] loss: 0.095259085
[step= 20160] loss: 0.095188507
[step= 20180] loss: 0.095114315
[step= 20200] loss: 0.095034191
[step= 20220] loss: 0.094972457
[step= 20240] loss: 0.094885930
[step= 20260] loss: 0.094809762
[step= 20280] loss: 0.094737810
[step= 20300] loss: 0.094668928
[step= 20320] loss: 0.094630880
[step= 20340] loss: 0.094531362
[step= 20360] loss: 0.094478474
[step= 20380] loss: 0.094379965
[step= 20400] loss: 0.094329134
[step= 20420] loss: 0.094282061
[step= 20440] loss: 0.094230760
[step= 20460] loss: 0.094114030
[step= 20480] loss: 0.094055676
[step= 20500] loss: 0.093980880
[step= 20520] loss: 0.093892134
[step= 20540] loss: 0.093885372
[step= 20560] loss: 0.093815276
[step= 20580] loss: 0.093722740
[step= 20600] loss: 0.093707496
[step= 20620] loss: 0.093979491
[step= 20640] loss: 0.094828381
[step= 20660] loss: 0.093884188
[step= 20680] loss: 0.093644841
[step= 20700] loss: 0.093495002
[step= 20720] loss: 0.093405590
[step= 20740] loss: 0.093348783
[step= 20760] loss: 0.093258819
[step= 20780] loss: 0.093219141
[step= 20800] loss: 0.093133530
[step= 20820] loss: 0.093067960
[step= 20840] loss: 0.093033455
[step= 20860] loss: 0.092984901
[step= 20880] loss: 0.092889025
[step= 20900] loss: 0.092811470
[step= 20920] loss: 0.092760679
[step= 20940] loss: 0.092701118
[step= 20960] loss: 0.092632690
[step= 20980] loss: 0.092590319
[step= 21000] loss: 0.092521845
[step= 21020] loss: 0.092465720
[step= 21040] loss: 0.092418512
[step= 21060] loss: 0.092332524
[step= 21080] loss: 0.092283134
[step= 21100] loss: 0.092252555
[step= 21120] loss: 0.092166193
[step= 21140] loss: 0.092137972
[step= 21160] loss: 0.092072002
[step= 21180] loss: 0.092005062
[step= 21200] loss: 0.091955997
[step= 21220] loss: 0.091912805
[step= 21240] loss: 0.091848927
[step= 21260] loss: 0.091783718
[step= 21280] loss: 0.091743454
[step= 21300] loss: 0.091752479
[step= 21320] loss: 0.091638574
[step= 21340] loss: 0.091589585
[step= 21360] loss: 0.091519747
[step= 21380] loss: 0.091458272
[step= 21400] loss: 0.091408101
[step= 21420] loss: 0.091347702
[step= 21440] loss: 0.091331340
[step= 21460] loss: 0.091253849
[step= 21480] loss: 0.091208461
[step= 21500] loss: 0.091153705
[step= 21520] loss: 0.091093526
[step= 21540] loss: 0.091038065
[step= 21560] loss: 0.091045234
[step= 21580] loss: 0.090978618
[step= 21600] loss: 0.090901408
[step= 21620] loss: 0.090849656
[step= 21640] loss: 0.090782179
[step= 21660] loss: 0.090748787
[step= 21680] loss: 0.090704816
[step= 21700] loss: 0.090657289
[step= 21720] loss: 0.090623766
[step= 21740] loss: 0.090574337
[step= 21760] loss: 0.090506832
[step= 21780] loss: 0.090474047
[step= 21800] loss: 0.090408212
[step= 21820] loss: 0.090384305
[step= 21840] loss: 0.090342982
[step= 21860] loss: 0.090263724
[step= 21880] loss: 0.090263008
[step= 21900] loss: 0.090186936
[step= 21920] loss: 0.090142521
[step= 21940] loss: 0.090065677
[step= 21960] loss: 0.090064565
[step= 21980] loss: 0.090006319
[step= 22000] loss: 0.089916161
[step= 22020] loss: 0.089867099
[step= 22040] loss: 0.089825366
[step= 22060] loss: 0.089742092
[step= 22080] loss: 0.089745637
[step= 22100] loss: 0.089690947
[step= 22120] loss: 0.089640372
[step= 22140] loss: 0.089625728
[step= 22160] loss: 0.089544655
[step= 22180] loss: 0.089567446
[step= 22200] loss: 0.089486571
[step= 22220] loss: 0.089445450
[step= 22240] loss: 0.089405059
[step= 22260] loss: 0.089315811
[step= 22280] loss: 0.089170334
[step= 22300] loss: 0.089122587
[step= 22320] loss: 0.089101764
[step= 22340] loss: 0.089083646
[step= 22360] loss: 0.089067321
[step= 22380] loss: 0.089050549
[step= 22400] loss: 0.089026019
[step= 22420] loss: 0.089008249
[step= 22440] loss: 0.088981939
[step= 22460] loss: 0.088998168
[step= 22480] loss: 0.088917198
[step= 22500] loss: 0.088895169
[step= 22520] loss: 0.088858119
[step= 22540] loss: 0.088840731
[step= 22560] loss: 0.088805373
[step= 22580] loss: 0.088774135
[step= 22600] loss: 0.088745494
[step= 22620] loss: 0.088715634
[step= 22640] loss: 0.088684760
[step= 22660] loss: 0.088658404
[step= 22680] loss: 0.088622985
[step= 22700] loss: 0.088598567
[step= 22720] loss: 0.088574385
[step= 22740] loss: 0.088536179
[step= 22760] loss: 0.088508000
[step= 22780] loss: 0.088480128
[step= 22800] loss: 0.088448194
[step= 22820] loss: 0.088418220
[step= 22840] loss: 0.088402680
[step= 22860] loss: 0.088373012
[step= 22880] loss: 0.088348019
[step= 22900] loss: 0.088301019
[step= 22920] loss: 0.088280263
[step= 22940] loss: 0.088250405
[step= 22960] loss: 0.088238182
[step= 22980] loss: 0.088193616
[step= 23000] loss: 0.088175107
[step= 23020] loss: 0.088137712
[step= 23040] loss: 0.088116676
[step= 23060] loss: 0.088085049
[step= 23080] loss: 0.088064496
[step= 23100] loss: 0.088032838
[step= 23120] loss: 0.088003615
[step= 23140] loss: 0.087972287
[step= 23160] loss: 0.087956453
[step= 23180] loss: 0.087966852
[step= 23200] loss: 0.087902552
[step= 23220] loss: 0.087880339
[step= 23240] loss: 0.087860767
