[step= 47900] loss: 0.005126921
[step= 47950] loss: 3.068287629
[step= 48000] loss: 2.978557169
[step= 48050] loss: 2.978557169
[step= 48100] loss: 2.978557169
[step= 48150] loss: 2.978557169
[step= 48200] loss: 2.978557169
[step= 48250] loss: 2.978557169
[step= 48300] loss: 2.978557169
[step= 48350] loss: 2.978557169
[step= 48400] loss: 2.978557169
[step= 48450] loss: 2.978557169
[step= 48500] loss: 2.978557169
[step= 48550] loss: 2.978557169
[step= 48600] loss: 2.978557169
[step= 48650] loss: 2.978557169
[step= 48700] loss: 2.978557169
[step= 48750] loss: 2.978557169
[step= 48800] loss: 2.978557169
[step= 48850] loss: 2.978557169
[step= 48900] loss: 2.978557169
[step= 48950] loss: 2.978557169
[step= 49000] loss: 2.978557169
[step= 49050] loss: 2.978557169
[step= 49100] loss: 2.978557169
[step= 49150] loss: 2.978557169
[step= 49200] loss: 2.978557169
[step= 49250] loss: 2.978557169
[step= 49300] loss: 2.978557169
[step= 49350] loss: 2.978557169
[step= 49400] loss: 2.978557169
[step= 49450] loss: 2.978557169
[step= 49500] loss: 2.978557169
[step= 49550] loss: 2.978557169
[step= 49600] loss: 2.978557169
[step= 49650] loss: 2.978557169
[step= 49700] loss: 2.978557169
[step= 49750] loss: 2.978557169
[step= 49800] loss: 2.978557169
[step= 49850] loss: 2.978557169
[step= 49900] loss: 2.978557169
[step= 49950] loss: 2.978557169
[step= 50000] loss: 2.978557169
[step= 50050] loss: 2.978557169
[step= 50100] loss: 2.978557169
[step= 50150] loss: 2.978557169
[step= 50200] loss: 2.978557169
[step= 50250] loss: 2.978557169
[step= 50300] loss: 2.978557169
[step= 50350] loss: 2.978557169
[step= 50400] loss: 2.978557169
[step= 50450] loss: 2.978557169
[step= 50500] loss: 2.978557169
[step= 50550] loss: 2.978557169
[step= 50600] loss: 2.978557169
[step= 50650] loss: 2.978557169
[step= 50700] loss: 2.978557169
[step= 50750] loss: 2.978557169
[step= 50800] loss: 2.978557169
[step= 50850] loss: 2.978557169
