[step= 16860] loss: 0.165939121
[step= 16880] loss: 0.212186965
[step= 16900] loss: 0.182246523
[step= 16920] loss: 0.170827489
[step= 16940] loss: 0.164662815
[step= 16960] loss: 0.160324316
[step= 16980] loss: 0.156959103
[step= 17000] loss: 0.154234863
[step= 17020] loss: 0.151842532
[step= 17040] loss: 0.149656610
[step= 17060] loss: 0.147698145
[step= 17080] loss: 0.145623711
[step= 17100] loss: 0.143630387
[step= 17120] loss: 0.141975465
[step= 17140] loss: 0.140165153
[step= 17160] loss: 0.138455954
[step= 17180] loss: 0.136829586
[step= 17200] loss: 0.135271871
[step= 17220] loss: 0.133692479
[step= 17240] loss: 0.132287052
[step= 17260] loss: 0.131025103
[step= 17280] loss: 0.129741350
[step= 17300] loss: 0.128605115
[step= 17320] loss: 0.127457521
[step= 17340] loss: 0.126323204
[step= 17360] loss: 0.125233013
[step= 17380] loss: 0.124035041
[step= 17400] loss: 0.122865646
[step= 17420] loss: 0.122033148
[step= 17440] loss: 0.121243377
[step= 17460] loss: 0.120524723
[step= 17480] loss: 0.119793587
[step= 17500] loss: 0.119214217
[step= 17520] loss: 0.118559787
[step= 17540] loss: 0.117975748
[step= 17560] loss: 0.117367935
[step= 17580] loss: 0.116868078
[step= 17600] loss: 0.116351509
[step= 17620] loss: 0.115809885
[step= 17640] loss: 0.115389385
[step= 17660] loss: 0.114783287
[step= 17680] loss: 0.114326983
[step= 17700] loss: 0.114055613
[step= 17720] loss: 0.114010023
[step= 17740] loss: 0.113659589
[step= 17760] loss: 0.113333767
[step= 17780] loss: 0.113033387
[step= 17800] loss: 0.112735581
[step= 17820] loss: 0.112388924
[step= 17840] loss: 0.112110369
