[step= 38700] loss: 0.000919240
[step= 38750] loss: 0.043827887
[step= 38800] loss: 0.043811010
[step= 38850] loss: 0.043649242
[step= 38900] loss: 0.043457162
[step= 38950] loss: 0.043405201
[step= 39000] loss: 0.043286387
[step= 39050] loss: 0.043275452
[step= 39100] loss: 0.043112140
[step= 39150] loss: 0.042958411
[step= 39200] loss: 0.042983826
[step= 39250] loss: 0.042893001
[step= 39300] loss: 0.042758288
[step= 39350] loss: 0.042738035
[step= 39400] loss: 0.042563387
[step= 39450] loss: 0.042655325
[step= 39500] loss: 0.042535989
[step= 39550] loss: 0.042422927
[step= 39600] loss: 0.042533487
[step= 39650] loss: 0.042291058
[step= 39700] loss: 0.042421109
[step= 39750] loss: 0.042327717
[step= 39800] loss: 0.042107761
[step= 39850] loss: 0.042109308
[step= 39900] loss: 0.042069459
[step= 39950] loss: 0.042008131
[step= 40000] loss: 0.041945177
[step= 40050] loss: 0.041858978
[step= 40100] loss: 0.041932081
[step= 40150] loss: 0.041766031
[step= 40200] loss: 0.041777642
[step= 40250] loss: 0.041576597
[step= 40300] loss: 0.041722771
[step= 40350] loss: 0.041593286
[step= 40400] loss: 0.041668112
[step= 40450] loss: 0.041565591
[step= 40500] loss: 0.041435818
[step= 40550] loss: 0.041365449
[step= 40600] loss: 0.041534637
[step= 40650] loss: 0.041309349
[step= 40700] loss: 0.041305274
[step= 40750] loss: 0.041341739
[step= 40800] loss: 0.041198043
[step= 40850] loss: 0.041252180
[step= 40900] loss: 0.041156868
[step= 40950] loss: 0.041124271
[step= 41000] loss: 0.041168534
[step= 41050] loss: 0.041095858
[step= 41100] loss: 0.041643326
[step= 41150] loss: 0.040490847
[step= 41200] loss: 0.040592280
[step= 41250] loss: 0.041737712
