[step= 24400] loss: 0.001773325
[step= 24450] loss: 0.136158122
[step= 24500] loss: 0.107529077
[step= 24550] loss: 0.102523150
[step= 24600] loss: 0.100008490
[step= 24650] loss: 0.097782754
[step= 24700] loss: 0.096469755
[step= 24750] loss: 0.095118614
[step= 24800] loss: 0.094769242
[step= 24850] loss: 0.093411080
[step= 24900] loss: 0.092697783
[step= 24950] loss: 0.092071548
[step= 25000] loss: 0.091469669
[step= 25050] loss: 0.090654453
[step= 25100] loss: 0.090324627
[step= 25150] loss: 0.089460446
[step= 25200] loss: 0.089369833
[step= 25250] loss: 0.088727054
[step= 25300] loss: 0.088057894
[step= 25350] loss: 0.087761792
[step= 25400] loss: 0.087606792
[step= 25450] loss: 0.086801433
[step= 25500] loss: 0.086808539
[step= 25550] loss: 0.086341832
[step= 25600] loss: 0.085896023
[step= 25650] loss: 0.085272303
[step= 25700] loss: 0.085302902
[step= 25750] loss: 0.084487980
[step= 25800] loss: 0.084510437
[step= 25850] loss: 0.084238907
[step= 25900] loss: 0.083874581
[step= 25950] loss: 0.083633023
[step= 26000] loss: 0.083399939
[step= 26050] loss: 0.083128487
[step= 26100] loss: 0.083077517
[step= 26150] loss: 0.082815714
[step= 26200] loss: 0.082268234
[step= 26250] loss: 0.082181820
[step= 26300] loss: 0.081737807
[step= 26350] loss: 0.081844682
[step= 26400] loss: 0.081258274
[step= 26450] loss: 0.080371931
[step= 26500] loss: 0.079542210
[step= 26550] loss: 0.079345799
[step= 26600] loss: 0.079048317
[step= 26650] loss: 0.078955802
[step= 26700] loss: 0.078583573
[step= 26750] loss: 0.078335195
[step= 26800] loss: 0.078151118
[step= 26850] loss: 0.078074647
[step= 26900] loss: 0.077704597
[step= 26950] loss: 0.077575139
[step= 27000] loss: 0.077413225
[step= 27050] loss: 0.077034594
[step= 27100] loss: 0.077073812
[step= 27150] loss: 0.076839908
[step= 27200] loss: 0.076793012
[step= 27250] loss: 0.076474833
[step= 27300] loss: 0.076213448
[step= 27350] loss: 0.076091320
[step= 27400] loss: 0.075783108
[step= 27450] loss: 0.075541850
[step= 27500] loss: 0.075733700
[step= 27550] loss: 0.075390183
[step= 27600] loss: 0.075295813
[step= 27650] loss: 0.075066167
[step= 27700] loss: 0.074689253
[step= 27750] loss: 0.074871386
[step= 27800] loss: 0.074711013
[step= 27850] loss: 0.074808642
[step= 27900] loss: 0.074622325
[step= 27950] loss: 0.074291457
[step= 28000] loss: 0.074164171
[step= 28050] loss: 0.074236778
[step= 28100] loss: 0.073729929
[step= 28150] loss: 0.073764645
[step= 28200] loss: 0.073582791
[step= 28250] loss: 0.073461637
[step= 28300] loss: 0.073326024
[step= 28350] loss: 0.073314800
[step= 28400] loss: 0.073442824
[step= 28450] loss: 0.073051202
[step= 28500] loss: 0.072732231
[step= 28550] loss: 0.072598953
[step= 28600] loss: 0.072626966
[step= 28650] loss: 0.072330994
[step= 28700] loss: 0.072266893
[step= 28750] loss: 0.072116417
[step= 28800] loss: 0.072013141
[step= 28850] loss: 0.071831617
[step= 28900] loss: 0.071793445
[step= 28950] loss: 0.071669552
[step= 29000] loss: 0.071447917
[step= 29050] loss: 0.071395820
[step= 29100] loss: 0.071310984
[step= 29150] loss: 0.071145137
[step= 29200] loss: 0.071165776
[step= 29250] loss: 0.070911388
[step= 29300] loss: 0.070875448
[step= 29350] loss: 0.070962297
[step= 29400] loss: 0.070502433
[step= 29450] loss: 0.070789493
[step= 29500] loss: 0.070395498
[step= 29550] loss: 0.070116775
[step= 29600] loss: 0.070455945
[step= 29650] loss: 0.070194182
[step= 29700] loss: 0.069877633
[step= 29750] loss: 0.070023688
[step= 29800] loss: 0.069679045
[step= 29850] loss: 0.069726905
[step= 29900] loss: 0.069617939
[step= 29950] loss: 0.069407624
[step= 30000] loss: 0.069525671
[step= 30050] loss: 0.069399666
[step= 30100] loss: 0.069301510
[step= 30150] loss: 0.069195151
[step= 30200] loss: 0.068995777
[step= 30250] loss: 0.068935438
[step= 30300] loss: 0.068887616
[step= 30350] loss: 0.068673263
[step= 30400] loss: 0.068747409
[step= 30450] loss: 0.068559129
[step= 30500] loss: 0.068575518
[step= 30550] loss: 0.068949123
[step= 30600] loss: 0.068291301
[step= 30650] loss: 0.068298755
[step= 30700] loss: 0.068180899
[step= 30750] loss: 0.068073349
[step= 30800] loss: 0.067892684
[step= 30850] loss: 0.067936331
[step= 30900] loss: 0.067836005
[step= 30950] loss: 0.067643683
[step= 31000] loss: 0.067549687
[step= 31050] loss: 0.067488957
[step= 31100] loss: 0.067426818
[step= 31150] loss: 0.067253754
[step= 31200] loss: 0.067374291
[step= 31250] loss: 0.067058579
[step= 31300] loss: 0.067029393
[step= 31350] loss: 0.066881597
[step= 31400] loss: 0.066711106
[step= 31450] loss: 0.066699361
[step= 31500] loss: 0.066952851
[step= 31550] loss: 0.066800050
[step= 31600] loss: 0.066503270
[step= 31650] loss: 0.066349643
[step= 31700] loss: 0.066285555
[step= 31750] loss: 0.066356802
[step= 31800] loss: 0.066445461
[step= 31850] loss: 0.066240860
[step= 31900] loss: 0.065966775
[step= 31950] loss: 0.065863016
[step= 32000] loss: 0.066087504
[step= 32050] loss: 0.065942698
[step= 32100] loss: 0.065983684
[step= 32150] loss: 0.065714291
[step= 32200] loss: 0.065840461
[step= 32250] loss: 0.065702197
[step= 32300] loss: 0.065646097
[step= 32350] loss: 0.065511079
[step= 32400] loss: 0.065521744
[step= 32450] loss: 0.065412012
[step= 32500] loss: 0.065457902
[step= 32550] loss: 0.065345780
[step= 32600] loss: 0.065061282
[step= 32650] loss: 0.065126544
[step= 32700] loss: 0.065003701
[step= 32750] loss: 0.064885321
[step= 32800] loss: 0.065029881
[step= 32850] loss: 0.065242135
[step= 32900] loss: 0.065422897
[step= 32950] loss: 0.064824780
[step= 33000] loss: 0.064845151
[step= 33050] loss: 0.064619018
[step= 33100] loss: 0.064404674
[step= 33150] loss: 0.064379706
[step= 33200] loss: 0.064530403
[step= 33250] loss: 0.064274326
[step= 33300] loss: 0.064421135
[step= 33350] loss: 0.064296683
[step= 33400] loss: 0.065088387
[step= 33450] loss: 0.064479050
[step= 33500] loss: 0.064289881
[step= 33550] loss: 0.064159359
[step= 33600] loss: 0.064061371
[step= 33650] loss: 0.064039948
[step= 33700] loss: 0.064249309
[step= 33750] loss: 0.063880053
[step= 33800] loss: 0.063757666
[step= 33850] loss: 0.063740434
[step= 33900] loss: 0.063631169
[step= 33950] loss: 0.063633210
[step= 34000] loss: 0.063527033
[step= 34050] loss: 0.063467546
[step= 34100] loss: 0.063615762
[step= 34150] loss: 0.063518648
[step= 34200] loss: 0.063354661
[step= 34250] loss: 0.063507204
[step= 34300] loss: 0.063551301
[step= 34350] loss: 0.063271063
