[step= 10460] loss: 41.038298235
[step= 10480] loss: 74.876772423
[step= 10500] loss: 74.888780010
[step= 10520] loss: 74.361845917
[step= 10540] loss: 74.370309989
[step= 10560] loss: 74.422202430
[step= 10580] loss: 74.355081955
[step= 10600] loss: 74.339333028
[step= 10620] loss: 74.275954805
[step= 10640] loss: 74.726959605
[step= 10660] loss: 74.523855276
[step= 10680] loss: 74.412034473
[step= 10700] loss: 74.291586536
[step= 10720] loss: 73.985766922
[step= 10740] loss: 74.304646984
[step= 10760] loss: 74.078786664
[step= 10780] loss: 74.055401777
[step= 10800] loss: 74.336455961
[step= 10820] loss: 74.399060065
[step= 10840] loss: 73.997956524
[step= 10860] loss: 74.204235903
[step= 10880] loss: 74.312777275
[step= 10900] loss: 74.459894569
[step= 10920] loss: 74.269609224
[step= 10940] loss: 73.912983107
[step= 10960] loss: 74.137889619
[step= 10980] loss: 74.156312374
[step= 11000] loss: 74.373055642
[step= 11020] loss: 73.836038601
[step= 11040] loss: 74.428290782
[step= 11060] loss: 74.314285835
[step= 11080] loss: 73.891830200
[step= 11100] loss: 73.669929531
[step= 11120] loss: 73.882722322
[step= 11140] loss: 74.065190073
[step= 11160] loss: 73.981777983
[step= 11180] loss: 74.329241179
[step= 11200] loss: 74.043932610
[step= 11220] loss: 74.140649927
[step= 11240] loss: 74.092476224
[step= 11260] loss: 74.242461326
[step= 11280] loss: 74.079258959
[step= 11300] loss: 73.978381313
[step= 11320] loss: 74.183932262
[step= 11340] loss: 73.640510023
[step= 11360] loss: 73.344823297
[step= 11380] loss: 73.633665654
[step= 11400] loss: 73.631714316
[step= 11420] loss: 73.958186246
[step= 11440] loss: 74.093420831
[step= 11460] loss: 74.218629236
[step= 11480] loss: 73.382987437
[step= 11500] loss: 73.684918804
[step= 11520] loss: 73.734129716
[step= 11540] loss: 73.664966721
[step= 11560] loss: 73.978249185
[step= 11580] loss: 73.451074185
[step= 11600] loss: 73.853911433
[step= 11620] loss: 73.653198593
[step= 11640] loss: 73.717277931
[step= 11660] loss: 73.767678688
[step= 11680] loss: 73.535988146
[step= 11700] loss: 73.517818049
[step= 11720] loss: 73.608668197
[step= 11740] loss: 73.568882314
[step= 11760] loss: 73.618708767
[step= 11780] loss: 73.331039743
[step= 11800] loss: 73.794530859
[step= 11820] loss: 73.617206017
[step= 11840] loss: 73.667773224
[step= 11860] loss: 73.839831823
[step= 11880] loss: 73.616086868
[step= 11900] loss: 73.306825365
[step= 11920] loss: 73.761445553
[step= 11940] loss: 73.496496906
[step= 11960] loss: 73.365773052
[step= 11980] loss: 73.646796992
[step= 12000] loss: 73.659486629
[step= 12020] loss: 73.535251623
[step= 12040] loss: 73.505911236
[step= 12060] loss: 73.733034137
[step= 12080] loss: 73.397657465
[step= 12100] loss: 73.787518983
[step= 12120] loss: 74.011972576
[step= 12140] loss: 73.525630350
[step= 12160] loss: 73.828421323
[step= 12180] loss: 73.303227804
[step= 12200] loss: 73.645657911
[step= 12220] loss: 73.259646458
[step= 12240] loss: 73.754397794
[step= 12260] loss: 73.599141066
[step= 12280] loss: 73.340029491
[step= 12300] loss: 73.498765492
[step= 12320] loss: 73.464599314
[step= 12340] loss: 73.445366421
[step= 12360] loss: 73.198587245
[step= 12380] loss: 73.685591784
[step= 12400] loss: 74.128231495
[step= 12420] loss: 73.446554114
[step= 12440] loss: 73.645602537
[step= 12460] loss: 73.664565201
[step= 12480] loss: 73.705972374
[step= 12500] loss: 73.621546267
[step= 12520] loss: 73.211626746
[step= 12540] loss: 73.073063532
[step= 12560] loss: 73.459101762
[step= 12580] loss: 73.624980578
[step= 12600] loss: 73.601163059
[step= 12620] loss: 73.413138188
[step= 12640] loss: 73.287627428
[step= 12660] loss: 73.689210543
[step= 12680] loss: 73.055888223
[step= 12700] loss: 73.020040180
[step= 12720] loss: 73.071162264
[step= 12740] loss: 73.639139432
[step= 12760] loss: 73.611124265
[step= 12780] loss: 73.246453328
[step= 12800] loss: 73.457673734
[step= 12820] loss: 73.474108846
[step= 12840] loss: 73.428336358
[step= 12860] loss: 73.106564282
[step= 12880] loss: 73.352024714
[step= 12900] loss: 73.142764558
[step= 12920] loss: 73.469199024
[step= 12940] loss: 72.935914955
[step= 12960] loss: 72.930818465
[step= 12980] loss: 73.515137273
[step= 13000] loss: 73.441919892
[step= 13020] loss: 73.411413360
[step= 13040] loss: 72.851121585
[step= 13060] loss: 73.149077917
[step= 13080] loss: 73.202762390
[step= 13100] loss: 73.166232947
[step= 13120] loss: 73.121240516
[step= 13140] loss: 73.183246091
[step= 13160] loss: 73.186541227
[step= 13180] loss: 73.069542080
[step= 13200] loss: 72.878045790
[step= 13220] loss: 73.203823603
[step= 13240] loss: 73.388453136
[step= 13260] loss: 72.862995511
[step= 13280] loss: 72.774839685
[step= 13300] loss: 73.113406255
[step= 13320] loss: 73.015069656
[step= 13340] loss: 73.277889078
[step= 13360] loss: 72.868788123
[step= 13380] loss: 73.023940921
[step= 13400] loss: 73.271250362
[step= 13420] loss: 72.927889310
[step= 13440] loss: 72.932575051
[step= 13460] loss: 72.900989233
[step= 13480] loss: 72.986564028
[step= 13500] loss: 73.177865355
[step= 13520] loss: 73.320321471
[step= 13540] loss: 73.089786401
[step= 13560] loss: 73.130863460
[step= 13580] loss: 73.160914398
[step= 13600] loss: 73.194057381
[step= 13620] loss: 72.979442110
[step= 13640] loss: 73.213943277
[step= 13660] loss: 72.953833275
[step= 13680] loss: 73.262031337
[step= 13700] loss: 72.973949927
[step= 13720] loss: 73.441709160
[step= 13740] loss: 72.852283592
[step= 13760] loss: 73.046458653
[step= 13780] loss: 72.699515683
[step= 13800] loss: 72.683122656
[step= 13820] loss: 72.957206441
[step= 13840] loss: 73.148210638
[step= 13860] loss: 73.241544856
[step= 13880] loss: 72.773905585
[step= 13900] loss: 72.736085898
[step= 13920] loss: 73.140821493
[step= 13940] loss: 73.035113321
[step= 13960] loss: 72.721522847
[step= 13980] loss: 73.079748680
[step= 14000] loss: 72.666142097
[step= 14020] loss: 73.233754948
[step= 14040] loss: 72.521433074
[step= 14060] loss: 72.774675706
[step= 14080] loss: 72.970965441
[step= 14100] loss: 72.544654073
[step= 14120] loss: 73.000720186
[step= 14140] loss: 72.743307632
[step= 14160] loss: 72.970709679
[step= 14180] loss: 73.041413898
[step= 14200] loss: 73.111027707
[step= 14220] loss: 72.418700964
[step= 14240] loss: 73.008205144
[step= 14260] loss: 72.984900639
[step= 14280] loss: 73.039686462
[step= 14300] loss: 73.032113371
[step= 14320] loss: 72.752741824
[step= 14340] loss: 72.750051169
[step= 14360] loss: 72.831247099
[step= 14380] loss: 72.516931237
[step= 14400] loss: 72.801316195
[step= 14420] loss: 72.757563785
[step= 14440] loss: 72.882947851
[step= 14460] loss: 72.996196007
[step= 14480] loss: 72.799349524
[step= 14500] loss: 72.851837013
[step= 14520] loss: 72.721210392
[step= 14540] loss: 72.715025484
[step= 14560] loss: 72.391609953
[step= 14580] loss: 72.660281749
[step= 14600] loss: 72.802093847
[step= 14620] loss: 72.365209822
[step= 14640] loss: 72.715653172
[step= 14660] loss: 72.578224460
[step= 14680] loss: 72.988335806
[step= 14700] loss: 72.446767921
[step= 14720] loss: 72.804033701
[step= 14740] loss: 72.590069289
[step= 14760] loss: 72.570299122
[step= 14780] loss: 72.523053135
[step= 14800] loss: 72.674925741
[step= 14820] loss: 72.412714715
[step= 14840] loss: 72.558484666
[step= 14860] loss: 73.055443570
[step= 14880] loss: 72.763326551
[step= 14900] loss: 72.676480519
[step= 14920] loss: 73.046871477
[step= 14940] loss: 72.478689446
[step= 14960] loss: 72.938717224
[step= 14980] loss: 72.697293421
[step= 15000] loss: 72.430799153
[step= 15020] loss: 72.791082861
[step= 15040] loss: 72.839965510
[step= 15060] loss: 72.680796330
[step= 15080] loss: 72.440259372
[step= 15100] loss: 72.892482654
[step= 15120] loss: 72.871763604
[step= 15140] loss: 72.450260615
[step= 15160] loss: 72.818653866
[step= 15180] loss: 72.432379729
[step= 15200] loss: 72.848625487
[step= 15220] loss: 73.090195872
[step= 15240] loss: 72.787493632
[step= 15260] loss: 72.775783606
[step= 15280] loss: 72.424150673
[step= 15300] loss: 72.883865270
[step= 15320] loss: 72.655959469
[step= 15340] loss: 72.949649320
[step= 15360] loss: 72.775660184
[step= 15380] loss: 72.447155582
[step= 15400] loss: 72.699533947
[step= 15420] loss: 72.868787454
[step= 15440] loss: 72.499241316
[step= 15460] loss: 72.959869726
[step= 15480] loss: 72.617901617
[step= 15500] loss: 72.826820811
[step= 15520] loss: 72.899475694
[step= 15540] loss: 72.436390662
[step= 15560] loss: 72.529407466
[step= 15580] loss: 72.336511869
[step= 15600] loss: 72.723859140
[step= 15620] loss: 72.518872484
[step= 15640] loss: 72.032466540
[step= 15660] loss: 72.265465546
[step= 15680] loss: 72.454596529
[step= 15700] loss: 72.597838026
[step= 15720] loss: 72.333137650
[step= 15740] loss: 72.144675072
[step= 15760] loss: 72.136201634
[step= 15780] loss: 72.663766009
[step= 15800] loss: 72.321386692
[step= 15820] loss: 72.006905542
