[step= 43600] loss: 0.034522381
[step= 43650] loss: 1.653590978
[step= 43700] loss: 1.637040845
[step= 43750] loss: 1.624422180
[step= 43800] loss: 1.617793013
[step= 43850] loss: 1.611395514
[step= 43900] loss: 1.607101731
[step= 43950] loss: 1.603485767
[step= 44000] loss: 1.599153706
[step= 44050] loss: 1.596668302
[step= 44100] loss: 1.588853025
[step= 44150] loss: 1.584375160
[step= 44200] loss: 1.580670156
[step= 44250] loss: 1.577210960
[step= 44300] loss: 1.573020856
[step= 44350] loss: 1.569116504
[step= 44400] loss: 1.566357177
[step= 44450] loss: 1.563504309
[step= 44500] loss: 1.563757932
[step= 44550] loss: 1.560935589
[step= 44600] loss: 1.559156676
[step= 44650] loss: 1.558231808
[step= 44700] loss: 1.556769422
