[step= 24100] loss: 0.004391146
[step= 24120] loss: 1.326502275
[step= 24140] loss: 1.090823445
[step= 24160] loss: 0.993227983
[step= 24180] loss: 0.814153239
[step= 24200] loss: 0.685595804
[step= 24220] loss: 0.585860714
[step= 24240] loss: 0.512939627
[step= 24260] loss: 0.466616009
[step= 24280] loss: 0.440791760
[step= 24300] loss: 0.410415427
[step= 24320] loss: 0.413992487
[step= 24340] loss: 0.386679214
[step= 24360] loss: 0.369909467
[step= 24380] loss: 0.361409873
[step= 24400] loss: 0.349094406
[step= 24420] loss: 0.339928360
[step= 24440] loss: 0.336046797
[step= 24460] loss: 0.331047656
[step= 24480] loss: 0.322202352
[step= 24500] loss: 0.315274012
[step= 24520] loss: 0.319134456
[step= 24540] loss: 0.317189939
[step= 24560] loss: 0.307508895
[step= 24580] loss: 0.301301783
[step= 24600] loss: 0.299068095
[step= 24620] loss: 0.296546085
[step= 24640] loss: 0.298588902
[step= 24660] loss: 0.296950585
[step= 24680] loss: 0.287579469
[step= 24700] loss: 0.284152055
[step= 24720] loss: 0.283906044
[step= 24740] loss: 0.276042733
[step= 24760] loss: 0.266528109
[step= 24780] loss: 0.263706458
[step= 24800] loss: 0.277519064
[step= 24820] loss: 0.257973269
[step= 24840] loss: 0.248062021
[step= 24860] loss: 0.241227566
[step= 24880] loss: 0.235750037
[step= 24900] loss: 0.224900115
[step= 24920] loss: 0.219029337
[step= 24940] loss: 0.213131264
[step= 24960] loss: 0.204146224
[step= 24980] loss: 0.198711614
[step= 25000] loss: 0.199467247
[step= 25020] loss: 0.194063456
[step= 25040] loss: 0.189727833
[step= 25060] loss: 0.184951743
[step= 25080] loss: 0.180298992
[step= 25100] loss: 0.176462062
[step= 25120] loss: 0.173645196
[step= 25140] loss: 0.169403304
[step= 25160] loss: 0.361935414
[step= 25180] loss: 0.319820781
[step= 25200] loss: 0.281284268
[step= 25220] loss: 0.255974569
[step= 25240] loss: 0.241921620
[step= 25260] loss: 0.232014576
[step= 25280] loss: 0.229251522
[step= 25300] loss: 0.223721052
[step= 25320] loss: 0.214532179
[step= 25340] loss: 0.205817411
[step= 25360] loss: 0.199441824
[step= 25380] loss: 0.194906197
[step= 25400] loss: 0.190046059
[step= 25420] loss: 0.184030980
[step= 25440] loss: 0.175772277
[step= 25460] loss: 0.166707729
[step= 25480] loss: 0.159319207
[step= 25500] loss: 0.153668959
[step= 25520] loss: 0.148951599
[step= 25540] loss: 0.146523615
[step= 25560] loss: 0.142488270
[step= 25580] loss: 0.140229814
[step= 25600] loss: 0.137125341
[step= 25620] loss: 0.134781207
[step= 25640] loss: 0.132203111
[step= 25660] loss: 0.130328494
[step= 25680] loss: 0.129050006
[step= 25700] loss: 0.127797451
[step= 25720] loss: 0.127143463
[step= 25740] loss: 0.125955003
[step= 25760] loss: 0.124715159
[step= 25780] loss: 0.123870618
[step= 25800] loss: 0.122958498
[step= 25820] loss: 0.122644853
[step= 25840] loss: 0.121614086
[step= 25860] loss: 0.120894478
[step= 25880] loss: 0.120376030
[step= 25900] loss: 0.119275868
[step= 25920] loss: 0.119045359
[step= 25940] loss: 0.118480374
[step= 25960] loss: 0.117139734
[step= 25980] loss: 0.116446516
[step= 26000] loss: 0.116881257
[step= 26020] loss: 0.115753553
[step= 26040] loss: 0.114393516
[step= 26060] loss: 0.114038161
[step= 26080] loss: 0.114030259
[step= 26100] loss: 0.112926547
[step= 26120] loss: 0.112212235
[step= 26140] loss: 0.112023893
[step= 26160] loss: 0.111336903
[step= 26180] loss: 0.112568315
[step= 26200] loss: 0.110809329
[step= 26220] loss: 0.110821415
[step= 26240] loss: 0.110244598
[step= 26260] loss: 0.111413097
[step= 26280] loss: 0.110426033
[step= 26300] loss: 0.108822214
[step= 26320] loss: 0.108902135
[step= 26340] loss: 0.108506746
[step= 26360] loss: 0.108540321
[step= 26380] loss: 0.107419365
