[step= 48700] loss: 0.000970064
[step= 48750] loss: 0.048207874
[step= 48800] loss: 0.048148498
[step= 48850] loss: 0.048043696
[step= 48900] loss: 0.047957429
[step= 48950] loss: 0.047876870
[step= 49000] loss: 0.047790460
[step= 49050] loss: 0.047712806
[step= 49100] loss: 0.047635674
[step= 49150] loss: 0.047565882
[step= 49200] loss: 0.047496051
[step= 49250] loss: 0.047346715
[step= 49300] loss: 0.047301864
[step= 49350] loss: 0.047248764
[step= 49400] loss: 0.047191693
[step= 49450] loss: 0.047136833
[step= 49500] loss: 0.047090480
[step= 49550] loss: 0.047037520
[step= 49600] loss: 0.046994927
[step= 49650] loss: 0.046941085
[step= 49700] loss: 0.046892225
