[step= 13700] loss: 0.273353785
[step= 13750] loss: 0.065602139
[step= 13800] loss: 0.097017482
[step= 13850] loss: 0.059804551
[step= 13900] loss: 0.051389843
[step= 13950] loss: 0.085750178
[step= 14000] loss: 0.058276676
[step= 14050] loss: 0.048082944
[step= 14100] loss: 0.082427755
[step= 14150] loss: 0.054565359
[step= 14200] loss: 0.046110936
[step= 14250] loss: 0.077475607
[step= 14300] loss: 0.054568712
[step= 14350] loss: 0.045941167
[step= 14400] loss: 0.076731086
[step= 14450] loss: 0.052986220
[step= 14500] loss: 0.043423738
[step= 14550] loss: 0.077378146
[step= 14600] loss: 0.052399755
[step= 14650] loss: 0.043288819
[step= 14700] loss: 0.074925594
[step= 14750] loss: 0.051953383
[step= 14800] loss: 0.043426868
[step= 14850] loss: 0.075462379
[step= 14900] loss: 0.051552325
[step= 14950] loss: 0.043348044
[step= 15000] loss: 0.072311535
[step= 15050] loss: 0.051756028
[step= 15100] loss: 0.041862227
[step= 15150] loss: 0.072048798
[step= 15200] loss: 0.050657541
[step= 15250] loss: 0.041870527
[step= 15300] loss: 0.070958406
[step= 15350] loss: 0.050332803
[step= 15400] loss: 0.042273890
[step= 15450] loss: 0.074066080
[step= 15500] loss: 0.051167522
[step= 15550] loss: 0.040668748
[step= 15600] loss: 0.070494048
[step= 15650] loss: 0.050745726
[step= 15700] loss: 0.041064292
[step= 15750] loss: 0.070560999
[step= 15800] loss: 0.050652556
[step= 15850] loss: 0.039574176
[step= 15900] loss: 0.069389984
[step= 15950] loss: 0.049892861
[step= 16000] loss: 0.039504573
[step= 16050] loss: 0.069828548
[step= 16100] loss: 0.050543096
[step= 16150] loss: 0.039747749
[step= 16200] loss: 0.071211264
[step= 16250] loss: 0.048663873
[step= 16300] loss: 0.040034939
[step= 16350] loss: 0.069090120
[step= 16400] loss: 0.048355751
[step= 16450] loss: 0.038802717
[step= 16500] loss: 0.067937993
[step= 16550] loss: 0.048859704
[step= 16600] loss: 0.038664263
[step= 16650] loss: 0.068914227
[step= 16700] loss: 0.047248725
[step= 16750] loss: 0.040282026
[step= 16800] loss: 0.069217004
[step= 16850] loss: 0.048782602
[step= 16900] loss: 0.039286185
[step= 16950] loss: 0.068322487
[step= 17000] loss: 0.047330491
[step= 17050] loss: 0.039313681
[step= 17100] loss: 0.067921996
[step= 17150] loss: 0.046986740
[step= 17200] loss: 0.038557969
[step= 17250] loss: 0.066989467
[step= 17300] loss: 0.047666330
[step= 17350] loss: 0.038479611
[step= 17400] loss: 0.068242252
[step= 17450] loss: 0.047438756
[step= 17500] loss: 0.039259065
[step= 17550] loss: 0.068198845
[step= 17600] loss: 0.046843044
[step= 17650] loss: 0.037639640
[step= 17700] loss: 0.067872271
[step= 17750] loss: 0.047393695
[step= 17800] loss: 0.037564002
[step= 17850] loss: 0.067359962
[step= 17900] loss: 0.049114939
[step= 17950] loss: 0.036923584
[step= 18000] loss: 0.068448551
[step= 18050] loss: 0.046064030
[step= 18100] loss: 0.037403468
[step= 18150] loss: 0.066195548
[step= 18200] loss: 0.046429023
[step= 18250] loss: 0.037595898
[step= 18300] loss: 0.066273749
[step= 18350] loss: 0.047027495
[step= 18400] loss: 0.037132941
[step= 18450] loss: 0.068667151
[step= 18500] loss: 0.045613404
[step= 18550] loss: 0.037621353
[step= 18600] loss: 0.066003181
[step= 18650] loss: 0.045937363
