[step=     0] loss: 0.043221888
[step=    50] loss: 1.051192578
[step=   100] loss: 0.522822376
[step=   150] loss: 0.370874163
[step=   200] loss: 0.385961829
[step=   250] loss: 0.289287456
[step=   300] loss: 0.266813013
[step=   350] loss: 0.283131319
[step=   400] loss: 0.240219742
[step=   450] loss: 0.218422425
[step=   500] loss: 0.210110125
[step=   550] loss: 0.198712347
[step=   600] loss: 0.186816744
[step=   650] loss: 0.178666332
[step=   700] loss: 0.204368434
[step=   750] loss: 0.171506297
[step=   800] loss: 0.169401512
[step=   850] loss: 0.164962215
[step=   900] loss: 0.161271449
[step=   950] loss: 0.160217471
[step=  1000] loss: 0.155380364
[step=  1050] loss: 0.154819573
[step=  1100] loss: 0.156113448
[step=  1150] loss: 0.153735739
[step=  1200] loss: 0.148647404
[step=  1250] loss: 0.145549714
[step=  1300] loss: 0.158768161
[step=  1350] loss: 0.143152229
[step=  1400] loss: 0.143366404
[step=  1450] loss: 0.143366833
[step=  1500] loss: 0.137799183
[step=  1550] loss: 0.137251821
