[step= 11100] loss: 0.004040461
[step= 11150] loss: 0.122526567
[step= 11200] loss: 0.088815532
[step= 11250] loss: 0.084689474
[step= 11300] loss: 0.079586860
[step= 11350] loss: 0.080569072
[step= 11400] loss: 0.078074855
[step= 11450] loss: 0.076913244
[step= 11500] loss: 0.075403510
[step= 11550] loss: 0.075725872
[step= 11600] loss: 0.074457904
[step= 11650] loss: 0.074722740
[step= 11700] loss: 0.073272616
[step= 11750] loss: 0.073266246
[step= 11800] loss: 0.072773694
[step= 11850] loss: 0.072639351
[step= 11900] loss: 0.071837624
[step= 11950] loss: 0.072657740
[step= 12000] loss: 0.071000345
[step= 12050] loss: 0.072424361
[step= 12100] loss: 0.072087338
[step= 12150] loss: 0.070439192
[step= 12200] loss: 0.071454532
[step= 12250] loss: 0.071229735
[step= 12300] loss: 0.069356389
[step= 12350] loss: 0.070995230
[step= 12400] loss: 0.070725443
[step= 12450] loss: 0.070269886
[step= 12500] loss: 0.069128810
[step= 12550] loss: 0.070108844
[step= 12600] loss: 0.067881896
[step= 12650] loss: 0.068964901
[step= 12700] loss: 0.067747884
[step= 12750] loss: 0.068857766
[step= 12800] loss: 0.068579141
[step= 12850] loss: 0.068302877
[step= 12900] loss: 0.068399391
[step= 12950] loss: 0.068043604
[step= 13000] loss: 0.067620585
[step= 13050] loss: 0.067068810
[step= 13100] loss: 0.067382112
[step= 13150] loss: 0.066206221
[step= 13200] loss: 0.066998881
[step= 13250] loss: 0.066297352
[step= 13300] loss: 0.066670514
[step= 13350] loss: 0.065722746
[step= 13400] loss: 0.065210937
[step= 13450] loss: 0.066319981
[step= 13500] loss: 0.065589436
[step= 13550] loss: 0.065749232
[step= 13600] loss: 0.065690447
[step= 13650] loss: 0.065507333
[step= 13700] loss: 0.065584090
[step= 13750] loss: 0.065209701
[step= 13800] loss: 0.066269781
[step= 13850] loss: 0.065401121
[step= 13900] loss: 0.065238853
[step= 13950] loss: 0.064756236
[step= 14000] loss: 0.064013192
[step= 14050] loss: 0.064762347
[step= 14100] loss: 0.064470741
[step= 14150] loss: 0.064740644
[step= 14200] loss: 0.063835986
