[step=  8900] loss: 3.871866728
[step=  8920] loss: 77.101090913
[step=  8940] loss: 77.037318026
[step=  8960] loss: 77.053731769
[step=  8980] loss: 76.506640544
[step=  9000] loss: 76.588364763
[step=  9020] loss: 76.610360997
[step=  9040] loss: 76.396993856
[step=  9060] loss: 76.478185868
[step=  9080] loss: 76.647028685
[step=  9100] loss: 76.494104904
[step=  9120] loss: 76.660516104
[step=  9140] loss: 76.078970789
[step=  9160] loss: 76.043615054
[step=  9180] loss: 75.880858048
[step=  9200] loss: 76.120396503
[step=  9220] loss: 75.790003941
[step=  9240] loss: 76.007626785
[step=  9260] loss: 76.107808554
[step=  9280] loss: 76.098878002
[step=  9300] loss: 75.543198996
[step=  9320] loss: 76.318440108
[step=  9340] loss: 76.072568856
[step=  9360] loss: 75.910244727
[step=  9380] loss: 76.001552060
[step=  9400] loss: 75.527442588
[step=  9420] loss: 75.927280008
[step=  9440] loss: 75.944019662
[step=  9460] loss: 75.835637331
[step=  9480] loss: 75.657784889
[step=  9500] loss: 76.207727459
[step=  9520] loss: 75.687785940
[step=  9540] loss: 75.308914189
[step=  9560] loss: 75.350745516
[step=  9580] loss: 75.437207552
[step=  9600] loss: 75.587362648
[step=  9620] loss: 75.709120494
[step=  9640] loss: 75.762077058
[step=  9660] loss: 75.323277677
[step=  9680] loss: 75.458252528
[step=  9700] loss: 75.744413327
[step=  9720] loss: 75.604653528
[step=  9740] loss: 75.388434391
[step=  9760] loss: 75.472654648
[step=  9780] loss: 75.343731540
[step=  9800] loss: 74.724517844
[step=  9820] loss: 75.034047225
[step=  9840] loss: 74.965244988
[step=  9860] loss: 75.181283586
[step=  9880] loss: 75.355076872
[step=  9900] loss: 75.538224447
[step=  9920] loss: 75.047938810
[step=  9940] loss: 74.800335675
[step=  9960] loss: 74.997849359
[step=  9980] loss: 75.095280394
[step= 10000] loss: 75.253507065
[step= 10020] loss: 74.719249823
[step= 10040] loss: 75.163979413
[step= 10060] loss: 75.015454751
[step= 10080] loss: 74.924595968
[step= 10100] loss: 74.760532738
[step= 10120] loss: 74.909259091
[step= 10140] loss: 74.872667092
[step= 10160] loss: 74.598006083
[step= 10180] loss: 74.870086648
[step= 10200] loss: 74.604391758
[step= 10220] loss: 74.379499929
[step= 10240] loss: 74.723709353
[step= 10260] loss: 75.152602024
[step= 10280] loss: 74.620235065
[step= 10300] loss: 75.045531268
[step= 10320] loss: 74.676277216
[step= 10340] loss: 74.498409128
[step= 10360] loss: 74.523953328
[step= 10380] loss: 74.549715766
[step= 10400] loss: 74.495759692
[step= 10420] loss: 74.550597331
[step= 10440] loss: 74.493283113
