[step= 16200] loss: 1.821894212
[step= 16220] loss: 37.202127848
[step= 16240] loss: 36.738187367
[step= 16260] loss: 37.056143460
[step= 16280] loss: 36.659644260
[step= 16300] loss: 37.030513798
[step= 16320] loss: 36.753983590
[step= 16340] loss: 36.789041513
[step= 16360] loss: 37.015120731
[step= 16380] loss: 36.953366127
[step= 16400] loss: 36.845052725
[step= 16420] loss: 36.874632189
[step= 16440] loss: 36.853453286
[step= 16460] loss: 36.957914906
[step= 16480] loss: 36.571341509
[step= 16500] loss: 36.697535115
[step= 16520] loss: 36.870658568
[step= 16540] loss: 36.783656244
[step= 16560] loss: 36.722436026
[step= 16580] loss: 37.163327911
[step= 16600] loss: 36.971800520
[step= 16620] loss: 36.892768619
[step= 16640] loss: 36.621110636
[step= 16660] loss: 36.675266911
[step= 16680] loss: 36.781890801
[step= 16700] loss: 36.610469007
[step= 16720] loss: 36.777354951
[step= 16740] loss: 36.798319745
[step= 16760] loss: 36.740071898
[step= 16780] loss: 36.776520954
[step= 16800] loss: 36.990458990
[step= 16820] loss: 36.616842542
[step= 16840] loss: 36.571254825
[step= 16860] loss: 36.712550725
[step= 16880] loss: 36.663815035
[step= 16900] loss: 36.653628660
