[step= 45800] loss: 0.029078746
[step= 45850] loss: 0.339600148
[step= 45900] loss: 0.160399514
[step= 45950] loss: 0.127385182
[step= 46000] loss: 0.112855562
[step= 46050] loss: 0.102937702
[step= 46100] loss: 0.095981038
[step= 46150] loss: 0.090824134
[step= 46200] loss: 0.086441978
[step= 46250] loss: 0.083272276
[step= 46300] loss: 0.080071204
[step= 46350] loss: 0.079722258
[step= 46400] loss: 0.075839965
[step= 46450] loss: 0.073736149
[step= 46500] loss: 0.072914681
[step= 46550] loss: 0.071308004
[step= 46600] loss: 0.069026044
[step= 46650] loss: 0.067946684
[step= 46700] loss: 0.067014598
[step= 46750] loss: 0.065590604
[step= 46800] loss: 0.080322746
[step= 46850] loss: 0.069246668
[step= 46900] loss: 0.069385136
[step= 46950] loss: 0.066354915
[step= 47000] loss: 0.065559070
[step= 47050] loss: 0.065444405
[step= 47100] loss: 0.064128545
