[step= 15800] loss: 1.941807200
[step= 15820] loss: 38.300811028
[step= 15840] loss: 37.402125416
[step= 15860] loss: 37.551360918
[step= 15880] loss: 37.098187402
[step= 15900] loss: 37.431159848
[step= 15920] loss: 37.086391215
[step= 15940] loss: 37.101949567
[step= 15960] loss: 37.255224586
[step= 15980] loss: 37.226795008
[step= 16000] loss: 37.068753529
[step= 16020] loss: 37.092192298
[step= 16040] loss: 37.065264392
[step= 16060] loss: 37.167389195
[step= 16080] loss: 36.740987136
[step= 16100] loss: 36.870948095
[step= 16120] loss: 37.079448974
[step= 16140] loss: 36.915429103
[step= 16160] loss: 36.869174094
[step= 16180] loss: 37.337170455
[step= 16200] loss: 37.084594780
[step= 16220] loss: 37.039188377
