[step=   600] loss: 0.011820714
[step=   650] loss: 0.417818313
[step=   700] loss: 0.274296059
[step=   750] loss: 0.251835587
[step=   800] loss: 0.238868554
[step=   850] loss: 0.225412798
[step=   900] loss: 0.233234855
[step=   950] loss: 0.207989415
[step=  1000] loss: 0.204257171
[step=  1050] loss: 0.200298831
[step=  1100] loss: 0.203328341
[step=  1150] loss: 0.217188234
[step=  1200] loss: 0.208697280
[step=  1250] loss: 0.203950049
[step=  1300] loss: 0.200645725
[step=  1350] loss: 0.196137655
[step=  1400] loss: 0.194684327
[step=  1450] loss: 0.197648556
[step=  1500] loss: 0.197091857
[step=  1550] loss: 0.188129344
[step=  1600] loss: 0.182822910
[step=  1650] loss: 0.181473682
[step=  1700] loss: 0.179594719
[step=  1750] loss: 0.180504841
[step=  1800] loss: 0.178351744
[step=  1850] loss: 0.175405655
[step=  1900] loss: 0.173549608
[step=  1950] loss: 0.174272035
[step=  2000] loss: 0.182587840
[step=  2050] loss: 0.173393224
[step=  2100] loss: 0.168897472
[step=  2150] loss: 0.167291662
[step=  2200] loss: 0.167964093
[step=  2250] loss: 0.166640508
[step=  2300] loss: 0.166727588
[step=  2350] loss: 0.164767532
[step=  2400] loss: 0.164779179
[step=  2450] loss: 0.162320318
[step=  2500] loss: 0.161236359
[step=  2550] loss: 0.161030101
[step=  2600] loss: 0.159789196
[step=  2650] loss: 0.163026197
[step=  2700] loss: 0.157427402
[step=  2750] loss: 0.157561694
[step=  2800] loss: 0.156552393
[step=  2850] loss: 0.155921492
[step=  2900] loss: 0.155645812
[step=  2950] loss: 0.155441222
[step=  3000] loss: 0.154996722
[step=  3050] loss: 0.154112332
[step=  3100] loss: 0.152302437
[step=  3150] loss: 0.154180805
[step=  3200] loss: 0.152054221
[step=  3250] loss: 0.151709592
[step=  3300] loss: 0.151980081
[step=  3350] loss: 0.149687225
[step=  3400] loss: 0.149312064
[step=  3450] loss: 0.149267264
[step=  3500] loss: 0.148162549
[step=  3550] loss: 0.147507483
[step=  3600] loss: 0.147335485
[step=  3650] loss: 0.146930739
[step=  3700] loss: 0.146513009
[step=  3750] loss: 0.165141105
[step=  3800] loss: 0.153412022
[step=  3850] loss: 0.152354995
[step=  3900] loss: 0.150638931
[step=  3950] loss: 0.144501315
[step=  4000] loss: 0.143032054
[step=  4050] loss: 0.142915852
[step=  4100] loss: 0.142477519
[step=  4150] loss: 0.142017892
[step=  4200] loss: 0.141557153
[step=  4250] loss: 0.144133825
[step=  4300] loss: 0.143080293
[step=  4350] loss: 0.140041851
[step=  4400] loss: 0.140707053
[step=  4450] loss: 0.140241598
[step=  4500] loss: 0.147188641
[step=  4550] loss: 0.139028966
[step=  4600] loss: 0.138111857
[step=  4650] loss: 0.137645741
[step=  4700] loss: 0.137625124
[step=  4750] loss: 0.137069414
[step=  4800] loss: 0.136610999
[step=  4850] loss: 0.136885347
[step=  4900] loss: 0.136288874
[step=  4950] loss: 0.135565978
[step=  5000] loss: 0.140963454
[step=  5050] loss: 0.135047283
[step=  5100] loss: 0.134536267
[step=  5150] loss: 0.134147266
[step=  5200] loss: 0.134117811
[step=  5250] loss: 0.134134959
[step=  5300] loss: 0.133719904
[step=  5350] loss: 0.133180430
[step=  5400] loss: 0.133336610
[step=  5450] loss: 0.134357356
[step=  5500] loss: 0.132402908
[step=  5550] loss: 0.131778349
[step=  5600] loss: 0.132469087
[step=  5650] loss: 0.132322707
[step=  5700] loss: 0.131721855
