[step= 23660] loss: 0.090351226
[step= 23680] loss: 0.116715921
[step= 23700] loss: 0.100279040
[step= 23720] loss: 0.096090458
[step= 23740] loss: 0.094346008
[step= 23760] loss: 0.093681892
[step= 23780] loss: 0.093031448
[step= 23800] loss: 0.092614632
[step= 23820] loss: 0.092600685
[step= 23840] loss: 0.091665137
[step= 23860] loss: 0.091921904
[step= 23880] loss: 0.091251387
[step= 23900] loss: 0.091417992
[step= 23920] loss: 0.091240645
[step= 23940] loss: 0.090655131
[step= 23960] loss: 0.090563876
[step= 23980] loss: 0.090885472
[step= 24000] loss: 0.090484999
[step= 24020] loss: 0.090669204
[step= 24040] loss: 0.089773223
[step= 24060] loss: 0.090438733
[step= 24080] loss: 0.090150686
[step= 24100] loss: 0.090066342
[step= 24120] loss: 0.089859944
[step= 24140] loss: 0.089776927
[step= 24160] loss: 0.088782817
[step= 24180] loss: 0.087057489
[step= 24200] loss: 0.086784941
[step= 24220] loss: 0.086708766
[step= 24240] loss: 0.086667820
[step= 24260] loss: 0.086636832
[step= 24280] loss: 0.086609662
[step= 24300] loss: 0.086584256
[step= 24320] loss: 0.086560020
[step= 24340] loss: 0.086537555
[step= 24360] loss: 0.086516197
[step= 24380] loss: 0.086495465
[step= 24400] loss: 0.086475271
