[step=  7300] loss: 0.002169817
[step=  7350] loss: 0.184747537
[step=  7400] loss: 0.119096722
[step=  7450] loss: 0.110463991
[step=  7500] loss: 0.103268817
[step=  7550] loss: 0.101204948
[step=  7600] loss: 0.097271045
[step=  7650] loss: 0.096154556
[step=  7700] loss: 0.094837378
[step=  7750] loss: 0.092334908
[step=  7800] loss: 0.094825757
[step=  7850] loss: 0.089861450
[step=  7900] loss: 0.090950414
[step=  7950] loss: 0.089799190
[step=  8000] loss: 0.090624123
[step=  8050] loss: 0.088558190
[step=  8100] loss: 0.088090862
[step=  8150] loss: 0.090484374
[step=  8200] loss: 0.086318074
[step=  8250] loss: 0.087711009
[step=  8300] loss: 0.085213347
[step=  8350] loss: 0.084161545
[step=  8400] loss: 0.085317053
[step=  8450] loss: 0.085955263
[step=  8500] loss: 0.084980235
[step=  8550] loss: 0.082801031
[step=  8600] loss: 0.084105495
[step=  8650] loss: 0.084668953
[step=  8700] loss: 0.082915547
[step=  8750] loss: 0.081283153
[step=  8800] loss: 0.082337714
[step=  8850] loss: 0.080888843
[step=  8900] loss: 0.082084565
[step=  8950] loss: 0.081591618
[step=  9000] loss: 0.080783165
[step=  9050] loss: 0.080134215
[step=  9100] loss: 0.080537014
[step=  9150] loss: 0.078544938
[step=  9200] loss: 0.079862573
[step=  9250] loss: 0.079083989
[step=  9300] loss: 0.079357468
[step=  9350] loss: 0.078557027
[step=  9400] loss: 0.078143275
[step=  9450] loss: 0.077229348
[step=  9500] loss: 0.078869800
[step=  9550] loss: 0.078506434
[step=  9600] loss: 0.076994234
[step=  9650] loss: 0.076678211
[step=  9700] loss: 0.076161822
[step=  9750] loss: 0.077605591
[step=  9800] loss: 0.076326454
[step=  9850] loss: 0.077282096
[step=  9900] loss: 0.074507949
[step=  9950] loss: 0.076291344
[step= 10000] loss: 0.075473657
